<?xml version="1.0" encoding="UTF-8" standalone="no"?>
<testsuite errors="0" failures="99" name="io.cucumber.core.plugin.JUnitFormatter" skipped="0" tests="297" time="3,204.153">
    <testcase classname="Sales Hapus File Upload Before" name="Siloam370001 Sales tekan tombol hapus file upload before dan klik cancel" time="16.226">
        <system-out><![CDATA[When Siloam370001 Sales login dan masuk ke halaman ttd digital..............passed
And Siloam370001 Sales tekan tombol hapus file upload before................passed
And Siloam370001 Klik cancel di alert konfirmasi hapus file upload before...passed
Then Siloam370001 Validasi judul halaman ttd digital........................passed
]]></system-out>
    </testcase>
    <testcase classname="Sales Hapus File Upload Before" name="Siloam370002 Sales tekan tombol hapus file upload before dan klik ok" time="5.105">
        <system-out><![CDATA[When Siloam370002 Sales tekan tombol hapus file upload before...............passed
And Siloam370002 Klik ok di alert konfirmasi hapus file upload before.......passed
Then Siloam370002 Validasi judul halaman ttd digital dan pesan dokumen berhasil dihapus.passed
]]></system-out>
    </testcase>
    <testcase classname="Sales Hapus File Upload After" name="Siloam375001 Sales tekan tombol hapus file upload after dan klik cancel" time="12.299">
        <system-out><![CDATA[When Siloam375001 Sales login dan masuk ke halaman ttd digital..............passed
And Siloam375001 Sales tekan tombol hapus file upload after.................passed
And Siloam375001 Klik cancel di alert konfirmasi hapus file upload after....passed
Then Siloam375001 Validasi judul halaman ttd digital........................passed
]]></system-out>
    </testcase>
    <testcase classname="Sales Hapus File Upload After" name="Siloam375002 Sales tekan tombol hapus file upload after dan klik ok" time="3.441">
        <system-out><![CDATA[When Siloam375002 Sales tekan tombol hapus file upload after................passed
And Siloam375002 Klik ok di alert konfirmasi hapus file upload after........passed
Then Siloam375002 Validasi judul halaman ttd digital dan pesan dokumen berhasil dihapus.passed
]]></system-out>
    </testcase>
    <testcase classname="Sales Hapus File Upload TTD" name="Siloam380001 Sales tekan tombol hapus file upload ttd dan klik cancel" time="9.628">
        <system-out><![CDATA[When Siloam380001 Sales login dan masuk ke halaman ttd digital..............passed
And Siloam380001 Sales tekan tombol hapus file upload ttd...................passed
And Siloam380001 Klik cancel di alert konfirmasi hapus file upload ttd......passed
Then Siloam380001 Validasi judul halaman ttd digital........................passed
]]></system-out>
    </testcase>
    <testcase classname="Sales Hapus File Upload TTD" name="Siloam380002 Sales tekan tombol hapus file upload ttd dan klik ok" time="3.546">
        <system-out><![CDATA[When Siloam380002 Sales tekan tombol hapus file upload ttd..................passed
And Siloam380002 Klik ok di alert konfirmasi hapus file upload ttd..........passed
Then Siloam380002 Validasi judul halaman ttd digital dan pesan dokumen berhasil dihapus.passed
]]></system-out>
    </testcase>
    <testcase classname="Update Data Sales Satu Kombinasi" name="Siloam100 Sales Update Data Satu Kombinasi" time="5.309">
        <failure message="expected [acc] but found [ADIT TEST]" type="java.lang.AssertionError"><![CDATA[When Siloam100 Sales Tekan Tombol Edit......................................passed
And Siloam100 Sales Melakukan Update Pada acc, , , , , , , dan .............passed
And Siloam100 Sales tekan tombol Simpan.....................................passed
Then Siloam100 Validasi Data tersimpan dan form ter-update..................failed

StackTrace:
java.lang.AssertionError: expected [acc] but found [ADIT TEST]
	at org.testng.Assert.fail(Assert.java:110)
	at org.testng.Assert.failNotEquals(Assert.java:1413)
	at org.testng.Assert.assertEqualsImpl(Assert.java:149)
	at org.testng.Assert.assertEquals(Assert.java:131)
	at org.testng.Assert.assertEquals(Assert.java:655)
	at org.testng.Assert.assertEquals(Assert.java:665)
	at cucumber.framework.runner.siloam.ttddigitalpage.TestTTDPageKombinasiSatu.siloam100_validasi_data_tersimpan_dan_form_ter_update(TestTTDPageKombinasiSatu.java:137)
	at ✽.Siloam100 Validasi Data tersimpan dan form ter-update(file:///C:/Users/ROG/git/Tugas%20Akhir/Novri/TA-SQUAD-KEL-SATU/TA-SQUAD-KEL-SATU/src/test/resources/features/siloam-outline/104UpdateDataSalesSatuKombinasi.feature:17)
]]></failure>
    </testcase>
    <testcase classname="Update Data Sales Satu Kombinasi" name="Siloam100 Sales Update Data Satu Kombinasi 2" time="5.948">
        <system-out><![CDATA[When Siloam100 Sales Tekan Tombol Edit......................................passed
And Siloam100 Sales Melakukan Update Pada , 1123232343455, , , , , , dan ...passed
And Siloam100 Sales tekan tombol Simpan.....................................passed
Then Siloam100 Validasi Data tersimpan dan form ter-update..................passed
]]></system-out>
    </testcase>
    <testcase classname="Update Data Sales Satu Kombinasi" name="Siloam100 Sales Update Data Satu Kombinasi 3" time="5.855">
        <system-out><![CDATA[When Siloam100 Sales Tekan Tombol Edit......................................passed
And Siloam100 Sales Melakukan Update Pada , , 0163456765432123, , , , , dan .passed
And Siloam100 Sales tekan tombol Simpan.....................................passed
Then Siloam100 Validasi Data tersimpan dan form ter-update..................passed
]]></system-out>
    </testcase>
    <testcase classname="Update Data Sales Satu Kombinasi" name="Siloam100 Sales Update Data Satu Kombinasi 4" time="5.826">
        <system-out><![CDATA[When Siloam100 Sales Tekan Tombol Edit......................................passed
And Siloam100 Sales Melakukan Update Pada , , , Padang, , , , dan ..........passed
And Siloam100 Sales tekan tombol Simpan.....................................passed
Then Siloam100 Validasi Data tersimpan dan form ter-update..................passed
]]></system-out>
    </testcase>
    <testcase classname="Update Data Sales Satu Kombinasi" name="Siloam100 Sales Update Data Satu Kombinasi 5" time="8.003">
        <system-out><![CDATA[When Siloam100 Sales Tekan Tombol Edit......................................passed
And Siloam100 Sales Melakukan Update Pada , , , , KOTA PADANG, , , dan .....passed
And Siloam100 Sales tekan tombol Simpan.....................................passed
Then Siloam100 Validasi Data tersimpan dan form ter-update..................passed
]]></system-out>
    </testcase>
    <testcase classname="Update Data Sales Satu Kombinasi" name="Siloam100 Sales Update Data Satu Kombinasi 6" time="6.18">
        <system-out><![CDATA[When Siloam100 Sales Tekan Tombol Edit......................................passed
And Siloam100 Sales Melakukan Update Pada , , , , , Klinik Test, , dan .....passed
And Siloam100 Sales tekan tombol Simpan.....................................passed
Then Siloam100 Validasi Data tersimpan dan form ter-update..................passed
]]></system-out>
    </testcase>
    <testcase classname="Update Data Sales Satu Kombinasi" name="Siloam100 Sales Update Data Satu Kombinasi 7" time="10.231">
        <system-out><![CDATA[When Siloam100 Sales Tekan Tombol Edit......................................passed
And Siloam100 Sales Melakukan Update Pada , , , , , , Tangerang, dan .......passed
And Siloam100 Sales tekan tombol Simpan.....................................passed
Then Siloam100 Validasi Data tersimpan dan form ter-update..................passed
]]></system-out>
    </testcase>
    <testcase classname="Update Data Sales Satu Kombinasi" name="Siloam100 Sales Update Data Satu Kombinasi 8" time="6.443">
        <system-out><![CDATA[When Siloam100 Sales Tekan Tombol Edit......................................passed
And Siloam100 Sales Melakukan Update Pada , , , , , , , dan Test............passed
And Siloam100 Sales tekan tombol Simpan.....................................passed
Then Siloam100 Validasi Data tersimpan dan form ter-update..................passed
]]></system-out>
    </testcase>
    <testcase classname="Update Data Sales Dua Kombinasi" name="Siloam105 Sales Update Data Dua Kombinasi" time="6.33">
        <failure message="expected [Alamanda] but found [ADIT TEST]" type="java.lang.AssertionError"><![CDATA[When Siloam105 Sales Tekan Tombol Edit......................................passed
And Siloam105 Sales Melakukan Update Pada Alamanda, 1234567898888, , , , , , dan .passed
And Siloam105 Sales tekan tombol Simpan.....................................passed
Then Siloam105 Validasi Data tersimpan dan form ter-update..................failed

StackTrace:
java.lang.AssertionError: expected [Alamanda] but found [ADIT TEST]
	at org.testng.Assert.fail(Assert.java:110)
	at org.testng.Assert.failNotEquals(Assert.java:1413)
	at org.testng.Assert.assertEqualsImpl(Assert.java:149)
	at org.testng.Assert.assertEquals(Assert.java:131)
	at org.testng.Assert.assertEquals(Assert.java:655)
	at org.testng.Assert.assertEquals(Assert.java:665)
	at cucumber.framework.runner.siloam.ttddigitalpage.TestTTDPageKombinasiDua.siloam105_validasi_data_tersimpan_dan_form_ter_update(TestTTDPageKombinasiDua.java:135)
	at ✽.Siloam105 Validasi Data tersimpan dan form ter-update(file:///C:/Users/ROG/git/Tugas%20Akhir/Novri/TA-SQUAD-KEL-SATU/TA-SQUAD-KEL-SATU/src/test/resources/features/siloam-outline/105UpdateDataSalesDuaKombinasi.feature:17)
]]></failure>
    </testcase>
    <testcase classname="Update Data Sales Dua Kombinasi" name="Siloam105 Sales Update Data Dua Kombinasi 2" time="7.235">
        <failure message="expected [Alamanda] but found [ADIT TEST]" type="java.lang.AssertionError"><![CDATA[When Siloam105 Sales Tekan Tombol Edit......................................passed
And Siloam105 Sales Melakukan Update Pada Alamanda, , 1634567654321233, , , , , dan .passed
And Siloam105 Sales tekan tombol Simpan.....................................passed
Then Siloam105 Validasi Data tersimpan dan form ter-update..................failed

StackTrace:
java.lang.AssertionError: expected [Alamanda] but found [ADIT TEST]
	at org.testng.Assert.fail(Assert.java:110)
	at org.testng.Assert.failNotEquals(Assert.java:1413)
	at org.testng.Assert.assertEqualsImpl(Assert.java:149)
	at org.testng.Assert.assertEquals(Assert.java:131)
	at org.testng.Assert.assertEquals(Assert.java:655)
	at org.testng.Assert.assertEquals(Assert.java:665)
	at cucumber.framework.runner.siloam.ttddigitalpage.TestTTDPageKombinasiDua.siloam105_validasi_data_tersimpan_dan_form_ter_update(TestTTDPageKombinasiDua.java:135)
	at ✽.Siloam105 Validasi Data tersimpan dan form ter-update(file:///C:/Users/ROG/git/Tugas%20Akhir/Novri/TA-SQUAD-KEL-SATU/TA-SQUAD-KEL-SATU/src/test/resources/features/siloam-outline/105UpdateDataSalesDuaKombinasi.feature:17)
]]></failure>
    </testcase>
    <testcase classname="Update Data Sales Dua Kombinasi" name="Siloam105 Sales Update Data Dua Kombinasi 3" time="6.388">
        <failure message="expected [Alamanda] but found [ADIT TEST]" type="java.lang.AssertionError"><![CDATA[When Siloam105 Sales Tekan Tombol Edit......................................passed
And Siloam105 Sales Melakukan Update Pada Alamanda, , , Padang, , , , dan ..passed
And Siloam105 Sales tekan tombol Simpan.....................................passed
Then Siloam105 Validasi Data tersimpan dan form ter-update..................failed

StackTrace:
java.lang.AssertionError: expected [Alamanda] but found [ADIT TEST]
	at org.testng.Assert.fail(Assert.java:110)
	at org.testng.Assert.failNotEquals(Assert.java:1413)
	at org.testng.Assert.assertEqualsImpl(Assert.java:149)
	at org.testng.Assert.assertEquals(Assert.java:131)
	at org.testng.Assert.assertEquals(Assert.java:655)
	at org.testng.Assert.assertEquals(Assert.java:665)
	at cucumber.framework.runner.siloam.ttddigitalpage.TestTTDPageKombinasiDua.siloam105_validasi_data_tersimpan_dan_form_ter_update(TestTTDPageKombinasiDua.java:135)
	at ✽.Siloam105 Validasi Data tersimpan dan form ter-update(file:///C:/Users/ROG/git/Tugas%20Akhir/Novri/TA-SQUAD-KEL-SATU/TA-SQUAD-KEL-SATU/src/test/resources/features/siloam-outline/105UpdateDataSalesDuaKombinasi.feature:17)
]]></failure>
    </testcase>
    <testcase classname="Update Data Sales Dua Kombinasi" name="Siloam105 Sales Update Data Dua Kombinasi 4" time="7.835">
        <failure message="expected [Alamanda] but found [ADIT TEST]" type="java.lang.AssertionError"><![CDATA[When Siloam105 Sales Tekan Tombol Edit......................................passed
And Siloam105 Sales Melakukan Update Pada Alamanda, , , , KOTA PADANG, , , dan .passed
And Siloam105 Sales tekan tombol Simpan.....................................passed
Then Siloam105 Validasi Data tersimpan dan form ter-update..................failed

StackTrace:
java.lang.AssertionError: expected [Alamanda] but found [ADIT TEST]
	at org.testng.Assert.fail(Assert.java:110)
	at org.testng.Assert.failNotEquals(Assert.java:1413)
	at org.testng.Assert.assertEqualsImpl(Assert.java:149)
	at org.testng.Assert.assertEquals(Assert.java:131)
	at org.testng.Assert.assertEquals(Assert.java:655)
	at org.testng.Assert.assertEquals(Assert.java:665)
	at cucumber.framework.runner.siloam.ttddigitalpage.TestTTDPageKombinasiDua.siloam105_validasi_data_tersimpan_dan_form_ter_update(TestTTDPageKombinasiDua.java:135)
	at ✽.Siloam105 Validasi Data tersimpan dan form ter-update(file:///C:/Users/ROG/git/Tugas%20Akhir/Novri/TA-SQUAD-KEL-SATU/TA-SQUAD-KEL-SATU/src/test/resources/features/siloam-outline/105UpdateDataSalesDuaKombinasi.feature:17)
]]></failure>
    </testcase>
    <testcase classname="Update Data Sales Dua Kombinasi" name="Siloam105 Sales Update Data Dua Kombinasi 5" time="6.512">
        <failure message="expected [Alamanda] but found [ADIT TEST]" type="java.lang.AssertionError"><![CDATA[When Siloam105 Sales Tekan Tombol Edit......................................passed
And Siloam105 Sales Melakukan Update Pada Alamanda, , , , , Klinik Test, , dan .passed
And Siloam105 Sales tekan tombol Simpan.....................................passed
Then Siloam105 Validasi Data tersimpan dan form ter-update..................failed

StackTrace:
java.lang.AssertionError: expected [Alamanda] but found [ADIT TEST]
	at org.testng.Assert.fail(Assert.java:110)
	at org.testng.Assert.failNotEquals(Assert.java:1413)
	at org.testng.Assert.assertEqualsImpl(Assert.java:149)
	at org.testng.Assert.assertEquals(Assert.java:131)
	at org.testng.Assert.assertEquals(Assert.java:655)
	at org.testng.Assert.assertEquals(Assert.java:665)
	at cucumber.framework.runner.siloam.ttddigitalpage.TestTTDPageKombinasiDua.siloam105_validasi_data_tersimpan_dan_form_ter_update(TestTTDPageKombinasiDua.java:135)
	at ✽.Siloam105 Validasi Data tersimpan dan form ter-update(file:///C:/Users/ROG/git/Tugas%20Akhir/Novri/TA-SQUAD-KEL-SATU/TA-SQUAD-KEL-SATU/src/test/resources/features/siloam-outline/105UpdateDataSalesDuaKombinasi.feature:17)
]]></failure>
    </testcase>
    <testcase classname="Update Data Sales Dua Kombinasi" name="Siloam105 Sales Update Data Dua Kombinasi 6" time="8.384">
        <failure message="expected [Alamanda] but found [ADIT TEST]" type="java.lang.AssertionError"><![CDATA[When Siloam105 Sales Tekan Tombol Edit......................................passed
And Siloam105 Sales Melakukan Update Pada Alamanda, , , , , , Tangerang, dan .passed
And Siloam105 Sales tekan tombol Simpan.....................................passed
Then Siloam105 Validasi Data tersimpan dan form ter-update..................failed

StackTrace:
java.lang.AssertionError: expected [Alamanda] but found [ADIT TEST]
	at org.testng.Assert.fail(Assert.java:110)
	at org.testng.Assert.failNotEquals(Assert.java:1413)
	at org.testng.Assert.assertEqualsImpl(Assert.java:149)
	at org.testng.Assert.assertEquals(Assert.java:131)
	at org.testng.Assert.assertEquals(Assert.java:655)
	at org.testng.Assert.assertEquals(Assert.java:665)
	at cucumber.framework.runner.siloam.ttddigitalpage.TestTTDPageKombinasiDua.siloam105_validasi_data_tersimpan_dan_form_ter_update(TestTTDPageKombinasiDua.java:135)
	at ✽.Siloam105 Validasi Data tersimpan dan form ter-update(file:///C:/Users/ROG/git/Tugas%20Akhir/Novri/TA-SQUAD-KEL-SATU/TA-SQUAD-KEL-SATU/src/test/resources/features/siloam-outline/105UpdateDataSalesDuaKombinasi.feature:17)
]]></failure>
    </testcase>
    <testcase classname="Update Data Sales Dua Kombinasi" name="Siloam105 Sales Update Data Dua Kombinasi 7" time="6.299">
        <failure message="expected [Alamanda] but found [ADIT TEST]" type="java.lang.AssertionError"><![CDATA[When Siloam105 Sales Tekan Tombol Edit......................................passed
And Siloam105 Sales Melakukan Update Pada Alamanda, , , , , , , dan Test....passed
And Siloam105 Sales tekan tombol Simpan.....................................passed
Then Siloam105 Validasi Data tersimpan dan form ter-update..................failed

StackTrace:
java.lang.AssertionError: expected [Alamanda] but found [ADIT TEST]
	at org.testng.Assert.fail(Assert.java:110)
	at org.testng.Assert.failNotEquals(Assert.java:1413)
	at org.testng.Assert.assertEqualsImpl(Assert.java:149)
	at org.testng.Assert.assertEquals(Assert.java:131)
	at org.testng.Assert.assertEquals(Assert.java:655)
	at org.testng.Assert.assertEquals(Assert.java:665)
	at cucumber.framework.runner.siloam.ttddigitalpage.TestTTDPageKombinasiDua.siloam105_validasi_data_tersimpan_dan_form_ter_update(TestTTDPageKombinasiDua.java:135)
	at ✽.Siloam105 Validasi Data tersimpan dan form ter-update(file:///C:/Users/ROG/git/Tugas%20Akhir/Novri/TA-SQUAD-KEL-SATU/TA-SQUAD-KEL-SATU/src/test/resources/features/siloam-outline/105UpdateDataSalesDuaKombinasi.feature:17)
]]></failure>
    </testcase>
    <testcase classname="Update Data Sales Dua Kombinasi" name="Siloam105 Sales Update Data Dua Kombinasi 8" time="8.007">
        <system-out><![CDATA[When Siloam105 Sales Tekan Tombol Edit......................................passed
And Siloam105 Sales Melakukan Update Pada , 1234567898788, 1634567654321238, , , , , dan .passed
And Siloam105 Sales tekan tombol Simpan.....................................passed
Then Siloam105 Validasi Data tersimpan dan form ter-update..................passed
]]></system-out>
    </testcase>
    <testcase classname="Update Data Sales Dua Kombinasi" name="Siloam105 Sales Update Data Dua Kombinasi 9" time="8.039">
        <system-out><![CDATA[When Siloam105 Sales Tekan Tombol Edit......................................passed
And Siloam105 Sales Melakukan Update Pada , 1234567898788, , Padang, , , , dan .passed
And Siloam105 Sales tekan tombol Simpan.....................................passed
Then Siloam105 Validasi Data tersimpan dan form ter-update..................passed
]]></system-out>
    </testcase>
    <testcase classname="Update Data Sales Dua Kombinasi" name="Siloam105 Sales Update Data Dua Kombinasi 10" time="9.048">
        <system-out><![CDATA[When Siloam105 Sales Tekan Tombol Edit......................................passed
And Siloam105 Sales Melakukan Update Pada , 1234567898788, , , KOTA PADANG, , , dan .passed
And Siloam105 Sales tekan tombol Simpan.....................................passed
Then Siloam105 Validasi Data tersimpan dan form ter-update..................passed
]]></system-out>
    </testcase>
    <testcase classname="Update Data Sales Dua Kombinasi" name="Siloam105 Sales Update Data Dua Kombinasi 11" time="8.637">
        <system-out><![CDATA[When Siloam105 Sales Tekan Tombol Edit......................................passed
And Siloam105 Sales Melakukan Update Pada , 1234567898788, , , , Klinik Test, , dan .passed
And Siloam105 Sales tekan tombol Simpan.....................................passed
Then Siloam105 Validasi Data tersimpan dan form ter-update..................passed
]]></system-out>
    </testcase>
    <testcase classname="Update Data Sales Dua Kombinasi" name="Siloam105 Sales Update Data Dua Kombinasi 12" time="8.951">
        <system-out><![CDATA[When Siloam105 Sales Tekan Tombol Edit......................................passed
And Siloam105 Sales Melakukan Update Pada , 1234567898788, , , , , Tangerang, dan .passed
And Siloam105 Sales tekan tombol Simpan.....................................passed
Then Siloam105 Validasi Data tersimpan dan form ter-update..................passed
]]></system-out>
    </testcase>
    <testcase classname="Update Data Sales Dua Kombinasi" name="Siloam105 Sales Update Data Dua Kombinasi 13" time="8.647">
        <system-out><![CDATA[When Siloam105 Sales Tekan Tombol Edit......................................passed
And Siloam105 Sales Melakukan Update Pada , 1234567898788, , , , , , dan Test.passed
And Siloam105 Sales tekan tombol Simpan.....................................passed
Then Siloam105 Validasi Data tersimpan dan form ter-update..................passed
]]></system-out>
    </testcase>
    <testcase classname="Update Data Sales Dua Kombinasi" name="Siloam105 Sales Update Data Dua Kombinasi 14" time="8.736">
        <system-out><![CDATA[When Siloam105 Sales Tekan Tombol Edit......................................passed
And Siloam105 Sales Melakukan Update Pada , , 0163456765432123, Padang, , , , dan .passed
And Siloam105 Sales tekan tombol Simpan.....................................passed
Then Siloam105 Validasi Data tersimpan dan form ter-update..................passed
]]></system-out>
    </testcase>
    <testcase classname="Update Data Sales Dua Kombinasi" name="Siloam105 Sales Update Data Dua Kombinasi 15" time="10.745">
        <system-out><![CDATA[When Siloam105 Sales Tekan Tombol Edit......................................passed
And Siloam105 Sales Melakukan Update Pada , , 0163456765432123, , KOTA PADANG, , , dan .passed
And Siloam105 Sales tekan tombol Simpan.....................................passed
Then Siloam105 Validasi Data tersimpan dan form ter-update..................passed
]]></system-out>
    </testcase>
    <testcase classname="Update Data Sales Dua Kombinasi" name="Siloam105 Sales Update Data Dua Kombinasi 16" time="8.184">
        <system-out><![CDATA[When Siloam105 Sales Tekan Tombol Edit......................................passed
And Siloam105 Sales Melakukan Update Pada , , 0163456765432123, , , Klinik Test, , dan .passed
And Siloam105 Sales tekan tombol Simpan.....................................passed
Then Siloam105 Validasi Data tersimpan dan form ter-update..................passed
]]></system-out>
    </testcase>
    <testcase classname="Update Data Sales Dua Kombinasi" name="Siloam105 Sales Update Data Dua Kombinasi 17" time="9.694">
        <system-out><![CDATA[When Siloam105 Sales Tekan Tombol Edit......................................passed
And Siloam105 Sales Melakukan Update Pada , , 0163456765432123, , , , Tangerang, dan .passed
And Siloam105 Sales tekan tombol Simpan.....................................passed
Then Siloam105 Validasi Data tersimpan dan form ter-update..................passed
]]></system-out>
    </testcase>
    <testcase classname="Update Data Sales Dua Kombinasi" name="Siloam105 Sales Update Data Dua Kombinasi 18" time="9.068">
        <system-out><![CDATA[When Siloam105 Sales Tekan Tombol Edit......................................passed
And Siloam105 Sales Melakukan Update Pada , , 0163456765432123, , , , , dan Test.passed
And Siloam105 Sales tekan tombol Simpan.....................................passed
Then Siloam105 Validasi Data tersimpan dan form ter-update..................passed
]]></system-out>
    </testcase>
    <testcase classname="Update Data Sales Dua Kombinasi" name="Siloam105 Sales Update Data Dua Kombinasi 19" time="9.59">
        <system-out><![CDATA[When Siloam105 Sales Tekan Tombol Edit......................................passed
And Siloam105 Sales Melakukan Update Pada , , , Padang, KOTA PADANG, , , dan .passed
And Siloam105 Sales tekan tombol Simpan.....................................passed
Then Siloam105 Validasi Data tersimpan dan form ter-update..................passed
]]></system-out>
    </testcase>
    <testcase classname="Update Data Sales Dua Kombinasi" name="Siloam105 Sales Update Data Dua Kombinasi 20" time="7.89">
        <system-out><![CDATA[When Siloam105 Sales Tekan Tombol Edit......................................passed
And Siloam105 Sales Melakukan Update Pada , , , Padang, , Klinik Test, , dan .passed
And Siloam105 Sales tekan tombol Simpan.....................................passed
Then Siloam105 Validasi Data tersimpan dan form ter-update..................passed
]]></system-out>
    </testcase>
    <testcase classname="Update Data Sales Dua Kombinasi" name="Siloam105 Sales Update Data Dua Kombinasi 21" time="10.287">
        <system-out><![CDATA[When Siloam105 Sales Tekan Tombol Edit......................................passed
And Siloam105 Sales Melakukan Update Pada , , , Padang, , , Tangerang, dan .passed
And Siloam105 Sales tekan tombol Simpan.....................................passed
Then Siloam105 Validasi Data tersimpan dan form ter-update..................passed
]]></system-out>
    </testcase>
    <testcase classname="Update Data Sales Dua Kombinasi" name="Siloam105 Sales Update Data Dua Kombinasi 22" time="7.874">
        <system-out><![CDATA[When Siloam105 Sales Tekan Tombol Edit......................................passed
And Siloam105 Sales Melakukan Update Pada , , , Padang, , , , dan Test......passed
And Siloam105 Sales tekan tombol Simpan.....................................passed
Then Siloam105 Validasi Data tersimpan dan form ter-update..................passed
]]></system-out>
    </testcase>
    <testcase classname="Update Data Sales Dua Kombinasi" name="Siloam105 Sales Update Data Dua Kombinasi 23" time="9.163">
        <system-out><![CDATA[When Siloam105 Sales Tekan Tombol Edit......................................passed
And Siloam105 Sales Melakukan Update Pada , , , , KOTA PADANG, Klinik Test, , dan .passed
And Siloam105 Sales tekan tombol Simpan.....................................passed
Then Siloam105 Validasi Data tersimpan dan form ter-update..................passed
]]></system-out>
    </testcase>
    <testcase classname="Update Data Sales Dua Kombinasi" name="Siloam105 Sales Update Data Dua Kombinasi 24" time="10.074">
        <system-out><![CDATA[When Siloam105 Sales Tekan Tombol Edit......................................passed
And Siloam105 Sales Melakukan Update Pada , , , , KOTA PADANG, , Tangerang, dan .passed
And Siloam105 Sales tekan tombol Simpan.....................................passed
Then Siloam105 Validasi Data tersimpan dan form ter-update..................passed
]]></system-out>
    </testcase>
    <testcase classname="Update Data Sales Dua Kombinasi" name="Siloam105 Sales Update Data Dua Kombinasi 25" time="8.951">
        <system-out><![CDATA[When Siloam105 Sales Tekan Tombol Edit......................................passed
And Siloam105 Sales Melakukan Update Pada , , , , KOTA PADANG, , , dan Test.passed
And Siloam105 Sales tekan tombol Simpan.....................................passed
Then Siloam105 Validasi Data tersimpan dan form ter-update..................passed
]]></system-out>
    </testcase>
    <testcase classname="Update Data Sales Dua Kombinasi" name="Siloam105 Sales Update Data Dua Kombinasi 26" time="8.887">
        <system-out><![CDATA[When Siloam105 Sales Tekan Tombol Edit......................................passed
And Siloam105 Sales Melakukan Update Pada , , , , , Klinik Test, Tangerang, dan .passed
And Siloam105 Sales tekan tombol Simpan.....................................passed
Then Siloam105 Validasi Data tersimpan dan form ter-update..................passed
]]></system-out>
    </testcase>
    <testcase classname="Update Data Sales Dua Kombinasi" name="Siloam105 Sales Update Data Dua Kombinasi 27" time="8.395">
        <system-out><![CDATA[When Siloam105 Sales Tekan Tombol Edit......................................passed
And Siloam105 Sales Melakukan Update Pada , , , , , Klinik Test, , dan Test.passed
And Siloam105 Sales tekan tombol Simpan.....................................passed
Then Siloam105 Validasi Data tersimpan dan form ter-update..................passed
]]></system-out>
    </testcase>
    <testcase classname="Update Data Sales Dua Kombinasi" name="Siloam105 Sales Update Data Dua Kombinasi 28" time="9.076">
        <system-out><![CDATA[When Siloam105 Sales Tekan Tombol Edit......................................passed
And Siloam105 Sales Melakukan Update Pada , , , , , , Tangerang, dan Test...passed
And Siloam105 Sales tekan tombol Simpan.....................................passed
Then Siloam105 Validasi Data tersimpan dan form ter-update..................passed
]]></system-out>
    </testcase>
    <testcase classname="Update Data Sales Tiga Kombinasi" name="Siloam110 Sales Update Data Tiga Kombinasi" time="7.186">
        <failure message="expected [Alamanda] but found [ADIT TEST]" type="java.lang.AssertionError"><![CDATA[When Siloam110 Sales Tekan Tombol Edit......................................passed
And Siloam110 Sales Melakukan Update Pada Alamanda, 1234567899093, 1634567654321200, , , , , dan .passed
And Siloam110 Sales tekan tombol Simpan.....................................passed
Then Siloam110 Validasi Data tersimpan dan form ter-update..................failed

StackTrace:
java.lang.AssertionError: expected [Alamanda] but found [ADIT TEST]
	at org.testng.Assert.fail(Assert.java:110)
	at org.testng.Assert.failNotEquals(Assert.java:1413)
	at org.testng.Assert.assertEqualsImpl(Assert.java:149)
	at org.testng.Assert.assertEquals(Assert.java:131)
	at org.testng.Assert.assertEquals(Assert.java:655)
	at org.testng.Assert.assertEquals(Assert.java:665)
	at cucumber.framework.runner.siloam.ttddigitalpage.TestTTDPageKombinasiTiga.siloam110_validasi_data_tersimpan_dan_form_ter_update(TestTTDPageKombinasiTiga.java:131)
	at ✽.Siloam110 Validasi Data tersimpan dan form ter-update(file:///C:/Users/ROG/git/Tugas%20Akhir/Novri/TA-SQUAD-KEL-SATU/TA-SQUAD-KEL-SATU/src/test/resources/features/siloam-outline/110UpdateDataSalesTigaKombinasi.feature:16)
]]></failure>
    </testcase>
    <testcase classname="Update Data Sales Tiga Kombinasi" name="Siloam110 Sales Update Data Tiga Kombinasi 2" time="7.248">
        <failure message="expected [Alamanda] but found [ADIT TEST]" type="java.lang.AssertionError"><![CDATA[When Siloam110 Sales Tekan Tombol Edit......................................passed
And Siloam110 Sales Melakukan Update Pada Alamanda, 1234567899093, , Padang, , , , dan .passed
And Siloam110 Sales tekan tombol Simpan.....................................passed
Then Siloam110 Validasi Data tersimpan dan form ter-update..................failed

StackTrace:
java.lang.AssertionError: expected [Alamanda] but found [ADIT TEST]
	at org.testng.Assert.fail(Assert.java:110)
	at org.testng.Assert.failNotEquals(Assert.java:1413)
	at org.testng.Assert.assertEqualsImpl(Assert.java:149)
	at org.testng.Assert.assertEquals(Assert.java:131)
	at org.testng.Assert.assertEquals(Assert.java:655)
	at org.testng.Assert.assertEquals(Assert.java:665)
	at cucumber.framework.runner.siloam.ttddigitalpage.TestTTDPageKombinasiTiga.siloam110_validasi_data_tersimpan_dan_form_ter_update(TestTTDPageKombinasiTiga.java:131)
	at ✽.Siloam110 Validasi Data tersimpan dan form ter-update(file:///C:/Users/ROG/git/Tugas%20Akhir/Novri/TA-SQUAD-KEL-SATU/TA-SQUAD-KEL-SATU/src/test/resources/features/siloam-outline/110UpdateDataSalesTigaKombinasi.feature:16)
]]></failure>
    </testcase>
    <testcase classname="Update Data Sales Tiga Kombinasi" name="Siloam110 Sales Update Data Tiga Kombinasi 3" time="8.722">
        <failure message="expected [Alamanda] but found [ADIT TEST]" type="java.lang.AssertionError"><![CDATA[When Siloam110 Sales Tekan Tombol Edit......................................passed
And Siloam110 Sales Melakukan Update Pada Alamanda, 1234567899093, , , KOTA PADANG, , , dan .passed
And Siloam110 Sales tekan tombol Simpan.....................................passed
Then Siloam110 Validasi Data tersimpan dan form ter-update..................failed

StackTrace:
java.lang.AssertionError: expected [Alamanda] but found [ADIT TEST]
	at org.testng.Assert.fail(Assert.java:110)
	at org.testng.Assert.failNotEquals(Assert.java:1413)
	at org.testng.Assert.assertEqualsImpl(Assert.java:149)
	at org.testng.Assert.assertEquals(Assert.java:131)
	at org.testng.Assert.assertEquals(Assert.java:655)
	at org.testng.Assert.assertEquals(Assert.java:665)
	at cucumber.framework.runner.siloam.ttddigitalpage.TestTTDPageKombinasiTiga.siloam110_validasi_data_tersimpan_dan_form_ter_update(TestTTDPageKombinasiTiga.java:131)
	at ✽.Siloam110 Validasi Data tersimpan dan form ter-update(file:///C:/Users/ROG/git/Tugas%20Akhir/Novri/TA-SQUAD-KEL-SATU/TA-SQUAD-KEL-SATU/src/test/resources/features/siloam-outline/110UpdateDataSalesTigaKombinasi.feature:16)
]]></failure>
    </testcase>
    <testcase classname="Update Data Sales Tiga Kombinasi" name="Siloam110 Sales Update Data Tiga Kombinasi 4" time="8.092">
        <failure message="expected [Alamanda] but found [ADIT TEST]" type="java.lang.AssertionError"><![CDATA[When Siloam110 Sales Tekan Tombol Edit......................................passed
And Siloam110 Sales Melakukan Update Pada Alamanda, 1234567899093, , , , Klinik Test, , dan .passed
And Siloam110 Sales tekan tombol Simpan.....................................passed
Then Siloam110 Validasi Data tersimpan dan form ter-update..................failed

StackTrace:
java.lang.AssertionError: expected [Alamanda] but found [ADIT TEST]
	at org.testng.Assert.fail(Assert.java:110)
	at org.testng.Assert.failNotEquals(Assert.java:1413)
	at org.testng.Assert.assertEqualsImpl(Assert.java:149)
	at org.testng.Assert.assertEquals(Assert.java:131)
	at org.testng.Assert.assertEquals(Assert.java:655)
	at org.testng.Assert.assertEquals(Assert.java:665)
	at cucumber.framework.runner.siloam.ttddigitalpage.TestTTDPageKombinasiTiga.siloam110_validasi_data_tersimpan_dan_form_ter_update(TestTTDPageKombinasiTiga.java:131)
	at ✽.Siloam110 Validasi Data tersimpan dan form ter-update(file:///C:/Users/ROG/git/Tugas%20Akhir/Novri/TA-SQUAD-KEL-SATU/TA-SQUAD-KEL-SATU/src/test/resources/features/siloam-outline/110UpdateDataSalesTigaKombinasi.feature:16)
]]></failure>
    </testcase>
    <testcase classname="Update Data Sales Tiga Kombinasi" name="Siloam110 Sales Update Data Tiga Kombinasi 5" time="9.761">
        <failure message="expected [Alamanda] but found [ADIT TEST]" type="java.lang.AssertionError"><![CDATA[When Siloam110 Sales Tekan Tombol Edit......................................passed
And Siloam110 Sales Melakukan Update Pada Alamanda, 1234567899093, , , , , Tangerang, dan .passed
And Siloam110 Sales tekan tombol Simpan.....................................passed
Then Siloam110 Validasi Data tersimpan dan form ter-update..................failed

StackTrace:
java.lang.AssertionError: expected [Alamanda] but found [ADIT TEST]
	at org.testng.Assert.fail(Assert.java:110)
	at org.testng.Assert.failNotEquals(Assert.java:1413)
	at org.testng.Assert.assertEqualsImpl(Assert.java:149)
	at org.testng.Assert.assertEquals(Assert.java:131)
	at org.testng.Assert.assertEquals(Assert.java:655)
	at org.testng.Assert.assertEquals(Assert.java:665)
	at cucumber.framework.runner.siloam.ttddigitalpage.TestTTDPageKombinasiTiga.siloam110_validasi_data_tersimpan_dan_form_ter_update(TestTTDPageKombinasiTiga.java:131)
	at ✽.Siloam110 Validasi Data tersimpan dan form ter-update(file:///C:/Users/ROG/git/Tugas%20Akhir/Novri/TA-SQUAD-KEL-SATU/TA-SQUAD-KEL-SATU/src/test/resources/features/siloam-outline/110UpdateDataSalesTigaKombinasi.feature:16)
]]></failure>
    </testcase>
    <testcase classname="Update Data Sales Tiga Kombinasi" name="Siloam110 Sales Update Data Tiga Kombinasi 6" time="7.144">
        <failure message="expected [Alamanda] but found [ADIT TEST]" type="java.lang.AssertionError"><![CDATA[When Siloam110 Sales Tekan Tombol Edit......................................passed
And Siloam110 Sales Melakukan Update Pada Alamanda, 1234567899093, , , , , , dan Test.passed
And Siloam110 Sales tekan tombol Simpan.....................................passed
Then Siloam110 Validasi Data tersimpan dan form ter-update..................failed

StackTrace:
java.lang.AssertionError: expected [Alamanda] but found [ADIT TEST]
	at org.testng.Assert.fail(Assert.java:110)
	at org.testng.Assert.failNotEquals(Assert.java:1413)
	at org.testng.Assert.assertEqualsImpl(Assert.java:149)
	at org.testng.Assert.assertEquals(Assert.java:131)
	at org.testng.Assert.assertEquals(Assert.java:655)
	at org.testng.Assert.assertEquals(Assert.java:665)
	at cucumber.framework.runner.siloam.ttddigitalpage.TestTTDPageKombinasiTiga.siloam110_validasi_data_tersimpan_dan_form_ter_update(TestTTDPageKombinasiTiga.java:131)
	at ✽.Siloam110 Validasi Data tersimpan dan form ter-update(file:///C:/Users/ROG/git/Tugas%20Akhir/Novri/TA-SQUAD-KEL-SATU/TA-SQUAD-KEL-SATU/src/test/resources/features/siloam-outline/110UpdateDataSalesTigaKombinasi.feature:16)
]]></failure>
    </testcase>
    <testcase classname="Update Data Sales Tiga Kombinasi" name="Siloam110 Sales Update Data Tiga Kombinasi 7" time="7.134">
        <failure message="expected [Alamanda] but found [ADIT TEST]" type="java.lang.AssertionError"><![CDATA[When Siloam110 Sales Tekan Tombol Edit......................................passed
And Siloam110 Sales Melakukan Update Pada Alamanda, , 1634567654321200, Padang, , , , dan .passed
And Siloam110 Sales tekan tombol Simpan.....................................passed
Then Siloam110 Validasi Data tersimpan dan form ter-update..................failed

StackTrace:
java.lang.AssertionError: expected [Alamanda] but found [ADIT TEST]
	at org.testng.Assert.fail(Assert.java:110)
	at org.testng.Assert.failNotEquals(Assert.java:1413)
	at org.testng.Assert.assertEqualsImpl(Assert.java:149)
	at org.testng.Assert.assertEquals(Assert.java:131)
	at org.testng.Assert.assertEquals(Assert.java:655)
	at org.testng.Assert.assertEquals(Assert.java:665)
	at cucumber.framework.runner.siloam.ttddigitalpage.TestTTDPageKombinasiTiga.siloam110_validasi_data_tersimpan_dan_form_ter_update(TestTTDPageKombinasiTiga.java:131)
	at ✽.Siloam110 Validasi Data tersimpan dan form ter-update(file:///C:/Users/ROG/git/Tugas%20Akhir/Novri/TA-SQUAD-KEL-SATU/TA-SQUAD-KEL-SATU/src/test/resources/features/siloam-outline/110UpdateDataSalesTigaKombinasi.feature:16)
]]></failure>
    </testcase>
    <testcase classname="Update Data Sales Tiga Kombinasi" name="Siloam110 Sales Update Data Tiga Kombinasi 8" time="8.96">
        <failure message="expected [Alamanda] but found [ADIT TEST]" type="java.lang.AssertionError"><![CDATA[When Siloam110 Sales Tekan Tombol Edit......................................passed
And Siloam110 Sales Melakukan Update Pada Alamanda, , 1634567654321200, , KOTA PADANG, , , dan .passed
And Siloam110 Sales tekan tombol Simpan.....................................passed
Then Siloam110 Validasi Data tersimpan dan form ter-update..................failed

StackTrace:
java.lang.AssertionError: expected [Alamanda] but found [ADIT TEST]
	at org.testng.Assert.fail(Assert.java:110)
	at org.testng.Assert.failNotEquals(Assert.java:1413)
	at org.testng.Assert.assertEqualsImpl(Assert.java:149)
	at org.testng.Assert.assertEquals(Assert.java:131)
	at org.testng.Assert.assertEquals(Assert.java:655)
	at org.testng.Assert.assertEquals(Assert.java:665)
	at cucumber.framework.runner.siloam.ttddigitalpage.TestTTDPageKombinasiTiga.siloam110_validasi_data_tersimpan_dan_form_ter_update(TestTTDPageKombinasiTiga.java:131)
	at ✽.Siloam110 Validasi Data tersimpan dan form ter-update(file:///C:/Users/ROG/git/Tugas%20Akhir/Novri/TA-SQUAD-KEL-SATU/TA-SQUAD-KEL-SATU/src/test/resources/features/siloam-outline/110UpdateDataSalesTigaKombinasi.feature:16)
]]></failure>
    </testcase>
    <testcase classname="Update Data Sales Tiga Kombinasi" name="Siloam110 Sales Update Data Tiga Kombinasi 9" time="6.949">
        <failure message="expected [Alamanda] but found [ADIT TEST]" type="java.lang.AssertionError"><![CDATA[When Siloam110 Sales Tekan Tombol Edit......................................passed
And Siloam110 Sales Melakukan Update Pada Alamanda, , 1634567654321200, , , Klinik Test, , dan .passed
And Siloam110 Sales tekan tombol Simpan.....................................passed
Then Siloam110 Validasi Data tersimpan dan form ter-update..................failed

StackTrace:
java.lang.AssertionError: expected [Alamanda] but found [ADIT TEST]
	at org.testng.Assert.fail(Assert.java:110)
	at org.testng.Assert.failNotEquals(Assert.java:1413)
	at org.testng.Assert.assertEqualsImpl(Assert.java:149)
	at org.testng.Assert.assertEquals(Assert.java:131)
	at org.testng.Assert.assertEquals(Assert.java:655)
	at org.testng.Assert.assertEquals(Assert.java:665)
	at cucumber.framework.runner.siloam.ttddigitalpage.TestTTDPageKombinasiTiga.siloam110_validasi_data_tersimpan_dan_form_ter_update(TestTTDPageKombinasiTiga.java:131)
	at ✽.Siloam110 Validasi Data tersimpan dan form ter-update(file:///C:/Users/ROG/git/Tugas%20Akhir/Novri/TA-SQUAD-KEL-SATU/TA-SQUAD-KEL-SATU/src/test/resources/features/siloam-outline/110UpdateDataSalesTigaKombinasi.feature:16)
]]></failure>
    </testcase>
    <testcase classname="Update Data Sales Tiga Kombinasi" name="Siloam110 Sales Update Data Tiga Kombinasi 10" time="8.285">
        <failure message="expected [Alamanda] but found [ADIT TEST]" type="java.lang.AssertionError"><![CDATA[When Siloam110 Sales Tekan Tombol Edit......................................passed
And Siloam110 Sales Melakukan Update Pada Alamanda, , 1634567654321200, , , , Tangerang, dan .passed
And Siloam110 Sales tekan tombol Simpan.....................................passed
Then Siloam110 Validasi Data tersimpan dan form ter-update..................failed

StackTrace:
java.lang.AssertionError: expected [Alamanda] but found [ADIT TEST]
	at org.testng.Assert.fail(Assert.java:110)
	at org.testng.Assert.failNotEquals(Assert.java:1413)
	at org.testng.Assert.assertEqualsImpl(Assert.java:149)
	at org.testng.Assert.assertEquals(Assert.java:131)
	at org.testng.Assert.assertEquals(Assert.java:655)
	at org.testng.Assert.assertEquals(Assert.java:665)
	at cucumber.framework.runner.siloam.ttddigitalpage.TestTTDPageKombinasiTiga.siloam110_validasi_data_tersimpan_dan_form_ter_update(TestTTDPageKombinasiTiga.java:131)
	at ✽.Siloam110 Validasi Data tersimpan dan form ter-update(file:///C:/Users/ROG/git/Tugas%20Akhir/Novri/TA-SQUAD-KEL-SATU/TA-SQUAD-KEL-SATU/src/test/resources/features/siloam-outline/110UpdateDataSalesTigaKombinasi.feature:16)
]]></failure>
    </testcase>
    <testcase classname="Update Data Sales Tiga Kombinasi" name="Siloam110 Sales Update Data Tiga Kombinasi 11" time="7.344">
        <failure message="expected [Alamanda] but found [ADIT TEST]" type="java.lang.AssertionError"><![CDATA[When Siloam110 Sales Tekan Tombol Edit......................................passed
And Siloam110 Sales Melakukan Update Pada Alamanda, , 1634567654321200, , , , , dan Test.passed
And Siloam110 Sales tekan tombol Simpan.....................................passed
Then Siloam110 Validasi Data tersimpan dan form ter-update..................failed

StackTrace:
java.lang.AssertionError: expected [Alamanda] but found [ADIT TEST]
	at org.testng.Assert.fail(Assert.java:110)
	at org.testng.Assert.failNotEquals(Assert.java:1413)
	at org.testng.Assert.assertEqualsImpl(Assert.java:149)
	at org.testng.Assert.assertEquals(Assert.java:131)
	at org.testng.Assert.assertEquals(Assert.java:655)
	at org.testng.Assert.assertEquals(Assert.java:665)
	at cucumber.framework.runner.siloam.ttddigitalpage.TestTTDPageKombinasiTiga.siloam110_validasi_data_tersimpan_dan_form_ter_update(TestTTDPageKombinasiTiga.java:131)
	at ✽.Siloam110 Validasi Data tersimpan dan form ter-update(file:///C:/Users/ROG/git/Tugas%20Akhir/Novri/TA-SQUAD-KEL-SATU/TA-SQUAD-KEL-SATU/src/test/resources/features/siloam-outline/110UpdateDataSalesTigaKombinasi.feature:16)
]]></failure>
    </testcase>
    <testcase classname="Update Data Sales Tiga Kombinasi" name="Siloam110 Sales Update Data Tiga Kombinasi 12" time="8.82">
        <failure message="expected [Alamanda] but found [ADIT TEST]" type="java.lang.AssertionError"><![CDATA[When Siloam110 Sales Tekan Tombol Edit......................................passed
And Siloam110 Sales Melakukan Update Pada Alamanda, , , Padang, KOTA PADANG, , , dan .passed
And Siloam110 Sales tekan tombol Simpan.....................................passed
Then Siloam110 Validasi Data tersimpan dan form ter-update..................failed

StackTrace:
java.lang.AssertionError: expected [Alamanda] but found [ADIT TEST]
	at org.testng.Assert.fail(Assert.java:110)
	at org.testng.Assert.failNotEquals(Assert.java:1413)
	at org.testng.Assert.assertEqualsImpl(Assert.java:149)
	at org.testng.Assert.assertEquals(Assert.java:131)
	at org.testng.Assert.assertEquals(Assert.java:655)
	at org.testng.Assert.assertEquals(Assert.java:665)
	at cucumber.framework.runner.siloam.ttddigitalpage.TestTTDPageKombinasiTiga.siloam110_validasi_data_tersimpan_dan_form_ter_update(TestTTDPageKombinasiTiga.java:131)
	at ✽.Siloam110 Validasi Data tersimpan dan form ter-update(file:///C:/Users/ROG/git/Tugas%20Akhir/Novri/TA-SQUAD-KEL-SATU/TA-SQUAD-KEL-SATU/src/test/resources/features/siloam-outline/110UpdateDataSalesTigaKombinasi.feature:16)
]]></failure>
    </testcase>
    <testcase classname="Update Data Sales Tiga Kombinasi" name="Siloam110 Sales Update Data Tiga Kombinasi 13" time="7.077">
        <failure message="expected [Alamanda] but found [ADIT TEST]" type="java.lang.AssertionError"><![CDATA[When Siloam110 Sales Tekan Tombol Edit......................................passed
And Siloam110 Sales Melakukan Update Pada Alamanda, , , Padang, , Klinik Test, , dan .passed
And Siloam110 Sales tekan tombol Simpan.....................................passed
Then Siloam110 Validasi Data tersimpan dan form ter-update..................failed

StackTrace:
java.lang.AssertionError: expected [Alamanda] but found [ADIT TEST]
	at org.testng.Assert.fail(Assert.java:110)
	at org.testng.Assert.failNotEquals(Assert.java:1413)
	at org.testng.Assert.assertEqualsImpl(Assert.java:149)
	at org.testng.Assert.assertEquals(Assert.java:131)
	at org.testng.Assert.assertEquals(Assert.java:655)
	at org.testng.Assert.assertEquals(Assert.java:665)
	at cucumber.framework.runner.siloam.ttddigitalpage.TestTTDPageKombinasiTiga.siloam110_validasi_data_tersimpan_dan_form_ter_update(TestTTDPageKombinasiTiga.java:131)
	at ✽.Siloam110 Validasi Data tersimpan dan form ter-update(file:///C:/Users/ROG/git/Tugas%20Akhir/Novri/TA-SQUAD-KEL-SATU/TA-SQUAD-KEL-SATU/src/test/resources/features/siloam-outline/110UpdateDataSalesTigaKombinasi.feature:16)
]]></failure>
    </testcase>
    <testcase classname="Update Data Sales Tiga Kombinasi" name="Siloam110 Sales Update Data Tiga Kombinasi 14" time="8.461">
        <failure message="expected [Alamanda] but found [ADIT TEST]" type="java.lang.AssertionError"><![CDATA[When Siloam110 Sales Tekan Tombol Edit......................................passed
And Siloam110 Sales Melakukan Update Pada Alamanda, , , Padang, , , Tangerang, dan .passed
And Siloam110 Sales tekan tombol Simpan.....................................passed
Then Siloam110 Validasi Data tersimpan dan form ter-update..................failed

StackTrace:
java.lang.AssertionError: expected [Alamanda] but found [ADIT TEST]
	at org.testng.Assert.fail(Assert.java:110)
	at org.testng.Assert.failNotEquals(Assert.java:1413)
	at org.testng.Assert.assertEqualsImpl(Assert.java:149)
	at org.testng.Assert.assertEquals(Assert.java:131)
	at org.testng.Assert.assertEquals(Assert.java:655)
	at org.testng.Assert.assertEquals(Assert.java:665)
	at cucumber.framework.runner.siloam.ttddigitalpage.TestTTDPageKombinasiTiga.siloam110_validasi_data_tersimpan_dan_form_ter_update(TestTTDPageKombinasiTiga.java:131)
	at ✽.Siloam110 Validasi Data tersimpan dan form ter-update(file:///C:/Users/ROG/git/Tugas%20Akhir/Novri/TA-SQUAD-KEL-SATU/TA-SQUAD-KEL-SATU/src/test/resources/features/siloam-outline/110UpdateDataSalesTigaKombinasi.feature:16)
]]></failure>
    </testcase>
    <testcase classname="Update Data Sales Tiga Kombinasi" name="Siloam110 Sales Update Data Tiga Kombinasi 15" time="7.541">
        <failure message="expected [Alamanda] but found [ADIT TEST]" type="java.lang.AssertionError"><![CDATA[When Siloam110 Sales Tekan Tombol Edit......................................passed
And Siloam110 Sales Melakukan Update Pada Alamanda, , , Padang, , , , dan Test.passed
And Siloam110 Sales tekan tombol Simpan.....................................passed
Then Siloam110 Validasi Data tersimpan dan form ter-update..................failed

StackTrace:
java.lang.AssertionError: expected [Alamanda] but found [ADIT TEST]
	at org.testng.Assert.fail(Assert.java:110)
	at org.testng.Assert.failNotEquals(Assert.java:1413)
	at org.testng.Assert.assertEqualsImpl(Assert.java:149)
	at org.testng.Assert.assertEquals(Assert.java:131)
	at org.testng.Assert.assertEquals(Assert.java:655)
	at org.testng.Assert.assertEquals(Assert.java:665)
	at cucumber.framework.runner.siloam.ttddigitalpage.TestTTDPageKombinasiTiga.siloam110_validasi_data_tersimpan_dan_form_ter_update(TestTTDPageKombinasiTiga.java:131)
	at ✽.Siloam110 Validasi Data tersimpan dan form ter-update(file:///C:/Users/ROG/git/Tugas%20Akhir/Novri/TA-SQUAD-KEL-SATU/TA-SQUAD-KEL-SATU/src/test/resources/features/siloam-outline/110UpdateDataSalesTigaKombinasi.feature:16)
]]></failure>
    </testcase>
    <testcase classname="Update Data Sales Tiga Kombinasi" name="Siloam110 Sales Update Data Tiga Kombinasi 16" time="8.754">
        <failure message="expected [Alamanda] but found [ADIT TEST]" type="java.lang.AssertionError"><![CDATA[When Siloam110 Sales Tekan Tombol Edit......................................passed
And Siloam110 Sales Melakukan Update Pada Alamanda, , , , KOTA PADANG, Klinik Test, , dan .passed
And Siloam110 Sales tekan tombol Simpan.....................................passed
Then Siloam110 Validasi Data tersimpan dan form ter-update..................failed

StackTrace:
java.lang.AssertionError: expected [Alamanda] but found [ADIT TEST]
	at org.testng.Assert.fail(Assert.java:110)
	at org.testng.Assert.failNotEquals(Assert.java:1413)
	at org.testng.Assert.assertEqualsImpl(Assert.java:149)
	at org.testng.Assert.assertEquals(Assert.java:131)
	at org.testng.Assert.assertEquals(Assert.java:655)
	at org.testng.Assert.assertEquals(Assert.java:665)
	at cucumber.framework.runner.siloam.ttddigitalpage.TestTTDPageKombinasiTiga.siloam110_validasi_data_tersimpan_dan_form_ter_update(TestTTDPageKombinasiTiga.java:131)
	at ✽.Siloam110 Validasi Data tersimpan dan form ter-update(file:///C:/Users/ROG/git/Tugas%20Akhir/Novri/TA-SQUAD-KEL-SATU/TA-SQUAD-KEL-SATU/src/test/resources/features/siloam-outline/110UpdateDataSalesTigaKombinasi.feature:16)
]]></failure>
    </testcase>
    <testcase classname="Update Data Sales Tiga Kombinasi" name="Siloam110 Sales Update Data Tiga Kombinasi 17" time="9.173">
        <failure message="expected [Alamanda] but found [ADIT TEST]" type="java.lang.AssertionError"><![CDATA[When Siloam110 Sales Tekan Tombol Edit......................................passed
And Siloam110 Sales Melakukan Update Pada Alamanda, , , , KOTA PADANG, , Tangerang, dan .passed
And Siloam110 Sales tekan tombol Simpan.....................................passed
Then Siloam110 Validasi Data tersimpan dan form ter-update..................failed

StackTrace:
java.lang.AssertionError: expected [Alamanda] but found [ADIT TEST]
	at org.testng.Assert.fail(Assert.java:110)
	at org.testng.Assert.failNotEquals(Assert.java:1413)
	at org.testng.Assert.assertEqualsImpl(Assert.java:149)
	at org.testng.Assert.assertEquals(Assert.java:131)
	at org.testng.Assert.assertEquals(Assert.java:655)
	at org.testng.Assert.assertEquals(Assert.java:665)
	at cucumber.framework.runner.siloam.ttddigitalpage.TestTTDPageKombinasiTiga.siloam110_validasi_data_tersimpan_dan_form_ter_update(TestTTDPageKombinasiTiga.java:131)
	at ✽.Siloam110 Validasi Data tersimpan dan form ter-update(file:///C:/Users/ROG/git/Tugas%20Akhir/Novri/TA-SQUAD-KEL-SATU/TA-SQUAD-KEL-SATU/src/test/resources/features/siloam-outline/110UpdateDataSalesTigaKombinasi.feature:16)
]]></failure>
    </testcase>
    <testcase classname="Update Data Sales Tiga Kombinasi" name="Siloam110 Sales Update Data Tiga Kombinasi 18" time="8.563">
        <failure message="expected [Alamanda] but found [ADIT TEST]" type="java.lang.AssertionError"><![CDATA[When Siloam110 Sales Tekan Tombol Edit......................................passed
And Siloam110 Sales Melakukan Update Pada Alamanda, , , , KOTA PADANG, , , dan Test.passed
And Siloam110 Sales tekan tombol Simpan.....................................passed
Then Siloam110 Validasi Data tersimpan dan form ter-update..................failed

StackTrace:
java.lang.AssertionError: expected [Alamanda] but found [ADIT TEST]
	at org.testng.Assert.fail(Assert.java:110)
	at org.testng.Assert.failNotEquals(Assert.java:1413)
	at org.testng.Assert.assertEqualsImpl(Assert.java:149)
	at org.testng.Assert.assertEquals(Assert.java:131)
	at org.testng.Assert.assertEquals(Assert.java:655)
	at org.testng.Assert.assertEquals(Assert.java:665)
	at cucumber.framework.runner.siloam.ttddigitalpage.TestTTDPageKombinasiTiga.siloam110_validasi_data_tersimpan_dan_form_ter_update(TestTTDPageKombinasiTiga.java:131)
	at ✽.Siloam110 Validasi Data tersimpan dan form ter-update(file:///C:/Users/ROG/git/Tugas%20Akhir/Novri/TA-SQUAD-KEL-SATU/TA-SQUAD-KEL-SATU/src/test/resources/features/siloam-outline/110UpdateDataSalesTigaKombinasi.feature:16)
]]></failure>
    </testcase>
    <testcase classname="Update Data Sales Tiga Kombinasi" name="Siloam110 Sales Update Data Tiga Kombinasi 19" time="8.083">
        <failure message="expected [Alamanda] but found [ADIT TEST]" type="java.lang.AssertionError"><![CDATA[When Siloam110 Sales Tekan Tombol Edit......................................passed
And Siloam110 Sales Melakukan Update Pada Alamanda, , , , , Klinik Test, Tangerang, dan .passed
And Siloam110 Sales tekan tombol Simpan.....................................passed
Then Siloam110 Validasi Data tersimpan dan form ter-update..................failed

StackTrace:
java.lang.AssertionError: expected [Alamanda] but found [ADIT TEST]
	at org.testng.Assert.fail(Assert.java:110)
	at org.testng.Assert.failNotEquals(Assert.java:1413)
	at org.testng.Assert.assertEqualsImpl(Assert.java:149)
	at org.testng.Assert.assertEquals(Assert.java:131)
	at org.testng.Assert.assertEquals(Assert.java:655)
	at org.testng.Assert.assertEquals(Assert.java:665)
	at cucumber.framework.runner.siloam.ttddigitalpage.TestTTDPageKombinasiTiga.siloam110_validasi_data_tersimpan_dan_form_ter_update(TestTTDPageKombinasiTiga.java:131)
	at ✽.Siloam110 Validasi Data tersimpan dan form ter-update(file:///C:/Users/ROG/git/Tugas%20Akhir/Novri/TA-SQUAD-KEL-SATU/TA-SQUAD-KEL-SATU/src/test/resources/features/siloam-outline/110UpdateDataSalesTigaKombinasi.feature:16)
]]></failure>
    </testcase>
    <testcase classname="Update Data Sales Tiga Kombinasi" name="Siloam110 Sales Update Data Tiga Kombinasi 20" time="7.082">
        <failure message="expected [Alamanda] but found [ADIT TEST]" type="java.lang.AssertionError"><![CDATA[When Siloam110 Sales Tekan Tombol Edit......................................passed
And Siloam110 Sales Melakukan Update Pada Alamanda, , , , , Klinik Test, , dan Test.passed
And Siloam110 Sales tekan tombol Simpan.....................................passed
Then Siloam110 Validasi Data tersimpan dan form ter-update..................failed

StackTrace:
java.lang.AssertionError: expected [Alamanda] but found [ADIT TEST]
	at org.testng.Assert.fail(Assert.java:110)
	at org.testng.Assert.failNotEquals(Assert.java:1413)
	at org.testng.Assert.assertEqualsImpl(Assert.java:149)
	at org.testng.Assert.assertEquals(Assert.java:131)
	at org.testng.Assert.assertEquals(Assert.java:655)
	at org.testng.Assert.assertEquals(Assert.java:665)
	at cucumber.framework.runner.siloam.ttddigitalpage.TestTTDPageKombinasiTiga.siloam110_validasi_data_tersimpan_dan_form_ter_update(TestTTDPageKombinasiTiga.java:131)
	at ✽.Siloam110 Validasi Data tersimpan dan form ter-update(file:///C:/Users/ROG/git/Tugas%20Akhir/Novri/TA-SQUAD-KEL-SATU/TA-SQUAD-KEL-SATU/src/test/resources/features/siloam-outline/110UpdateDataSalesTigaKombinasi.feature:16)
]]></failure>
    </testcase>
    <testcase classname="Update Data Sales Tiga Kombinasi" name="Siloam110 Sales Update Data Tiga Kombinasi 21" time="8.44">
        <failure message="expected [Alamanda] but found [ADIT TEST]" type="java.lang.AssertionError"><![CDATA[When Siloam110 Sales Tekan Tombol Edit......................................passed
And Siloam110 Sales Melakukan Update Pada Alamanda, , , , , , Tangerang, dan Test.passed
And Siloam110 Sales tekan tombol Simpan.....................................passed
Then Siloam110 Validasi Data tersimpan dan form ter-update..................failed

StackTrace:
java.lang.AssertionError: expected [Alamanda] but found [ADIT TEST]
	at org.testng.Assert.fail(Assert.java:110)
	at org.testng.Assert.failNotEquals(Assert.java:1413)
	at org.testng.Assert.assertEqualsImpl(Assert.java:149)
	at org.testng.Assert.assertEquals(Assert.java:131)
	at org.testng.Assert.assertEquals(Assert.java:655)
	at org.testng.Assert.assertEquals(Assert.java:665)
	at cucumber.framework.runner.siloam.ttddigitalpage.TestTTDPageKombinasiTiga.siloam110_validasi_data_tersimpan_dan_form_ter_update(TestTTDPageKombinasiTiga.java:131)
	at ✽.Siloam110 Validasi Data tersimpan dan form ter-update(file:///C:/Users/ROG/git/Tugas%20Akhir/Novri/TA-SQUAD-KEL-SATU/TA-SQUAD-KEL-SATU/src/test/resources/features/siloam-outline/110UpdateDataSalesTigaKombinasi.feature:16)
]]></failure>
    </testcase>
    <testcase classname="Update Data Sales Tiga Kombinasi" name="Siloam110 Sales Update Data Tiga Kombinasi 22" time="11.447">
        <system-out><![CDATA[When Siloam110 Sales Tekan Tombol Edit......................................passed
And Siloam110 Sales Melakukan Update Pada , 1234567899093, 1634567654321200, Padang, , , , dan .passed
And Siloam110 Sales tekan tombol Simpan.....................................passed
Then Siloam110 Validasi Data tersimpan dan form ter-update..................passed
]]></system-out>
    </testcase>
    <testcase classname="Update Data Sales Tiga Kombinasi" name="Siloam110 Sales Update Data Tiga Kombinasi 23" time="12.72">
        <system-out><![CDATA[When Siloam110 Sales Tekan Tombol Edit......................................passed
And Siloam110 Sales Melakukan Update Pada , 1234567899093, 1634567654321200, , KOTA PADANG, , , dan .passed
And Siloam110 Sales tekan tombol Simpan.....................................passed
Then Siloam110 Validasi Data tersimpan dan form ter-update..................passed
]]></system-out>
    </testcase>
    <testcase classname="Update Data Sales Tiga Kombinasi" name="Siloam110 Sales Update Data Tiga Kombinasi 24" time="10.014">
        <system-out><![CDATA[When Siloam110 Sales Tekan Tombol Edit......................................passed
And Siloam110 Sales Melakukan Update Pada , 1234567899093, 1634567654321200, , , Klinik Test, , dan .passed
And Siloam110 Sales tekan tombol Simpan.....................................passed
Then Siloam110 Validasi Data tersimpan dan form ter-update..................passed
]]></system-out>
    </testcase>
    <testcase classname="Update Data Sales Tiga Kombinasi" name="Siloam110 Sales Update Data Tiga Kombinasi 25" time="11.476">
        <system-out><![CDATA[When Siloam110 Sales Tekan Tombol Edit......................................passed
And Siloam110 Sales Melakukan Update Pada , 1234567899093, 1634567654321200, , , , Tangerang, dan .passed
And Siloam110 Sales tekan tombol Simpan.....................................passed
Then Siloam110 Validasi Data tersimpan dan form ter-update..................passed
]]></system-out>
    </testcase>
    <testcase classname="Update Data Sales Tiga Kombinasi" name="Siloam110 Sales Update Data Tiga Kombinasi 26" time="11.285">
        <system-out><![CDATA[When Siloam110 Sales Tekan Tombol Edit......................................passed
And Siloam110 Sales Melakukan Update Pada , 1234567899093, 1634567654321200, , , , , dan Test.passed
And Siloam110 Sales tekan tombol Simpan.....................................passed
Then Siloam110 Validasi Data tersimpan dan form ter-update..................passed
]]></system-out>
    </testcase>
    <testcase classname="Update Data Sales Tiga Kombinasi" name="Siloam110 Sales Update Data Tiga Kombinasi 27" time="11.392">
        <system-out><![CDATA[When Siloam110 Sales Tekan Tombol Edit......................................passed
And Siloam110 Sales Melakukan Update Pada , 1234567899093, , Padang, KOTA PADANG, , , dan .passed
And Siloam110 Sales tekan tombol Simpan.....................................passed
Then Siloam110 Validasi Data tersimpan dan form ter-update..................passed
]]></system-out>
    </testcase>
    <testcase classname="Update Data Sales Tiga Kombinasi" name="Siloam110 Sales Update Data Tiga Kombinasi 28" time="10.699">
        <system-out><![CDATA[When Siloam110 Sales Tekan Tombol Edit......................................passed
And Siloam110 Sales Melakukan Update Pada , 1234567899093, , Padang, , Klinik Test, , dan .passed
And Siloam110 Sales tekan tombol Simpan.....................................passed
Then Siloam110 Validasi Data tersimpan dan form ter-update..................passed
]]></system-out>
    </testcase>
    <testcase classname="Update Data Sales Tiga Kombinasi" name="Siloam110 Sales Update Data Tiga Kombinasi 29" time="11.469">
        <system-out><![CDATA[When Siloam110 Sales Tekan Tombol Edit......................................passed
And Siloam110 Sales Melakukan Update Pada , 1234567899093, , Padang, , , Tangerang, dan .passed
And Siloam110 Sales tekan tombol Simpan.....................................passed
Then Siloam110 Validasi Data tersimpan dan form ter-update..................passed
]]></system-out>
    </testcase>
    <testcase classname="Update Data Sales Tiga Kombinasi" name="Siloam110 Sales Update Data Tiga Kombinasi 30" time="10.316">
        <system-out><![CDATA[When Siloam110 Sales Tekan Tombol Edit......................................passed
And Siloam110 Sales Melakukan Update Pada , 1234567899093, , Padang, , , , dan Test.passed
And Siloam110 Sales tekan tombol Simpan.....................................passed
Then Siloam110 Validasi Data tersimpan dan form ter-update..................passed
]]></system-out>
    </testcase>
    <testcase classname="Update Data Sales Tiga Kombinasi" name="Siloam110 Sales Update Data Tiga Kombinasi 31" time="11.108">
        <system-out><![CDATA[When Siloam110 Sales Tekan Tombol Edit......................................passed
And Siloam110 Sales Melakukan Update Pada , 1234567899093, , , KOTA PADANG, Klinik Test, , dan .passed
And Siloam110 Sales tekan tombol Simpan.....................................passed
Then Siloam110 Validasi Data tersimpan dan form ter-update..................passed
]]></system-out>
    </testcase>
    <testcase classname="Update Data Sales Tiga Kombinasi" name="Siloam110 Sales Update Data Tiga Kombinasi 32" time="12.221">
        <system-out><![CDATA[When Siloam110 Sales Tekan Tombol Edit......................................passed
And Siloam110 Sales Melakukan Update Pada , 1234567899093, , , KOTA PADANG, , Tangerang, dan .passed
And Siloam110 Sales tekan tombol Simpan.....................................passed
Then Siloam110 Validasi Data tersimpan dan form ter-update..................passed
]]></system-out>
    </testcase>
    <testcase classname="Update Data Sales Tiga Kombinasi" name="Siloam110 Sales Update Data Tiga Kombinasi 33" time="12.002">
        <system-out><![CDATA[When Siloam110 Sales Tekan Tombol Edit......................................passed
And Siloam110 Sales Melakukan Update Pada , 1234567899093, , , KOTA PADANG, , , dan Test.passed
And Siloam110 Sales tekan tombol Simpan.....................................passed
Then Siloam110 Validasi Data tersimpan dan form ter-update..................passed
]]></system-out>
    </testcase>
    <testcase classname="Update Data Sales Tiga Kombinasi" name="Siloam110 Sales Update Data Tiga Kombinasi 34" time="11.075">
        <system-out><![CDATA[When Siloam110 Sales Tekan Tombol Edit......................................passed
And Siloam110 Sales Melakukan Update Pada , 1234567899093, , , , Klinik Test, Tangerang, dan .passed
And Siloam110 Sales tekan tombol Simpan.....................................passed
Then Siloam110 Validasi Data tersimpan dan form ter-update..................passed
]]></system-out>
    </testcase>
    <testcase classname="Update Data Sales Tiga Kombinasi" name="Siloam110 Sales Update Data Tiga Kombinasi 35" time="11.669">
        <system-out><![CDATA[When Siloam110 Sales Tekan Tombol Edit......................................passed
And Siloam110 Sales Melakukan Update Pada , 1234567899093, , , , Klinik Test, , dan Test.passed
And Siloam110 Sales tekan tombol Simpan.....................................passed
Then Siloam110 Validasi Data tersimpan dan form ter-update..................passed
]]></system-out>
    </testcase>
    <testcase classname="Update Data Sales Tiga Kombinasi" name="Siloam110 Sales Update Data Tiga Kombinasi 36" time="11.575">
        <system-out><![CDATA[When Siloam110 Sales Tekan Tombol Edit......................................passed
And Siloam110 Sales Melakukan Update Pada , 1234567899093, , , , , Tangerang, dan Test.passed
And Siloam110 Sales tekan tombol Simpan.....................................passed
Then Siloam110 Validasi Data tersimpan dan form ter-update..................passed
]]></system-out>
    </testcase>
    <testcase classname="Update Data Sales Tiga Kombinasi" name="Siloam110 Sales Update Data Tiga Kombinasi 37" time="11.21">
        <system-out><![CDATA[When Siloam110 Sales Tekan Tombol Edit......................................passed
And Siloam110 Sales Melakukan Update Pada , , 1634567654321200, Padang, KOTA PADANG, , , dan .passed
And Siloam110 Sales tekan tombol Simpan.....................................passed
Then Siloam110 Validasi Data tersimpan dan form ter-update..................passed
]]></system-out>
    </testcase>
    <testcase classname="Update Data Sales Tiga Kombinasi" name="Siloam110 Sales Update Data Tiga Kombinasi 38" time="10.399">
        <system-out><![CDATA[When Siloam110 Sales Tekan Tombol Edit......................................passed
And Siloam110 Sales Melakukan Update Pada , , 1634567654321200, Padang, , Klinik Test, , dan .passed
And Siloam110 Sales tekan tombol Simpan.....................................passed
Then Siloam110 Validasi Data tersimpan dan form ter-update..................passed
]]></system-out>
    </testcase>
    <testcase classname="Update Data Sales Tiga Kombinasi" name="Siloam110 Sales Update Data Tiga Kombinasi 39" time="11.215">
        <system-out><![CDATA[When Siloam110 Sales Tekan Tombol Edit......................................passed
And Siloam110 Sales Melakukan Update Pada , , 1634567654321200, Padang, , , Tangerang, dan .passed
And Siloam110 Sales tekan tombol Simpan.....................................passed
Then Siloam110 Validasi Data tersimpan dan form ter-update..................passed
]]></system-out>
    </testcase>
    <testcase classname="Update Data Sales Tiga Kombinasi" name="Siloam110 Sales Update Data Tiga Kombinasi 40" time="10.453">
        <system-out><![CDATA[When Siloam110 Sales Tekan Tombol Edit......................................passed
And Siloam110 Sales Melakukan Update Pada , , 1634567654321200, Padang, , , , dan Test.passed
And Siloam110 Sales tekan tombol Simpan.....................................passed
Then Siloam110 Validasi Data tersimpan dan form ter-update..................passed
]]></system-out>
    </testcase>
    <testcase classname="Update Data Sales Tiga Kombinasi" name="Siloam110 Sales Update Data Tiga Kombinasi 41" time="11.158">
        <system-out><![CDATA[When Siloam110 Sales Tekan Tombol Edit......................................passed
And Siloam110 Sales Melakukan Update Pada , , 1634567654321200, , KOTA PADANG, Klinik Test, , dan .passed
And Siloam110 Sales tekan tombol Simpan.....................................passed
Then Siloam110 Validasi Data tersimpan dan form ter-update..................passed
]]></system-out>
    </testcase>
    <testcase classname="Update Data Sales Tiga Kombinasi" name="Siloam110 Sales Update Data Tiga Kombinasi 42" time="13.436">
        <system-out><![CDATA[When Siloam110 Sales Tekan Tombol Edit......................................passed
And Siloam110 Sales Melakukan Update Pada , , 1634567654321200, , KOTA PADANG, , Tangerang, dan .passed
And Siloam110 Sales tekan tombol Simpan.....................................passed
Then Siloam110 Validasi Data tersimpan dan form ter-update..................passed
]]></system-out>
    </testcase>
    <testcase classname="Update Data Sales Tiga Kombinasi" name="Siloam110 Sales Update Data Tiga Kombinasi 43" time="11.911">
        <system-out><![CDATA[When Siloam110 Sales Tekan Tombol Edit......................................passed
And Siloam110 Sales Melakukan Update Pada , , 1634567654321200, , KOTA PADANG, , , dan Test.passed
And Siloam110 Sales tekan tombol Simpan.....................................passed
Then Siloam110 Validasi Data tersimpan dan form ter-update..................passed
]]></system-out>
    </testcase>
    <testcase classname="Update Data Sales Tiga Kombinasi" name="Siloam110 Sales Update Data Tiga Kombinasi 44" time="11.554">
        <system-out><![CDATA[When Siloam110 Sales Tekan Tombol Edit......................................passed
And Siloam110 Sales Melakukan Update Pada , , 1634567654321200, , , Klinik Test, Tangerang, dan .passed
And Siloam110 Sales tekan tombol Simpan.....................................passed
Then Siloam110 Validasi Data tersimpan dan form ter-update..................passed
]]></system-out>
    </testcase>
    <testcase classname="Update Data Sales Tiga Kombinasi" name="Siloam110 Sales Update Data Tiga Kombinasi 45" time="10.425">
        <system-out><![CDATA[When Siloam110 Sales Tekan Tombol Edit......................................passed
And Siloam110 Sales Melakukan Update Pada , , 1634567654321200, , , Klinik Test, , dan Test.passed
And Siloam110 Sales tekan tombol Simpan.....................................passed
Then Siloam110 Validasi Data tersimpan dan form ter-update..................passed
]]></system-out>
    </testcase>
    <testcase classname="Update Data Sales Tiga Kombinasi" name="Siloam110 Sales Update Data Tiga Kombinasi 46" time="11.565">
        <system-out><![CDATA[When Siloam110 Sales Tekan Tombol Edit......................................passed
And Siloam110 Sales Melakukan Update Pada , , 1634567654321200, , , , Tangerang, dan Test.passed
And Siloam110 Sales tekan tombol Simpan.....................................passed
Then Siloam110 Validasi Data tersimpan dan form ter-update..................passed
]]></system-out>
    </testcase>
    <testcase classname="Update Data Sales Tiga Kombinasi" name="Siloam110 Sales Update Data Tiga Kombinasi 47" time="12.92">
        <system-out><![CDATA[When Siloam110 Sales Tekan Tombol Edit......................................passed
And Siloam110 Sales Melakukan Update Pada , , , Padang, KOTA PADANG, Klinik Test, , dan .passed
And Siloam110 Sales tekan tombol Simpan.....................................passed
Then Siloam110 Validasi Data tersimpan dan form ter-update..................passed
]]></system-out>
    </testcase>
    <testcase classname="Update Data Sales Tiga Kombinasi" name="Siloam110 Sales Update Data Tiga Kombinasi 48" time="12.709">
        <system-out><![CDATA[When Siloam110 Sales Tekan Tombol Edit......................................passed
And Siloam110 Sales Melakukan Update Pada , , , Padang, KOTA PADANG, , Tangerang, dan .passed
And Siloam110 Sales tekan tombol Simpan.....................................passed
Then Siloam110 Validasi Data tersimpan dan form ter-update..................passed
]]></system-out>
    </testcase>
    <testcase classname="Update Data Sales Tiga Kombinasi" name="Siloam110 Sales Update Data Tiga Kombinasi 49" time="13.332">
        <system-out><![CDATA[When Siloam110 Sales Tekan Tombol Edit......................................passed
And Siloam110 Sales Melakukan Update Pada , , , Padang, KOTA PADANG, , , dan Test.passed
And Siloam110 Sales tekan tombol Simpan.....................................passed
Then Siloam110 Validasi Data tersimpan dan form ter-update..................passed
]]></system-out>
    </testcase>
    <testcase classname="Update Data Sales Tiga Kombinasi" name="Siloam110 Sales Update Data Tiga Kombinasi 50" time="11.087">
        <system-out><![CDATA[When Siloam110 Sales Tekan Tombol Edit......................................passed
And Siloam110 Sales Melakukan Update Pada , , , Padang, , Klinik Test, Tangerang, dan .passed
And Siloam110 Sales tekan tombol Simpan.....................................passed
Then Siloam110 Validasi Data tersimpan dan form ter-update..................passed
]]></system-out>
    </testcase>
    <testcase classname="Update Data Sales Tiga Kombinasi" name="Siloam110 Sales Update Data Tiga Kombinasi 51" time="9.909">
        <system-out><![CDATA[When Siloam110 Sales Tekan Tombol Edit......................................passed
And Siloam110 Sales Melakukan Update Pada , , , Padang, , Klinik Test, , dan Test.passed
And Siloam110 Sales tekan tombol Simpan.....................................passed
Then Siloam110 Validasi Data tersimpan dan form ter-update..................passed
]]></system-out>
    </testcase>
    <testcase classname="Update Data Sales Tiga Kombinasi" name="Siloam110 Sales Update Data Tiga Kombinasi 52" time="11.687">
        <system-out><![CDATA[When Siloam110 Sales Tekan Tombol Edit......................................passed
And Siloam110 Sales Melakukan Update Pada , , , Padang, , , Tangerang, dan Test.passed
And Siloam110 Sales tekan tombol Simpan.....................................passed
Then Siloam110 Validasi Data tersimpan dan form ter-update..................passed
]]></system-out>
    </testcase>
    <testcase classname="Update Data Sales Tiga Kombinasi" name="Siloam110 Sales Update Data Tiga Kombinasi 53" time="13.481">
        <system-out><![CDATA[When Siloam110 Sales Tekan Tombol Edit......................................passed
And Siloam110 Sales Melakukan Update Pada , , , , KOTA PADANG, Klinik Test, Tangerang, dan .passed
And Siloam110 Sales tekan tombol Simpan.....................................passed
Then Siloam110 Validasi Data tersimpan dan form ter-update..................passed
]]></system-out>
    </testcase>
    <testcase classname="Update Data Sales Tiga Kombinasi" name="Siloam110 Sales Update Data Tiga Kombinasi 54" time="11.344">
        <system-out><![CDATA[When Siloam110 Sales Tekan Tombol Edit......................................passed
And Siloam110 Sales Melakukan Update Pada , , , , KOTA PADANG, Klinik Test, , dan Test.passed
And Siloam110 Sales tekan tombol Simpan.....................................passed
Then Siloam110 Validasi Data tersimpan dan form ter-update..................passed
]]></system-out>
    </testcase>
    <testcase classname="Update Data Sales Tiga Kombinasi" name="Siloam110 Sales Update Data Tiga Kombinasi 55" time="12.539">
        <system-out><![CDATA[When Siloam110 Sales Tekan Tombol Edit......................................passed
And Siloam110 Sales Melakukan Update Pada , , , , KOTA PADANG, , Tangerang, dan Test.passed
And Siloam110 Sales tekan tombol Simpan.....................................passed
Then Siloam110 Validasi Data tersimpan dan form ter-update..................passed
]]></system-out>
    </testcase>
    <testcase classname="Update Data Sales Tiga Kombinasi" name="Siloam110 Sales Update Data Tiga Kombinasi 56" time="11.576">
        <system-out><![CDATA[When Siloam110 Sales Tekan Tombol Edit......................................passed
And Siloam110 Sales Melakukan Update Pada , , , , , Klinik Test, Tangerang, dan Test.passed
And Siloam110 Sales tekan tombol Simpan.....................................passed
Then Siloam110 Validasi Data tersimpan dan form ter-update..................passed
]]></system-out>
    </testcase>
    <testcase classname="Update Data Sales Empat Kombinasi" name="Siloam115 Sales Update Data Empat Kombinasi" time="8.219">
        <failure message="expected [Alamanda] but found [ADIT TEST]" type="java.lang.AssertionError"><![CDATA[When Siloam115 Sales Tekan Tombol Edit......................................passed
And Siloam115 Sales Melakukan Update Pada Alamanda, 1234567899093, 1634567654321239, Padang, , , , dan .passed
And Siloam115 Sales tekan tombol Simpan.....................................passed
Then Siloam115 Validasi Data tersimpan dan form ter-update..................failed

StackTrace:
java.lang.AssertionError: expected [Alamanda] but found [ADIT TEST]
	at org.testng.Assert.fail(Assert.java:110)
	at org.testng.Assert.failNotEquals(Assert.java:1413)
	at org.testng.Assert.assertEqualsImpl(Assert.java:149)
	at org.testng.Assert.assertEquals(Assert.java:131)
	at org.testng.Assert.assertEquals(Assert.java:655)
	at org.testng.Assert.assertEquals(Assert.java:665)
	at cucumber.framework.runner.siloam.ttddigitalpage.TestTTDPageKombinasiEmpat.siloam115_validasi_data_tersimpan_dan_form_ter_update(TestTTDPageKombinasiEmpat.java:128)
	at ✽.Siloam115 Validasi Data tersimpan dan form ter-update(file:///C:/Users/ROG/git/Tugas%20Akhir/Novri/TA-SQUAD-KEL-SATU/TA-SQUAD-KEL-SATU/src/test/resources/features/siloam-outline/115UpdateDataSalesEmpatKombinasi.feature:16)
]]></failure>
    </testcase>
    <testcase classname="Update Data Sales Empat Kombinasi" name="Siloam115 Sales Update Data Empat Kombinasi 2" time="10.066">
        <failure message="expected [Alamanda] but found [ADIT TEST]" type="java.lang.AssertionError"><![CDATA[When Siloam115 Sales Tekan Tombol Edit......................................passed
And Siloam115 Sales Melakukan Update Pada Alamanda, 1234567899093, 1634567654321239, , KOTA PADANG, , , dan .passed
And Siloam115 Sales tekan tombol Simpan.....................................passed
Then Siloam115 Validasi Data tersimpan dan form ter-update..................failed

StackTrace:
java.lang.AssertionError: expected [Alamanda] but found [ADIT TEST]
	at org.testng.Assert.fail(Assert.java:110)
	at org.testng.Assert.failNotEquals(Assert.java:1413)
	at org.testng.Assert.assertEqualsImpl(Assert.java:149)
	at org.testng.Assert.assertEquals(Assert.java:131)
	at org.testng.Assert.assertEquals(Assert.java:655)
	at org.testng.Assert.assertEquals(Assert.java:665)
	at cucumber.framework.runner.siloam.ttddigitalpage.TestTTDPageKombinasiEmpat.siloam115_validasi_data_tersimpan_dan_form_ter_update(TestTTDPageKombinasiEmpat.java:128)
	at ✽.Siloam115 Validasi Data tersimpan dan form ter-update(file:///C:/Users/ROG/git/Tugas%20Akhir/Novri/TA-SQUAD-KEL-SATU/TA-SQUAD-KEL-SATU/src/test/resources/features/siloam-outline/115UpdateDataSalesEmpatKombinasi.feature:16)
]]></failure>
    </testcase>
    <testcase classname="Update Data Sales Empat Kombinasi" name="Siloam115 Sales Update Data Empat Kombinasi 3" time="10.116">
        <failure message="expected [Alamanda] but found [ADIT TEST]" type="java.lang.AssertionError"><![CDATA[When Siloam115 Sales Tekan Tombol Edit......................................passed
And Siloam115 Sales Melakukan Update Pada Alamanda, 1234567899093, 1634567654321239, , , Klinik Test, , dan .passed
And Siloam115 Sales tekan tombol Simpan.....................................passed
Then Siloam115 Validasi Data tersimpan dan form ter-update..................failed

StackTrace:
java.lang.AssertionError: expected [Alamanda] but found [ADIT TEST]
	at org.testng.Assert.fail(Assert.java:110)
	at org.testng.Assert.failNotEquals(Assert.java:1413)
	at org.testng.Assert.assertEqualsImpl(Assert.java:149)
	at org.testng.Assert.assertEquals(Assert.java:131)
	at org.testng.Assert.assertEquals(Assert.java:655)
	at org.testng.Assert.assertEquals(Assert.java:665)
	at cucumber.framework.runner.siloam.ttddigitalpage.TestTTDPageKombinasiEmpat.siloam115_validasi_data_tersimpan_dan_form_ter_update(TestTTDPageKombinasiEmpat.java:128)
	at ✽.Siloam115 Validasi Data tersimpan dan form ter-update(file:///C:/Users/ROG/git/Tugas%20Akhir/Novri/TA-SQUAD-KEL-SATU/TA-SQUAD-KEL-SATU/src/test/resources/features/siloam-outline/115UpdateDataSalesEmpatKombinasi.feature:16)
]]></failure>
    </testcase>
    <testcase classname="Update Data Sales Empat Kombinasi" name="Siloam115 Sales Update Data Empat Kombinasi 4" time="10.282">
        <failure message="expected [Alamanda] but found [ADIT TEST]" type="java.lang.AssertionError"><![CDATA[When Siloam115 Sales Tekan Tombol Edit......................................passed
And Siloam115 Sales Melakukan Update Pada Alamanda, 1234567899093, 1634567654321239, , , , Tangerang, dan .passed
And Siloam115 Sales tekan tombol Simpan.....................................passed
Then Siloam115 Validasi Data tersimpan dan form ter-update..................failed

StackTrace:
java.lang.AssertionError: expected [Alamanda] but found [ADIT TEST]
	at org.testng.Assert.fail(Assert.java:110)
	at org.testng.Assert.failNotEquals(Assert.java:1413)
	at org.testng.Assert.assertEqualsImpl(Assert.java:149)
	at org.testng.Assert.assertEquals(Assert.java:131)
	at org.testng.Assert.assertEquals(Assert.java:655)
	at org.testng.Assert.assertEquals(Assert.java:665)
	at cucumber.framework.runner.siloam.ttddigitalpage.TestTTDPageKombinasiEmpat.siloam115_validasi_data_tersimpan_dan_form_ter_update(TestTTDPageKombinasiEmpat.java:128)
	at ✽.Siloam115 Validasi Data tersimpan dan form ter-update(file:///C:/Users/ROG/git/Tugas%20Akhir/Novri/TA-SQUAD-KEL-SATU/TA-SQUAD-KEL-SATU/src/test/resources/features/siloam-outline/115UpdateDataSalesEmpatKombinasi.feature:16)
]]></failure>
    </testcase>
    <testcase classname="Update Data Sales Empat Kombinasi" name="Siloam115 Sales Update Data Empat Kombinasi 5" time="8.395">
        <failure message="expected [Alamanda] but found [ADIT TEST]" type="java.lang.AssertionError"><![CDATA[When Siloam115 Sales Tekan Tombol Edit......................................passed
And Siloam115 Sales Melakukan Update Pada Alamanda, 1234567899093, 1634567654321239, , , , , dan Test.passed
And Siloam115 Sales tekan tombol Simpan.....................................passed
Then Siloam115 Validasi Data tersimpan dan form ter-update..................failed

StackTrace:
java.lang.AssertionError: expected [Alamanda] but found [ADIT TEST]
	at org.testng.Assert.fail(Assert.java:110)
	at org.testng.Assert.failNotEquals(Assert.java:1413)
	at org.testng.Assert.assertEqualsImpl(Assert.java:149)
	at org.testng.Assert.assertEquals(Assert.java:131)
	at org.testng.Assert.assertEquals(Assert.java:655)
	at org.testng.Assert.assertEquals(Assert.java:665)
	at cucumber.framework.runner.siloam.ttddigitalpage.TestTTDPageKombinasiEmpat.siloam115_validasi_data_tersimpan_dan_form_ter_update(TestTTDPageKombinasiEmpat.java:128)
	at ✽.Siloam115 Validasi Data tersimpan dan form ter-update(file:///C:/Users/ROG/git/Tugas%20Akhir/Novri/TA-SQUAD-KEL-SATU/TA-SQUAD-KEL-SATU/src/test/resources/features/siloam-outline/115UpdateDataSalesEmpatKombinasi.feature:16)
]]></failure>
    </testcase>
    <testcase classname="Update Data Sales Empat Kombinasi" name="Siloam115 Sales Update Data Empat Kombinasi 6" time="9.76">
        <failure message="expected [Alamanda] but found [ADIT TEST]" type="java.lang.AssertionError"><![CDATA[When Siloam115 Sales Tekan Tombol Edit......................................passed
And Siloam115 Sales Melakukan Update Pada Alamanda, 1234567899093, , Padang, KOTA PADANG, , , dan .passed
And Siloam115 Sales tekan tombol Simpan.....................................passed
Then Siloam115 Validasi Data tersimpan dan form ter-update..................failed

StackTrace:
java.lang.AssertionError: expected [Alamanda] but found [ADIT TEST]
	at org.testng.Assert.fail(Assert.java:110)
	at org.testng.Assert.failNotEquals(Assert.java:1413)
	at org.testng.Assert.assertEqualsImpl(Assert.java:149)
	at org.testng.Assert.assertEquals(Assert.java:131)
	at org.testng.Assert.assertEquals(Assert.java:655)
	at org.testng.Assert.assertEquals(Assert.java:665)
	at cucumber.framework.runner.siloam.ttddigitalpage.TestTTDPageKombinasiEmpat.siloam115_validasi_data_tersimpan_dan_form_ter_update(TestTTDPageKombinasiEmpat.java:128)
	at ✽.Siloam115 Validasi Data tersimpan dan form ter-update(file:///C:/Users/ROG/git/Tugas%20Akhir/Novri/TA-SQUAD-KEL-SATU/TA-SQUAD-KEL-SATU/src/test/resources/features/siloam-outline/115UpdateDataSalesEmpatKombinasi.feature:16)
]]></failure>
    </testcase>
    <testcase classname="Update Data Sales Empat Kombinasi" name="Siloam115 Sales Update Data Empat Kombinasi 7" time="9.47">
        <failure message="expected [Alamanda] but found [ADIT TEST]" type="java.lang.AssertionError"><![CDATA[When Siloam115 Sales Tekan Tombol Edit......................................passed
And Siloam115 Sales Melakukan Update Pada Alamanda, 1234567899093, , Padang, , Klinik Test, , dan .passed
And Siloam115 Sales tekan tombol Simpan.....................................passed
Then Siloam115 Validasi Data tersimpan dan form ter-update..................failed

StackTrace:
java.lang.AssertionError: expected [Alamanda] but found [ADIT TEST]
	at org.testng.Assert.fail(Assert.java:110)
	at org.testng.Assert.failNotEquals(Assert.java:1413)
	at org.testng.Assert.assertEqualsImpl(Assert.java:149)
	at org.testng.Assert.assertEquals(Assert.java:131)
	at org.testng.Assert.assertEquals(Assert.java:655)
	at org.testng.Assert.assertEquals(Assert.java:665)
	at cucumber.framework.runner.siloam.ttddigitalpage.TestTTDPageKombinasiEmpat.siloam115_validasi_data_tersimpan_dan_form_ter_update(TestTTDPageKombinasiEmpat.java:128)
	at ✽.Siloam115 Validasi Data tersimpan dan form ter-update(file:///C:/Users/ROG/git/Tugas%20Akhir/Novri/TA-SQUAD-KEL-SATU/TA-SQUAD-KEL-SATU/src/test/resources/features/siloam-outline/115UpdateDataSalesEmpatKombinasi.feature:16)
]]></failure>
    </testcase>
    <testcase classname="Update Data Sales Empat Kombinasi" name="Siloam115 Sales Update Data Empat Kombinasi 8" time="9.525">
        <failure message="expected [Alamanda] but found [ADIT TEST]" type="java.lang.AssertionError"><![CDATA[When Siloam115 Sales Tekan Tombol Edit......................................passed
And Siloam115 Sales Melakukan Update Pada Alamanda, 1234567899093, , Padang, , , Tangerang, dan .passed
And Siloam115 Sales tekan tombol Simpan.....................................passed
Then Siloam115 Validasi Data tersimpan dan form ter-update..................failed

StackTrace:
java.lang.AssertionError: expected [Alamanda] but found [ADIT TEST]
	at org.testng.Assert.fail(Assert.java:110)
	at org.testng.Assert.failNotEquals(Assert.java:1413)
	at org.testng.Assert.assertEqualsImpl(Assert.java:149)
	at org.testng.Assert.assertEquals(Assert.java:131)
	at org.testng.Assert.assertEquals(Assert.java:655)
	at org.testng.Assert.assertEquals(Assert.java:665)
	at cucumber.framework.runner.siloam.ttddigitalpage.TestTTDPageKombinasiEmpat.siloam115_validasi_data_tersimpan_dan_form_ter_update(TestTTDPageKombinasiEmpat.java:128)
	at ✽.Siloam115 Validasi Data tersimpan dan form ter-update(file:///C:/Users/ROG/git/Tugas%20Akhir/Novri/TA-SQUAD-KEL-SATU/TA-SQUAD-KEL-SATU/src/test/resources/features/siloam-outline/115UpdateDataSalesEmpatKombinasi.feature:16)
]]></failure>
    </testcase>
    <testcase classname="Update Data Sales Empat Kombinasi" name="Siloam115 Sales Update Data Empat Kombinasi 9" time="8.835">
        <failure message="expected [Alamanda] but found [ADIT TEST]" type="java.lang.AssertionError"><![CDATA[When Siloam115 Sales Tekan Tombol Edit......................................passed
And Siloam115 Sales Melakukan Update Pada Alamanda, 1234567899093, , Padang, , , , dan Test.passed
And Siloam115 Sales tekan tombol Simpan.....................................passed
Then Siloam115 Validasi Data tersimpan dan form ter-update..................failed

StackTrace:
java.lang.AssertionError: expected [Alamanda] but found [ADIT TEST]
	at org.testng.Assert.fail(Assert.java:110)
	at org.testng.Assert.failNotEquals(Assert.java:1413)
	at org.testng.Assert.assertEqualsImpl(Assert.java:149)
	at org.testng.Assert.assertEquals(Assert.java:131)
	at org.testng.Assert.assertEquals(Assert.java:655)
	at org.testng.Assert.assertEquals(Assert.java:665)
	at cucumber.framework.runner.siloam.ttddigitalpage.TestTTDPageKombinasiEmpat.siloam115_validasi_data_tersimpan_dan_form_ter_update(TestTTDPageKombinasiEmpat.java:128)
	at ✽.Siloam115 Validasi Data tersimpan dan form ter-update(file:///C:/Users/ROG/git/Tugas%20Akhir/Novri/TA-SQUAD-KEL-SATU/TA-SQUAD-KEL-SATU/src/test/resources/features/siloam-outline/115UpdateDataSalesEmpatKombinasi.feature:16)
]]></failure>
    </testcase>
    <testcase classname="Update Data Sales Empat Kombinasi" name="Siloam115 Sales Update Data Empat Kombinasi 10" time="10.484">
        <failure message="expected [Alamanda] but found [ADIT TEST]" type="java.lang.AssertionError"><![CDATA[When Siloam115 Sales Tekan Tombol Edit......................................passed
And Siloam115 Sales Melakukan Update Pada Alamanda, , 1634567654321239, Padang, KOTA PADANG, , , dan .passed
And Siloam115 Sales tekan tombol Simpan.....................................passed
Then Siloam115 Validasi Data tersimpan dan form ter-update..................failed

StackTrace:
java.lang.AssertionError: expected [Alamanda] but found [ADIT TEST]
	at org.testng.Assert.fail(Assert.java:110)
	at org.testng.Assert.failNotEquals(Assert.java:1413)
	at org.testng.Assert.assertEqualsImpl(Assert.java:149)
	at org.testng.Assert.assertEquals(Assert.java:131)
	at org.testng.Assert.assertEquals(Assert.java:655)
	at org.testng.Assert.assertEquals(Assert.java:665)
	at cucumber.framework.runner.siloam.ttddigitalpage.TestTTDPageKombinasiEmpat.siloam115_validasi_data_tersimpan_dan_form_ter_update(TestTTDPageKombinasiEmpat.java:128)
	at ✽.Siloam115 Validasi Data tersimpan dan form ter-update(file:///C:/Users/ROG/git/Tugas%20Akhir/Novri/TA-SQUAD-KEL-SATU/TA-SQUAD-KEL-SATU/src/test/resources/features/siloam-outline/115UpdateDataSalesEmpatKombinasi.feature:16)
]]></failure>
    </testcase>
    <testcase classname="Update Data Sales Empat Kombinasi" name="Siloam115 Sales Update Data Empat Kombinasi 11" time="8.642">
        <failure message="expected [Alamanda] but found [ADIT TEST]" type="java.lang.AssertionError"><![CDATA[When Siloam115 Sales Tekan Tombol Edit......................................passed
And Siloam115 Sales Melakukan Update Pada Alamanda, , 1634567654321239, Padang, , Klinik Test, , dan .passed
And Siloam115 Sales tekan tombol Simpan.....................................passed
Then Siloam115 Validasi Data tersimpan dan form ter-update..................failed

StackTrace:
java.lang.AssertionError: expected [Alamanda] but found [ADIT TEST]
	at org.testng.Assert.fail(Assert.java:110)
	at org.testng.Assert.failNotEquals(Assert.java:1413)
	at org.testng.Assert.assertEqualsImpl(Assert.java:149)
	at org.testng.Assert.assertEquals(Assert.java:131)
	at org.testng.Assert.assertEquals(Assert.java:655)
	at org.testng.Assert.assertEquals(Assert.java:665)
	at cucumber.framework.runner.siloam.ttddigitalpage.TestTTDPageKombinasiEmpat.siloam115_validasi_data_tersimpan_dan_form_ter_update(TestTTDPageKombinasiEmpat.java:128)
	at ✽.Siloam115 Validasi Data tersimpan dan form ter-update(file:///C:/Users/ROG/git/Tugas%20Akhir/Novri/TA-SQUAD-KEL-SATU/TA-SQUAD-KEL-SATU/src/test/resources/features/siloam-outline/115UpdateDataSalesEmpatKombinasi.feature:16)
]]></failure>
    </testcase>
    <testcase classname="Update Data Sales Empat Kombinasi" name="Siloam115 Sales Update Data Empat Kombinasi 12" time="9.662">
        <failure message="expected [Alamanda] but found [ADIT TEST]" type="java.lang.AssertionError"><![CDATA[When Siloam115 Sales Tekan Tombol Edit......................................passed
And Siloam115 Sales Melakukan Update Pada Alamanda, , 1634567654321239, Padang, , , Tangerang, dan .passed
And Siloam115 Sales tekan tombol Simpan.....................................passed
Then Siloam115 Validasi Data tersimpan dan form ter-update..................failed

StackTrace:
java.lang.AssertionError: expected [Alamanda] but found [ADIT TEST]
	at org.testng.Assert.fail(Assert.java:110)
	at org.testng.Assert.failNotEquals(Assert.java:1413)
	at org.testng.Assert.assertEqualsImpl(Assert.java:149)
	at org.testng.Assert.assertEquals(Assert.java:131)
	at org.testng.Assert.assertEquals(Assert.java:655)
	at org.testng.Assert.assertEquals(Assert.java:665)
	at cucumber.framework.runner.siloam.ttddigitalpage.TestTTDPageKombinasiEmpat.siloam115_validasi_data_tersimpan_dan_form_ter_update(TestTTDPageKombinasiEmpat.java:128)
	at ✽.Siloam115 Validasi Data tersimpan dan form ter-update(file:///C:/Users/ROG/git/Tugas%20Akhir/Novri/TA-SQUAD-KEL-SATU/TA-SQUAD-KEL-SATU/src/test/resources/features/siloam-outline/115UpdateDataSalesEmpatKombinasi.feature:16)
]]></failure>
    </testcase>
    <testcase classname="Update Data Sales Empat Kombinasi" name="Siloam115 Sales Update Data Empat Kombinasi 13" time="10.998">
        <failure message="expected [Alamanda] but found [ADIT TEST]" type="java.lang.AssertionError"><![CDATA[When Siloam115 Sales Tekan Tombol Edit......................................passed
And Siloam115 Sales Melakukan Update Pada Alamanda, , 1634567654321239, Padang, KOTA PADANG, , , dan Test.passed
And Siloam115 Sales tekan tombol Simpan.....................................passed
Then Siloam115 Validasi Data tersimpan dan form ter-update..................failed

StackTrace:
java.lang.AssertionError: expected [Alamanda] but found [ADIT TEST]
	at org.testng.Assert.fail(Assert.java:110)
	at org.testng.Assert.failNotEquals(Assert.java:1413)
	at org.testng.Assert.assertEqualsImpl(Assert.java:149)
	at org.testng.Assert.assertEquals(Assert.java:131)
	at org.testng.Assert.assertEquals(Assert.java:655)
	at org.testng.Assert.assertEquals(Assert.java:665)
	at cucumber.framework.runner.siloam.ttddigitalpage.TestTTDPageKombinasiEmpat.siloam115_validasi_data_tersimpan_dan_form_ter_update(TestTTDPageKombinasiEmpat.java:128)
	at ✽.Siloam115 Validasi Data tersimpan dan form ter-update(file:///C:/Users/ROG/git/Tugas%20Akhir/Novri/TA-SQUAD-KEL-SATU/TA-SQUAD-KEL-SATU/src/test/resources/features/siloam-outline/115UpdateDataSalesEmpatKombinasi.feature:16)
]]></failure>
    </testcase>
    <testcase classname="Update Data Sales Empat Kombinasi" name="Siloam115 Sales Update Data Empat Kombinasi 14" time="10.189">
        <failure message="expected [Alamanda] but found [ADIT TEST]" type="java.lang.AssertionError"><![CDATA[When Siloam115 Sales Tekan Tombol Edit......................................passed
And Siloam115 Sales Melakukan Update Pada Alamanda, , , Padang, KOTA PADANG, Klinik Test, , dan .passed
And Siloam115 Sales tekan tombol Simpan.....................................passed
Then Siloam115 Validasi Data tersimpan dan form ter-update..................failed

StackTrace:
java.lang.AssertionError: expected [Alamanda] but found [ADIT TEST]
	at org.testng.Assert.fail(Assert.java:110)
	at org.testng.Assert.failNotEquals(Assert.java:1413)
	at org.testng.Assert.assertEqualsImpl(Assert.java:149)
	at org.testng.Assert.assertEquals(Assert.java:131)
	at org.testng.Assert.assertEquals(Assert.java:655)
	at org.testng.Assert.assertEquals(Assert.java:665)
	at cucumber.framework.runner.siloam.ttddigitalpage.TestTTDPageKombinasiEmpat.siloam115_validasi_data_tersimpan_dan_form_ter_update(TestTTDPageKombinasiEmpat.java:128)
	at ✽.Siloam115 Validasi Data tersimpan dan form ter-update(file:///C:/Users/ROG/git/Tugas%20Akhir/Novri/TA-SQUAD-KEL-SATU/TA-SQUAD-KEL-SATU/src/test/resources/features/siloam-outline/115UpdateDataSalesEmpatKombinasi.feature:16)
]]></failure>
    </testcase>
    <testcase classname="Update Data Sales Empat Kombinasi" name="Siloam115 Sales Update Data Empat Kombinasi 15" time="10.812">
        <failure message="expected [Alamanda] but found [ADIT TEST]" type="java.lang.AssertionError"><![CDATA[When Siloam115 Sales Tekan Tombol Edit......................................passed
And Siloam115 Sales Melakukan Update Pada Alamanda, , , Padang, KOTA PADANG, , Tangerang, dan .passed
And Siloam115 Sales tekan tombol Simpan.....................................passed
Then Siloam115 Validasi Data tersimpan dan form ter-update..................failed

StackTrace:
java.lang.AssertionError: expected [Alamanda] but found [ADIT TEST]
	at org.testng.Assert.fail(Assert.java:110)
	at org.testng.Assert.failNotEquals(Assert.java:1413)
	at org.testng.Assert.assertEqualsImpl(Assert.java:149)
	at org.testng.Assert.assertEquals(Assert.java:131)
	at org.testng.Assert.assertEquals(Assert.java:655)
	at org.testng.Assert.assertEquals(Assert.java:665)
	at cucumber.framework.runner.siloam.ttddigitalpage.TestTTDPageKombinasiEmpat.siloam115_validasi_data_tersimpan_dan_form_ter_update(TestTTDPageKombinasiEmpat.java:128)
	at ✽.Siloam115 Validasi Data tersimpan dan form ter-update(file:///C:/Users/ROG/git/Tugas%20Akhir/Novri/TA-SQUAD-KEL-SATU/TA-SQUAD-KEL-SATU/src/test/resources/features/siloam-outline/115UpdateDataSalesEmpatKombinasi.feature:16)
]]></failure>
    </testcase>
    <testcase classname="Update Data Sales Empat Kombinasi" name="Siloam115 Sales Update Data Empat Kombinasi 16" time="9.903">
        <failure message="expected [Alamanda] but found [ADIT TEST]" type="java.lang.AssertionError"><![CDATA[When Siloam115 Sales Tekan Tombol Edit......................................passed
And Siloam115 Sales Melakukan Update Pada Alamanda, , , Padang, KOTA PADANG, , , dan Test.passed
And Siloam115 Sales tekan tombol Simpan.....................................passed
Then Siloam115 Validasi Data tersimpan dan form ter-update..................failed

StackTrace:
java.lang.AssertionError: expected [Alamanda] but found [ADIT TEST]
	at org.testng.Assert.fail(Assert.java:110)
	at org.testng.Assert.failNotEquals(Assert.java:1413)
	at org.testng.Assert.assertEqualsImpl(Assert.java:149)
	at org.testng.Assert.assertEquals(Assert.java:131)
	at org.testng.Assert.assertEquals(Assert.java:655)
	at org.testng.Assert.assertEquals(Assert.java:665)
	at cucumber.framework.runner.siloam.ttddigitalpage.TestTTDPageKombinasiEmpat.siloam115_validasi_data_tersimpan_dan_form_ter_update(TestTTDPageKombinasiEmpat.java:128)
	at ✽.Siloam115 Validasi Data tersimpan dan form ter-update(file:///C:/Users/ROG/git/Tugas%20Akhir/Novri/TA-SQUAD-KEL-SATU/TA-SQUAD-KEL-SATU/src/test/resources/features/siloam-outline/115UpdateDataSalesEmpatKombinasi.feature:16)
]]></failure>
    </testcase>
    <testcase classname="Update Data Sales Empat Kombinasi" name="Siloam115 Sales Update Data Empat Kombinasi 17" time="9.468">
        <failure message="expected [Alamanda] but found [ADIT TEST]" type="java.lang.AssertionError"><![CDATA[When Siloam115 Sales Tekan Tombol Edit......................................passed
And Siloam115 Sales Melakukan Update Pada Alamanda, , 1634567654321239, , KOTA PADANG, Klinik Test, , dan .passed
And Siloam115 Sales tekan tombol Simpan.....................................passed
Then Siloam115 Validasi Data tersimpan dan form ter-update..................failed

StackTrace:
java.lang.AssertionError: expected [Alamanda] but found [ADIT TEST]
	at org.testng.Assert.fail(Assert.java:110)
	at org.testng.Assert.failNotEquals(Assert.java:1413)
	at org.testng.Assert.assertEqualsImpl(Assert.java:149)
	at org.testng.Assert.assertEquals(Assert.java:131)
	at org.testng.Assert.assertEquals(Assert.java:655)
	at org.testng.Assert.assertEquals(Assert.java:665)
	at cucumber.framework.runner.siloam.ttddigitalpage.TestTTDPageKombinasiEmpat.siloam115_validasi_data_tersimpan_dan_form_ter_update(TestTTDPageKombinasiEmpat.java:128)
	at ✽.Siloam115 Validasi Data tersimpan dan form ter-update(file:///C:/Users/ROG/git/Tugas%20Akhir/Novri/TA-SQUAD-KEL-SATU/TA-SQUAD-KEL-SATU/src/test/resources/features/siloam-outline/115UpdateDataSalesEmpatKombinasi.feature:16)
]]></failure>
    </testcase>
    <testcase classname="Update Data Sales Empat Kombinasi" name="Siloam115 Sales Update Data Empat Kombinasi 18" time="12.019">
        <failure message="expected [Alamanda] but found [ADIT TEST]" type="java.lang.AssertionError"><![CDATA[When Siloam115 Sales Tekan Tombol Edit......................................passed
And Siloam115 Sales Melakukan Update Pada Alamanda, , 1634567654321239, , KOTA PADANG, , Tangerang, dan .passed
And Siloam115 Sales tekan tombol Simpan.....................................passed
Then Siloam115 Validasi Data tersimpan dan form ter-update..................failed

StackTrace:
java.lang.AssertionError: expected [Alamanda] but found [ADIT TEST]
	at org.testng.Assert.fail(Assert.java:110)
	at org.testng.Assert.failNotEquals(Assert.java:1413)
	at org.testng.Assert.assertEqualsImpl(Assert.java:149)
	at org.testng.Assert.assertEquals(Assert.java:131)
	at org.testng.Assert.assertEquals(Assert.java:655)
	at org.testng.Assert.assertEquals(Assert.java:665)
	at cucumber.framework.runner.siloam.ttddigitalpage.TestTTDPageKombinasiEmpat.siloam115_validasi_data_tersimpan_dan_form_ter_update(TestTTDPageKombinasiEmpat.java:128)
	at ✽.Siloam115 Validasi Data tersimpan dan form ter-update(file:///C:/Users/ROG/git/Tugas%20Akhir/Novri/TA-SQUAD-KEL-SATU/TA-SQUAD-KEL-SATU/src/test/resources/features/siloam-outline/115UpdateDataSalesEmpatKombinasi.feature:16)
]]></failure>
    </testcase>
    <testcase classname="Update Data Sales Empat Kombinasi" name="Siloam115 Sales Update Data Empat Kombinasi 19" time="9.912">
        <failure message="expected [Alamanda] but found [ADIT TEST]" type="java.lang.AssertionError"><![CDATA[When Siloam115 Sales Tekan Tombol Edit......................................passed
And Siloam115 Sales Melakukan Update Pada Alamanda, , 1634567654321239, , KOTA PADANG, , , dan Test.passed
And Siloam115 Sales tekan tombol Simpan.....................................passed
Then Siloam115 Validasi Data tersimpan dan form ter-update..................failed

StackTrace:
java.lang.AssertionError: expected [Alamanda] but found [ADIT TEST]
	at org.testng.Assert.fail(Assert.java:110)
	at org.testng.Assert.failNotEquals(Assert.java:1413)
	at org.testng.Assert.assertEqualsImpl(Assert.java:149)
	at org.testng.Assert.assertEquals(Assert.java:131)
	at org.testng.Assert.assertEquals(Assert.java:655)
	at org.testng.Assert.assertEquals(Assert.java:665)
	at cucumber.framework.runner.siloam.ttddigitalpage.TestTTDPageKombinasiEmpat.siloam115_validasi_data_tersimpan_dan_form_ter_update(TestTTDPageKombinasiEmpat.java:128)
	at ✽.Siloam115 Validasi Data tersimpan dan form ter-update(file:///C:/Users/ROG/git/Tugas%20Akhir/Novri/TA-SQUAD-KEL-SATU/TA-SQUAD-KEL-SATU/src/test/resources/features/siloam-outline/115UpdateDataSalesEmpatKombinasi.feature:16)
]]></failure>
    </testcase>
    <testcase classname="Update Data Sales Empat Kombinasi" name="Siloam115 Sales Update Data Empat Kombinasi 20" time="9.854">
        <failure message="expected [Alamanda] but found [ADIT TEST]" type="java.lang.AssertionError"><![CDATA[When Siloam115 Sales Tekan Tombol Edit......................................passed
And Siloam115 Sales Melakukan Update Pada Alamanda, , 1634567654321239, , , Klinik Test, Tangerang, dan .passed
And Siloam115 Sales tekan tombol Simpan.....................................passed
Then Siloam115 Validasi Data tersimpan dan form ter-update..................failed

StackTrace:
java.lang.AssertionError: expected [Alamanda] but found [ADIT TEST]
	at org.testng.Assert.fail(Assert.java:110)
	at org.testng.Assert.failNotEquals(Assert.java:1413)
	at org.testng.Assert.assertEqualsImpl(Assert.java:149)
	at org.testng.Assert.assertEquals(Assert.java:131)
	at org.testng.Assert.assertEquals(Assert.java:655)
	at org.testng.Assert.assertEquals(Assert.java:665)
	at cucumber.framework.runner.siloam.ttddigitalpage.TestTTDPageKombinasiEmpat.siloam115_validasi_data_tersimpan_dan_form_ter_update(TestTTDPageKombinasiEmpat.java:128)
	at ✽.Siloam115 Validasi Data tersimpan dan form ter-update(file:///C:/Users/ROG/git/Tugas%20Akhir/Novri/TA-SQUAD-KEL-SATU/TA-SQUAD-KEL-SATU/src/test/resources/features/siloam-outline/115UpdateDataSalesEmpatKombinasi.feature:16)
]]></failure>
    </testcase>
    <testcase classname="Update Data Sales Empat Kombinasi" name="Siloam115 Sales Update Data Empat Kombinasi 21" time="8.998">
        <failure message="expected [Alamanda] but found [ADIT TEST]" type="java.lang.AssertionError"><![CDATA[When Siloam115 Sales Tekan Tombol Edit......................................passed
And Siloam115 Sales Melakukan Update Pada Alamanda, , 1634567654321239, , , Klinik Test, , dan Test.passed
And Siloam115 Sales tekan tombol Simpan.....................................passed
Then Siloam115 Validasi Data tersimpan dan form ter-update..................failed

StackTrace:
java.lang.AssertionError: expected [Alamanda] but found [ADIT TEST]
	at org.testng.Assert.fail(Assert.java:110)
	at org.testng.Assert.failNotEquals(Assert.java:1413)
	at org.testng.Assert.assertEqualsImpl(Assert.java:149)
	at org.testng.Assert.assertEquals(Assert.java:131)
	at org.testng.Assert.assertEquals(Assert.java:655)
	at org.testng.Assert.assertEquals(Assert.java:665)
	at cucumber.framework.runner.siloam.ttddigitalpage.TestTTDPageKombinasiEmpat.siloam115_validasi_data_tersimpan_dan_form_ter_update(TestTTDPageKombinasiEmpat.java:128)
	at ✽.Siloam115 Validasi Data tersimpan dan form ter-update(file:///C:/Users/ROG/git/Tugas%20Akhir/Novri/TA-SQUAD-KEL-SATU/TA-SQUAD-KEL-SATU/src/test/resources/features/siloam-outline/115UpdateDataSalesEmpatKombinasi.feature:16)
]]></failure>
    </testcase>
    <testcase classname="Update Data Sales Empat Kombinasi" name="Siloam115 Sales Update Data Empat Kombinasi 22" time="10.61">
        <failure message="expected [Alamanda] but found [ADIT TEST]" type="java.lang.AssertionError"><![CDATA[When Siloam115 Sales Tekan Tombol Edit......................................passed
And Siloam115 Sales Melakukan Update Pada Alamanda, , 1634567654321239, , , , Tangerang, dan Test.passed
And Siloam115 Sales tekan tombol Simpan.....................................passed
Then Siloam115 Validasi Data tersimpan dan form ter-update..................failed

StackTrace:
java.lang.AssertionError: expected [Alamanda] but found [ADIT TEST]
	at org.testng.Assert.fail(Assert.java:110)
	at org.testng.Assert.failNotEquals(Assert.java:1413)
	at org.testng.Assert.assertEqualsImpl(Assert.java:149)
	at org.testng.Assert.assertEquals(Assert.java:131)
	at org.testng.Assert.assertEquals(Assert.java:655)
	at org.testng.Assert.assertEquals(Assert.java:665)
	at cucumber.framework.runner.siloam.ttddigitalpage.TestTTDPageKombinasiEmpat.siloam115_validasi_data_tersimpan_dan_form_ter_update(TestTTDPageKombinasiEmpat.java:128)
	at ✽.Siloam115 Validasi Data tersimpan dan form ter-update(file:///C:/Users/ROG/git/Tugas%20Akhir/Novri/TA-SQUAD-KEL-SATU/TA-SQUAD-KEL-SATU/src/test/resources/features/siloam-outline/115UpdateDataSalesEmpatKombinasi.feature:16)
]]></failure>
    </testcase>
    <testcase classname="Update Data Sales Empat Kombinasi" name="Siloam115 Sales Update Data Empat Kombinasi 23" time="12.184">
        <failure message="expected [Alamanda] but found [ADIT TEST]" type="java.lang.AssertionError"><![CDATA[When Siloam115 Sales Tekan Tombol Edit......................................passed
And Siloam115 Sales Melakukan Update Pada Alamanda, , , Padang, , Klinik Test, Tangerang, dan .passed
And Siloam115 Sales tekan tombol Simpan.....................................passed
Then Siloam115 Validasi Data tersimpan dan form ter-update..................failed

StackTrace:
java.lang.AssertionError: expected [Alamanda] but found [ADIT TEST]
	at org.testng.Assert.fail(Assert.java:110)
	at org.testng.Assert.failNotEquals(Assert.java:1413)
	at org.testng.Assert.assertEqualsImpl(Assert.java:149)
	at org.testng.Assert.assertEquals(Assert.java:131)
	at org.testng.Assert.assertEquals(Assert.java:655)
	at org.testng.Assert.assertEquals(Assert.java:665)
	at cucumber.framework.runner.siloam.ttddigitalpage.TestTTDPageKombinasiEmpat.siloam115_validasi_data_tersimpan_dan_form_ter_update(TestTTDPageKombinasiEmpat.java:128)
	at ✽.Siloam115 Validasi Data tersimpan dan form ter-update(file:///C:/Users/ROG/git/Tugas%20Akhir/Novri/TA-SQUAD-KEL-SATU/TA-SQUAD-KEL-SATU/src/test/resources/features/siloam-outline/115UpdateDataSalesEmpatKombinasi.feature:16)
]]></failure>
    </testcase>
    <testcase classname="Update Data Sales Empat Kombinasi" name="Siloam115 Sales Update Data Empat Kombinasi 24" time="10.445">
        <failure message="expected [Alamanda] but found [ADIT TEST]" type="java.lang.AssertionError"><![CDATA[When Siloam115 Sales Tekan Tombol Edit......................................passed
And Siloam115 Sales Melakukan Update Pada Alamanda, , , Padang, , Klinik Test, , dan Test.passed
And Siloam115 Sales tekan tombol Simpan.....................................passed
Then Siloam115 Validasi Data tersimpan dan form ter-update..................failed

StackTrace:
java.lang.AssertionError: expected [Alamanda] but found [ADIT TEST]
	at org.testng.Assert.fail(Assert.java:110)
	at org.testng.Assert.failNotEquals(Assert.java:1413)
	at org.testng.Assert.assertEqualsImpl(Assert.java:149)
	at org.testng.Assert.assertEquals(Assert.java:131)
	at org.testng.Assert.assertEquals(Assert.java:655)
	at org.testng.Assert.assertEquals(Assert.java:665)
	at cucumber.framework.runner.siloam.ttddigitalpage.TestTTDPageKombinasiEmpat.siloam115_validasi_data_tersimpan_dan_form_ter_update(TestTTDPageKombinasiEmpat.java:128)
	at ✽.Siloam115 Validasi Data tersimpan dan form ter-update(file:///C:/Users/ROG/git/Tugas%20Akhir/Novri/TA-SQUAD-KEL-SATU/TA-SQUAD-KEL-SATU/src/test/resources/features/siloam-outline/115UpdateDataSalesEmpatKombinasi.feature:16)
]]></failure>
    </testcase>
    <testcase classname="Update Data Sales Empat Kombinasi" name="Siloam115 Sales Update Data Empat Kombinasi 25" time="11.912">
        <failure message="expected [Alamanda] but found [ADIT TEST]" type="java.lang.AssertionError"><![CDATA[When Siloam115 Sales Tekan Tombol Edit......................................passed
And Siloam115 Sales Melakukan Update Pada Alamanda, , , Padang, , , Tangerang, dan Test.passed
And Siloam115 Sales tekan tombol Simpan.....................................passed
Then Siloam115 Validasi Data tersimpan dan form ter-update..................failed

StackTrace:
java.lang.AssertionError: expected [Alamanda] but found [ADIT TEST]
	at org.testng.Assert.fail(Assert.java:110)
	at org.testng.Assert.failNotEquals(Assert.java:1413)
	at org.testng.Assert.assertEqualsImpl(Assert.java:149)
	at org.testng.Assert.assertEquals(Assert.java:131)
	at org.testng.Assert.assertEquals(Assert.java:655)
	at org.testng.Assert.assertEquals(Assert.java:665)
	at cucumber.framework.runner.siloam.ttddigitalpage.TestTTDPageKombinasiEmpat.siloam115_validasi_data_tersimpan_dan_form_ter_update(TestTTDPageKombinasiEmpat.java:128)
	at ✽.Siloam115 Validasi Data tersimpan dan form ter-update(file:///C:/Users/ROG/git/Tugas%20Akhir/Novri/TA-SQUAD-KEL-SATU/TA-SQUAD-KEL-SATU/src/test/resources/features/siloam-outline/115UpdateDataSalesEmpatKombinasi.feature:16)
]]></failure>
    </testcase>
    <testcase classname="Update Data Sales Empat Kombinasi" name="Siloam115 Sales Update Data Empat Kombinasi 26" time="10.791">
        <failure message="expected [Alamanda] but found [ADIT TEST]" type="java.lang.AssertionError"><![CDATA[When Siloam115 Sales Tekan Tombol Edit......................................passed
And Siloam115 Sales Melakukan Update Pada Alamanda, 1234567899093, , Padang, KOTA PADANG, , , dan .passed
And Siloam115 Sales tekan tombol Simpan.....................................passed
Then Siloam115 Validasi Data tersimpan dan form ter-update..................failed

StackTrace:
java.lang.AssertionError: expected [Alamanda] but found [ADIT TEST]
	at org.testng.Assert.fail(Assert.java:110)
	at org.testng.Assert.failNotEquals(Assert.java:1413)
	at org.testng.Assert.assertEqualsImpl(Assert.java:149)
	at org.testng.Assert.assertEquals(Assert.java:131)
	at org.testng.Assert.assertEquals(Assert.java:655)
	at org.testng.Assert.assertEquals(Assert.java:665)
	at cucumber.framework.runner.siloam.ttddigitalpage.TestTTDPageKombinasiEmpat.siloam115_validasi_data_tersimpan_dan_form_ter_update(TestTTDPageKombinasiEmpat.java:128)
	at ✽.Siloam115 Validasi Data tersimpan dan form ter-update(file:///C:/Users/ROG/git/Tugas%20Akhir/Novri/TA-SQUAD-KEL-SATU/TA-SQUAD-KEL-SATU/src/test/resources/features/siloam-outline/115UpdateDataSalesEmpatKombinasi.feature:16)
]]></failure>
    </testcase>
    <testcase classname="Update Data Sales Empat Kombinasi" name="Siloam115 Sales Update Data Empat Kombinasi 27" time="9.389">
        <failure message="expected [Alamanda] but found [ADIT TEST]" type="java.lang.AssertionError"><![CDATA[When Siloam115 Sales Tekan Tombol Edit......................................passed
And Siloam115 Sales Melakukan Update Pada Alamanda, 1234567899093, , Padang, , Klinik Test, , dan .passed
And Siloam115 Sales tekan tombol Simpan.....................................passed
Then Siloam115 Validasi Data tersimpan dan form ter-update..................failed

StackTrace:
java.lang.AssertionError: expected [Alamanda] but found [ADIT TEST]
	at org.testng.Assert.fail(Assert.java:110)
	at org.testng.Assert.failNotEquals(Assert.java:1413)
	at org.testng.Assert.assertEqualsImpl(Assert.java:149)
	at org.testng.Assert.assertEquals(Assert.java:131)
	at org.testng.Assert.assertEquals(Assert.java:655)
	at org.testng.Assert.assertEquals(Assert.java:665)
	at cucumber.framework.runner.siloam.ttddigitalpage.TestTTDPageKombinasiEmpat.siloam115_validasi_data_tersimpan_dan_form_ter_update(TestTTDPageKombinasiEmpat.java:128)
	at ✽.Siloam115 Validasi Data tersimpan dan form ter-update(file:///C:/Users/ROG/git/Tugas%20Akhir/Novri/TA-SQUAD-KEL-SATU/TA-SQUAD-KEL-SATU/src/test/resources/features/siloam-outline/115UpdateDataSalesEmpatKombinasi.feature:16)
]]></failure>
    </testcase>
    <testcase classname="Update Data Sales Empat Kombinasi" name="Siloam115 Sales Update Data Empat Kombinasi 28" time="10.855">
        <failure message="expected [Alamanda] but found [ADIT TEST]" type="java.lang.AssertionError"><![CDATA[When Siloam115 Sales Tekan Tombol Edit......................................passed
And Siloam115 Sales Melakukan Update Pada Alamanda, 1234567899093, , Padang, , , Tangerang, dan .passed
And Siloam115 Sales tekan tombol Simpan.....................................passed
Then Siloam115 Validasi Data tersimpan dan form ter-update..................failed

StackTrace:
java.lang.AssertionError: expected [Alamanda] but found [ADIT TEST]
	at org.testng.Assert.fail(Assert.java:110)
	at org.testng.Assert.failNotEquals(Assert.java:1413)
	at org.testng.Assert.assertEqualsImpl(Assert.java:149)
	at org.testng.Assert.assertEquals(Assert.java:131)
	at org.testng.Assert.assertEquals(Assert.java:655)
	at org.testng.Assert.assertEquals(Assert.java:665)
	at cucumber.framework.runner.siloam.ttddigitalpage.TestTTDPageKombinasiEmpat.siloam115_validasi_data_tersimpan_dan_form_ter_update(TestTTDPageKombinasiEmpat.java:128)
	at ✽.Siloam115 Validasi Data tersimpan dan form ter-update(file:///C:/Users/ROG/git/Tugas%20Akhir/Novri/TA-SQUAD-KEL-SATU/TA-SQUAD-KEL-SATU/src/test/resources/features/siloam-outline/115UpdateDataSalesEmpatKombinasi.feature:16)
]]></failure>
    </testcase>
    <testcase classname="Update Data Sales Empat Kombinasi" name="Siloam115 Sales Update Data Empat Kombinasi 29" time="8.579">
        <failure message="expected [Alamanda] but found [ADIT TEST]" type="java.lang.AssertionError"><![CDATA[When Siloam115 Sales Tekan Tombol Edit......................................passed
And Siloam115 Sales Melakukan Update Pada Alamanda, 1234567899093, , Padang, , , , dan Test.passed
And Siloam115 Sales tekan tombol Simpan.....................................passed
Then Siloam115 Validasi Data tersimpan dan form ter-update..................failed

StackTrace:
java.lang.AssertionError: expected [Alamanda] but found [ADIT TEST]
	at org.testng.Assert.fail(Assert.java:110)
	at org.testng.Assert.failNotEquals(Assert.java:1413)
	at org.testng.Assert.assertEqualsImpl(Assert.java:149)
	at org.testng.Assert.assertEquals(Assert.java:131)
	at org.testng.Assert.assertEquals(Assert.java:655)
	at org.testng.Assert.assertEquals(Assert.java:665)
	at cucumber.framework.runner.siloam.ttddigitalpage.TestTTDPageKombinasiEmpat.siloam115_validasi_data_tersimpan_dan_form_ter_update(TestTTDPageKombinasiEmpat.java:128)
	at ✽.Siloam115 Validasi Data tersimpan dan form ter-update(file:///C:/Users/ROG/git/Tugas%20Akhir/Novri/TA-SQUAD-KEL-SATU/TA-SQUAD-KEL-SATU/src/test/resources/features/siloam-outline/115UpdateDataSalesEmpatKombinasi.feature:16)
]]></failure>
    </testcase>
    <testcase classname="Update Data Sales Empat Kombinasi" name="Siloam115 Sales Update Data Empat Kombinasi 30" time="9.6">
        <failure message="expected [Alamanda] but found [ADIT TEST]" type="java.lang.AssertionError"><![CDATA[When Siloam115 Sales Tekan Tombol Edit......................................passed
And Siloam115 Sales Melakukan Update Pada Alamanda, 1234567899093, , , KOTA PADANG, Klinik Test, , dan .passed
And Siloam115 Sales tekan tombol Simpan.....................................passed
Then Siloam115 Validasi Data tersimpan dan form ter-update..................failed

StackTrace:
java.lang.AssertionError: expected [Alamanda] but found [ADIT TEST]
	at org.testng.Assert.fail(Assert.java:110)
	at org.testng.Assert.failNotEquals(Assert.java:1413)
	at org.testng.Assert.assertEqualsImpl(Assert.java:149)
	at org.testng.Assert.assertEquals(Assert.java:131)
	at org.testng.Assert.assertEquals(Assert.java:655)
	at org.testng.Assert.assertEquals(Assert.java:665)
	at cucumber.framework.runner.siloam.ttddigitalpage.TestTTDPageKombinasiEmpat.siloam115_validasi_data_tersimpan_dan_form_ter_update(TestTTDPageKombinasiEmpat.java:128)
	at ✽.Siloam115 Validasi Data tersimpan dan form ter-update(file:///C:/Users/ROG/git/Tugas%20Akhir/Novri/TA-SQUAD-KEL-SATU/TA-SQUAD-KEL-SATU/src/test/resources/features/siloam-outline/115UpdateDataSalesEmpatKombinasi.feature:16)
]]></failure>
    </testcase>
    <testcase classname="Update Data Sales Empat Kombinasi" name="Siloam115 Sales Update Data Empat Kombinasi 31" time="11.361">
        <failure message="expected [Alamanda] but found [ADIT TEST]" type="java.lang.AssertionError"><![CDATA[When Siloam115 Sales Tekan Tombol Edit......................................passed
And Siloam115 Sales Melakukan Update Pada Alamanda, 1234567899093, , , KOTA PADANG, , Tangerang, dan .passed
And Siloam115 Sales tekan tombol Simpan.....................................passed
Then Siloam115 Validasi Data tersimpan dan form ter-update..................failed

StackTrace:
java.lang.AssertionError: expected [Alamanda] but found [ADIT TEST]
	at org.testng.Assert.fail(Assert.java:110)
	at org.testng.Assert.failNotEquals(Assert.java:1413)
	at org.testng.Assert.assertEqualsImpl(Assert.java:149)
	at org.testng.Assert.assertEquals(Assert.java:131)
	at org.testng.Assert.assertEquals(Assert.java:655)
	at org.testng.Assert.assertEquals(Assert.java:665)
	at cucumber.framework.runner.siloam.ttddigitalpage.TestTTDPageKombinasiEmpat.siloam115_validasi_data_tersimpan_dan_form_ter_update(TestTTDPageKombinasiEmpat.java:128)
	at ✽.Siloam115 Validasi Data tersimpan dan form ter-update(file:///C:/Users/ROG/git/Tugas%20Akhir/Novri/TA-SQUAD-KEL-SATU/TA-SQUAD-KEL-SATU/src/test/resources/features/siloam-outline/115UpdateDataSalesEmpatKombinasi.feature:16)
]]></failure>
    </testcase>
    <testcase classname="Update Data Sales Empat Kombinasi" name="Siloam115 Sales Update Data Empat Kombinasi 32" time="14.072">
        <system-out><![CDATA[When Siloam115 Sales Tekan Tombol Edit......................................passed
And Siloam115 Sales Melakukan Update Pada , 1234567899093, 1634567654321230, Padang, KOTA PADANG, , , dan .passed
And Siloam115 Sales tekan tombol Simpan.....................................passed
Then Siloam115 Validasi Data tersimpan dan form ter-update..................passed
]]></system-out>
    </testcase>
    <testcase classname="Update Data Sales Empat Kombinasi" name="Siloam115 Sales Update Data Empat Kombinasi 33" time="13.402">
        <system-out><![CDATA[When Siloam115 Sales Tekan Tombol Edit......................................passed
And Siloam115 Sales Melakukan Update Pada , 1234567899093, 1634567654321230, Padang, , Klinik Test, , dan .passed
And Siloam115 Sales tekan tombol Simpan.....................................passed
Then Siloam115 Validasi Data tersimpan dan form ter-update..................passed
]]></system-out>
    </testcase>
    <testcase classname="Update Data Sales Empat Kombinasi" name="Siloam115 Sales Update Data Empat Kombinasi 34" time="13.462">
        <system-out><![CDATA[When Siloam115 Sales Tekan Tombol Edit......................................passed
And Siloam115 Sales Melakukan Update Pada , 1234567899093, 1634567654321230, Padang, , , Tangerang, dan .passed
And Siloam115 Sales tekan tombol Simpan.....................................passed
Then Siloam115 Validasi Data tersimpan dan form ter-update..................passed
]]></system-out>
    </testcase>
    <testcase classname="Update Data Sales Empat Kombinasi" name="Siloam115 Sales Update Data Empat Kombinasi 35" time="12.24">
        <system-out><![CDATA[When Siloam115 Sales Tekan Tombol Edit......................................passed
And Siloam115 Sales Melakukan Update Pada , 1234567899093, 1634567654321230, Padang, , , , dan Test.passed
And Siloam115 Sales tekan tombol Simpan.....................................passed
Then Siloam115 Validasi Data tersimpan dan form ter-update..................passed
]]></system-out>
    </testcase>
    <testcase classname="Update Data Sales Empat Kombinasi" name="Siloam115 Sales Update Data Empat Kombinasi 36" time="14.328">
        <system-out><![CDATA[When Siloam115 Sales Tekan Tombol Edit......................................passed
And Siloam115 Sales Melakukan Update Pada , 1234567899093, 1634567654321230, , KOTA PADANG, Klinik Test, , dan .passed
And Siloam115 Sales tekan tombol Simpan.....................................passed
Then Siloam115 Validasi Data tersimpan dan form ter-update..................passed
]]></system-out>
    </testcase>
    <testcase classname="Update Data Sales Empat Kombinasi" name="Siloam115 Sales Update Data Empat Kombinasi 37" time="14.361">
        <system-out><![CDATA[When Siloam115 Sales Tekan Tombol Edit......................................passed
And Siloam115 Sales Melakukan Update Pada , 1234567899093, 1634567654321230, , KOTA PADANG, , Tangerang, dan .passed
And Siloam115 Sales tekan tombol Simpan.....................................passed
Then Siloam115 Validasi Data tersimpan dan form ter-update..................passed
]]></system-out>
    </testcase>
    <testcase classname="Update Data Sales Empat Kombinasi" name="Siloam115 Sales Update Data Empat Kombinasi 38" time="13.135">
        <failure message="expected [Alamanda] but found [ADIT TEST]" type="java.lang.AssertionError"><![CDATA[When Siloam115 Sales Tekan Tombol Edit......................................passed
And Siloam115 Sales Melakukan Update Pada Alamanda, , , , KOTA PADANG, Klinik Test, Tangerang, dan .passed
And Siloam115 Sales tekan tombol Simpan.....................................passed
Then Siloam115 Validasi Data tersimpan dan form ter-update..................failed

StackTrace:
java.lang.AssertionError: expected [Alamanda] but found [ADIT TEST]
	at org.testng.Assert.fail(Assert.java:110)
	at org.testng.Assert.failNotEquals(Assert.java:1413)
	at org.testng.Assert.assertEqualsImpl(Assert.java:149)
	at org.testng.Assert.assertEquals(Assert.java:131)
	at org.testng.Assert.assertEquals(Assert.java:655)
	at org.testng.Assert.assertEquals(Assert.java:665)
	at cucumber.framework.runner.siloam.ttddigitalpage.TestTTDPageKombinasiEmpat.siloam115_validasi_data_tersimpan_dan_form_ter_update(TestTTDPageKombinasiEmpat.java:128)
	at ✽.Siloam115 Validasi Data tersimpan dan form ter-update(file:///C:/Users/ROG/git/Tugas%20Akhir/Novri/TA-SQUAD-KEL-SATU/TA-SQUAD-KEL-SATU/src/test/resources/features/siloam-outline/115UpdateDataSalesEmpatKombinasi.feature:16)
]]></failure>
    </testcase>
    <testcase classname="Update Data Sales Empat Kombinasi" name="Siloam115 Sales Update Data Empat Kombinasi 39" time="11.888">
        <failure message="expected [Alamanda] but found [ADIT TEST]" type="java.lang.AssertionError"><![CDATA[When Siloam115 Sales Tekan Tombol Edit......................................passed
And Siloam115 Sales Melakukan Update Pada Alamanda, , , , KOTA PADANG, Klinik Test, , dan Test.passed
And Siloam115 Sales tekan tombol Simpan.....................................passed
Then Siloam115 Validasi Data tersimpan dan form ter-update..................failed

StackTrace:
java.lang.AssertionError: expected [Alamanda] but found [ADIT TEST]
	at org.testng.Assert.fail(Assert.java:110)
	at org.testng.Assert.failNotEquals(Assert.java:1413)
	at org.testng.Assert.assertEqualsImpl(Assert.java:149)
	at org.testng.Assert.assertEquals(Assert.java:131)
	at org.testng.Assert.assertEquals(Assert.java:655)
	at org.testng.Assert.assertEquals(Assert.java:665)
	at cucumber.framework.runner.siloam.ttddigitalpage.TestTTDPageKombinasiEmpat.siloam115_validasi_data_tersimpan_dan_form_ter_update(TestTTDPageKombinasiEmpat.java:128)
	at ✽.Siloam115 Validasi Data tersimpan dan form ter-update(file:///C:/Users/ROG/git/Tugas%20Akhir/Novri/TA-SQUAD-KEL-SATU/TA-SQUAD-KEL-SATU/src/test/resources/features/siloam-outline/115UpdateDataSalesEmpatKombinasi.feature:16)
]]></failure>
    </testcase>
    <testcase classname="Update Data Sales Empat Kombinasi" name="Siloam115 Sales Update Data Empat Kombinasi 40" time="10.692">
        <failure message="expected [Alamanda] but found [ADIT TEST]" type="java.lang.AssertionError"><![CDATA[When Siloam115 Sales Tekan Tombol Edit......................................passed
And Siloam115 Sales Melakukan Update Pada Alamanda, , , , KOTA PADANG, , Tangerang, dan Test.passed
And Siloam115 Sales tekan tombol Simpan.....................................passed
Then Siloam115 Validasi Data tersimpan dan form ter-update..................failed

StackTrace:
java.lang.AssertionError: expected [Alamanda] but found [ADIT TEST]
	at org.testng.Assert.fail(Assert.java:110)
	at org.testng.Assert.failNotEquals(Assert.java:1413)
	at org.testng.Assert.assertEqualsImpl(Assert.java:149)
	at org.testng.Assert.assertEquals(Assert.java:131)
	at org.testng.Assert.assertEquals(Assert.java:655)
	at org.testng.Assert.assertEquals(Assert.java:665)
	at cucumber.framework.runner.siloam.ttddigitalpage.TestTTDPageKombinasiEmpat.siloam115_validasi_data_tersimpan_dan_form_ter_update(TestTTDPageKombinasiEmpat.java:128)
	at ✽.Siloam115 Validasi Data tersimpan dan form ter-update(file:///C:/Users/ROG/git/Tugas%20Akhir/Novri/TA-SQUAD-KEL-SATU/TA-SQUAD-KEL-SATU/src/test/resources/features/siloam-outline/115UpdateDataSalesEmpatKombinasi.feature:16)
]]></failure>
    </testcase>
    <testcase classname="Update Data Sales Empat Kombinasi" name="Siloam115 Sales Update Data Empat Kombinasi 41" time="9.49">
        <failure message="expected [Alamanda] but found [ADIT TEST]" type="java.lang.AssertionError"><![CDATA[When Siloam115 Sales Tekan Tombol Edit......................................passed
And Siloam115 Sales Melakukan Update Pada Alamanda, , , , , Klinik Test, Tangerang, dan Test.passed
And Siloam115 Sales tekan tombol Simpan.....................................passed
Then Siloam115 Validasi Data tersimpan dan form ter-update..................failed

StackTrace:
java.lang.AssertionError: expected [Alamanda] but found [ADIT TEST]
	at org.testng.Assert.fail(Assert.java:110)
	at org.testng.Assert.failNotEquals(Assert.java:1413)
	at org.testng.Assert.assertEqualsImpl(Assert.java:149)
	at org.testng.Assert.assertEquals(Assert.java:131)
	at org.testng.Assert.assertEquals(Assert.java:655)
	at org.testng.Assert.assertEquals(Assert.java:665)
	at cucumber.framework.runner.siloam.ttddigitalpage.TestTTDPageKombinasiEmpat.siloam115_validasi_data_tersimpan_dan_form_ter_update(TestTTDPageKombinasiEmpat.java:128)
	at ✽.Siloam115 Validasi Data tersimpan dan form ter-update(file:///C:/Users/ROG/git/Tugas%20Akhir/Novri/TA-SQUAD-KEL-SATU/TA-SQUAD-KEL-SATU/src/test/resources/features/siloam-outline/115UpdateDataSalesEmpatKombinasi.feature:16)
]]></failure>
    </testcase>
    <testcase classname="Update Data Sales Empat Kombinasi" name="Siloam115 Sales Update Data Empat Kombinasi 42" time="13.325">
        <system-out><![CDATA[When Siloam115 Sales Tekan Tombol Edit......................................passed
And Siloam115 Sales Melakukan Update Pada , 1234567899093, 1634567654321230, , KOTA PADANG, , , dan Test.passed
And Siloam115 Sales tekan tombol Simpan.....................................passed
Then Siloam115 Validasi Data tersimpan dan form ter-update..................passed
]]></system-out>
    </testcase>
    <testcase classname="Update Data Sales Empat Kombinasi" name="Siloam115 Sales Update Data Empat Kombinasi 43" time="13.712">
        <system-out><![CDATA[When Siloam115 Sales Tekan Tombol Edit......................................passed
And Siloam115 Sales Melakukan Update Pada , 1234567899093, 1634567654321230, , , Klinik Test, Tangerang, dan .passed
And Siloam115 Sales tekan tombol Simpan.....................................passed
Then Siloam115 Validasi Data tersimpan dan form ter-update..................passed
]]></system-out>
    </testcase>
    <testcase classname="Update Data Sales Empat Kombinasi" name="Siloam115 Sales Update Data Empat Kombinasi 44" time="13.425">
        <system-out><![CDATA[When Siloam115 Sales Tekan Tombol Edit......................................passed
And Siloam115 Sales Melakukan Update Pada , 1234567899093, 1634567654321230, , , Klinik Test, , dan Test.passed
And Siloam115 Sales tekan tombol Simpan.....................................passed
Then Siloam115 Validasi Data tersimpan dan form ter-update..................passed
]]></system-out>
    </testcase>
    <testcase classname="Update Data Sales Empat Kombinasi" name="Siloam115 Sales Update Data Empat Kombinasi 45" time="13.269">
        <system-out><![CDATA[When Siloam115 Sales Tekan Tombol Edit......................................passed
And Siloam115 Sales Melakukan Update Pada , 1234567899093, 1634567654321230, , , , Tangerang, dan Test.passed
And Siloam115 Sales tekan tombol Simpan.....................................passed
Then Siloam115 Validasi Data tersimpan dan form ter-update..................passed
]]></system-out>
    </testcase>
    <testcase classname="Update Data Sales Empat Kombinasi" name="Siloam115 Sales Update Data Empat Kombinasi 46" time="13.225">
        <system-out><![CDATA[When Siloam115 Sales Tekan Tombol Edit......................................passed
And Siloam115 Sales Melakukan Update Pada , 1234567899093, , Padang, KOTA PADANG, Klinik Test, , dan .passed
And Siloam115 Sales tekan tombol Simpan.....................................passed
Then Siloam115 Validasi Data tersimpan dan form ter-update..................passed
]]></system-out>
    </testcase>
    <testcase classname="Update Data Sales Empat Kombinasi" name="Siloam115 Sales Update Data Empat Kombinasi 47" time="15.123">
        <system-out><![CDATA[When Siloam115 Sales Tekan Tombol Edit......................................passed
And Siloam115 Sales Melakukan Update Pada , 1234567899093, , Padang, KOTA PADANG, , Tangerang, dan .passed
And Siloam115 Sales tekan tombol Simpan.....................................passed
Then Siloam115 Validasi Data tersimpan dan form ter-update..................passed
]]></system-out>
    </testcase>
    <testcase classname="Update Data Sales Empat Kombinasi" name="Siloam115 Sales Update Data Empat Kombinasi 48" time="16.754">
        <system-out><![CDATA[When Siloam115 Sales Tekan Tombol Edit......................................passed
And Siloam115 Sales Melakukan Update Pada , 1234567899093, , Padang, KOTA PADANG, , , dan Test.passed
And Siloam115 Sales tekan tombol Simpan.....................................passed
Then Siloam115 Validasi Data tersimpan dan form ter-update..................passed
]]></system-out>
    </testcase>
    <testcase classname="Update Data Sales Empat Kombinasi" name="Siloam115 Sales Update Data Empat Kombinasi 49" time="15.688">
        <system-out><![CDATA[When Siloam115 Sales Tekan Tombol Edit......................................passed
And Siloam115 Sales Melakukan Update Pada , 1234567899093, , Padang, , Klinik Test, Tangerang, dan .passed
And Siloam115 Sales tekan tombol Simpan.....................................passed
Then Siloam115 Validasi Data tersimpan dan form ter-update..................passed
]]></system-out>
    </testcase>
    <testcase classname="Update Data Sales Empat Kombinasi" name="Siloam115 Sales Update Data Empat Kombinasi 50" time="12.56">
        <system-out><![CDATA[When Siloam115 Sales Tekan Tombol Edit......................................passed
And Siloam115 Sales Melakukan Update Pada , 1234567899093, , Padang, , Klinik Test, , dan Test.passed
And Siloam115 Sales tekan tombol Simpan.....................................passed
Then Siloam115 Validasi Data tersimpan dan form ter-update..................passed
]]></system-out>
    </testcase>
    <testcase classname="Update Data Sales Empat Kombinasi" name="Siloam115 Sales Update Data Empat Kombinasi 51" time="14.484">
        <system-out><![CDATA[When Siloam115 Sales Tekan Tombol Edit......................................passed
And Siloam115 Sales Melakukan Update Pada , 1234567899093, , Padang, , , Tangerang, dan Test.passed
And Siloam115 Sales tekan tombol Simpan.....................................passed
Then Siloam115 Validasi Data tersimpan dan form ter-update..................passed
]]></system-out>
    </testcase>
    <testcase classname="Update Data Sales Empat Kombinasi" name="Siloam115 Sales Update Data Empat Kombinasi 52" time="14.96">
        <system-out><![CDATA[When Siloam115 Sales Tekan Tombol Edit......................................passed
And Siloam115 Sales Melakukan Update Pada , 1234567899093, , , KOTA PADANG, Klinik Test, Tangerang, dan .passed
And Siloam115 Sales tekan tombol Simpan.....................................passed
Then Siloam115 Validasi Data tersimpan dan form ter-update..................passed
]]></system-out>
    </testcase>
    <testcase classname="Update Data Sales Empat Kombinasi" name="Siloam115 Sales Update Data Empat Kombinasi 53" time="13.672">
        <system-out><![CDATA[When Siloam115 Sales Tekan Tombol Edit......................................passed
And Siloam115 Sales Melakukan Update Pada , 1234567899093, , , KOTA PADANG, Klinik Test, , dan Test.passed
And Siloam115 Sales tekan tombol Simpan.....................................passed
Then Siloam115 Validasi Data tersimpan dan form ter-update..................passed
]]></system-out>
    </testcase>
    <testcase classname="Update Data Sales Empat Kombinasi" name="Siloam115 Sales Update Data Empat Kombinasi 54" time="15.295">
        <system-out><![CDATA[When Siloam115 Sales Tekan Tombol Edit......................................passed
And Siloam115 Sales Melakukan Update Pada , 1234567899093, , , KOTA PADANG, , Tangerang, dan Test.passed
And Siloam115 Sales tekan tombol Simpan.....................................passed
Then Siloam115 Validasi Data tersimpan dan form ter-update..................passed
]]></system-out>
    </testcase>
    <testcase classname="Update Data Sales Empat Kombinasi" name="Siloam115 Sales Update Data Empat Kombinasi 55" time="13.297">
        <system-out><![CDATA[When Siloam115 Sales Tekan Tombol Edit......................................passed
And Siloam115 Sales Melakukan Update Pada , 1234567899093, , , , Klinik Test, Tangerang, dan Test.passed
And Siloam115 Sales tekan tombol Simpan.....................................passed
Then Siloam115 Validasi Data tersimpan dan form ter-update..................passed
]]></system-out>
    </testcase>
    <testcase classname="Update Data Sales Empat Kombinasi" name="Siloam115 Sales Update Data Empat Kombinasi 56" time="13.805">
        <system-out><![CDATA[When Siloam115 Sales Tekan Tombol Edit......................................passed
And Siloam115 Sales Melakukan Update Pada , , 1634567654321230, Padang, KOTA PADANG, Klinik Test, , dan .passed
And Siloam115 Sales tekan tombol Simpan.....................................passed
Then Siloam115 Validasi Data tersimpan dan form ter-update..................passed
]]></system-out>
    </testcase>
    <testcase classname="Update Data Sales Empat Kombinasi" name="Siloam115 Sales Update Data Empat Kombinasi 57" time="14.734">
        <system-out><![CDATA[When Siloam115 Sales Tekan Tombol Edit......................................passed
And Siloam115 Sales Melakukan Update Pada , , 1634567654321230, Padang, KOTA PADANG, , Tangerang, dan .passed
And Siloam115 Sales tekan tombol Simpan.....................................passed
Then Siloam115 Validasi Data tersimpan dan form ter-update..................passed
]]></system-out>
    </testcase>
    <testcase classname="Update Data Sales Empat Kombinasi" name="Siloam115 Sales Update Data Empat Kombinasi 58" time="14.305">
        <system-out><![CDATA[When Siloam115 Sales Tekan Tombol Edit......................................passed
And Siloam115 Sales Melakukan Update Pada , , 1634567654321230, Padang, KOTA PADANG, , , dan Test.passed
And Siloam115 Sales tekan tombol Simpan.....................................passed
Then Siloam115 Validasi Data tersimpan dan form ter-update..................passed
]]></system-out>
    </testcase>
    <testcase classname="Update Data Sales Empat Kombinasi" name="Siloam115 Sales Update Data Empat Kombinasi 59" time="13.525">
        <system-out><![CDATA[When Siloam115 Sales Tekan Tombol Edit......................................passed
And Siloam115 Sales Melakukan Update Pada , , 1634567654321230, Padang, , Klinik Test, Tangerang, dan .passed
And Siloam115 Sales tekan tombol Simpan.....................................passed
Then Siloam115 Validasi Data tersimpan dan form ter-update..................passed
]]></system-out>
    </testcase>
    <testcase classname="Update Data Sales Empat Kombinasi" name="Siloam115 Sales Update Data Empat Kombinasi 60" time="13.534">
        <system-out><![CDATA[When Siloam115 Sales Tekan Tombol Edit......................................passed
And Siloam115 Sales Melakukan Update Pada , , 1634567654321230, Padang, , Klinik Test, , dan Test.passed
And Siloam115 Sales tekan tombol Simpan.....................................passed
Then Siloam115 Validasi Data tersimpan dan form ter-update..................passed
]]></system-out>
    </testcase>
    <testcase classname="Update Data Sales Empat Kombinasi" name="Siloam115 Sales Update Data Empat Kombinasi 61" time="14.063">
        <system-out><![CDATA[When Siloam115 Sales Tekan Tombol Edit......................................passed
And Siloam115 Sales Melakukan Update Pada , , 1634567654321230, Padang, , , Tangerang, dan Test.passed
And Siloam115 Sales tekan tombol Simpan.....................................passed
Then Siloam115 Validasi Data tersimpan dan form ter-update..................passed
]]></system-out>
    </testcase>
    <testcase classname="Update Data Sales Empat Kombinasi" name="Siloam115 Sales Update Data Empat Kombinasi 62" time="14.739">
        <system-out><![CDATA[When Siloam115 Sales Tekan Tombol Edit......................................passed
And Siloam115 Sales Melakukan Update Pada , , 1634567654321230, , KOTA PADANG, Klinik Test, Tangerang, dan .passed
And Siloam115 Sales tekan tombol Simpan.....................................passed
Then Siloam115 Validasi Data tersimpan dan form ter-update..................passed
]]></system-out>
    </testcase>
    <testcase classname="Update Data Sales Empat Kombinasi" name="Siloam115 Sales Update Data Empat Kombinasi 63" time="13.874">
        <system-out><![CDATA[When Siloam115 Sales Tekan Tombol Edit......................................passed
And Siloam115 Sales Melakukan Update Pada , , 1634567654321230, , KOTA PADANG, Klinik Test, , dan Test.passed
And Siloam115 Sales tekan tombol Simpan.....................................passed
Then Siloam115 Validasi Data tersimpan dan form ter-update..................passed
]]></system-out>
    </testcase>
    <testcase classname="Update Data Sales Empat Kombinasi" name="Siloam115 Sales Update Data Empat Kombinasi 64" time="14.826">
        <system-out><![CDATA[When Siloam115 Sales Tekan Tombol Edit......................................passed
And Siloam115 Sales Melakukan Update Pada , , 1634567654321230, , KOTA PADANG, , Tangerang, dan Test.passed
And Siloam115 Sales tekan tombol Simpan.....................................passed
Then Siloam115 Validasi Data tersimpan dan form ter-update..................passed
]]></system-out>
    </testcase>
    <testcase classname="Update Data Sales Empat Kombinasi" name="Siloam115 Sales Update Data Empat Kombinasi 65" time="14.655">
        <system-out><![CDATA[When Siloam115 Sales Tekan Tombol Edit......................................passed
And Siloam115 Sales Melakukan Update Pada , , 1634567654321230, , , Klinik Test, Tangerang, dan Test.passed
And Siloam115 Sales tekan tombol Simpan.....................................passed
Then Siloam115 Validasi Data tersimpan dan form ter-update..................passed
]]></system-out>
    </testcase>
    <testcase classname="Update Data Sales Empat Kombinasi" name="Siloam115 Sales Update Data Empat Kombinasi 66" time="14.587">
        <system-out><![CDATA[When Siloam115 Sales Tekan Tombol Edit......................................passed
And Siloam115 Sales Melakukan Update Pada , , , Padang, KOTA PADANG, Klinik Test, Tangerang, dan .passed
And Siloam115 Sales tekan tombol Simpan.....................................passed
Then Siloam115 Validasi Data tersimpan dan form ter-update..................passed
]]></system-out>
    </testcase>
    <testcase classname="Update Data Sales Empat Kombinasi" name="Siloam115 Sales Update Data Empat Kombinasi 67" time="13.534">
        <system-out><![CDATA[When Siloam115 Sales Tekan Tombol Edit......................................passed
And Siloam115 Sales Melakukan Update Pada , , , Padang, KOTA PADANG, Klinik Test, , dan Test.passed
And Siloam115 Sales tekan tombol Simpan.....................................passed
Then Siloam115 Validasi Data tersimpan dan form ter-update..................passed
]]></system-out>
    </testcase>
    <testcase classname="Update Data Sales Empat Kombinasi" name="Siloam115 Sales Update Data Empat Kombinasi 68" time="14.665">
        <system-out><![CDATA[When Siloam115 Sales Tekan Tombol Edit......................................passed
And Siloam115 Sales Melakukan Update Pada , , , Padang, KOTA PADANG, , Tangerang, dan Test.passed
And Siloam115 Sales tekan tombol Simpan.....................................passed
Then Siloam115 Validasi Data tersimpan dan form ter-update..................passed
]]></system-out>
    </testcase>
    <testcase classname="Update Data Sales Empat Kombinasi" name="Siloam115 Sales Update Data Empat Kombinasi 69" time="14.165">
        <system-out><![CDATA[When Siloam115 Sales Tekan Tombol Edit......................................passed
And Siloam115 Sales Melakukan Update Pada , , , Padang, , Klinik Test, Tangerang, dan Test.passed
And Siloam115 Sales tekan tombol Simpan.....................................passed
Then Siloam115 Validasi Data tersimpan dan form ter-update..................passed
]]></system-out>
    </testcase>
    <testcase classname="Update Data Sales Empat Kombinasi" name="Siloam115 Sales Update Data Empat Kombinasi 70" time="14.717">
        <system-out><![CDATA[When Siloam115 Sales Tekan Tombol Edit......................................passed
And Siloam115 Sales Melakukan Update Pada , , , , KOTA PADANG, Klinik Test, Tangerang, dan Test.passed
And Siloam115 Sales tekan tombol Simpan.....................................passed
Then Siloam115 Validasi Data tersimpan dan form ter-update..................passed
]]></system-out>
    </testcase>
    <testcase classname="Update Data Sales Lima Kombinasi" name="Siloam120 Sales Update Data Lima Kombinasi" time="13.253">
        <failure message="expected [Aditya] but found [ADIT]" type="java.lang.AssertionError"><![CDATA[When Siloam120 Sales Tekan Tombol Edit......................................passed
And Siloam120 Sales Melakukan Update Pada Aditya, 7263548901932, 9127846376190291, Kediri, KOTA KEDIRI, , , dan .passed
And Siloam120 Sales tekan tombol Simpan.....................................passed
Then Siloam120 Validasi Data Tersimpan Dan Form Ter-update..................failed

StackTrace:
java.lang.AssertionError: expected [Aditya] but found [ADIT]
	at org.testng.Assert.fail(Assert.java:110)
	at org.testng.Assert.failNotEquals(Assert.java:1413)
	at org.testng.Assert.assertEqualsImpl(Assert.java:149)
	at org.testng.Assert.assertEquals(Assert.java:131)
	at org.testng.Assert.assertEquals(Assert.java:655)
	at org.testng.Assert.assertEquals(Assert.java:665)
	at cucumber.framework.runner.siloam.ttddigitalpage.TestTTDPageKombinasiLima.siloam120_validasi_data_tersimpan_dan_form_ter_update(TestTTDPageKombinasiLima.java:131)
	at ✽.Siloam120 Validasi Data Tersimpan Dan Form Ter-update(file:///C:/Users/ROG/git/Tugas%20Akhir/Novri/TA-SQUAD-KEL-SATU/TA-SQUAD-KEL-SATU/src/test/resources/features/siloam-outline/120UpdateDataSalesLimaKombinasi.feature:16)
]]></failure>
    </testcase>
    <testcase classname="Update Data Sales Lima Kombinasi" name="Siloam120 Sales Update Data Lima Kombinasi 2" time="10.356">
        <failure message="expected [Aditya] but found [ADIT]" type="java.lang.AssertionError"><![CDATA[When Siloam120 Sales Tekan Tombol Edit......................................passed
And Siloam120 Sales Melakukan Update Pada Aditya, 7263548901932, 9127846376190291, Kediri, , Klinik Testing, , dan .passed
And Siloam120 Sales tekan tombol Simpan.....................................passed
Then Siloam120 Validasi Data Tersimpan Dan Form Ter-update..................failed

StackTrace:
java.lang.AssertionError: expected [Aditya] but found [ADIT]
	at org.testng.Assert.fail(Assert.java:110)
	at org.testng.Assert.failNotEquals(Assert.java:1413)
	at org.testng.Assert.assertEqualsImpl(Assert.java:149)
	at org.testng.Assert.assertEquals(Assert.java:131)
	at org.testng.Assert.assertEquals(Assert.java:655)
	at org.testng.Assert.assertEquals(Assert.java:665)
	at cucumber.framework.runner.siloam.ttddigitalpage.TestTTDPageKombinasiLima.siloam120_validasi_data_tersimpan_dan_form_ter_update(TestTTDPageKombinasiLima.java:131)
	at ✽.Siloam120 Validasi Data Tersimpan Dan Form Ter-update(file:///C:/Users/ROG/git/Tugas%20Akhir/Novri/TA-SQUAD-KEL-SATU/TA-SQUAD-KEL-SATU/src/test/resources/features/siloam-outline/120UpdateDataSalesLimaKombinasi.feature:16)
]]></failure>
    </testcase>
    <testcase classname="Update Data Sales Lima Kombinasi" name="Siloam120 Sales Update Data Lima Kombinasi 3" time="11.094">
        <failure message="expected [Aditya] but found [ADIT]" type="java.lang.AssertionError"><![CDATA[When Siloam120 Sales Tekan Tombol Edit......................................passed
And Siloam120 Sales Melakukan Update Pada Aditya, 7263548901932, 9127846376190291, Kediri, , , Kota Bogor, dan .passed
And Siloam120 Sales tekan tombol Simpan.....................................passed
Then Siloam120 Validasi Data Tersimpan Dan Form Ter-update..................failed

StackTrace:
java.lang.AssertionError: expected [Aditya] but found [ADIT]
	at org.testng.Assert.fail(Assert.java:110)
	at org.testng.Assert.failNotEquals(Assert.java:1413)
	at org.testng.Assert.assertEqualsImpl(Assert.java:149)
	at org.testng.Assert.assertEquals(Assert.java:131)
	at org.testng.Assert.assertEquals(Assert.java:655)
	at org.testng.Assert.assertEquals(Assert.java:665)
	at cucumber.framework.runner.siloam.ttddigitalpage.TestTTDPageKombinasiLima.siloam120_validasi_data_tersimpan_dan_form_ter_update(TestTTDPageKombinasiLima.java:131)
	at ✽.Siloam120 Validasi Data Tersimpan Dan Form Ter-update(file:///C:/Users/ROG/git/Tugas%20Akhir/Novri/TA-SQUAD-KEL-SATU/TA-SQUAD-KEL-SATU/src/test/resources/features/siloam-outline/120UpdateDataSalesLimaKombinasi.feature:16)
]]></failure>
    </testcase>
    <testcase classname="Update Data Sales Lima Kombinasi" name="Siloam120 Sales Update Data Lima Kombinasi 4" time="10.201">
        <failure message="expected [Aditya] but found [ADIT]" type="java.lang.AssertionError"><![CDATA[When Siloam120 Sales Tekan Tombol Edit......................................passed
And Siloam120 Sales Melakukan Update Pada Aditya, 7263548901932, 9127846376190291, Kediri, , , , dan Testing.passed
And Siloam120 Sales tekan tombol Simpan.....................................passed
Then Siloam120 Validasi Data Tersimpan Dan Form Ter-update..................failed

StackTrace:
java.lang.AssertionError: expected [Aditya] but found [ADIT]
	at org.testng.Assert.fail(Assert.java:110)
	at org.testng.Assert.failNotEquals(Assert.java:1413)
	at org.testng.Assert.assertEqualsImpl(Assert.java:149)
	at org.testng.Assert.assertEquals(Assert.java:131)
	at org.testng.Assert.assertEquals(Assert.java:655)
	at org.testng.Assert.assertEquals(Assert.java:665)
	at cucumber.framework.runner.siloam.ttddigitalpage.TestTTDPageKombinasiLima.siloam120_validasi_data_tersimpan_dan_form_ter_update(TestTTDPageKombinasiLima.java:131)
	at ✽.Siloam120 Validasi Data Tersimpan Dan Form Ter-update(file:///C:/Users/ROG/git/Tugas%20Akhir/Novri/TA-SQUAD-KEL-SATU/TA-SQUAD-KEL-SATU/src/test/resources/features/siloam-outline/120UpdateDataSalesLimaKombinasi.feature:16)
]]></failure>
    </testcase>
    <testcase classname="Update Data Sales Lima Kombinasi" name="Siloam120 Sales Update Data Lima Kombinasi 5" time="11.227">
        <failure message="expected [Aditya] but found [ADIT]" type="java.lang.AssertionError"><![CDATA[When Siloam120 Sales Tekan Tombol Edit......................................passed
And Siloam120 Sales Melakukan Update Pada Aditya, 7263548901932, 9127846376190291, , KOTA KEDIRI, Klinik Testing, , dan .passed
And Siloam120 Sales tekan tombol Simpan.....................................passed
Then Siloam120 Validasi Data Tersimpan Dan Form Ter-update..................failed

StackTrace:
java.lang.AssertionError: expected [Aditya] but found [ADIT]
	at org.testng.Assert.fail(Assert.java:110)
	at org.testng.Assert.failNotEquals(Assert.java:1413)
	at org.testng.Assert.assertEqualsImpl(Assert.java:149)
	at org.testng.Assert.assertEquals(Assert.java:131)
	at org.testng.Assert.assertEquals(Assert.java:655)
	at org.testng.Assert.assertEquals(Assert.java:665)
	at cucumber.framework.runner.siloam.ttddigitalpage.TestTTDPageKombinasiLima.siloam120_validasi_data_tersimpan_dan_form_ter_update(TestTTDPageKombinasiLima.java:131)
	at ✽.Siloam120 Validasi Data Tersimpan Dan Form Ter-update(file:///C:/Users/ROG/git/Tugas%20Akhir/Novri/TA-SQUAD-KEL-SATU/TA-SQUAD-KEL-SATU/src/test/resources/features/siloam-outline/120UpdateDataSalesLimaKombinasi.feature:16)
]]></failure>
    </testcase>
    <testcase classname="Update Data Sales Lima Kombinasi" name="Siloam120 Sales Update Data Lima Kombinasi 6" time="12.313">
        <failure message="expected [Aditya] but found [ADIT]" type="java.lang.AssertionError"><![CDATA[When Siloam120 Sales Tekan Tombol Edit......................................passed
And Siloam120 Sales Melakukan Update Pada Aditya, 7263548901932, 9127846376190291, , KOTA KEDIRI, , Kota Bogor, dan .passed
And Siloam120 Sales tekan tombol Simpan.....................................passed
Then Siloam120 Validasi Data Tersimpan Dan Form Ter-update..................failed

StackTrace:
java.lang.AssertionError: expected [Aditya] but found [ADIT]
	at org.testng.Assert.fail(Assert.java:110)
	at org.testng.Assert.failNotEquals(Assert.java:1413)
	at org.testng.Assert.assertEqualsImpl(Assert.java:149)
	at org.testng.Assert.assertEquals(Assert.java:131)
	at org.testng.Assert.assertEquals(Assert.java:655)
	at org.testng.Assert.assertEquals(Assert.java:665)
	at cucumber.framework.runner.siloam.ttddigitalpage.TestTTDPageKombinasiLima.siloam120_validasi_data_tersimpan_dan_form_ter_update(TestTTDPageKombinasiLima.java:131)
	at ✽.Siloam120 Validasi Data Tersimpan Dan Form Ter-update(file:///C:/Users/ROG/git/Tugas%20Akhir/Novri/TA-SQUAD-KEL-SATU/TA-SQUAD-KEL-SATU/src/test/resources/features/siloam-outline/120UpdateDataSalesLimaKombinasi.feature:16)
]]></failure>
    </testcase>
    <testcase classname="Update Data Sales Lima Kombinasi" name="Siloam120 Sales Update Data Lima Kombinasi 7" time="11.747">
        <failure message="expected [Aditya] but found [ADIT]" type="java.lang.AssertionError"><![CDATA[When Siloam120 Sales Tekan Tombol Edit......................................passed
And Siloam120 Sales Melakukan Update Pada Aditya, 7263548901932, 9127846376190291, , KOTA KEDIRI, , , dan Testing.passed
And Siloam120 Sales tekan tombol Simpan.....................................passed
Then Siloam120 Validasi Data Tersimpan Dan Form Ter-update..................failed

StackTrace:
java.lang.AssertionError: expected [Aditya] but found [ADIT]
	at org.testng.Assert.fail(Assert.java:110)
	at org.testng.Assert.failNotEquals(Assert.java:1413)
	at org.testng.Assert.assertEqualsImpl(Assert.java:149)
	at org.testng.Assert.assertEquals(Assert.java:131)
	at org.testng.Assert.assertEquals(Assert.java:655)
	at org.testng.Assert.assertEquals(Assert.java:665)
	at cucumber.framework.runner.siloam.ttddigitalpage.TestTTDPageKombinasiLima.siloam120_validasi_data_tersimpan_dan_form_ter_update(TestTTDPageKombinasiLima.java:131)
	at ✽.Siloam120 Validasi Data Tersimpan Dan Form Ter-update(file:///C:/Users/ROG/git/Tugas%20Akhir/Novri/TA-SQUAD-KEL-SATU/TA-SQUAD-KEL-SATU/src/test/resources/features/siloam-outline/120UpdateDataSalesLimaKombinasi.feature:16)
]]></failure>
    </testcase>
    <testcase classname="Update Data Sales Lima Kombinasi" name="Siloam120 Sales Update Data Lima Kombinasi 8" time="11.256">
        <failure message="expected [Aditya] but found [ADIT]" type="java.lang.AssertionError"><![CDATA[When Siloam120 Sales Tekan Tombol Edit......................................passed
And Siloam120 Sales Melakukan Update Pada Aditya, 7263548901932, 9127846376190291, , , Klinik Testing, Kota Bogor, dan .passed
And Siloam120 Sales tekan tombol Simpan.....................................passed
Then Siloam120 Validasi Data Tersimpan Dan Form Ter-update..................failed

StackTrace:
java.lang.AssertionError: expected [Aditya] but found [ADIT]
	at org.testng.Assert.fail(Assert.java:110)
	at org.testng.Assert.failNotEquals(Assert.java:1413)
	at org.testng.Assert.assertEqualsImpl(Assert.java:149)
	at org.testng.Assert.assertEquals(Assert.java:131)
	at org.testng.Assert.assertEquals(Assert.java:655)
	at org.testng.Assert.assertEquals(Assert.java:665)
	at cucumber.framework.runner.siloam.ttddigitalpage.TestTTDPageKombinasiLima.siloam120_validasi_data_tersimpan_dan_form_ter_update(TestTTDPageKombinasiLima.java:131)
	at ✽.Siloam120 Validasi Data Tersimpan Dan Form Ter-update(file:///C:/Users/ROG/git/Tugas%20Akhir/Novri/TA-SQUAD-KEL-SATU/TA-SQUAD-KEL-SATU/src/test/resources/features/siloam-outline/120UpdateDataSalesLimaKombinasi.feature:16)
]]></failure>
    </testcase>
    <testcase classname="Update Data Sales Lima Kombinasi" name="Siloam120 Sales Update Data Lima Kombinasi 9" time="10.091">
        <failure message="expected [Aditya] but found [ADIT]" type="java.lang.AssertionError"><![CDATA[When Siloam120 Sales Tekan Tombol Edit......................................passed
And Siloam120 Sales Melakukan Update Pada Aditya, 7263548901932, 9127846376190291, , , Klinik Testing, , dan Testing.passed
And Siloam120 Sales tekan tombol Simpan.....................................passed
Then Siloam120 Validasi Data Tersimpan Dan Form Ter-update..................failed

StackTrace:
java.lang.AssertionError: expected [Aditya] but found [ADIT]
	at org.testng.Assert.fail(Assert.java:110)
	at org.testng.Assert.failNotEquals(Assert.java:1413)
	at org.testng.Assert.assertEqualsImpl(Assert.java:149)
	at org.testng.Assert.assertEquals(Assert.java:131)
	at org.testng.Assert.assertEquals(Assert.java:655)
	at org.testng.Assert.assertEquals(Assert.java:665)
	at cucumber.framework.runner.siloam.ttddigitalpage.TestTTDPageKombinasiLima.siloam120_validasi_data_tersimpan_dan_form_ter_update(TestTTDPageKombinasiLima.java:131)
	at ✽.Siloam120 Validasi Data Tersimpan Dan Form Ter-update(file:///C:/Users/ROG/git/Tugas%20Akhir/Novri/TA-SQUAD-KEL-SATU/TA-SQUAD-KEL-SATU/src/test/resources/features/siloam-outline/120UpdateDataSalesLimaKombinasi.feature:16)
]]></failure>
    </testcase>
    <testcase classname="Update Data Sales Lima Kombinasi" name="Siloam120 Sales Update Data Lima Kombinasi 10" time="11.01">
        <failure message="expected [Aditya] but found [ADIT]" type="java.lang.AssertionError"><![CDATA[When Siloam120 Sales Tekan Tombol Edit......................................passed
And Siloam120 Sales Melakukan Update Pada Aditya, 7263548901932, 9127846376190291, , , , Kota Bogor, dan Testing.passed
And Siloam120 Sales tekan tombol Simpan.....................................passed
Then Siloam120 Validasi Data Tersimpan Dan Form Ter-update..................failed

StackTrace:
java.lang.AssertionError: expected [Aditya] but found [ADIT]
	at org.testng.Assert.fail(Assert.java:110)
	at org.testng.Assert.failNotEquals(Assert.java:1413)
	at org.testng.Assert.assertEqualsImpl(Assert.java:149)
	at org.testng.Assert.assertEquals(Assert.java:131)
	at org.testng.Assert.assertEquals(Assert.java:655)
	at org.testng.Assert.assertEquals(Assert.java:665)
	at cucumber.framework.runner.siloam.ttddigitalpage.TestTTDPageKombinasiLima.siloam120_validasi_data_tersimpan_dan_form_ter_update(TestTTDPageKombinasiLima.java:131)
	at ✽.Siloam120 Validasi Data Tersimpan Dan Form Ter-update(file:///C:/Users/ROG/git/Tugas%20Akhir/Novri/TA-SQUAD-KEL-SATU/TA-SQUAD-KEL-SATU/src/test/resources/features/siloam-outline/120UpdateDataSalesLimaKombinasi.feature:16)
]]></failure>
    </testcase>
    <testcase classname="Update Data Sales Lima Kombinasi" name="Siloam120 Sales Update Data Lima Kombinasi 11" time="11.442">
        <failure message="expected [Aditya] but found [ADIT]" type="java.lang.AssertionError"><![CDATA[When Siloam120 Sales Tekan Tombol Edit......................................passed
And Siloam120 Sales Melakukan Update Pada Aditya, 7263548901932, , Kediri, KOTA KEDIRI, Klinik Testing, , dan .passed
And Siloam120 Sales tekan tombol Simpan.....................................passed
Then Siloam120 Validasi Data Tersimpan Dan Form Ter-update..................failed

StackTrace:
java.lang.AssertionError: expected [Aditya] but found [ADIT]
	at org.testng.Assert.fail(Assert.java:110)
	at org.testng.Assert.failNotEquals(Assert.java:1413)
	at org.testng.Assert.assertEqualsImpl(Assert.java:149)
	at org.testng.Assert.assertEquals(Assert.java:131)
	at org.testng.Assert.assertEquals(Assert.java:655)
	at org.testng.Assert.assertEquals(Assert.java:665)
	at cucumber.framework.runner.siloam.ttddigitalpage.TestTTDPageKombinasiLima.siloam120_validasi_data_tersimpan_dan_form_ter_update(TestTTDPageKombinasiLima.java:131)
	at ✽.Siloam120 Validasi Data Tersimpan Dan Form Ter-update(file:///C:/Users/ROG/git/Tugas%20Akhir/Novri/TA-SQUAD-KEL-SATU/TA-SQUAD-KEL-SATU/src/test/resources/features/siloam-outline/120UpdateDataSalesLimaKombinasi.feature:16)
]]></failure>
    </testcase>
    <testcase classname="Update Data Sales Lima Kombinasi" name="Siloam120 Sales Update Data Lima Kombinasi 12" time="14.479">
        <failure message="expected [Aditya] but found [ADIT]" type="java.lang.AssertionError"><![CDATA[When Siloam120 Sales Tekan Tombol Edit......................................passed
And Siloam120 Sales Melakukan Update Pada Aditya, 7263548901932, , Kediri, KOTA KEDIRI, , Kota Bogor, dan .passed
And Siloam120 Sales tekan tombol Simpan.....................................passed
Then Siloam120 Validasi Data Tersimpan Dan Form Ter-update..................failed

StackTrace:
java.lang.AssertionError: expected [Aditya] but found [ADIT]
	at org.testng.Assert.fail(Assert.java:110)
	at org.testng.Assert.failNotEquals(Assert.java:1413)
	at org.testng.Assert.assertEqualsImpl(Assert.java:149)
	at org.testng.Assert.assertEquals(Assert.java:131)
	at org.testng.Assert.assertEquals(Assert.java:655)
	at org.testng.Assert.assertEquals(Assert.java:665)
	at cucumber.framework.runner.siloam.ttddigitalpage.TestTTDPageKombinasiLima.siloam120_validasi_data_tersimpan_dan_form_ter_update(TestTTDPageKombinasiLima.java:131)
	at ✽.Siloam120 Validasi Data Tersimpan Dan Form Ter-update(file:///C:/Users/ROG/git/Tugas%20Akhir/Novri/TA-SQUAD-KEL-SATU/TA-SQUAD-KEL-SATU/src/test/resources/features/siloam-outline/120UpdateDataSalesLimaKombinasi.feature:16)
]]></failure>
    </testcase>
    <testcase classname="Update Data Sales Lima Kombinasi" name="Siloam120 Sales Update Data Lima Kombinasi 13" time="12.431">
        <failure message="expected [Aditya] but found [ADIT]" type="java.lang.AssertionError"><![CDATA[When Siloam120 Sales Tekan Tombol Edit......................................passed
And Siloam120 Sales Melakukan Update Pada Aditya, 7263548901932, , Kediri, KOTA KEDIRI, , , dan Testing.passed
And Siloam120 Sales tekan tombol Simpan.....................................passed
Then Siloam120 Validasi Data Tersimpan Dan Form Ter-update..................failed

StackTrace:
java.lang.AssertionError: expected [Aditya] but found [ADIT]
	at org.testng.Assert.fail(Assert.java:110)
	at org.testng.Assert.failNotEquals(Assert.java:1413)
	at org.testng.Assert.assertEqualsImpl(Assert.java:149)
	at org.testng.Assert.assertEquals(Assert.java:131)
	at org.testng.Assert.assertEquals(Assert.java:655)
	at org.testng.Assert.assertEquals(Assert.java:665)
	at cucumber.framework.runner.siloam.ttddigitalpage.TestTTDPageKombinasiLima.siloam120_validasi_data_tersimpan_dan_form_ter_update(TestTTDPageKombinasiLima.java:131)
	at ✽.Siloam120 Validasi Data Tersimpan Dan Form Ter-update(file:///C:/Users/ROG/git/Tugas%20Akhir/Novri/TA-SQUAD-KEL-SATU/TA-SQUAD-KEL-SATU/src/test/resources/features/siloam-outline/120UpdateDataSalesLimaKombinasi.feature:16)
]]></failure>
    </testcase>
    <testcase classname="Update Data Sales Lima Kombinasi" name="Siloam120 Sales Update Data Lima Kombinasi 14" time="10.93">
        <failure message="expected [Aditya] but found [ADIT]" type="java.lang.AssertionError"><![CDATA[When Siloam120 Sales Tekan Tombol Edit......................................passed
And Siloam120 Sales Melakukan Update Pada Aditya, 7263548901932, , Kediri, , Klinik Testing, Kota Bogor, dan .passed
And Siloam120 Sales tekan tombol Simpan.....................................passed
Then Siloam120 Validasi Data Tersimpan Dan Form Ter-update..................failed

StackTrace:
java.lang.AssertionError: expected [Aditya] but found [ADIT]
	at org.testng.Assert.fail(Assert.java:110)
	at org.testng.Assert.failNotEquals(Assert.java:1413)
	at org.testng.Assert.assertEqualsImpl(Assert.java:149)
	at org.testng.Assert.assertEquals(Assert.java:131)
	at org.testng.Assert.assertEquals(Assert.java:655)
	at org.testng.Assert.assertEquals(Assert.java:665)
	at cucumber.framework.runner.siloam.ttddigitalpage.TestTTDPageKombinasiLima.siloam120_validasi_data_tersimpan_dan_form_ter_update(TestTTDPageKombinasiLima.java:131)
	at ✽.Siloam120 Validasi Data Tersimpan Dan Form Ter-update(file:///C:/Users/ROG/git/Tugas%20Akhir/Novri/TA-SQUAD-KEL-SATU/TA-SQUAD-KEL-SATU/src/test/resources/features/siloam-outline/120UpdateDataSalesLimaKombinasi.feature:16)
]]></failure>
    </testcase>
    <testcase classname="Update Data Sales Lima Kombinasi" name="Siloam120 Sales Update Data Lima Kombinasi 15" time="10.524">
        <failure message="expected [Aditya] but found [ADIT]" type="java.lang.AssertionError"><![CDATA[When Siloam120 Sales Tekan Tombol Edit......................................passed
And Siloam120 Sales Melakukan Update Pada Aditya, 7263548901932, , Kediri, , Klinik Testing, , dan Testing.passed
And Siloam120 Sales tekan tombol Simpan.....................................passed
Then Siloam120 Validasi Data Tersimpan Dan Form Ter-update..................failed

StackTrace:
java.lang.AssertionError: expected [Aditya] but found [ADIT]
	at org.testng.Assert.fail(Assert.java:110)
	at org.testng.Assert.failNotEquals(Assert.java:1413)
	at org.testng.Assert.assertEqualsImpl(Assert.java:149)
	at org.testng.Assert.assertEquals(Assert.java:131)
	at org.testng.Assert.assertEquals(Assert.java:655)
	at org.testng.Assert.assertEquals(Assert.java:665)
	at cucumber.framework.runner.siloam.ttddigitalpage.TestTTDPageKombinasiLima.siloam120_validasi_data_tersimpan_dan_form_ter_update(TestTTDPageKombinasiLima.java:131)
	at ✽.Siloam120 Validasi Data Tersimpan Dan Form Ter-update(file:///C:/Users/ROG/git/Tugas%20Akhir/Novri/TA-SQUAD-KEL-SATU/TA-SQUAD-KEL-SATU/src/test/resources/features/siloam-outline/120UpdateDataSalesLimaKombinasi.feature:16)
]]></failure>
    </testcase>
    <testcase classname="Update Data Sales Lima Kombinasi" name="Siloam120 Sales Update Data Lima Kombinasi 16" time="11.338">
        <failure message="expected [Aditya] but found [ADIT]" type="java.lang.AssertionError"><![CDATA[When Siloam120 Sales Tekan Tombol Edit......................................passed
And Siloam120 Sales Melakukan Update Pada Aditya, 7263548901932, , Kediri, , , Kota Bogor, dan Testing.passed
And Siloam120 Sales tekan tombol Simpan.....................................passed
Then Siloam120 Validasi Data Tersimpan Dan Form Ter-update..................failed

StackTrace:
java.lang.AssertionError: expected [Aditya] but found [ADIT]
	at org.testng.Assert.fail(Assert.java:110)
	at org.testng.Assert.failNotEquals(Assert.java:1413)
	at org.testng.Assert.assertEqualsImpl(Assert.java:149)
	at org.testng.Assert.assertEquals(Assert.java:131)
	at org.testng.Assert.assertEquals(Assert.java:655)
	at org.testng.Assert.assertEquals(Assert.java:665)
	at cucumber.framework.runner.siloam.ttddigitalpage.TestTTDPageKombinasiLima.siloam120_validasi_data_tersimpan_dan_form_ter_update(TestTTDPageKombinasiLima.java:131)
	at ✽.Siloam120 Validasi Data Tersimpan Dan Form Ter-update(file:///C:/Users/ROG/git/Tugas%20Akhir/Novri/TA-SQUAD-KEL-SATU/TA-SQUAD-KEL-SATU/src/test/resources/features/siloam-outline/120UpdateDataSalesLimaKombinasi.feature:16)
]]></failure>
    </testcase>
    <testcase classname="Update Data Sales Lima Kombinasi" name="Siloam120 Sales Update Data Lima Kombinasi 17" time="20.777">
        <failure message="expected [Aditya] but found [ADIT]" type="java.lang.AssertionError"><![CDATA[When Siloam120 Sales Tekan Tombol Edit......................................passed
And Siloam120 Sales Melakukan Update Pada Aditya, 7263548901932, , Kediri, , , Kota Bogor, dan Testing.passed
And Siloam120 Sales tekan tombol Simpan.....................................passed
Then Siloam120 Validasi Data Tersimpan Dan Form Ter-update..................failed

StackTrace:
java.lang.AssertionError: expected [Aditya] but found [ADIT]
	at org.testng.Assert.fail(Assert.java:110)
	at org.testng.Assert.failNotEquals(Assert.java:1413)
	at org.testng.Assert.assertEqualsImpl(Assert.java:149)
	at org.testng.Assert.assertEquals(Assert.java:131)
	at org.testng.Assert.assertEquals(Assert.java:655)
	at org.testng.Assert.assertEquals(Assert.java:665)
	at cucumber.framework.runner.siloam.ttddigitalpage.TestTTDPageKombinasiLima.siloam120_validasi_data_tersimpan_dan_form_ter_update(TestTTDPageKombinasiLima.java:131)
	at ✽.Siloam120 Validasi Data Tersimpan Dan Form Ter-update(file:///C:/Users/ROG/git/Tugas%20Akhir/Novri/TA-SQUAD-KEL-SATU/TA-SQUAD-KEL-SATU/src/test/resources/features/siloam-outline/120UpdateDataSalesLimaKombinasi.feature:16)
]]></failure>
    </testcase>
    <testcase classname="Update Data Sales Lima Kombinasi" name="Siloam120 Sales Update Data Lima Kombinasi 18" time="12.923">
        <failure message="expected [Aditya] but found [ADIT]" type="java.lang.AssertionError"><![CDATA[When Siloam120 Sales Tekan Tombol Edit......................................passed
And Siloam120 Sales Melakukan Update Pada Aditya, 7263548901932, , , KOTA KEDIRI, Klinik Testing, Kota Bogor, dan .passed
And Siloam120 Sales tekan tombol Simpan.....................................passed
Then Siloam120 Validasi Data Tersimpan Dan Form Ter-update..................failed

StackTrace:
java.lang.AssertionError: expected [Aditya] but found [ADIT]
	at org.testng.Assert.fail(Assert.java:110)
	at org.testng.Assert.failNotEquals(Assert.java:1413)
	at org.testng.Assert.assertEqualsImpl(Assert.java:149)
	at org.testng.Assert.assertEquals(Assert.java:131)
	at org.testng.Assert.assertEquals(Assert.java:655)
	at org.testng.Assert.assertEquals(Assert.java:665)
	at cucumber.framework.runner.siloam.ttddigitalpage.TestTTDPageKombinasiLima.siloam120_validasi_data_tersimpan_dan_form_ter_update(TestTTDPageKombinasiLima.java:131)
	at ✽.Siloam120 Validasi Data Tersimpan Dan Form Ter-update(file:///C:/Users/ROG/git/Tugas%20Akhir/Novri/TA-SQUAD-KEL-SATU/TA-SQUAD-KEL-SATU/src/test/resources/features/siloam-outline/120UpdateDataSalesLimaKombinasi.feature:16)
]]></failure>
    </testcase>
    <testcase classname="Update Data Sales Lima Kombinasi" name="Siloam120 Sales Update Data Lima Kombinasi 19" time="11.842">
        <failure message="expected [Aditya] but found [ADIT]" type="java.lang.AssertionError"><![CDATA[When Siloam120 Sales Tekan Tombol Edit......................................passed
And Siloam120 Sales Melakukan Update Pada Aditya, 7263548901932, , , KOTA KEDIRI, Klinik Testing, , dan Testing.passed
And Siloam120 Sales tekan tombol Simpan.....................................passed
Then Siloam120 Validasi Data Tersimpan Dan Form Ter-update..................failed

StackTrace:
java.lang.AssertionError: expected [Aditya] but found [ADIT]
	at org.testng.Assert.fail(Assert.java:110)
	at org.testng.Assert.failNotEquals(Assert.java:1413)
	at org.testng.Assert.assertEqualsImpl(Assert.java:149)
	at org.testng.Assert.assertEquals(Assert.java:131)
	at org.testng.Assert.assertEquals(Assert.java:655)
	at org.testng.Assert.assertEquals(Assert.java:665)
	at cucumber.framework.runner.siloam.ttddigitalpage.TestTTDPageKombinasiLima.siloam120_validasi_data_tersimpan_dan_form_ter_update(TestTTDPageKombinasiLima.java:131)
	at ✽.Siloam120 Validasi Data Tersimpan Dan Form Ter-update(file:///C:/Users/ROG/git/Tugas%20Akhir/Novri/TA-SQUAD-KEL-SATU/TA-SQUAD-KEL-SATU/src/test/resources/features/siloam-outline/120UpdateDataSalesLimaKombinasi.feature:16)
]]></failure>
    </testcase>
    <testcase classname="Update Data Sales Lima Kombinasi" name="Siloam120 Sales Update Data Lima Kombinasi 20" time="13.005">
        <failure message="expected [Aditya] but found [ADIT]" type="java.lang.AssertionError"><![CDATA[When Siloam120 Sales Tekan Tombol Edit......................................passed
And Siloam120 Sales Melakukan Update Pada Aditya, 7263548901932, , , KOTA KEDIRI, , Kota Bogor, dan Testing.passed
And Siloam120 Sales tekan tombol Simpan.....................................passed
Then Siloam120 Validasi Data Tersimpan Dan Form Ter-update..................failed

StackTrace:
java.lang.AssertionError: expected [Aditya] but found [ADIT]
	at org.testng.Assert.fail(Assert.java:110)
	at org.testng.Assert.failNotEquals(Assert.java:1413)
	at org.testng.Assert.assertEqualsImpl(Assert.java:149)
	at org.testng.Assert.assertEquals(Assert.java:131)
	at org.testng.Assert.assertEquals(Assert.java:655)
	at org.testng.Assert.assertEquals(Assert.java:665)
	at cucumber.framework.runner.siloam.ttddigitalpage.TestTTDPageKombinasiLima.siloam120_validasi_data_tersimpan_dan_form_ter_update(TestTTDPageKombinasiLima.java:131)
	at ✽.Siloam120 Validasi Data Tersimpan Dan Form Ter-update(file:///C:/Users/ROG/git/Tugas%20Akhir/Novri/TA-SQUAD-KEL-SATU/TA-SQUAD-KEL-SATU/src/test/resources/features/siloam-outline/120UpdateDataSalesLimaKombinasi.feature:16)
]]></failure>
    </testcase>
    <testcase classname="Update Data Sales Lima Kombinasi" name="Siloam120 Sales Update Data Lima Kombinasi 21" time="11.043">
        <failure message="expected [Aditya] but found [ADIT]" type="java.lang.AssertionError"><![CDATA[When Siloam120 Sales Tekan Tombol Edit......................................passed
And Siloam120 Sales Melakukan Update Pada Aditya, 7263548901932, , , , Klinik Testing, Kota Bogor, dan Testing.passed
And Siloam120 Sales tekan tombol Simpan.....................................passed
Then Siloam120 Validasi Data Tersimpan Dan Form Ter-update..................failed

StackTrace:
java.lang.AssertionError: expected [Aditya] but found [ADIT]
	at org.testng.Assert.fail(Assert.java:110)
	at org.testng.Assert.failNotEquals(Assert.java:1413)
	at org.testng.Assert.assertEqualsImpl(Assert.java:149)
	at org.testng.Assert.assertEquals(Assert.java:131)
	at org.testng.Assert.assertEquals(Assert.java:655)
	at org.testng.Assert.assertEquals(Assert.java:665)
	at cucumber.framework.runner.siloam.ttddigitalpage.TestTTDPageKombinasiLima.siloam120_validasi_data_tersimpan_dan_form_ter_update(TestTTDPageKombinasiLima.java:131)
	at ✽.Siloam120 Validasi Data Tersimpan Dan Form Ter-update(file:///C:/Users/ROG/git/Tugas%20Akhir/Novri/TA-SQUAD-KEL-SATU/TA-SQUAD-KEL-SATU/src/test/resources/features/siloam-outline/120UpdateDataSalesLimaKombinasi.feature:16)
]]></failure>
    </testcase>
    <testcase classname="Update Data Sales Lima Kombinasi" name="Siloam120 Sales Update Data Lima Kombinasi 22" time="10.927">
        <failure message="expected [Aditya] but found [ADIT]" type="java.lang.AssertionError"><![CDATA[When Siloam120 Sales Tekan Tombol Edit......................................passed
And Siloam120 Sales Melakukan Update Pada Aditya, , 9127846376190291, Kediri, KOTA KEDIRI, Klinik Testing, , dan .passed
And Siloam120 Sales tekan tombol Simpan.....................................passed
Then Siloam120 Validasi Data Tersimpan Dan Form Ter-update..................failed

StackTrace:
java.lang.AssertionError: expected [Aditya] but found [ADIT]
	at org.testng.Assert.fail(Assert.java:110)
	at org.testng.Assert.failNotEquals(Assert.java:1413)
	at org.testng.Assert.assertEqualsImpl(Assert.java:149)
	at org.testng.Assert.assertEquals(Assert.java:131)
	at org.testng.Assert.assertEquals(Assert.java:655)
	at org.testng.Assert.assertEquals(Assert.java:665)
	at cucumber.framework.runner.siloam.ttddigitalpage.TestTTDPageKombinasiLima.siloam120_validasi_data_tersimpan_dan_form_ter_update(TestTTDPageKombinasiLima.java:131)
	at ✽.Siloam120 Validasi Data Tersimpan Dan Form Ter-update(file:///C:/Users/ROG/git/Tugas%20Akhir/Novri/TA-SQUAD-KEL-SATU/TA-SQUAD-KEL-SATU/src/test/resources/features/siloam-outline/120UpdateDataSalesLimaKombinasi.feature:16)
]]></failure>
    </testcase>
    <testcase classname="Update Data Sales Lima Kombinasi" name="Siloam120 Sales Update Data Lima Kombinasi 23" time="12.32">
        <failure message="expected [Aditya] but found [ADIT]" type="java.lang.AssertionError"><![CDATA[When Siloam120 Sales Tekan Tombol Edit......................................passed
And Siloam120 Sales Melakukan Update Pada Aditya, , 9127846376190291, Kediri, KOTA KEDIRI, , Kota Bogor, dan .passed
And Siloam120 Sales tekan tombol Simpan.....................................passed
Then Siloam120 Validasi Data Tersimpan Dan Form Ter-update..................failed

StackTrace:
java.lang.AssertionError: expected [Aditya] but found [ADIT]
	at org.testng.Assert.fail(Assert.java:110)
	at org.testng.Assert.failNotEquals(Assert.java:1413)
	at org.testng.Assert.assertEqualsImpl(Assert.java:149)
	at org.testng.Assert.assertEquals(Assert.java:131)
	at org.testng.Assert.assertEquals(Assert.java:655)
	at org.testng.Assert.assertEquals(Assert.java:665)
	at cucumber.framework.runner.siloam.ttddigitalpage.TestTTDPageKombinasiLima.siloam120_validasi_data_tersimpan_dan_form_ter_update(TestTTDPageKombinasiLima.java:131)
	at ✽.Siloam120 Validasi Data Tersimpan Dan Form Ter-update(file:///C:/Users/ROG/git/Tugas%20Akhir/Novri/TA-SQUAD-KEL-SATU/TA-SQUAD-KEL-SATU/src/test/resources/features/siloam-outline/120UpdateDataSalesLimaKombinasi.feature:16)
]]></failure>
    </testcase>
    <testcase classname="Update Data Sales Lima Kombinasi" name="Siloam120 Sales Update Data Lima Kombinasi 24" time="10.955">
        <failure message="expected [Aditya] but found [ADIT]" type="java.lang.AssertionError"><![CDATA[When Siloam120 Sales Tekan Tombol Edit......................................passed
And Siloam120 Sales Melakukan Update Pada Aditya, , 9127846376190291, Kediri, KOTA KEDIRI, , , dan Testing.passed
And Siloam120 Sales tekan tombol Simpan.....................................passed
Then Siloam120 Validasi Data Tersimpan Dan Form Ter-update..................failed

StackTrace:
java.lang.AssertionError: expected [Aditya] but found [ADIT]
	at org.testng.Assert.fail(Assert.java:110)
	at org.testng.Assert.failNotEquals(Assert.java:1413)
	at org.testng.Assert.assertEqualsImpl(Assert.java:149)
	at org.testng.Assert.assertEquals(Assert.java:131)
	at org.testng.Assert.assertEquals(Assert.java:655)
	at org.testng.Assert.assertEquals(Assert.java:665)
	at cucumber.framework.runner.siloam.ttddigitalpage.TestTTDPageKombinasiLima.siloam120_validasi_data_tersimpan_dan_form_ter_update(TestTTDPageKombinasiLima.java:131)
	at ✽.Siloam120 Validasi Data Tersimpan Dan Form Ter-update(file:///C:/Users/ROG/git/Tugas%20Akhir/Novri/TA-SQUAD-KEL-SATU/TA-SQUAD-KEL-SATU/src/test/resources/features/siloam-outline/120UpdateDataSalesLimaKombinasi.feature:16)
]]></failure>
    </testcase>
    <testcase classname="Update Data Sales Lima Kombinasi" name="Siloam120 Sales Update Data Lima Kombinasi 25" time="11.196">
        <failure message="expected [Aditya] but found [ADIT]" type="java.lang.AssertionError"><![CDATA[When Siloam120 Sales Tekan Tombol Edit......................................passed
And Siloam120 Sales Melakukan Update Pada Aditya, , 9127846376190291, Kediri, , Klinik Testing, Kota Bogor, dan .passed
And Siloam120 Sales tekan tombol Simpan.....................................passed
Then Siloam120 Validasi Data Tersimpan Dan Form Ter-update..................failed

StackTrace:
java.lang.AssertionError: expected [Aditya] but found [ADIT]
	at org.testng.Assert.fail(Assert.java:110)
	at org.testng.Assert.failNotEquals(Assert.java:1413)
	at org.testng.Assert.assertEqualsImpl(Assert.java:149)
	at org.testng.Assert.assertEquals(Assert.java:131)
	at org.testng.Assert.assertEquals(Assert.java:655)
	at org.testng.Assert.assertEquals(Assert.java:665)
	at cucumber.framework.runner.siloam.ttddigitalpage.TestTTDPageKombinasiLima.siloam120_validasi_data_tersimpan_dan_form_ter_update(TestTTDPageKombinasiLima.java:131)
	at ✽.Siloam120 Validasi Data Tersimpan Dan Form Ter-update(file:///C:/Users/ROG/git/Tugas%20Akhir/Novri/TA-SQUAD-KEL-SATU/TA-SQUAD-KEL-SATU/src/test/resources/features/siloam-outline/120UpdateDataSalesLimaKombinasi.feature:16)
]]></failure>
    </testcase>
    <testcase classname="Update Data Sales Lima Kombinasi" name="Siloam120 Sales Update Data Lima Kombinasi 26" time="10.224">
        <failure message="expected [Aditya] but found [ADIT]" type="java.lang.AssertionError"><![CDATA[When Siloam120 Sales Tekan Tombol Edit......................................passed
And Siloam120 Sales Melakukan Update Pada Aditya, , 9127846376190291, Kediri, , Klinik Testing, , dan Testing.passed
And Siloam120 Sales tekan tombol Simpan.....................................passed
Then Siloam120 Validasi Data Tersimpan Dan Form Ter-update..................failed

StackTrace:
java.lang.AssertionError: expected [Aditya] but found [ADIT]
	at org.testng.Assert.fail(Assert.java:110)
	at org.testng.Assert.failNotEquals(Assert.java:1413)
	at org.testng.Assert.assertEqualsImpl(Assert.java:149)
	at org.testng.Assert.assertEquals(Assert.java:131)
	at org.testng.Assert.assertEquals(Assert.java:655)
	at org.testng.Assert.assertEquals(Assert.java:665)
	at cucumber.framework.runner.siloam.ttddigitalpage.TestTTDPageKombinasiLima.siloam120_validasi_data_tersimpan_dan_form_ter_update(TestTTDPageKombinasiLima.java:131)
	at ✽.Siloam120 Validasi Data Tersimpan Dan Form Ter-update(file:///C:/Users/ROG/git/Tugas%20Akhir/Novri/TA-SQUAD-KEL-SATU/TA-SQUAD-KEL-SATU/src/test/resources/features/siloam-outline/120UpdateDataSalesLimaKombinasi.feature:16)
]]></failure>
    </testcase>
    <testcase classname="Update Data Sales Lima Kombinasi" name="Siloam120 Sales Update Data Lima Kombinasi 27" time="13.357">
        <failure message="expected [Aditya] but found [ADIT]" type="java.lang.AssertionError"><![CDATA[When Siloam120 Sales Tekan Tombol Edit......................................passed
And Siloam120 Sales Melakukan Update Pada Aditya, , 9127846376190291, , KOTA KEDIRI, Klinik Testing, Kota Bogor, dan .passed
And Siloam120 Sales tekan tombol Simpan.....................................passed
Then Siloam120 Validasi Data Tersimpan Dan Form Ter-update..................failed

StackTrace:
java.lang.AssertionError: expected [Aditya] but found [ADIT]
	at org.testng.Assert.fail(Assert.java:110)
	at org.testng.Assert.failNotEquals(Assert.java:1413)
	at org.testng.Assert.assertEqualsImpl(Assert.java:149)
	at org.testng.Assert.assertEquals(Assert.java:131)
	at org.testng.Assert.assertEquals(Assert.java:655)
	at org.testng.Assert.assertEquals(Assert.java:665)
	at cucumber.framework.runner.siloam.ttddigitalpage.TestTTDPageKombinasiLima.siloam120_validasi_data_tersimpan_dan_form_ter_update(TestTTDPageKombinasiLima.java:131)
	at ✽.Siloam120 Validasi Data Tersimpan Dan Form Ter-update(file:///C:/Users/ROG/git/Tugas%20Akhir/Novri/TA-SQUAD-KEL-SATU/TA-SQUAD-KEL-SATU/src/test/resources/features/siloam-outline/120UpdateDataSalesLimaKombinasi.feature:16)
]]></failure>
    </testcase>
    <testcase classname="Update Data Sales Lima Kombinasi" name="Siloam120 Sales Update Data Lima Kombinasi 28" time="11.769">
        <failure message="expected [Aditya] but found [ADIT]" type="java.lang.AssertionError"><![CDATA[When Siloam120 Sales Tekan Tombol Edit......................................passed
And Siloam120 Sales Melakukan Update Pada Aditya, , 9127846376190291, , KOTA KEDIRI, Klinik Testing, , dan Testing.passed
And Siloam120 Sales tekan tombol Simpan.....................................passed
Then Siloam120 Validasi Data Tersimpan Dan Form Ter-update..................failed

StackTrace:
java.lang.AssertionError: expected [Aditya] but found [ADIT]
	at org.testng.Assert.fail(Assert.java:110)
	at org.testng.Assert.failNotEquals(Assert.java:1413)
	at org.testng.Assert.assertEqualsImpl(Assert.java:149)
	at org.testng.Assert.assertEquals(Assert.java:131)
	at org.testng.Assert.assertEquals(Assert.java:655)
	at org.testng.Assert.assertEquals(Assert.java:665)
	at cucumber.framework.runner.siloam.ttddigitalpage.TestTTDPageKombinasiLima.siloam120_validasi_data_tersimpan_dan_form_ter_update(TestTTDPageKombinasiLima.java:131)
	at ✽.Siloam120 Validasi Data Tersimpan Dan Form Ter-update(file:///C:/Users/ROG/git/Tugas%20Akhir/Novri/TA-SQUAD-KEL-SATU/TA-SQUAD-KEL-SATU/src/test/resources/features/siloam-outline/120UpdateDataSalesLimaKombinasi.feature:16)
]]></failure>
    </testcase>
    <testcase classname="Update Data Sales Lima Kombinasi" name="Siloam120 Sales Update Data Lima Kombinasi 29" time="12.25">
        <failure message="expected [Aditya] but found [ADIT]" type="java.lang.AssertionError"><![CDATA[When Siloam120 Sales Tekan Tombol Edit......................................passed
And Siloam120 Sales Melakukan Update Pada Aditya, , 9127846376190291, , KOTA KEDIRI, , Kota Bogor, dan Testing.passed
And Siloam120 Sales tekan tombol Simpan.....................................passed
Then Siloam120 Validasi Data Tersimpan Dan Form Ter-update..................failed

StackTrace:
java.lang.AssertionError: expected [Aditya] but found [ADIT]
	at org.testng.Assert.fail(Assert.java:110)
	at org.testng.Assert.failNotEquals(Assert.java:1413)
	at org.testng.Assert.assertEqualsImpl(Assert.java:149)
	at org.testng.Assert.assertEquals(Assert.java:131)
	at org.testng.Assert.assertEquals(Assert.java:655)
	at org.testng.Assert.assertEquals(Assert.java:665)
	at cucumber.framework.runner.siloam.ttddigitalpage.TestTTDPageKombinasiLima.siloam120_validasi_data_tersimpan_dan_form_ter_update(TestTTDPageKombinasiLima.java:131)
	at ✽.Siloam120 Validasi Data Tersimpan Dan Form Ter-update(file:///C:/Users/ROG/git/Tugas%20Akhir/Novri/TA-SQUAD-KEL-SATU/TA-SQUAD-KEL-SATU/src/test/resources/features/siloam-outline/120UpdateDataSalesLimaKombinasi.feature:16)
]]></failure>
    </testcase>
    <testcase classname="Update Data Sales Lima Kombinasi" name="Siloam120 Sales Update Data Lima Kombinasi 30" time="11.986">
        <failure message="expected [Aditya] but found [ADIT]" type="java.lang.AssertionError"><![CDATA[When Siloam120 Sales Tekan Tombol Edit......................................passed
And Siloam120 Sales Melakukan Update Pada Aditya, , 9127846376190291, , , Klinik Testing, Kota Bogor, dan Testing.passed
And Siloam120 Sales tekan tombol Simpan.....................................passed
Then Siloam120 Validasi Data Tersimpan Dan Form Ter-update..................failed

StackTrace:
java.lang.AssertionError: expected [Aditya] but found [ADIT]
	at org.testng.Assert.fail(Assert.java:110)
	at org.testng.Assert.failNotEquals(Assert.java:1413)
	at org.testng.Assert.assertEqualsImpl(Assert.java:149)
	at org.testng.Assert.assertEquals(Assert.java:131)
	at org.testng.Assert.assertEquals(Assert.java:655)
	at org.testng.Assert.assertEquals(Assert.java:665)
	at cucumber.framework.runner.siloam.ttddigitalpage.TestTTDPageKombinasiLima.siloam120_validasi_data_tersimpan_dan_form_ter_update(TestTTDPageKombinasiLima.java:131)
	at ✽.Siloam120 Validasi Data Tersimpan Dan Form Ter-update(file:///C:/Users/ROG/git/Tugas%20Akhir/Novri/TA-SQUAD-KEL-SATU/TA-SQUAD-KEL-SATU/src/test/resources/features/siloam-outline/120UpdateDataSalesLimaKombinasi.feature:16)
]]></failure>
    </testcase>
    <testcase classname="Update Data Sales Lima Kombinasi" name="Siloam120 Sales Update Data Lima Kombinasi 31" time="12.16">
        <failure message="expected [Aditya] but found [ADIT]" type="java.lang.AssertionError"><![CDATA[When Siloam120 Sales Tekan Tombol Edit......................................passed
And Siloam120 Sales Melakukan Update Pada Aditya, , , Kediri, KOTA KEDIRI, Klinik Testing, Kota Bogor, dan .passed
And Siloam120 Sales tekan tombol Simpan.....................................passed
Then Siloam120 Validasi Data Tersimpan Dan Form Ter-update..................failed

StackTrace:
java.lang.AssertionError: expected [Aditya] but found [ADIT]
	at org.testng.Assert.fail(Assert.java:110)
	at org.testng.Assert.failNotEquals(Assert.java:1413)
	at org.testng.Assert.assertEqualsImpl(Assert.java:149)
	at org.testng.Assert.assertEquals(Assert.java:131)
	at org.testng.Assert.assertEquals(Assert.java:655)
	at org.testng.Assert.assertEquals(Assert.java:665)
	at cucumber.framework.runner.siloam.ttddigitalpage.TestTTDPageKombinasiLima.siloam120_validasi_data_tersimpan_dan_form_ter_update(TestTTDPageKombinasiLima.java:131)
	at ✽.Siloam120 Validasi Data Tersimpan Dan Form Ter-update(file:///C:/Users/ROG/git/Tugas%20Akhir/Novri/TA-SQUAD-KEL-SATU/TA-SQUAD-KEL-SATU/src/test/resources/features/siloam-outline/120UpdateDataSalesLimaKombinasi.feature:16)
]]></failure>
    </testcase>
    <testcase classname="Update Data Sales Lima Kombinasi" name="Siloam120 Sales Update Data Lima Kombinasi 32" time="11.221">
        <failure message="expected [Aditya] but found [ADIT]" type="java.lang.AssertionError"><![CDATA[When Siloam120 Sales Tekan Tombol Edit......................................passed
And Siloam120 Sales Melakukan Update Pada Aditya, , , Kediri, KOTA KEDIRI, Klinik Testing, , dan Testing.passed
And Siloam120 Sales tekan tombol Simpan.....................................passed
Then Siloam120 Validasi Data Tersimpan Dan Form Ter-update..................failed

StackTrace:
java.lang.AssertionError: expected [Aditya] but found [ADIT]
	at org.testng.Assert.fail(Assert.java:110)
	at org.testng.Assert.failNotEquals(Assert.java:1413)
	at org.testng.Assert.assertEqualsImpl(Assert.java:149)
	at org.testng.Assert.assertEquals(Assert.java:131)
	at org.testng.Assert.assertEquals(Assert.java:655)
	at org.testng.Assert.assertEquals(Assert.java:665)
	at cucumber.framework.runner.siloam.ttddigitalpage.TestTTDPageKombinasiLima.siloam120_validasi_data_tersimpan_dan_form_ter_update(TestTTDPageKombinasiLima.java:131)
	at ✽.Siloam120 Validasi Data Tersimpan Dan Form Ter-update(file:///C:/Users/ROG/git/Tugas%20Akhir/Novri/TA-SQUAD-KEL-SATU/TA-SQUAD-KEL-SATU/src/test/resources/features/siloam-outline/120UpdateDataSalesLimaKombinasi.feature:16)
]]></failure>
    </testcase>
    <testcase classname="Update Data Sales Lima Kombinasi" name="Siloam120 Sales Update Data Lima Kombinasi 33" time="12.966">
        <failure message="expected [Aditya] but found [ADIT]" type="java.lang.AssertionError"><![CDATA[When Siloam120 Sales Tekan Tombol Edit......................................passed
And Siloam120 Sales Melakukan Update Pada Aditya, , , Kediri, KOTA KEDIRI, , Kota Bogor, dan Testing.passed
And Siloam120 Sales tekan tombol Simpan.....................................passed
Then Siloam120 Validasi Data Tersimpan Dan Form Ter-update..................failed

StackTrace:
java.lang.AssertionError: expected [Aditya] but found [ADIT]
	at org.testng.Assert.fail(Assert.java:110)
	at org.testng.Assert.failNotEquals(Assert.java:1413)
	at org.testng.Assert.assertEqualsImpl(Assert.java:149)
	at org.testng.Assert.assertEquals(Assert.java:131)
	at org.testng.Assert.assertEquals(Assert.java:655)
	at org.testng.Assert.assertEquals(Assert.java:665)
	at cucumber.framework.runner.siloam.ttddigitalpage.TestTTDPageKombinasiLima.siloam120_validasi_data_tersimpan_dan_form_ter_update(TestTTDPageKombinasiLima.java:131)
	at ✽.Siloam120 Validasi Data Tersimpan Dan Form Ter-update(file:///C:/Users/ROG/git/Tugas%20Akhir/Novri/TA-SQUAD-KEL-SATU/TA-SQUAD-KEL-SATU/src/test/resources/features/siloam-outline/120UpdateDataSalesLimaKombinasi.feature:16)
]]></failure>
    </testcase>
    <testcase classname="Update Data Sales Lima Kombinasi" name="Siloam120 Sales Update Data Lima Kombinasi 34" time="11.594">
        <failure message="expected [Aditya] but found [ADIT]" type="java.lang.AssertionError"><![CDATA[When Siloam120 Sales Tekan Tombol Edit......................................passed
And Siloam120 Sales Melakukan Update Pada Aditya, , , Kediri, , Klinik Testing, Kota Bogor, dan Testing.passed
And Siloam120 Sales tekan tombol Simpan.....................................passed
Then Siloam120 Validasi Data Tersimpan Dan Form Ter-update..................failed

StackTrace:
java.lang.AssertionError: expected [Aditya] but found [ADIT]
	at org.testng.Assert.fail(Assert.java:110)
	at org.testng.Assert.failNotEquals(Assert.java:1413)
	at org.testng.Assert.assertEqualsImpl(Assert.java:149)
	at org.testng.Assert.assertEquals(Assert.java:131)
	at org.testng.Assert.assertEquals(Assert.java:655)
	at org.testng.Assert.assertEquals(Assert.java:665)
	at cucumber.framework.runner.siloam.ttddigitalpage.TestTTDPageKombinasiLima.siloam120_validasi_data_tersimpan_dan_form_ter_update(TestTTDPageKombinasiLima.java:131)
	at ✽.Siloam120 Validasi Data Tersimpan Dan Form Ter-update(file:///C:/Users/ROG/git/Tugas%20Akhir/Novri/TA-SQUAD-KEL-SATU/TA-SQUAD-KEL-SATU/src/test/resources/features/siloam-outline/120UpdateDataSalesLimaKombinasi.feature:16)
]]></failure>
    </testcase>
    <testcase classname="Update Data Sales Lima Kombinasi" name="Siloam120 Sales Update Data Lima Kombinasi 35" time="13.037">
        <failure message="expected [Aditya] but found [ADIT]" type="java.lang.AssertionError"><![CDATA[When Siloam120 Sales Tekan Tombol Edit......................................passed
And Siloam120 Sales Melakukan Update Pada Aditya, , , , KOTA KEDIRI, Klinik Testing, Kota Bogor, dan Testing.passed
And Siloam120 Sales tekan tombol Simpan.....................................passed
Then Siloam120 Validasi Data Tersimpan Dan Form Ter-update..................failed

StackTrace:
java.lang.AssertionError: expected [Aditya] but found [ADIT]
	at org.testng.Assert.fail(Assert.java:110)
	at org.testng.Assert.failNotEquals(Assert.java:1413)
	at org.testng.Assert.assertEqualsImpl(Assert.java:149)
	at org.testng.Assert.assertEquals(Assert.java:131)
	at org.testng.Assert.assertEquals(Assert.java:655)
	at org.testng.Assert.assertEquals(Assert.java:665)
	at cucumber.framework.runner.siloam.ttddigitalpage.TestTTDPageKombinasiLima.siloam120_validasi_data_tersimpan_dan_form_ter_update(TestTTDPageKombinasiLima.java:131)
	at ✽.Siloam120 Validasi Data Tersimpan Dan Form Ter-update(file:///C:/Users/ROG/git/Tugas%20Akhir/Novri/TA-SQUAD-KEL-SATU/TA-SQUAD-KEL-SATU/src/test/resources/features/siloam-outline/120UpdateDataSalesLimaKombinasi.feature:16)
]]></failure>
    </testcase>
    <testcase classname="Update Data Sales Lima Kombinasi" name="Siloam120 Sales Update Data Lima Kombinasi 36" time="18.003">
        <system-out><![CDATA[When Siloam120 Sales Tekan Tombol Edit......................................passed
And Siloam120 Sales Melakukan Update Pada , 7263548901932, 9127846376190291, Kediri, KOTA KEDIRI, Klinik Testing, , dan .passed
And Siloam120 Sales tekan tombol Simpan.....................................passed
Then Siloam120 Validasi Data Tersimpan Dan Form Ter-update..................passed
]]></system-out>
    </testcase>
    <testcase classname="Update Data Sales Lima Kombinasi" name="Siloam120 Sales Update Data Lima Kombinasi 37" time="17.855">
        <system-out><![CDATA[When Siloam120 Sales Tekan Tombol Edit......................................passed
And Siloam120 Sales Melakukan Update Pada , 7263548901932, 9127846376190291, Kediri, KOTA KEDIRI, , Kota Bogor, dan .passed
And Siloam120 Sales tekan tombol Simpan.....................................passed
Then Siloam120 Validasi Data Tersimpan Dan Form Ter-update..................passed
]]></system-out>
    </testcase>
    <testcase classname="Update Data Sales Lima Kombinasi" name="Siloam120 Sales Update Data Lima Kombinasi 38" time="27.023">
        <system-out><![CDATA[When Siloam120 Sales Tekan Tombol Edit......................................passed
And Siloam120 Sales Melakukan Update Pada , 7263548901932, 9127846376190291, Kediri, KOTA KEDIRI, , , dan Testing.passed
And Siloam120 Sales tekan tombol Simpan.....................................passed
Then Siloam120 Validasi Data Tersimpan Dan Form Ter-update..................passed
]]></system-out>
    </testcase>
    <testcase classname="Update Data Sales Lima Kombinasi" name="Siloam120 Sales Update Data Lima Kombinasi 39" time="19.213">
        <system-out><![CDATA[When Siloam120 Sales Tekan Tombol Edit......................................passed
And Siloam120 Sales Melakukan Update Pada , 7263548901932, 9127846376190291, Kediri, , Klinik Testing, Kota Bogor, dan .passed
And Siloam120 Sales tekan tombol Simpan.....................................passed
Then Siloam120 Validasi Data Tersimpan Dan Form Ter-update..................passed
]]></system-out>
    </testcase>
    <testcase classname="Update Data Sales Lima Kombinasi" name="Siloam120 Sales Update Data Lima Kombinasi 40" time="15.456">
        <system-out><![CDATA[When Siloam120 Sales Tekan Tombol Edit......................................passed
And Siloam120 Sales Melakukan Update Pada , 7263548901932, 9127846376190291, Kediri, , Klinik Testing, , dan Testing.passed
And Siloam120 Sales tekan tombol Simpan.....................................passed
Then Siloam120 Validasi Data Tersimpan Dan Form Ter-update..................passed
]]></system-out>
    </testcase>
    <testcase classname="Update Data Sales Lima Kombinasi" name="Siloam120 Sales Update Data Lima Kombinasi 41" time="16.257">
        <system-out><![CDATA[When Siloam120 Sales Tekan Tombol Edit......................................passed
And Siloam120 Sales Melakukan Update Pada , 7263548901932, 9127846376190291, Kediri, , , Kota Bogor, dan Testing.passed
And Siloam120 Sales tekan tombol Simpan.....................................passed
Then Siloam120 Validasi Data Tersimpan Dan Form Ter-update..................passed
]]></system-out>
    </testcase>
    <testcase classname="Update Data Sales Lima Kombinasi" name="Siloam120 Sales Update Data Lima Kombinasi 42" time="17.36">
        <system-out><![CDATA[When Siloam120 Sales Tekan Tombol Edit......................................passed
And Siloam120 Sales Melakukan Update Pada , 7263548901932, 9127846376190291, , KOTA KEDIRI, Klinik Testing, Kota Bogor, dan .passed
And Siloam120 Sales tekan tombol Simpan.....................................passed
Then Siloam120 Validasi Data Tersimpan Dan Form Ter-update..................passed
]]></system-out>
    </testcase>
    <testcase classname="Update Data Sales Lima Kombinasi" name="Siloam120 Sales Update Data Lima Kombinasi 43" time="16.985">
        <system-out><![CDATA[When Siloam120 Sales Tekan Tombol Edit......................................passed
And Siloam120 Sales Melakukan Update Pada , 7263548901932, 9127846376190291, , KOTA KEDIRI, Klinik Testing, , dan Testing.passed
And Siloam120 Sales tekan tombol Simpan.....................................passed
Then Siloam120 Validasi Data Tersimpan Dan Form Ter-update..................passed
]]></system-out>
    </testcase>
    <testcase classname="Update Data Sales Lima Kombinasi" name="Siloam120 Sales Update Data Lima Kombinasi 44" time="17.522">
        <system-out><![CDATA[When Siloam120 Sales Tekan Tombol Edit......................................passed
And Siloam120 Sales Melakukan Update Pada , 7263548901932, 9127846376190291, , KOTA KEDIRI, , Kota Bogor, dan Testing.passed
And Siloam120 Sales tekan tombol Simpan.....................................passed
Then Siloam120 Validasi Data Tersimpan Dan Form Ter-update..................passed
]]></system-out>
    </testcase>
    <testcase classname="Update Data Sales Lima Kombinasi" name="Siloam120 Sales Update Data Lima Kombinasi 45" time="16.559">
        <system-out><![CDATA[When Siloam120 Sales Tekan Tombol Edit......................................passed
And Siloam120 Sales Melakukan Update Pada , 7263548901932, 9127846376190291, , , Klinik Testing, Kota Bogor, dan Testing.passed
And Siloam120 Sales tekan tombol Simpan.....................................passed
Then Siloam120 Validasi Data Tersimpan Dan Form Ter-update..................passed
]]></system-out>
    </testcase>
    <testcase classname="Update Data Sales Lima Kombinasi" name="Siloam120 Sales Update Data Lima Kombinasi 46" time="16.99">
        <system-out><![CDATA[When Siloam120 Sales Tekan Tombol Edit......................................passed
And Siloam120 Sales Melakukan Update Pada , 7263548901932, , Kediri, KOTA KEDIRI, Klinik Testing, Kota Bogor, dan .passed
And Siloam120 Sales tekan tombol Simpan.....................................passed
Then Siloam120 Validasi Data Tersimpan Dan Form Ter-update..................passed
]]></system-out>
    </testcase>
    <testcase classname="Update Data Sales Lima Kombinasi" name="Siloam120 Sales Update Data Lima Kombinasi 47" time="19.897">
        <system-out><![CDATA[When Siloam120 Sales Tekan Tombol Edit......................................passed
And Siloam120 Sales Melakukan Update Pada , 7263548901932, , Kediri, KOTA KEDIRI, Klinik Testing, , dan Testing.passed
And Siloam120 Sales tekan tombol Simpan.....................................passed
Then Siloam120 Validasi Data Tersimpan Dan Form Ter-update..................passed
]]></system-out>
    </testcase>
    <testcase classname="Update Data Sales Lima Kombinasi" name="Siloam120 Sales Update Data Lima Kombinasi 48" time="17.534">
        <system-out><![CDATA[When Siloam120 Sales Tekan Tombol Edit......................................passed
And Siloam120 Sales Melakukan Update Pada , 7263548901932, , Kediri, KOTA KEDIRI, , Kota Bogor, dan Testing.passed
And Siloam120 Sales tekan tombol Simpan.....................................passed
Then Siloam120 Validasi Data Tersimpan Dan Form Ter-update..................passed
]]></system-out>
    </testcase>
    <testcase classname="Update Data Sales Lima Kombinasi" name="Siloam120 Sales Update Data Lima Kombinasi 49" time="16.184">
        <system-out><![CDATA[When Siloam120 Sales Tekan Tombol Edit......................................passed
And Siloam120 Sales Melakukan Update Pada , 7263548901932, , Kediri, , Klinik Testing, Kota Bogor, dan Testing.passed
And Siloam120 Sales tekan tombol Simpan.....................................passed
Then Siloam120 Validasi Data Tersimpan Dan Form Ter-update..................passed
]]></system-out>
    </testcase>
    <testcase classname="Update Data Sales Lima Kombinasi" name="Siloam120 Sales Update Data Lima Kombinasi 50" time="17.824">
        <system-out><![CDATA[When Siloam120 Sales Tekan Tombol Edit......................................passed
And Siloam120 Sales Melakukan Update Pada , 7263548901932, , , KOTA KEDIRI, Klinik Testing, Kota Bogor, dan Testing.passed
And Siloam120 Sales tekan tombol Simpan.....................................passed
Then Siloam120 Validasi Data Tersimpan Dan Form Ter-update..................passed
]]></system-out>
    </testcase>
    <testcase classname="Update Data Sales Lima Kombinasi" name="Siloam120 Sales Update Data Lima Kombinasi 51" time="17.094">
        <system-out><![CDATA[When Siloam120 Sales Tekan Tombol Edit......................................passed
And Siloam120 Sales Melakukan Update Pada , , 9127846376190291, Kediri, KOTA KEDIRI, Klinik Testing, Kota Bogor, dan .passed
And Siloam120 Sales tekan tombol Simpan.....................................passed
Then Siloam120 Validasi Data Tersimpan Dan Form Ter-update..................passed
]]></system-out>
    </testcase>
    <testcase classname="Update Data Sales Lima Kombinasi" name="Siloam120 Sales Update Data Lima Kombinasi 52" time="15.959">
        <system-out><![CDATA[When Siloam120 Sales Tekan Tombol Edit......................................passed
And Siloam120 Sales Melakukan Update Pada , , 9127846376190291, Kediri, KOTA KEDIRI, Klinik Testing, , dan Testing.passed
And Siloam120 Sales tekan tombol Simpan.....................................passed
Then Siloam120 Validasi Data Tersimpan Dan Form Ter-update..................passed
]]></system-out>
    </testcase>
    <testcase classname="Update Data Sales Lima Kombinasi" name="Siloam120 Sales Update Data Lima Kombinasi 53" time="22.022">
        <system-out><![CDATA[When Siloam120 Sales Tekan Tombol Edit......................................passed
And Siloam120 Sales Melakukan Update Pada , , 9127846376190291, Kediri, KOTA KEDIRI, , Kota Bogor, dan Testing.passed
And Siloam120 Sales tekan tombol Simpan.....................................passed
Then Siloam120 Validasi Data Tersimpan Dan Form Ter-update..................passed
]]></system-out>
    </testcase>
    <testcase classname="Update Data Sales Lima Kombinasi" name="Siloam120 Sales Update Data Lima Kombinasi 54" time="18.125">
        <system-out><![CDATA[When Siloam120 Sales Tekan Tombol Edit......................................passed
And Siloam120 Sales Melakukan Update Pada , , 9127846376190291, Kediri, , Klinik Testing, Kota Bogor, dan Testing.passed
And Siloam120 Sales tekan tombol Simpan.....................................passed
Then Siloam120 Validasi Data Tersimpan Dan Form Ter-update..................passed
]]></system-out>
    </testcase>
    <testcase classname="Update Data Sales Lima Kombinasi" name="Siloam120 Sales Update Data Lima Kombinasi 55" time="17.647">
        <system-out><![CDATA[When Siloam120 Sales Tekan Tombol Edit......................................passed
And Siloam120 Sales Melakukan Update Pada , , 9127846376190291, , KOTA KEDIRI, Klinik Testing, Kota Bogor, dan Testing.passed
And Siloam120 Sales tekan tombol Simpan.....................................passed
Then Siloam120 Validasi Data Tersimpan Dan Form Ter-update..................passed
]]></system-out>
    </testcase>
    <testcase classname="Update Data Sales Lima Kombinasi" name="Siloam120 Sales Update Data Lima Kombinasi 56" time="17.067">
        <system-out><![CDATA[When Siloam120 Sales Tekan Tombol Edit......................................passed
And Siloam120 Sales Melakukan Update Pada , , , Kediri, KOTA KEDIRI, Klinik Testing, Kota Bogor, dan Testing.passed
And Siloam120 Sales tekan tombol Simpan.....................................passed
Then Siloam120 Validasi Data Tersimpan Dan Form Ter-update..................passed
]]></system-out>
    </testcase>
    <testcase classname="Sales Invalid Edit Data Satu Kombinasi Kosong" name="Siloam125 Sales Invalid Edit Data Satu Kombinasi Kosong" time="6.113">
        <system-out><![CDATA[When Siloam125 Sales Tekan Tombol Edit......................................passed
And Siloam125 Sales Melakukan Update Pada Pamungkas, , 6571829304817563, Bandung, KOTA BANDUNG, Klinik TA, Kota Bekasi, dan Test TA.passed
And Siloam125 Sales tekan tombol Simpan.....................................passed
Then Siloam125 Validasi Pesan Harus Isi Field...............................passed
]]></system-out>
    </testcase>
    <testcase classname="Sales Invalid Edit Data Satu Kombinasi Kosong" name="Siloam125 Sales Invalid Edit Data Satu Kombinasi Kosong 2" time="5.765">
        <system-out><![CDATA[When Siloam125 Sales Tekan Tombol Edit......................................passed
And Siloam125 Sales Melakukan Update Pada Pamungkas, 8273648910293, , Bandung, KOTA BANDUNG, Klinik TA, Kota Bekasi, dan Test TA.passed
And Siloam125 Sales tekan tombol Simpan.....................................passed
Then Siloam125 Validasi Pesan Harus Isi Field...............................passed
]]></system-out>
    </testcase>
    <testcase classname="Sales Invalid Edit Data Satu Kombinasi Kosong" name="Siloam125 Sales Invalid Edit Data Satu Kombinasi Kosong 3" time="6.173">
        <system-out><![CDATA[When Siloam125 Sales Tekan Tombol Edit......................................passed
And Siloam125 Sales Melakukan Update Pada Pamungkas, 8273648910293, 6571829304817563, , KOTA BANDUNG, Klinik TA, Kota Bekasi, dan Test TA.passed
And Siloam125 Sales tekan tombol Simpan.....................................passed
Then Siloam125 Validasi Pesan Harus Isi Field...............................passed
]]></system-out>
    </testcase>
    <testcase classname="Sales Invalid Edit Data Satu Kombinasi Kosong" name="Siloam125 Sales Invalid Edit Data Satu Kombinasi Kosong 4" time="5.72">
        <system-out><![CDATA[When Siloam125 Sales Tekan Tombol Edit......................................passed
And Siloam125 Sales Melakukan Update Pada Pamungkas, 8273648910293, 6571829304817563, Bandung, KOTA BANDUNG, , Kota Bekasi, dan Test TA.passed
And Siloam125 Sales tekan tombol Simpan.....................................passed
Then Siloam125 Validasi Pesan Harus Isi Field...............................passed
]]></system-out>
    </testcase>
    <testcase classname="Sales Invalid Edit Data Satu Kombinasi Kosong" name="Siloam125 Sales Invalid Edit Data Satu Kombinasi Kosong 5" time="6.266">
        <system-out><![CDATA[When Siloam125 Sales Tekan Tombol Edit......................................passed
And Siloam125 Sales Melakukan Update Pada Pamungkas, 8273648910293, 6571829304817563, Bandung, KOTA BANDUNG, Klinik TA, Kota Bekasi, dan .passed
And Siloam125 Sales tekan tombol Simpan.....................................passed
Then Siloam125 Validasi Pesan Harus Isi Field...............................passed
]]></system-out>
    </testcase>
    <testcase classname="Sales Invalid Edit Data Dua Kombinasi Kosong" name="Siloam130 Sales Invalid Edit Data Dua Kombinasi Kosong" time="7.91">
        <system-out><![CDATA[When Siloam130 Sales Tekan Tombol Edit......................................passed
And Siloam130 Sales Melakukan Update Pada Pamungkas, , , Bandung, KOTA BANDUNG, Klinik TA, Kota Bekasi, dan Test TA.passed
And Siloam130 Sales tekan tombol Simpan.....................................passed
Then Siloam130 Validasi Pesan Harus Isi Field...............................passed
]]></system-out>
    </testcase>
    <testcase classname="Sales Invalid Edit Data Dua Kombinasi Kosong" name="Siloam130 Sales Invalid Edit Data Dua Kombinasi Kosong 2" time="8.115">
        <system-out><![CDATA[When Siloam130 Sales Tekan Tombol Edit......................................passed
And Siloam130 Sales Melakukan Update Pada Pamungkas, , 6571829304817563, , KOTA BANDUNG, Klinik TA, Kota Bekasi, dan Test TA.passed
And Siloam130 Sales tekan tombol Simpan.....................................passed
Then Siloam130 Validasi Pesan Harus Isi Field...............................passed
]]></system-out>
    </testcase>
    <testcase classname="Sales Invalid Edit Data Dua Kombinasi Kosong" name="Siloam130 Sales Invalid Edit Data Dua Kombinasi Kosong 3" time="8.142">
        <system-out><![CDATA[When Siloam130 Sales Tekan Tombol Edit......................................passed
And Siloam130 Sales Melakukan Update Pada Pamungkas, , 6571829304817563, Bandung, KOTA BANDUNG, , Kota Bekasi, dan Test TA.passed
And Siloam130 Sales tekan tombol Simpan.....................................passed
Then Siloam130 Validasi Pesan Harus Isi Field...............................passed
]]></system-out>
    </testcase>
    <testcase classname="Sales Invalid Edit Data Dua Kombinasi Kosong" name="Siloam130 Sales Invalid Edit Data Dua Kombinasi Kosong 4" time="7.714">
        <system-out><![CDATA[When Siloam130 Sales Tekan Tombol Edit......................................passed
And Siloam130 Sales Melakukan Update Pada Pamungkas, , 6571829304817563, Bandung, KOTA BANDUNG, Klinik TA, Kota Bekasi, dan .passed
And Siloam130 Sales tekan tombol Simpan.....................................passed
Then Siloam130 Validasi Pesan Harus Isi Field...............................passed
]]></system-out>
    </testcase>
    <testcase classname="Sales Invalid Edit Data Dua Kombinasi Kosong" name="Siloam130 Sales Invalid Edit Data Dua Kombinasi Kosong 5" time="7.842">
        <system-out><![CDATA[When Siloam130 Sales Tekan Tombol Edit......................................passed
And Siloam130 Sales Melakukan Update Pada Pamungkas, 8273648910293, , , KOTA BANDUNG, Klinik TA, Kota Bekasi, dan Test TA.passed
And Siloam130 Sales tekan tombol Simpan.....................................passed
Then Siloam130 Validasi Pesan Harus Isi Field...............................passed
]]></system-out>
    </testcase>
    <testcase classname="Sales Invalid Edit Data Dua Kombinasi Kosong" name="Siloam130 Sales Invalid Edit Data Dua Kombinasi Kosong 6" time="7.901">
        <system-out><![CDATA[When Siloam130 Sales Tekan Tombol Edit......................................passed
And Siloam130 Sales Melakukan Update Pada Pamungkas, 8273648910293, , Bandung, KOTA BANDUNG, , Kota Bekasi, dan Test TA.passed
And Siloam130 Sales tekan tombol Simpan.....................................passed
Then Siloam130 Validasi Pesan Harus Isi Field...............................passed
]]></system-out>
    </testcase>
    <testcase classname="Sales Invalid Edit Data Dua Kombinasi Kosong" name="Siloam130 Sales Invalid Edit Data Dua Kombinasi Kosong 7" time="8.084">
        <system-out><![CDATA[When Siloam130 Sales Tekan Tombol Edit......................................passed
And Siloam130 Sales Melakukan Update Pada Pamungkas, 8273648910293, , Bandung, KOTA BANDUNG, Klinik TA, Kota Bekasi, dan .passed
And Siloam130 Sales tekan tombol Simpan.....................................passed
Then Siloam130 Validasi Pesan Harus Isi Field...............................passed
]]></system-out>
    </testcase>
    <testcase classname="Sales Invalid Edit Data Dua Kombinasi Kosong" name="Siloam130 Sales Invalid Edit Data Dua Kombinasi Kosong 8" time="8.619">
        <system-out><![CDATA[When Siloam130 Sales Tekan Tombol Edit......................................passed
And Siloam130 Sales Melakukan Update Pada Pamungkas, 8273648910293, 6571829304817563, , KOTA BANDUNG, , Kota Bekasi, dan Test TA.passed
And Siloam130 Sales tekan tombol Simpan.....................................passed
Then Siloam130 Validasi Pesan Harus Isi Field...............................passed
]]></system-out>
    </testcase>
    <testcase classname="Sales Invalid Edit Data Dua Kombinasi Kosong" name="Siloam130 Sales Invalid Edit Data Dua Kombinasi Kosong 9" time="8.193">
        <system-out><![CDATA[When Siloam130 Sales Tekan Tombol Edit......................................passed
And Siloam130 Sales Melakukan Update Pada Pamungkas, 8273648910293, 6571829304817563, , KOTA BANDUNG, Klinik TA, Kota Bekasi, dan .passed
And Siloam130 Sales tekan tombol Simpan.....................................passed
Then Siloam130 Validasi Pesan Harus Isi Field...............................passed
]]></system-out>
    </testcase>
    <testcase classname="Sales Invalid Edit Data Dua Kombinasi Kosong" name="Siloam130 Sales Invalid Edit Data Dua Kombinasi Kosong 10" time="7.946">
        <system-out><![CDATA[When Siloam130 Sales Tekan Tombol Edit......................................passed
And Siloam130 Sales Melakukan Update Pada Pamungkas, 8273648910293, 6571829304817563, Bandung, KOTA BANDUNG, , Kota Bekasi, dan .passed
And Siloam130 Sales tekan tombol Simpan.....................................passed
Then Siloam130 Validasi Pesan Harus Isi Field...............................passed
]]></system-out>
    </testcase>
    <testcase classname="Sales Invalid Edit Data Tiga Kombinasi Kosong" name="Siloam135 Sales Invalid Edit Data Tiga Kombinasi Kosong" time="10.582">
        <system-out><![CDATA[When Siloam135 Sales Tekan Tombol Edit......................................passed
And Siloam135 Sales Melakukan Update Pada Pamungkas, , , , KOTA BANDUNG, Klinik TA, Kota Bekasi, dan Test TA.passed
And Siloam135 Sales tekan tombol Simpan.....................................passed
Then Siloam135 Validasi Pesan Harus Isi Field...............................passed
]]></system-out>
    </testcase>
    <testcase classname="Sales Invalid Edit Data Tiga Kombinasi Kosong" name="Siloam135 Sales Invalid Edit Data Tiga Kombinasi Kosong 2" time="10.719">
        <system-out><![CDATA[When Siloam135 Sales Tekan Tombol Edit......................................passed
And Siloam135 Sales Melakukan Update Pada Pamungkas, , , Bandung, KOTA BANDUNG, , Kota Bekasi, dan Test TA.passed
And Siloam135 Sales tekan tombol Simpan.....................................passed
Then Siloam135 Validasi Pesan Harus Isi Field...............................passed
]]></system-out>
    </testcase>
    <testcase classname="Sales Invalid Edit Data Tiga Kombinasi Kosong" name="Siloam135 Sales Invalid Edit Data Tiga Kombinasi Kosong 3" time="18.463">
        <system-out><![CDATA[When Siloam135 Sales Tekan Tombol Edit......................................passed
And Siloam135 Sales Melakukan Update Pada Pamungkas, , , Bandung, KOTA BANDUNG, Klinik TA, Kota Bekasi, dan .passed
And Siloam135 Sales tekan tombol Simpan.....................................passed
Then Siloam135 Validasi Pesan Harus Isi Field...............................passed
]]></system-out>
    </testcase>
    <testcase classname="Sales Invalid Edit Data Tiga Kombinasi Kosong" name="Siloam135 Sales Invalid Edit Data Tiga Kombinasi Kosong 4" time="11.624">
        <system-out><![CDATA[When Siloam135 Sales Tekan Tombol Edit......................................passed
And Siloam135 Sales Melakukan Update Pada Pamungkas, , 6571829304817563, , KOTA BANDUNG, , Kota Bekasi, dan Test TA.passed
And Siloam135 Sales tekan tombol Simpan.....................................passed
Then Siloam135 Validasi Pesan Harus Isi Field...............................passed
]]></system-out>
    </testcase>
    <testcase classname="Sales Invalid Edit Data Tiga Kombinasi Kosong" name="Siloam135 Sales Invalid Edit Data Tiga Kombinasi Kosong 5" time="10.638">
        <system-out><![CDATA[When Siloam135 Sales Tekan Tombol Edit......................................passed
And Siloam135 Sales Melakukan Update Pada Pamungkas, , 6571829304817563, , KOTA BANDUNG, Klinik TA, Kota Bekasi, dan .passed
And Siloam135 Sales tekan tombol Simpan.....................................passed
Then Siloam135 Validasi Pesan Harus Isi Field...............................passed
]]></system-out>
    </testcase>
    <testcase classname="Sales Invalid Edit Data Tiga Kombinasi Kosong" name="Siloam135 Sales Invalid Edit Data Tiga Kombinasi Kosong 6" time="10.163">
        <system-out><![CDATA[When Siloam135 Sales Tekan Tombol Edit......................................passed
And Siloam135 Sales Melakukan Update Pada Pamungkas, , 6571829304817563, Bandung, KOTA BANDUNG, , Kota Bekasi, dan .passed
And Siloam135 Sales tekan tombol Simpan.....................................passed
Then Siloam135 Validasi Pesan Harus Isi Field...............................passed
]]></system-out>
    </testcase>
    <testcase classname="Sales Invalid Edit Data Tiga Kombinasi Kosong" name="Siloam135 Sales Invalid Edit Data Tiga Kombinasi Kosong 7" time="10.533">
        <system-out><![CDATA[When Siloam135 Sales Tekan Tombol Edit......................................passed
And Siloam135 Sales Melakukan Update Pada Pamungkas, 8273648910293, , , KOTA BANDUNG, , Kota Bekasi, dan Test TA.passed
And Siloam135 Sales tekan tombol Simpan.....................................passed
Then Siloam135 Validasi Pesan Harus Isi Field...............................passed
]]></system-out>
    </testcase>
    <testcase classname="Sales Invalid Edit Data Tiga Kombinasi Kosong" name="Siloam135 Sales Invalid Edit Data Tiga Kombinasi Kosong 8" time="10.096">
        <system-out><![CDATA[When Siloam135 Sales Tekan Tombol Edit......................................passed
And Siloam135 Sales Melakukan Update Pada Pamungkas, 8273648910293, , , KOTA BANDUNG, Klinik TA, Kota Bekasi, dan .passed
And Siloam135 Sales tekan tombol Simpan.....................................passed
Then Siloam135 Validasi Pesan Harus Isi Field...............................passed
]]></system-out>
    </testcase>
    <testcase classname="Sales Invalid Edit Data Tiga Kombinasi Kosong" name="Siloam135 Sales Invalid Edit Data Tiga Kombinasi Kosong 9" time="10.066">
        <system-out><![CDATA[When Siloam135 Sales Tekan Tombol Edit......................................passed
And Siloam135 Sales Melakukan Update Pada Pamungkas, 8273648910293, , Bandung, KOTA BANDUNG, , Kota Bekasi, dan .passed
And Siloam135 Sales tekan tombol Simpan.....................................passed
Then Siloam135 Validasi Pesan Harus Isi Field...............................passed
]]></system-out>
    </testcase>
    <testcase classname="Sales Invalid Edit Data Tiga Kombinasi Kosong" name="Siloam135 Sales Invalid Edit Data Tiga Kombinasi Kosong 10" time="10.086">
        <system-out><![CDATA[When Siloam135 Sales Tekan Tombol Edit......................................passed
And Siloam135 Sales Melakukan Update Pada Pamungkas, 8273648910293, 6571829304817563, , KOTA BANDUNG, , Kota Bekasi, dan .passed
And Siloam135 Sales tekan tombol Simpan.....................................passed
Then Siloam135 Validasi Pesan Harus Isi Field...............................passed
]]></system-out>
    </testcase>
    <testcase classname="Sales Invalid Edit Data Empat Kombinasi Kosong" name="Siloam140 Sales Invalid Edit Data Empat Kombinasi Kosong" time="14.133">
        <system-out><![CDATA[When Siloam140 Sales Tekan Tombol Edit......................................passed
And Siloam140 Sales Melakukan Update Pada Pamungkas, , , , KOTA BANDUNG, , Kota Bekasi, dan Test TA.passed
And Siloam140 Sales tekan tombol Simpan.....................................passed
Then Siloam140 Validasi Pesan Harus Isi Field...............................passed
]]></system-out>
    </testcase>
    <testcase classname="Sales Invalid Edit Data Empat Kombinasi Kosong" name="Siloam140 Sales Invalid Edit Data Empat Kombinasi Kosong 2" time="12.63">
        <system-out><![CDATA[When Siloam140 Sales Tekan Tombol Edit......................................passed
And Siloam140 Sales Melakukan Update Pada Pamungkas, , , , KOTA BANDUNG, Klinik TA, Kota Bekasi, dan .passed
And Siloam140 Sales tekan tombol Simpan.....................................passed
Then Siloam140 Validasi Pesan Harus Isi Field...............................passed
]]></system-out>
    </testcase>
    <testcase classname="Sales Invalid Edit Data Empat Kombinasi Kosong" name="Siloam140 Sales Invalid Edit Data Empat Kombinasi Kosong 3" time="13.32">
        <system-out><![CDATA[When Siloam140 Sales Tekan Tombol Edit......................................passed
And Siloam140 Sales Melakukan Update Pada Pamungkas, , , Bandung, KOTA BANDUNG, , Kota Bekasi, dan .passed
And Siloam140 Sales tekan tombol Simpan.....................................passed
Then Siloam140 Validasi Pesan Harus Isi Field...............................passed
]]></system-out>
    </testcase>
    <testcase classname="Sales Invalid Edit Data Empat Kombinasi Kosong" name="Siloam140 Sales Invalid Edit Data Empat Kombinasi Kosong 4" time="12.663">
        <system-out><![CDATA[When Siloam140 Sales Tekan Tombol Edit......................................passed
And Siloam140 Sales Melakukan Update Pada Pamungkas, , 6571829304817563, , KOTA BANDUNG, , Kota Bekasi, dan .passed
And Siloam140 Sales tekan tombol Simpan.....................................passed
Then Siloam140 Validasi Pesan Harus Isi Field...............................passed
]]></system-out>
    </testcase>
    <testcase classname="Sales Invalid Edit Data Empat Kombinasi Kosong" name="Siloam140 Sales Invalid Edit Data Empat Kombinasi Kosong 5" time="12.411">
        <system-out><![CDATA[When Siloam140 Sales Tekan Tombol Edit......................................passed
And Siloam140 Sales Melakukan Update Pada Pamungkas, 8273648910293, , , KOTA BANDUNG, , Kota Bekasi, dan .passed
And Siloam140 Sales tekan tombol Simpan.....................................passed
Then Siloam140 Validasi Pesan Harus Isi Field...............................passed
]]></system-out>
    </testcase>
    <testcase classname="Sales Invalid Edit Data Lima Kombinasi Kosong" name="Siloam145 Sales Invalid Edit Data Lima Kombinasi Kosong" time="16.357">
        <system-out><![CDATA[When Siloam145 Sales Tekan Tombol Edit......................................passed
And Siloam145 Sales Melakukan Update Pada Pamungkas, , , , KOTA BANDUNG, , Kota Bekasi, dan .passed
And Siloam145 Sales tekan tombol Simpan.....................................passed
Then Siloam145 Validasi Pesan Harus Isi Field...............................passed
]]></system-out>
    </testcase>
    <testcase classname="Sales Invalid Edit Data BPJS Kurang Karakter" name="Siloam150 Sales Invalid Edit Data BPJS Kurang Karakter" time="5.117">
        <system-out><![CDATA[When Siloam150 Sales Tekan Tombol Edit......................................passed
And Siloam150 Sales Melakukan Update Pada , 827364891029, , , , , , dan ....passed
And Siloam150 Sales tekan tombol Simpan.....................................passed
Then Siloam150 Validasi Required............................................passed
]]></system-out>
    </testcase>
    <testcase classname="Sales Invalid Edit Data NoKTP Kurang Karakter" name="Siloam155 Sales Invalid Edit Data No KTP Kurang Karakter" time="5.196">
        <system-out><![CDATA[When Siloam155 Sales Tekan Tombol Edit......................................passed
And Siloam155 Sales Melakukan Update Pada , , 657182930481756, , , , , dan .passed
And Siloam155 Sales tekan tombol Simpan.....................................passed
Then Siloam155 Validasi Required............................................passed
]]></system-out>
    </testcase>
    <testcase classname="Sales Menekan Gambar Pada Fitur Document" name="Siloam210 Sales Menekan Gambar Before Fitur Document" time="30.346">
        <system-out><![CDATA[When Siloam210 Sales Sudah Login Dan Berada Di Halaman TTD Digital Fitur Document.passed
And Siloam210 Sales Menekan Gambar Before Fitur Document....................passed
Then Siloam210 Validasi Gambar Before Fitur Document........................passed
]]></system-out>
    </testcase>
    <testcase classname="Sales Menekan Gambar Pada Fitur Document" name="Siloam210 Sales Menekan Gambar After Fitur Document" time="23.831">
        <system-out><![CDATA[When Siloam210 Sales Sudah Login Dan Berada Di Halaman TTD Digital Fitur Document After.passed
And Siloam210 Sales Menekan Gambar After Fitur Document.....................passed
Then Siloam210 Validasi Gambar After Fitur Document.........................passed
]]></system-out>
    </testcase>
    <testcase classname="Sales Menekan Gambar Pada Fitur Document" name="Siloam210 Sales Menekan Gambar TTD Digital Fitur Document" time="23.933">
        <system-out><![CDATA[When Siloam210 Sales Sudah Login Dan Berada Di Halaman TTD Digital Fitur Document TTD Digital.passed
And Siloam210 Sales Menekan Gambar TTD Digital Fitur Document...............passed
Then Siloam210 Validasi Gambar TTD Digital Fitur Document...................passed
]]></system-out>
    </testcase>
    <testcase classname="Sales Menekan Gambar Pada Fitur File Upload" name="Siloam215 Sales Menekan Gambar Before Fitur File Upload" time="29.519">
        <system-out><![CDATA[When Siloam215 Sales Sudah Login Dan Berada Di Halaman TTD Digital Fitur File Upload.passed
And Siloam215 Sales Menekan Gambar Before Fitur File Upload.................passed
Then Siloam215 Validasi Gambar Before Fitur File Upload.....................passed
]]></system-out>
    </testcase>
    <testcase classname="Sales Menekan Gambar Pada Fitur File Upload" name="Siloam215 Sales Menekan Gambar After Fitur File Upload" time="28.904">
        <system-out><![CDATA[When Siloam215 Sales Sudah Login Dan Berada Di Halaman TTD Digital Fitur File Upload After.passed
And Siloam215 Sales Menekan Gambar After Fitur File Upload..................passed
Then Siloam215 Validasi Gambar After Fitur File Upload......................passed
]]></system-out>
    </testcase>
    <testcase classname="Sales Menekan Gambar Pada Fitur File Upload" name="Siloam215 Sales Menekan Gambar TTD Digital Fitur File Upload" time="24.667">
        <system-out><![CDATA[When Siloam215 Sales Sudah Login Dan Berada Di Halaman TTD Digital Fitur File Upload TTD Digital.passed
And Siloam215 Sales Menekan Gambar TTD Digital Fitur File Upload............passed
Then Siloam215 Validasi Gambar TTD Digital Fitur File Upload................passed
]]></system-out>
    </testcase>
    <testcase classname="Sales Submit" name="Siloam220 Sales Menekan Tombol Submit" time="6.932">
        <system-out><![CDATA[When Siloam220 Sales Sudah Login............................................passed
And Siloam220 Sales Menekan Submit..........................................passed
And Siloam220 Sales Menekan Tombol OK.......................................passed
Then Siloam220 Validasi Sales Submit Berhasil...............................passed
]]></system-out>
    </testcase>
    <testcase classname="Sales Upload Dokumen Before Valid" name="Siloam385001 Sales klik tombol modal upload foto before" time="11.931">
        <system-out><![CDATA[When Siloam385001 Sales login dan masuk ke halaman upload dokumen...........passed
And Siloam385001 Sales tekan tombol modal upload foto before................passed
Then Siloam385001 Validasi judul modal upload foto before...................passed
]]></system-out>
    </testcase>
    <testcase classname="Sales Upload Dokumen Before Valid" name="Siloam385002 Sales klik tombol cancel di modal upload foto before" time="1.104">
        <system-out><![CDATA[When Siloam385002 Sales tekan tombol cancel modal upload foto before........passed
Then Siloam385002 Validasi judul upload dokumen.............................passed
]]></system-out>
    </testcase>
    <testcase classname="Sales Upload Dokumen Before Valid" name="Siloam385003 Sales klik tombol keluar di modal upload foto before" time="2.119">
        <system-out><![CDATA[When Siloam385003 Sales tekan tombol modal upload foto before...............passed
And Siloam385003 Sales tekan tombol keluar modal upload foto before.........passed
Then Siloam385003 Validasi judul upload dokumen.............................passed
]]></system-out>
    </testcase>
    <testcase classname="Sales Upload Dokumen Before Valid" name="Siloam385004 Sales memilih foto before dari lokal" time="2.119">
        <system-out><![CDATA[When Siloam385004 Sales tekan tombol modal upload foto before...............passed
And Siloam385004 Sales memilih foto before..................................passed
Then Siloam385004 Validasi preview foto.....................................passed
]]></system-out>
    </testcase>
    <testcase classname="Sales Upload Dokumen Before Valid" name="Siloam385005 Sales klik tombol cancel di modal upload foto before" time="1.087">
        <system-out><![CDATA[When Siloam385005 Sales tekan tombol cancel modal upload foto before........passed
Then Siloam385005 Validasi judul upload dokumen.............................passed
]]></system-out>
    </testcase>
    <testcase classname="Sales Upload Dokumen Before Valid" name="Siloam385006 Sales klik tombol keluar di modal upload foto before" time="3.131">
        <system-out><![CDATA[When Siloam385006 Sales tekan tombol modal upload foto before...............passed
And Siloam385006 Sales memilih foto before..................................passed
And Siloam385006 Sales klik tombol keluar modal upload foto before..........passed
Then Siloam385006 Validasi judul upload dokumen.............................passed
]]></system-out>
    </testcase>
    <testcase classname="Sales Upload Dokumen Before Valid" name="Siloam385007 Sales tekan tombol simpan foto before" time="7.002">
        <system-out><![CDATA[When Siloam385007 Sales tekan tombol modal upload foto before...............passed
And Siloam385007 Sales memilih foto before..................................passed
And Siloam385007 Sales tekan tombol simpan foto before pada modal upload foto before.passed
And Siloam385007 Sales tekan tombol ok pada modal upload foto before berhasil.passed
Then Siloam385007 Validasi judul halaman ttd digital........................passed
]]></system-out>
    </testcase>
    <testcase classname="Sales Upload Dokumen After Valid" name="Siloam390001 Sales klik tombol modal upload foto after" time="5.606">
        <system-out><![CDATA[When Siloam390001 Sales login dan masuk ke halaman upload dokumen...........passed
And Siloam390001 Sales tekan tombol modal upload foto after.................passed
Then Siloam390001 Validasi judul modal upload foto after....................passed
]]></system-out>
    </testcase>
    <testcase classname="Sales Upload Dokumen After Valid" name="Siloam390002 Sales klik tombol cancel di modal upload foto after" time="1.095">
        <system-out><![CDATA[When Siloam390002 Sales tekan tombol cancel modal upload foto after.........passed
Then Siloam390002 Validasi judul upload dokumen.............................passed
]]></system-out>
    </testcase>
    <testcase classname="Sales Upload Dokumen After Valid" name="Siloam390003 Sales klik tombol keluar di modal upload foto after" time="2.126">
        <system-out><![CDATA[When Siloam390003 Sales tekan tombol modal upload foto after................passed
And Siloam390003 Sales tekan tombol keluar modal upload foto after..........passed
Then Siloam390003 Validasi judul upload dokumen.............................passed
]]></system-out>
    </testcase>
    <testcase classname="Sales Upload Dokumen After Valid" name="Siloam390004 Sales memilih foto after dari lokal" time="2.12">
        <system-out><![CDATA[When Siloam390004 Sales tekan tombol modal upload foto after................passed
And Siloam390004 Sales memilih foto after...................................passed
Then Siloam390004 Validasi preview foto.....................................passed
]]></system-out>
    </testcase>
    <testcase classname="Sales Upload Dokumen After Valid" name="Siloam390005 Sales klik tombol cancel di modal upload foto after" time="1.09">
        <system-out><![CDATA[When Siloam390005 Sales tekan tombol cancel modal upload foto after.........passed
Then Siloam390005 Validasi judul upload dokumen.............................passed
]]></system-out>
    </testcase>
    <testcase classname="Sales Upload Dokumen After Valid" name="Siloam390006 Sales klik tombol keluar di modal upload foto after" time="3.134">
        <system-out><![CDATA[When Siloam390006 Sales tekan tombol modal upload foto after................passed
And Siloam390006 Sales memilih foto after...................................passed
And Siloam390006 Sales klik tombol keluar modal upload foto after...........passed
Then Siloam390006 Validasi judul upload dokumen.............................passed
]]></system-out>
    </testcase>
    <testcase classname="Sales Upload Dokumen After Valid" name="Siloam390007 Sales tekan tombol simpan foto after" time="6.951">
        <system-out><![CDATA[When Siloam390007 Sales tekan tombol modal upload foto after................passed
And Siloam390007 Sales memilih foto after...................................passed
And Siloam390007 Sales tekan tombol simpan foto after pada modal upload foto after.passed
And Siloam390007 Sales tekan tombol ok pada modal upload foto after berhasil.passed
Then Siloam390007 Validasi judul halaman ttd digital........................passed
]]></system-out>
    </testcase>
    <testcase classname="Sales Upload Dokumen TTD Digital Valid" name="Siloam395001 Sales klik tombol modal upload foto ttd digital" time="5.421">
        <system-out><![CDATA[When Siloam395001 Sales login dan masuk ke halaman upload dokumen...........passed
And Siloam395001 Sales tekan tombol modal upload foto ttd digital...........passed
Then Siloam395001 Validasi judul modal upload foto ttd digital..............passed
]]></system-out>
    </testcase>
    <testcase classname="Sales Upload Dokumen TTD Digital Valid" name="Siloam395002 Sales klik tombol cancel di modal upload foto ttd digital" time="1.103">
        <system-out><![CDATA[When Siloam395002 Sales tekan tombol cancel modal upload foto ttd digital...passed
Then Siloam395002 Validasi judul upload dokumen.............................passed
]]></system-out>
    </testcase>
    <testcase classname="Sales Upload Dokumen TTD Digital Valid" name="Siloam395003 Sales klik tombol keluar di modal upload foto ttd digital" time="2.115">
        <system-out><![CDATA[When Siloam395003 Sales tekan tombol modal upload foto ttd digital..........passed
And Siloam395003 Sales tekan tombol keluar modal upload foto ttd digital....passed
Then Siloam395003 Validasi judul upload dokumen.............................passed
]]></system-out>
    </testcase>
    <testcase classname="Sales Upload Dokumen TTD Digital Valid" name="Siloam395004 Sales memilih foto ttd digital dari lokal" time="2.115">
        <system-out><![CDATA[When Siloam395004 Sales tekan tombol modal upload foto ttd digital..........passed
And Siloam395004 Sales memilih foto ttd digital.............................passed
Then Siloam395004 Validasi preview foto.....................................passed
]]></system-out>
    </testcase>
    <testcase classname="Sales Upload Dokumen TTD Digital Valid" name="Siloam395005 Sales klik tombol cancel di modal upload foto ttd digital" time="1.09">
        <system-out><![CDATA[When Siloam395005 Sales tekan tombol cancel modal upload foto ttd digital...passed
Then Siloam395005 Validasi judul upload dokumen.............................passed
]]></system-out>
    </testcase>
    <testcase classname="Sales Upload Dokumen TTD Digital Valid" name="Siloam395006 Sales klik tombol keluar di modal upload foto ttd digital" time="3.15">
        <system-out><![CDATA[When Siloam395006 Sales tekan tombol modal upload foto ttd digital..........passed
And Siloam395006 Sales memilih foto ttd digital.............................passed
And Siloam395006 Sales klik tombol keluar modal upload foto ttd digital.....passed
Then Siloam395006 Validasi judul upload dokumen.............................passed
]]></system-out>
    </testcase>
    <testcase classname="Sales Upload Dokumen TTD Digital Valid" name="Siloam395007 Sales tekan tombol simpan foto ttd digital" time="6.874">
        <system-out><![CDATA[When Siloam395007 Sales tekan tombol modal upload foto ttd digital..........passed
And Siloam395007 Sales memilih foto ttd digital.............................passed
And Siloam395007 Sales tekan tombol simpan foto ttd digital pada modal upload foto ttd digital.passed
And Siloam395007 Sales tekan tombol ok pada modal upload foto ttd digital berhasil.passed
Then Siloam395007 Validasi judul halaman ttd digital........................passed
]]></system-out>
    </testcase>
    <testcase classname="Sales Upload Dokumen Before Invalid" name="Siloam400001 Sales langsung menekan tombol simpan foto before" time="11.753">
        <system-out><![CDATA[When Siloam400001 Sales login dan masuk ke halaman ttd digital..............passed
And Siloam400001 Sales tekan tombol simpan foto before invalid..............passed
Then Siloam400001 Validasi pesan error belum memilih foto before............passed
]]></system-out>
    </testcase>
    <testcase classname="Sales Upload Dokumen Before Invalid" name="Siloam400002 Sales pilih file before tidak sesuai format" time="3.139">
        <system-out><![CDATA[When Siloam400002 Sales memilih file before yang tidak sesuai ekstensi......passed
Then Siloam400002 Validasi catatan error....................................passed
]]></system-out>
    </testcase>
    <testcase classname="Sales Upload Dokumen Before Invalid" name="Siloam400003 Sales upload file before tidak sesuai format" time="2.098">
        <system-out><![CDATA[When Siloam400003 Sales tekan tombol simpan foto before invalid.............passed
Then Siloam400003 Validasi pesan error......................................passed
]]></system-out>
    </testcase>
    <testcase classname="Sales Upload Dokumen Before Invalid" name="Siloam400004 Sales upload foto before dengan size lebih dari lima mb" time="12.131">
        <system-out><![CDATA[When Siloam400004 Sales memilih file before dengan size lima mb.............passed
And Siloam400004 Sales tekan tombol simpan foto before invalid..............passed
Then Siloam400004 Validasi pesan error......................................passed
]]></system-out>
    </testcase>
    <testcase classname="Sales Upload Dokumen After Invalid" name="Siloam405001 Sales langsung menekan tombol simpan foto after" time="8.192">
        <system-out><![CDATA[When Siloam405001 Sales login dan masuk ke halaman ttd digital..............passed
And Siloam405001 Sales tekan tombol simpan foto after invalid...............passed
Then Siloam405001 Validasi pesan error belum memilih foto after.............passed
]]></system-out>
    </testcase>
    <testcase classname="Sales Upload Dokumen After Invalid" name="Siloam405002 Sales pilih file after tidak sesuai format" time="3.158">
        <system-out><![CDATA[When Siloam405002 Sales memilih file after yang tidak sesuai ekstensi.......passed
Then Siloam405002 Validasi catatan error....................................passed
]]></system-out>
    </testcase>
    <testcase classname="Sales Upload Dokumen After Invalid" name="Siloam405003 Sales upload file after tidak sesuai format" time="2.097">
        <system-out><![CDATA[When Siloam405003 Sales tekan tombol simpan foto after invalid..............passed
Then Siloam405003 Validasi pesan error......................................passed
]]></system-out>
    </testcase>
    <testcase classname="Sales Upload Dokumen After Invalid" name="Siloam405004 Sales upload foto after dengan size lebih dari lima mb" time="12.131">
        <system-out><![CDATA[When Siloam405004 Sales memilih file after dengan size lima mb..............passed
And Siloam405004 Sales tekan tombol simpan foto after invalid...............passed
Then Siloam405004 Validasi pesan error......................................passed
]]></system-out>
    </testcase>
    <testcase classname="Sales Upload Dokumen TTD Digital Invalid" name="Siloam410001 Sales langsung menekan tombol simpan foto ttd digital" time="8.683">
        <system-out><![CDATA[When Siloam410001 Sales login dan masuk ke halaman ttd digital..............passed
And Siloam410001 Sales tekan tombol simpan foto ttd digital invalid.........passed
Then Siloam410001 Validasi pesan error belum memilih foto ttd digital.......passed
]]></system-out>
    </testcase>
    <testcase classname="Sales Upload Dokumen TTD Digital Invalid" name="Siloam410002 Sales pilih file ttd digital tidak sesuai format" time="3.163">
        <system-out><![CDATA[When Siloam410002 Sales memilih file ttd digital yang tidak sesuai ekstensi.passed
Then Siloam410002 Validasi catatan error....................................passed
]]></system-out>
    </testcase>
    <testcase classname="Sales Upload Dokumen TTD Digital Invalid" name="Siloam410003 Sales upload file ttd digital tidak sesuai format" time="2.102">
        <system-out><![CDATA[When Siloam410003 Sales tekan tombol simpan foto ttd digital invalid........passed
Then Siloam410003 Validasi pesan error......................................passed
]]></system-out>
    </testcase>
    <testcase classname="Sales Upload Dokumen TTD Digital Invalid" name="Siloam410004 Sales upload foto ttd digital dengan size lebih dari lima mb" time="12.138">
        <system-out><![CDATA[When Siloam410004 Sales memilih file ttd digital dengan size lima mb........passed
And Siloam410004 Sales tekan tombol simpan foto ttd digital invalid.........passed
Then Siloam410004 Validasi pesan error......................................passed
]]></system-out>
    </testcase>
</testsuite>
