<?xml version="1.0" encoding="UTF-8"?>
<!-- Generated by org.testng.reporters.JUnitReportReporter -->
<testsuite hostname="DESKTOP-26B5BFK" failures="102" tests="298" name="cucumber.framework.runner.siloam.ttddigitalpage.TandaTanganDigitalOutlineRunner" time="1001.425" errors="8" timestamp="2022-10-07T14:19:38 ICT" skipped="0">
  <testcase classname="cucumber.framework.runner.siloam.ttddigitalpage.TandaTanganDigitalOutlineRunner" name="runScenario" time="2.444"/>
  <system-out/>
  <testcase classname="cucumber.framework.runner.siloam.ttddigitalpage.TandaTanganDigitalOutlineRunner" name="runScenario" time="2.556"/>
  <system-out/>
  <testcase classname="cucumber.framework.runner.siloam.ttddigitalpage.TandaTanganDigitalOutlineRunner" name="runScenario" time="0.407">
    <failure message="expected [true] but found [false]" type="java.lang.AssertionError">
      <![CDATA[java.lang.AssertionError: expected [true] but found [false]
at org.testng.Assert.fail(Assert.java:110)
at org.testng.Assert.failNotEquals(Assert.java:1413)
at org.testng.Assert.assertTrue(Assert.java:56)
at org.testng.Assert.assertTrue(Assert.java:66)
at cucumber.framework.runner.siloam.ttddigitalpage.TestUploadDokumenTTDDigitalInvalid.siloam410003_validasi_pesan_error(TestUploadDokumenTTDDigitalInvalid.java:92)
at ✽.Siloam410003 Validasi pesan error(file:///C:/Users/Nexsoft/git/TugasAkhir/Novri/TA-SQUAD-KEL-SATU/TA-SQUAD-KEL-SATU/src/test/resources/features/siloam-outline/410SalesUploadDokumenTTDDigitalInvalid.feature:19)
]]>
    </failure>
  </testcase> <!-- runScenario -->
  <system-out/>
  <testcase classname="cucumber.framework.runner.siloam.ttddigitalpage.TandaTanganDigitalOutlineRunner" name="runScenario" time="1.815"/>
  <system-out/>
  <testcase classname="cucumber.framework.runner.siloam.ttddigitalpage.TandaTanganDigitalOutlineRunner" name="runScenario" time="2.476"/>
  <system-out/>
  <testcase classname="cucumber.framework.runner.siloam.ttddigitalpage.TandaTanganDigitalOutlineRunner" name="runScenario" time="3.016"/>
  <system-out/>
  <testcase classname="cucumber.framework.runner.siloam.ttddigitalpage.TandaTanganDigitalOutlineRunner" name="runScenario" time="3.096"/>
  <system-out/>
  <testcase classname="cucumber.framework.runner.siloam.ttddigitalpage.TandaTanganDigitalOutlineRunner" name="runScenario" time="4.713"/>
  <system-out/>
  <testcase classname="cucumber.framework.runner.siloam.ttddigitalpage.TandaTanganDigitalOutlineRunner" name="runScenario" time="16.173"/>
  <system-out/>
  <testcase classname="cucumber.framework.runner.siloam.ttddigitalpage.TandaTanganDigitalOutlineRunner" name="runScenario" time="2.640"/>
  <system-out/>
  <testcase classname="cucumber.framework.runner.siloam.ttddigitalpage.TandaTanganDigitalOutlineRunner" name="runScenario" time="0.185"/>
  <system-out/>
  <testcase classname="cucumber.framework.runner.siloam.ttddigitalpage.TandaTanganDigitalOutlineRunner" name="runScenario" time="3.691">
    <failure message="expected [Aditya] but found [ADIT]" type="java.lang.AssertionError">
      <![CDATA[java.lang.AssertionError: expected [Aditya] but found [ADIT]
at org.testng.Assert.fail(Assert.java:110)
at org.testng.Assert.failNotEquals(Assert.java:1413)
at org.testng.Assert.assertEqualsImpl(Assert.java:149)
at org.testng.Assert.assertEquals(Assert.java:131)
at org.testng.Assert.assertEquals(Assert.java:655)
at org.testng.Assert.assertEquals(Assert.java:665)
at cucumber.framework.runner.siloam.ttddigitalpage.TestTTDPageKombinasiLima.siloam120_validasi_data_tersimpan_dan_form_ter_update(TestTTDPageKombinasiLima.java:131)
at ✽.Siloam120 Validasi Data Tersimpan Dan Form Ter-update(file:///C:/Users/Nexsoft/git/TugasAkhir/Novri/TA-SQUAD-KEL-SATU/TA-SQUAD-KEL-SATU/src/test/resources/features/siloam-outline/120UpdateDataSalesLimaKombinasi.feature:16)
]]>
    </failure>
  </testcase> <!-- runScenario -->
  <system-out/>
  <testcase classname="cucumber.framework.runner.siloam.ttddigitalpage.TandaTanganDigitalOutlineRunner" name="runScenario" time="17.801"/>
  <system-out/>
  <testcase classname="cucumber.framework.runner.siloam.ttddigitalpage.TandaTanganDigitalOutlineRunner" name="runScenario" time="3.064">
    <failure message="expected [Aditya] but found [ADIT]" type="java.lang.AssertionError">
      <![CDATA[java.lang.AssertionError: expected [Aditya] but found [ADIT]
at org.testng.Assert.fail(Assert.java:110)
at org.testng.Assert.failNotEquals(Assert.java:1413)
at org.testng.Assert.assertEqualsImpl(Assert.java:149)
at org.testng.Assert.assertEquals(Assert.java:131)
at org.testng.Assert.assertEquals(Assert.java:655)
at org.testng.Assert.assertEquals(Assert.java:665)
at cucumber.framework.runner.siloam.ttddigitalpage.TestTTDPageKombinasiLima.siloam120_validasi_data_tersimpan_dan_form_ter_update(TestTTDPageKombinasiLima.java:131)
at ✽.Siloam120 Validasi Data Tersimpan Dan Form Ter-update(file:///C:/Users/Nexsoft/git/TugasAkhir/Novri/TA-SQUAD-KEL-SATU/TA-SQUAD-KEL-SATU/src/test/resources/features/siloam-outline/120UpdateDataSalesLimaKombinasi.feature:16)
]]>
    </failure>
  </testcase> <!-- runScenario -->
  <system-out/>
  <testcase classname="cucumber.framework.runner.siloam.ttddigitalpage.TandaTanganDigitalOutlineRunner" name="runScenario" time="2.899"/>
  <system-out/>
  <testcase classname="cucumber.framework.runner.siloam.ttddigitalpage.TandaTanganDigitalOutlineRunner" name="runScenario" time="1.488"/>
  <system-out/>
  <testcase classname="cucumber.framework.runner.siloam.ttddigitalpage.TandaTanganDigitalOutlineRunner" name="runScenario" time="1.365"/>
  <system-out/>
  <testcase classname="cucumber.framework.runner.siloam.ttddigitalpage.TandaTanganDigitalOutlineRunner" name="runScenario" time="4.059">
    <failure message="expected [Alamanda] but found [ADIT TEST]" type="java.lang.AssertionError">
      <![CDATA[java.lang.AssertionError: expected [Alamanda] but found [ADIT TEST]
at org.testng.Assert.fail(Assert.java:110)
at org.testng.Assert.failNotEquals(Assert.java:1413)
at org.testng.Assert.assertEqualsImpl(Assert.java:149)
at org.testng.Assert.assertEquals(Assert.java:131)
at org.testng.Assert.assertEquals(Assert.java:655)
at org.testng.Assert.assertEquals(Assert.java:665)
at cucumber.framework.runner.siloam.ttddigitalpage.TestTTDPageKombinasiTiga.siloam110_validasi_data_tersimpan_dan_form_ter_update(TestTTDPageKombinasiTiga.java:131)
at ✽.Siloam110 Validasi Data tersimpan dan form ter-update(file:///C:/Users/Nexsoft/git/TugasAkhir/Novri/TA-SQUAD-KEL-SATU/TA-SQUAD-KEL-SATU/src/test/resources/features/siloam-outline/110UpdateDataSalesTigaKombinasi.feature:16)
]]>
    </failure>
  </testcase> <!-- runScenario -->
  <system-out/>
  <testcase classname="cucumber.framework.runner.siloam.ttddigitalpage.TandaTanganDigitalOutlineRunner" name="runScenario" time="2.779"/>
  <system-out/>
  <testcase classname="cucumber.framework.runner.siloam.ttddigitalpage.TandaTanganDigitalOutlineRunner" name="runScenario" time="2.097"/>
  <system-out/>
  <testcase classname="cucumber.framework.runner.siloam.ttddigitalpage.TandaTanganDigitalOutlineRunner" name="runScenario" time="3.245">
    <failure message="expected [Aditya] but found [ADIT]" type="java.lang.AssertionError">
      <![CDATA[java.lang.AssertionError: expected [Aditya] but found [ADIT]
at org.testng.Assert.fail(Assert.java:110)
at org.testng.Assert.failNotEquals(Assert.java:1413)
at org.testng.Assert.assertEqualsImpl(Assert.java:149)
at org.testng.Assert.assertEquals(Assert.java:131)
at org.testng.Assert.assertEquals(Assert.java:655)
at org.testng.Assert.assertEquals(Assert.java:665)
at cucumber.framework.runner.siloam.ttddigitalpage.TestTTDPageKombinasiLima.siloam120_validasi_data_tersimpan_dan_form_ter_update(TestTTDPageKombinasiLima.java:131)
at ✽.Siloam120 Validasi Data Tersimpan Dan Form Ter-update(file:///C:/Users/Nexsoft/git/TugasAkhir/Novri/TA-SQUAD-KEL-SATU/TA-SQUAD-KEL-SATU/src/test/resources/features/siloam-outline/120UpdateDataSalesLimaKombinasi.feature:16)
]]>
    </failure>
  </testcase> <!-- runScenario -->
  <system-out/>
  <testcase classname="cucumber.framework.runner.siloam.ttddigitalpage.TandaTanganDigitalOutlineRunner" name="runScenario" time="3.861">
    <failure message="expected [Alamanda] but found [ADIT TEST]" type="java.lang.AssertionError">
      <![CDATA[java.lang.AssertionError: expected [Alamanda] but found [ADIT TEST]
at org.testng.Assert.fail(Assert.java:110)
at org.testng.Assert.failNotEquals(Assert.java:1413)
at org.testng.Assert.assertEqualsImpl(Assert.java:149)
at org.testng.Assert.assertEquals(Assert.java:131)
at org.testng.Assert.assertEquals(Assert.java:655)
at org.testng.Assert.assertEquals(Assert.java:665)
at cucumber.framework.runner.siloam.ttddigitalpage.TestTTDPageKombinasiEmpat.siloam115_validasi_data_tersimpan_dan_form_ter_update(TestTTDPageKombinasiEmpat.java:128)
at ✽.Siloam115 Validasi Data tersimpan dan form ter-update(file:///C:/Users/Nexsoft/git/TugasAkhir/Novri/TA-SQUAD-KEL-SATU/TA-SQUAD-KEL-SATU/src/test/resources/features/siloam-outline/115UpdateDataSalesEmpatKombinasi.feature:16)
]]>
    </failure>
  </testcase> <!-- runScenario -->
  <system-out/>
  <testcase classname="cucumber.framework.runner.siloam.ttddigitalpage.TandaTanganDigitalOutlineRunner" name="runScenario" time="2.763"/>
  <system-out/>
  <testcase classname="cucumber.framework.runner.siloam.ttddigitalpage.TandaTanganDigitalOutlineRunner" name="runScenario" time="2.715"/>
  <system-out/>
  <testcase classname="cucumber.framework.runner.siloam.ttddigitalpage.TandaTanganDigitalOutlineRunner" name="runScenario" time="2.432"/>
  <system-out/>
  <testcase classname="cucumber.framework.runner.siloam.ttddigitalpage.TandaTanganDigitalOutlineRunner" name="runScenario" time="1.755"/>
  <system-out/>
  <testcase classname="cucumber.framework.runner.siloam.ttddigitalpage.TandaTanganDigitalOutlineRunner" name="runScenario" time="2.360"/>
  <system-out/>
  <testcase classname="cucumber.framework.runner.siloam.ttddigitalpage.TandaTanganDigitalOutlineRunner" name="runScenario" time="18.708"/>
  <system-out/>
  <testcase classname="cucumber.framework.runner.siloam.ttddigitalpage.TandaTanganDigitalOutlineRunner" name="runScenario" time="2.836"/>
  <system-out/>
  <testcase classname="cucumber.framework.runner.siloam.ttddigitalpage.TandaTanganDigitalOutlineRunner" name="runScenario" time="3.726"/>
  <system-out/>
  <testcase classname="cucumber.framework.runner.siloam.ttddigitalpage.TandaTanganDigitalOutlineRunner" name="runScenario" time="1.477"/>
  <system-out/>
  <testcase classname="cucumber.framework.runner.siloam.ttddigitalpage.TandaTanganDigitalOutlineRunner" name="runScenario" time="2.770"/>
  <system-out/>
  <testcase classname="cucumber.framework.runner.siloam.ttddigitalpage.TandaTanganDigitalOutlineRunner" name="runScenario" time="2.841"/>
  <system-out/>
  <testcase classname="cucumber.framework.runner.siloam.ttddigitalpage.TandaTanganDigitalOutlineRunner" name="runScenario" time="1.364">
    <error message="element click intercepted: Element is not clickable at point (902, -5)
  (Session info: chrome=106.0.5249.103)
Build info: version: &#039;4.4.0&#039;, revision: &#039;e5c75ed026a&#039;
System info: host: &#039;DESKTOP-26B5BFK&#039;, ip: &#039;10.0.0.164&#039;, os.name: &#039;Windows 10&#039;, os.arch: &#039;amd64&#039;, os.version: &#039;10.0&#039;, java.version: &#039;17.0.4.1&#039;
Driver info: org.openqa.selenium.chrome.ChromeDriver
Command: [f7ceb8745729e9ed7543e29fb9ea64c7, clickElement {id=1ca43a81-fd3d-4612-b45b-a43770d6f1a0}]
Capabilities {acceptInsecureCerts: false, browserName: chrome, browserVersion: 106.0.5249.103, chrome: {chromedriverVersion: 106.0.5249.61 (511755355844..., userDataDir: C:\Users\Nexsoft\AppData\Lo...}, goog:chromeOptions: {debuggerAddress: localhost:64168}, networkConnectionEnabled: false, pageLoadStrategy: normal, platformName: WINDOWS, proxy: Proxy(), se:cdp: ws://localhost:64168/devtoo..., se:cdpVersion: 106.0.5249.103, setWindowRect: true, strictFileInteractability: false, timeouts: {implicit: 0, pageLoad: 300000, script: 30000}, unhandledPromptBehavior: dismiss and notify, webauthn:extension:credBlob: true, webauthn:extension:largeBlob: true, webauthn:virtualAuthenticators: true}
Element: [[ChromeDriver: chrome on WINDOWS (f7ceb8745729e9ed7543e29fb9ea64c7)] -&gt; xpath: //span[normalize-space()=&#039;×&#039;]]
Session ID: f7ceb8745729e9ed7543e29fb9ea64c7" type="org.openqa.selenium.ElementClickInterceptedException">
      <![CDATA[org.openqa.selenium.ElementClickInterceptedException: element click intercepted: Element is not clickable at point (902, -5)
  (Session info: chrome=106.0.5249.103)
Build info: version: '4.4.0', revision: 'e5c75ed026a'
System info: host: 'DESKTOP-26B5BFK', ip: '10.0.0.164', os.name: 'Windows 10', os.arch: 'amd64', os.version: '10.0', java.version: '17.0.4.1'
Driver info: org.openqa.selenium.chrome.ChromeDriver
Command: [f7ceb8745729e9ed7543e29fb9ea64c7, clickElement {id=1ca43a81-fd3d-4612-b45b-a43770d6f1a0}]
Capabilities {acceptInsecureCerts: false, browserName: chrome, browserVersion: 106.0.5249.103, chrome: {chromedriverVersion: 106.0.5249.61 (511755355844..., userDataDir: C:\Users\Nexsoft\AppData\Lo...}, goog:chromeOptions: {debuggerAddress: localhost:64168}, networkConnectionEnabled: false, pageLoadStrategy: normal, platformName: WINDOWS, proxy: Proxy(), se:cdp: ws://localhost:64168/devtoo..., se:cdpVersion: 106.0.5249.103, setWindowRect: true, strictFileInteractability: false, timeouts: {implicit: 0, pageLoad: 300000, script: 30000}, unhandledPromptBehavior: dismiss and notify, webauthn:extension:credBlob: true, webauthn:extension:largeBlob: true, webauthn:virtualAuthenticators: true}
Element: [[ChromeDriver: chrome on WINDOWS (f7ceb8745729e9ed7543e29fb9ea64c7)] -> xpath: //span[normalize-space()='×']]
Session ID: f7ceb8745729e9ed7543e29fb9ea64c7
at java.base/jdk.internal.reflect.NativeConstructorAccessorImpl.newInstance0(Native Method)
at java.base/jdk.internal.reflect.NativeConstructorAccessorImpl.newInstance(NativeConstructorAccessorImpl.java:77)
at java.base/jdk.internal.reflect.DelegatingConstructorAccessorImpl.newInstance(DelegatingConstructorAccessorImpl.java:45)
at java.base/java.lang.reflect.Constructor.newInstanceWithCaller(Constructor.java:499)
at java.base/java.lang.reflect.Constructor.newInstance(Constructor.java:480)
at org.openqa.selenium.remote.codec.w3c.W3CHttpResponseCodec.createException(W3CHttpResponseCodec.java:200)
at org.openqa.selenium.remote.codec.w3c.W3CHttpResponseCodec.decode(W3CHttpResponseCodec.java:133)
at org.openqa.selenium.remote.codec.w3c.W3CHttpResponseCodec.decode(W3CHttpResponseCodec.java:53)
at org.openqa.selenium.remote.HttpCommandExecutor.execute(HttpCommandExecutor.java:184)
at org.openqa.selenium.remote.service.DriverCommandExecutor.invokeExecute(DriverCommandExecutor.java:167)
at org.openqa.selenium.remote.service.DriverCommandExecutor.execute(DriverCommandExecutor.java:142)
at org.openqa.selenium.remote.RemoteWebDriver.execute(RemoteWebDriver.java:547)
at org.openqa.selenium.remote.RemoteWebElement.execute(RemoteWebElement.java:257)
at org.openqa.selenium.remote.RemoteWebElement.click(RemoteWebElement.java:78)
at jdk.internal.reflect.GeneratedMethodAccessor125.invoke(Unknown Source)
at java.base/jdk.internal.reflect.DelegatingMethodAccessorImpl.invoke(DelegatingMethodAccessorImpl.java:43)
at java.base/java.lang.reflect.Method.invoke(Method.java:568)
at org.openqa.selenium.support.pagefactory.internal.LocatingElementHandler.invoke(LocatingElementHandler.java:52)
at jdk.proxy2/jdk.proxy2.$Proxy31.click(Unknown Source)
at cucumber.framework.page.siloam.TandaTanganDigitalPage.clickBtnKeluarTTDDigital(TandaTanganDigitalPage.java:310)
at cucumber.framework.runner.siloam.ttddigitalpage.TestUploadDokumenBeforeValid.siloam385003_sales_tekan_tombol_keluar_modal_upload_foto_before(TestUploadDokumenBeforeValid.java:81)
at ✽.Siloam385003 Sales tekan tombol keluar modal upload foto before(file:///C:/Users/Nexsoft/git/TugasAkhir/Novri/TA-SQUAD-KEL-SATU/TA-SQUAD-KEL-SATU/src/test/resources/features/siloam-outline/385SalesUploadDokumenBeforeValid.feature:19)
]]>
    </error>
  </testcase> <!-- runScenario -->
  <system-out/>
  <testcase classname="cucumber.framework.runner.siloam.ttddigitalpage.TandaTanganDigitalOutlineRunner" name="runScenario" time="0.296"/>
  <system-out/>
  <testcase classname="cucumber.framework.runner.siloam.ttddigitalpage.TandaTanganDigitalOutlineRunner" name="runScenario" time="4.795">
    <failure message="expected [Alamanda] but found [ADIT TEST]" type="java.lang.AssertionError">
      <![CDATA[java.lang.AssertionError: expected [Alamanda] but found [ADIT TEST]
at org.testng.Assert.fail(Assert.java:110)
at org.testng.Assert.failNotEquals(Assert.java:1413)
at org.testng.Assert.assertEqualsImpl(Assert.java:149)
at org.testng.Assert.assertEquals(Assert.java:131)
at org.testng.Assert.assertEquals(Assert.java:655)
at org.testng.Assert.assertEquals(Assert.java:665)
at cucumber.framework.runner.siloam.ttddigitalpage.TestTTDPageKombinasiEmpat.siloam115_validasi_data_tersimpan_dan_form_ter_update(TestTTDPageKombinasiEmpat.java:128)
at ✽.Siloam115 Validasi Data tersimpan dan form ter-update(file:///C:/Users/Nexsoft/git/TugasAkhir/Novri/TA-SQUAD-KEL-SATU/TA-SQUAD-KEL-SATU/src/test/resources/features/siloam-outline/115UpdateDataSalesEmpatKombinasi.feature:16)
]]>
    </failure>
  </testcase> <!-- runScenario -->
  <system-out/>
  <testcase classname="cucumber.framework.runner.siloam.ttddigitalpage.TandaTanganDigitalOutlineRunner" name="runScenario" time="10.264">
    <error message="element not interactable
  (Session info: chrome=106.0.5249.103)
Build info: version: &#039;4.4.0&#039;, revision: &#039;e5c75ed026a&#039;
System info: host: &#039;DESKTOP-26B5BFK&#039;, ip: &#039;10.0.0.164&#039;, os.name: &#039;Windows 10&#039;, os.arch: &#039;amd64&#039;, os.version: &#039;10.0&#039;, java.version: &#039;17.0.4.1&#039;
Driver info: org.openqa.selenium.chrome.ChromeDriver
Command: [f7ceb8745729e9ed7543e29fb9ea64c7, clickElement {id=ca41ea4c-b98b-46e9-a367-bc2edeaa875f}]
Capabilities {acceptInsecureCerts: false, browserName: chrome, browserVersion: 106.0.5249.103, chrome: {chromedriverVersion: 106.0.5249.61 (511755355844..., userDataDir: C:\Users\Nexsoft\AppData\Lo...}, goog:chromeOptions: {debuggerAddress: localhost:64168}, networkConnectionEnabled: false, pageLoadStrategy: normal, platformName: WINDOWS, proxy: Proxy(), se:cdp: ws://localhost:64168/devtoo..., se:cdpVersion: 106.0.5249.103, setWindowRect: true, strictFileInteractability: false, timeouts: {implicit: 0, pageLoad: 300000, script: 30000}, unhandledPromptBehavior: dismiss and notify, webauthn:extension:credBlob: true, webauthn:extension:largeBlob: true, webauthn:virtualAuthenticators: true}
Element: [[ChromeDriver: chrome on WINDOWS (f7ceb8745729e9ed7543e29fb9ea64c7)] -&gt; xpath: //span[normalize-space()=&#039;×&#039;]]
Session ID: f7ceb8745729e9ed7543e29fb9ea64c7" type="org.openqa.selenium.ElementNotInteractableException">
      <![CDATA[org.openqa.selenium.ElementNotInteractableException: element not interactable
  (Session info: chrome=106.0.5249.103)
Build info: version: '4.4.0', revision: 'e5c75ed026a'
System info: host: 'DESKTOP-26B5BFK', ip: '10.0.0.164', os.name: 'Windows 10', os.arch: 'amd64', os.version: '10.0', java.version: '17.0.4.1'
Driver info: org.openqa.selenium.chrome.ChromeDriver
Command: [f7ceb8745729e9ed7543e29fb9ea64c7, clickElement {id=ca41ea4c-b98b-46e9-a367-bc2edeaa875f}]
Capabilities {acceptInsecureCerts: false, browserName: chrome, browserVersion: 106.0.5249.103, chrome: {chromedriverVersion: 106.0.5249.61 (511755355844..., userDataDir: C:\Users\Nexsoft\AppData\Lo...}, goog:chromeOptions: {debuggerAddress: localhost:64168}, networkConnectionEnabled: false, pageLoadStrategy: normal, platformName: WINDOWS, proxy: Proxy(), se:cdp: ws://localhost:64168/devtoo..., se:cdpVersion: 106.0.5249.103, setWindowRect: true, strictFileInteractability: false, timeouts: {implicit: 0, pageLoad: 300000, script: 30000}, unhandledPromptBehavior: dismiss and notify, webauthn:extension:credBlob: true, webauthn:extension:largeBlob: true, webauthn:virtualAuthenticators: true}
Element: [[ChromeDriver: chrome on WINDOWS (f7ceb8745729e9ed7543e29fb9ea64c7)] -> xpath: //span[normalize-space()='×']]
Session ID: f7ceb8745729e9ed7543e29fb9ea64c7
at java.base/jdk.internal.reflect.NativeConstructorAccessorImpl.newInstance0(Native Method)
at java.base/jdk.internal.reflect.NativeConstructorAccessorImpl.newInstance(NativeConstructorAccessorImpl.java:77)
at java.base/jdk.internal.reflect.DelegatingConstructorAccessorImpl.newInstance(DelegatingConstructorAccessorImpl.java:45)
at java.base/java.lang.reflect.Constructor.newInstanceWithCaller(Constructor.java:499)
at java.base/java.lang.reflect.Constructor.newInstance(Constructor.java:480)
at org.openqa.selenium.remote.codec.w3c.W3CHttpResponseCodec.createException(W3CHttpResponseCodec.java:200)
at org.openqa.selenium.remote.codec.w3c.W3CHttpResponseCodec.decode(W3CHttpResponseCodec.java:133)
at org.openqa.selenium.remote.codec.w3c.W3CHttpResponseCodec.decode(W3CHttpResponseCodec.java:53)
at org.openqa.selenium.remote.HttpCommandExecutor.execute(HttpCommandExecutor.java:184)
at org.openqa.selenium.remote.service.DriverCommandExecutor.invokeExecute(DriverCommandExecutor.java:167)
at org.openqa.selenium.remote.service.DriverCommandExecutor.execute(DriverCommandExecutor.java:142)
at org.openqa.selenium.remote.RemoteWebDriver.execute(RemoteWebDriver.java:547)
at org.openqa.selenium.remote.RemoteWebElement.execute(RemoteWebElement.java:257)
at org.openqa.selenium.remote.RemoteWebElement.click(RemoteWebElement.java:78)
at jdk.internal.reflect.GeneratedMethodAccessor125.invoke(Unknown Source)
at java.base/jdk.internal.reflect.DelegatingMethodAccessorImpl.invoke(DelegatingMethodAccessorImpl.java:43)
at java.base/java.lang.reflect.Method.invoke(Method.java:568)
at org.openqa.selenium.support.pagefactory.internal.LocatingElementHandler.invoke(LocatingElementHandler.java:52)
at jdk.proxy2/jdk.proxy2.$Proxy31.click(Unknown Source)
at cucumber.framework.page.siloam.TandaTanganDigitalPage.clickBtnKeluarTTDDigital(TandaTanganDigitalPage.java:310)
at cucumber.framework.runner.siloam.ttddigitalpage.TestUploadDokumenAfterValid.siloam390003_sales_tekan_tombol_keluar_modal_upload_foto_after(TestUploadDokumenAfterValid.java:81)
at ✽.Siloam390003 Sales tekan tombol keluar modal upload foto after(file:///C:/Users/Nexsoft/git/TugasAkhir/Novri/TA-SQUAD-KEL-SATU/TA-SQUAD-KEL-SATU/src/test/resources/features/siloam-outline/390SalesUploadDokumenAfterValid.feature:19)
]]>
    </error>
  </testcase> <!-- runScenario -->
  <system-out/>
  <testcase classname="cucumber.framework.runner.siloam.ttddigitalpage.TandaTanganDigitalOutlineRunner" name="runScenario" time="2.926"/>
  <system-out/>
  <testcase classname="cucumber.framework.runner.siloam.ttddigitalpage.TandaTanganDigitalOutlineRunner" name="runScenario" time="2.445">
    <failure message="expected [Alamanda] but found [ADIT TEST]" type="java.lang.AssertionError">
      <![CDATA[java.lang.AssertionError: expected [Alamanda] but found [ADIT TEST]
at org.testng.Assert.fail(Assert.java:110)
at org.testng.Assert.failNotEquals(Assert.java:1413)
at org.testng.Assert.assertEqualsImpl(Assert.java:149)
at org.testng.Assert.assertEquals(Assert.java:131)
at org.testng.Assert.assertEquals(Assert.java:655)
at org.testng.Assert.assertEquals(Assert.java:665)
at cucumber.framework.runner.siloam.ttddigitalpage.TestTTDPageKombinasiTiga.siloam110_validasi_data_tersimpan_dan_form_ter_update(TestTTDPageKombinasiTiga.java:131)
at ✽.Siloam110 Validasi Data tersimpan dan form ter-update(file:///C:/Users/Nexsoft/git/TugasAkhir/Novri/TA-SQUAD-KEL-SATU/TA-SQUAD-KEL-SATU/src/test/resources/features/siloam-outline/110UpdateDataSalesTigaKombinasi.feature:16)
]]>
    </failure>
  </testcase> <!-- runScenario -->
  <system-out/>
  <testcase classname="cucumber.framework.runner.siloam.ttddigitalpage.TandaTanganDigitalOutlineRunner" name="runScenario" time="1.334">
    <error message="element click intercepted: Element is not clickable at point (902, -5)
  (Session info: chrome=106.0.5249.103)
Build info: version: &#039;4.4.0&#039;, revision: &#039;e5c75ed026a&#039;
System info: host: &#039;DESKTOP-26B5BFK&#039;, ip: &#039;10.0.0.164&#039;, os.name: &#039;Windows 10&#039;, os.arch: &#039;amd64&#039;, os.version: &#039;10.0&#039;, java.version: &#039;17.0.4.1&#039;
Driver info: org.openqa.selenium.chrome.ChromeDriver
Command: [f7ceb8745729e9ed7543e29fb9ea64c7, clickElement {id=c0bfbc34-c6b6-47fb-89d9-8071a087c91c}]
Capabilities {acceptInsecureCerts: false, browserName: chrome, browserVersion: 106.0.5249.103, chrome: {chromedriverVersion: 106.0.5249.61 (511755355844..., userDataDir: C:\Users\Nexsoft\AppData\Lo...}, goog:chromeOptions: {debuggerAddress: localhost:64168}, networkConnectionEnabled: false, pageLoadStrategy: normal, platformName: WINDOWS, proxy: Proxy(), se:cdp: ws://localhost:64168/devtoo..., se:cdpVersion: 106.0.5249.103, setWindowRect: true, strictFileInteractability: false, timeouts: {implicit: 0, pageLoad: 300000, script: 30000}, unhandledPromptBehavior: dismiss and notify, webauthn:extension:credBlob: true, webauthn:extension:largeBlob: true, webauthn:virtualAuthenticators: true}
Element: [[ChromeDriver: chrome on WINDOWS (f7ceb8745729e9ed7543e29fb9ea64c7)] -&gt; xpath: //span[normalize-space()=&#039;×&#039;]]
Session ID: f7ceb8745729e9ed7543e29fb9ea64c7" type="org.openqa.selenium.ElementClickInterceptedException">
      <![CDATA[org.openqa.selenium.ElementClickInterceptedException: element click intercepted: Element is not clickable at point (902, -5)
  (Session info: chrome=106.0.5249.103)
Build info: version: '4.4.0', revision: 'e5c75ed026a'
System info: host: 'DESKTOP-26B5BFK', ip: '10.0.0.164', os.name: 'Windows 10', os.arch: 'amd64', os.version: '10.0', java.version: '17.0.4.1'
Driver info: org.openqa.selenium.chrome.ChromeDriver
Command: [f7ceb8745729e9ed7543e29fb9ea64c7, clickElement {id=c0bfbc34-c6b6-47fb-89d9-8071a087c91c}]
Capabilities {acceptInsecureCerts: false, browserName: chrome, browserVersion: 106.0.5249.103, chrome: {chromedriverVersion: 106.0.5249.61 (511755355844..., userDataDir: C:\Users\Nexsoft\AppData\Lo...}, goog:chromeOptions: {debuggerAddress: localhost:64168}, networkConnectionEnabled: false, pageLoadStrategy: normal, platformName: WINDOWS, proxy: Proxy(), se:cdp: ws://localhost:64168/devtoo..., se:cdpVersion: 106.0.5249.103, setWindowRect: true, strictFileInteractability: false, timeouts: {implicit: 0, pageLoad: 300000, script: 30000}, unhandledPromptBehavior: dismiss and notify, webauthn:extension:credBlob: true, webauthn:extension:largeBlob: true, webauthn:virtualAuthenticators: true}
Element: [[ChromeDriver: chrome on WINDOWS (f7ceb8745729e9ed7543e29fb9ea64c7)] -> xpath: //span[normalize-space()='×']]
Session ID: f7ceb8745729e9ed7543e29fb9ea64c7
at java.base/jdk.internal.reflect.NativeConstructorAccessorImpl.newInstance0(Native Method)
at java.base/jdk.internal.reflect.NativeConstructorAccessorImpl.newInstance(NativeConstructorAccessorImpl.java:77)
at java.base/jdk.internal.reflect.DelegatingConstructorAccessorImpl.newInstance(DelegatingConstructorAccessorImpl.java:45)
at java.base/java.lang.reflect.Constructor.newInstanceWithCaller(Constructor.java:499)
at java.base/java.lang.reflect.Constructor.newInstance(Constructor.java:480)
at org.openqa.selenium.remote.codec.w3c.W3CHttpResponseCodec.createException(W3CHttpResponseCodec.java:200)
at org.openqa.selenium.remote.codec.w3c.W3CHttpResponseCodec.decode(W3CHttpResponseCodec.java:133)
at org.openqa.selenium.remote.codec.w3c.W3CHttpResponseCodec.decode(W3CHttpResponseCodec.java:53)
at org.openqa.selenium.remote.HttpCommandExecutor.execute(HttpCommandExecutor.java:184)
at org.openqa.selenium.remote.service.DriverCommandExecutor.invokeExecute(DriverCommandExecutor.java:167)
at org.openqa.selenium.remote.service.DriverCommandExecutor.execute(DriverCommandExecutor.java:142)
at org.openqa.selenium.remote.RemoteWebDriver.execute(RemoteWebDriver.java:547)
at org.openqa.selenium.remote.RemoteWebElement.execute(RemoteWebElement.java:257)
at org.openqa.selenium.remote.RemoteWebElement.click(RemoteWebElement.java:78)
at jdk.internal.reflect.GeneratedMethodAccessor125.invoke(Unknown Source)
at java.base/jdk.internal.reflect.DelegatingMethodAccessorImpl.invoke(DelegatingMethodAccessorImpl.java:43)
at java.base/java.lang.reflect.Method.invoke(Method.java:568)
at org.openqa.selenium.support.pagefactory.internal.LocatingElementHandler.invoke(LocatingElementHandler.java:52)
at jdk.proxy2/jdk.proxy2.$Proxy31.click(Unknown Source)
at cucumber.framework.page.siloam.TandaTanganDigitalPage.clickBtnKeluarTTDDigital(TandaTanganDigitalPage.java:310)
at cucumber.framework.runner.siloam.ttddigitalpage.TestUploadDokumenTTDDigitalValid.siloam395003_sales_tekan_tombol_keluar_modal_upload_foto_ttd_digital(TestUploadDokumenTTDDigitalValid.java:81)
at ✽.Siloam395003 Sales tekan tombol keluar modal upload foto ttd digital(file:///C:/Users/Nexsoft/git/TugasAkhir/Novri/TA-SQUAD-KEL-SATU/TA-SQUAD-KEL-SATU/src/test/resources/features/siloam-outline/395SalesUploadDokumenTTDDigitalValid.feature:19)
]]>
    </error>
  </testcase> <!-- runScenario -->
  <system-out/>
  <testcase classname="cucumber.framework.runner.siloam.ttddigitalpage.TandaTanganDigitalOutlineRunner" name="runScenario" time="1.937"/>
  <system-out/>
  <testcase classname="cucumber.framework.runner.siloam.ttddigitalpage.TandaTanganDigitalOutlineRunner" name="runScenario" time="2.880">
    <failure message="expected [Alamanda] but found [ADIT TEST]" type="java.lang.AssertionError">
      <![CDATA[java.lang.AssertionError: expected [Alamanda] but found [ADIT TEST]
at org.testng.Assert.fail(Assert.java:110)
at org.testng.Assert.failNotEquals(Assert.java:1413)
at org.testng.Assert.assertEqualsImpl(Assert.java:149)
at org.testng.Assert.assertEquals(Assert.java:131)
at org.testng.Assert.assertEquals(Assert.java:655)
at org.testng.Assert.assertEquals(Assert.java:665)
at cucumber.framework.runner.siloam.ttddigitalpage.TestTTDPageKombinasiDua.siloam105_validasi_data_tersimpan_dan_form_ter_update(TestTTDPageKombinasiDua.java:135)
at ✽.Siloam105 Validasi Data tersimpan dan form ter-update(file:///C:/Users/Nexsoft/git/TugasAkhir/Novri/TA-SQUAD-KEL-SATU/TA-SQUAD-KEL-SATU/src/test/resources/features/siloam-outline/105UpdateDataSalesDuaKombinasi.feature:17)
]]>
    </failure>
  </testcase> <!-- runScenario -->
  <system-out/>
  <testcase classname="cucumber.framework.runner.siloam.ttddigitalpage.TandaTanganDigitalOutlineRunner" name="runScenario" time="3.096"/>
  <system-out/>
  <testcase classname="cucumber.framework.runner.siloam.ttddigitalpage.TandaTanganDigitalOutlineRunner" name="runScenario" time="3.634"/>
  <system-out/>
  <testcase classname="cucumber.framework.runner.siloam.ttddigitalpage.TandaTanganDigitalOutlineRunner" name="runScenario" time="2.677"/>
  <system-out/>
  <testcase classname="cucumber.framework.runner.siloam.ttddigitalpage.TandaTanganDigitalOutlineRunner" name="runScenario" time="16.889"/>
  <system-out/>
  <testcase classname="cucumber.framework.runner.siloam.ttddigitalpage.TandaTanganDigitalOutlineRunner" name="runScenario" time="4.824"/>
  <system-out/>
  <testcase classname="cucumber.framework.runner.siloam.ttddigitalpage.TandaTanganDigitalOutlineRunner" name="runScenario" time="2.996">
    <failure message="expected [Alamanda] but found [ADIT TEST]" type="java.lang.AssertionError">
      <![CDATA[java.lang.AssertionError: expected [Alamanda] but found [ADIT TEST]
at org.testng.Assert.fail(Assert.java:110)
at org.testng.Assert.failNotEquals(Assert.java:1413)
at org.testng.Assert.assertEqualsImpl(Assert.java:149)
at org.testng.Assert.assertEquals(Assert.java:131)
at org.testng.Assert.assertEquals(Assert.java:655)
at org.testng.Assert.assertEquals(Assert.java:665)
at cucumber.framework.runner.siloam.ttddigitalpage.TestTTDPageKombinasiTiga.siloam110_validasi_data_tersimpan_dan_form_ter_update(TestTTDPageKombinasiTiga.java:131)
at ✽.Siloam110 Validasi Data tersimpan dan form ter-update(file:///C:/Users/Nexsoft/git/TugasAkhir/Novri/TA-SQUAD-KEL-SATU/TA-SQUAD-KEL-SATU/src/test/resources/features/siloam-outline/110UpdateDataSalesTigaKombinasi.feature:16)
]]>
    </failure>
  </testcase> <!-- runScenario -->
  <system-out/>
  <testcase classname="cucumber.framework.runner.siloam.ttddigitalpage.TandaTanganDigitalOutlineRunner" name="runScenario" time="3.205">
    <failure message="expected [Aditya] but found [ADIT]" type="java.lang.AssertionError">
      <![CDATA[java.lang.AssertionError: expected [Aditya] but found [ADIT]
at org.testng.Assert.fail(Assert.java:110)
at org.testng.Assert.failNotEquals(Assert.java:1413)
at org.testng.Assert.assertEqualsImpl(Assert.java:149)
at org.testng.Assert.assertEquals(Assert.java:131)
at org.testng.Assert.assertEquals(Assert.java:655)
at org.testng.Assert.assertEquals(Assert.java:665)
at cucumber.framework.runner.siloam.ttddigitalpage.TestTTDPageKombinasiLima.siloam120_validasi_data_tersimpan_dan_form_ter_update(TestTTDPageKombinasiLima.java:131)
at ✽.Siloam120 Validasi Data Tersimpan Dan Form Ter-update(file:///C:/Users/Nexsoft/git/TugasAkhir/Novri/TA-SQUAD-KEL-SATU/TA-SQUAD-KEL-SATU/src/test/resources/features/siloam-outline/120UpdateDataSalesLimaKombinasi.feature:16)
]]>
    </failure>
  </testcase> <!-- runScenario -->
  <system-out/>
  <testcase classname="cucumber.framework.runner.siloam.ttddigitalpage.TandaTanganDigitalOutlineRunner" name="runScenario" time="2.742"/>
  <system-out/>
  <testcase classname="cucumber.framework.runner.siloam.ttddigitalpage.TandaTanganDigitalOutlineRunner" name="runScenario" time="0.205"/>
  <system-out/>
  <testcase classname="cucumber.framework.runner.siloam.ttddigitalpage.TandaTanganDigitalOutlineRunner" name="runScenario" time="0.259"/>
  <system-out/>
  <testcase classname="cucumber.framework.runner.siloam.ttddigitalpage.TandaTanganDigitalOutlineRunner" name="runScenario" time="3.726"/>
  <system-out/>
  <testcase classname="cucumber.framework.runner.siloam.ttddigitalpage.TandaTanganDigitalOutlineRunner" name="runScenario" time="3.841"/>
  <system-out/>
  <testcase classname="cucumber.framework.runner.siloam.ttddigitalpage.TandaTanganDigitalOutlineRunner" name="runScenario" time="2.773"/>
  <system-out/>
  <testcase classname="cucumber.framework.runner.siloam.ttddigitalpage.TandaTanganDigitalOutlineRunner" name="runScenario" time="3.421">
    <failure message="expected [Aditya] but found [ADIT]" type="java.lang.AssertionError">
      <![CDATA[java.lang.AssertionError: expected [Aditya] but found [ADIT]
at org.testng.Assert.fail(Assert.java:110)
at org.testng.Assert.failNotEquals(Assert.java:1413)
at org.testng.Assert.assertEqualsImpl(Assert.java:149)
at org.testng.Assert.assertEquals(Assert.java:131)
at org.testng.Assert.assertEquals(Assert.java:655)
at org.testng.Assert.assertEquals(Assert.java:665)
at cucumber.framework.runner.siloam.ttddigitalpage.TestTTDPageKombinasiLima.siloam120_validasi_data_tersimpan_dan_form_ter_update(TestTTDPageKombinasiLima.java:131)
at ✽.Siloam120 Validasi Data Tersimpan Dan Form Ter-update(file:///C:/Users/Nexsoft/git/TugasAkhir/Novri/TA-SQUAD-KEL-SATU/TA-SQUAD-KEL-SATU/src/test/resources/features/siloam-outline/120UpdateDataSalesLimaKombinasi.feature:16)
]]>
    </failure>
  </testcase> <!-- runScenario -->
  <system-out/>
  <testcase classname="cucumber.framework.runner.siloam.ttddigitalpage.TandaTanganDigitalOutlineRunner" name="runScenario" time="3.163"/>
  <system-out/>
  <testcase classname="cucumber.framework.runner.siloam.ttddigitalpage.TandaTanganDigitalOutlineRunner" name="runScenario" time="2.489"/>
  <system-out/>
  <testcase classname="cucumber.framework.runner.siloam.ttddigitalpage.TandaTanganDigitalOutlineRunner" name="runScenario" time="2.217"/>
  <system-out/>
  <testcase classname="cucumber.framework.runner.siloam.ttddigitalpage.TandaTanganDigitalOutlineRunner" name="runScenario" time="2.053"/>
  <system-out/>
  <testcase classname="cucumber.framework.runner.siloam.ttddigitalpage.TandaTanganDigitalOutlineRunner" name="runScenario" time="2.277"/>
  <system-out/>
  <testcase classname="cucumber.framework.runner.siloam.ttddigitalpage.TandaTanganDigitalOutlineRunner" name="runScenario" time="2.983">
    <failure message="expected [Alamanda] but found [ADIT TEST]" type="java.lang.AssertionError">
      <![CDATA[java.lang.AssertionError: expected [Alamanda] but found [ADIT TEST]
at org.testng.Assert.fail(Assert.java:110)
at org.testng.Assert.failNotEquals(Assert.java:1413)
at org.testng.Assert.assertEqualsImpl(Assert.java:149)
at org.testng.Assert.assertEquals(Assert.java:131)
at org.testng.Assert.assertEquals(Assert.java:655)
at org.testng.Assert.assertEquals(Assert.java:665)
at cucumber.framework.runner.siloam.ttddigitalpage.TestTTDPageKombinasiTiga.siloam110_validasi_data_tersimpan_dan_form_ter_update(TestTTDPageKombinasiTiga.java:131)
at ✽.Siloam110 Validasi Data tersimpan dan form ter-update(file:///C:/Users/Nexsoft/git/TugasAkhir/Novri/TA-SQUAD-KEL-SATU/TA-SQUAD-KEL-SATU/src/test/resources/features/siloam-outline/110UpdateDataSalesTigaKombinasi.feature:16)
]]>
    </failure>
  </testcase> <!-- runScenario -->
  <system-out/>
  <testcase classname="cucumber.framework.runner.siloam.ttddigitalpage.TandaTanganDigitalOutlineRunner" name="runScenario" time="2.230"/>
  <system-out/>
  <testcase classname="cucumber.framework.runner.siloam.ttddigitalpage.TandaTanganDigitalOutlineRunner" name="runScenario" time="2.250"/>
  <system-out/>
  <testcase classname="cucumber.framework.runner.siloam.ttddigitalpage.TandaTanganDigitalOutlineRunner" name="runScenario" time="3.701">
    <failure message="expected [Alamanda] but found [ADIT TEST]" type="java.lang.AssertionError">
      <![CDATA[java.lang.AssertionError: expected [Alamanda] but found [ADIT TEST]
at org.testng.Assert.fail(Assert.java:110)
at org.testng.Assert.failNotEquals(Assert.java:1413)
at org.testng.Assert.assertEqualsImpl(Assert.java:149)
at org.testng.Assert.assertEquals(Assert.java:131)
at org.testng.Assert.assertEquals(Assert.java:655)
at org.testng.Assert.assertEquals(Assert.java:665)
at cucumber.framework.runner.siloam.ttddigitalpage.TestTTDPageKombinasiEmpat.siloam115_validasi_data_tersimpan_dan_form_ter_update(TestTTDPageKombinasiEmpat.java:128)
at ✽.Siloam115 Validasi Data tersimpan dan form ter-update(file:///C:/Users/Nexsoft/git/TugasAkhir/Novri/TA-SQUAD-KEL-SATU/TA-SQUAD-KEL-SATU/src/test/resources/features/siloam-outline/115UpdateDataSalesEmpatKombinasi.feature:16)
]]>
    </failure>
  </testcase> <!-- runScenario -->
  <system-out/>
  <testcase classname="cucumber.framework.runner.siloam.ttddigitalpage.TandaTanganDigitalOutlineRunner" name="runScenario" time="2.895">
    <failure message="expected [Aditya] but found [ADIT]" type="java.lang.AssertionError">
      <![CDATA[java.lang.AssertionError: expected [Aditya] but found [ADIT]
at org.testng.Assert.fail(Assert.java:110)
at org.testng.Assert.failNotEquals(Assert.java:1413)
at org.testng.Assert.assertEqualsImpl(Assert.java:149)
at org.testng.Assert.assertEquals(Assert.java:131)
at org.testng.Assert.assertEquals(Assert.java:655)
at org.testng.Assert.assertEquals(Assert.java:665)
at cucumber.framework.runner.siloam.ttddigitalpage.TestTTDPageKombinasiLima.siloam120_validasi_data_tersimpan_dan_form_ter_update(TestTTDPageKombinasiLima.java:131)
at ✽.Siloam120 Validasi Data Tersimpan Dan Form Ter-update(file:///C:/Users/Nexsoft/git/TugasAkhir/Novri/TA-SQUAD-KEL-SATU/TA-SQUAD-KEL-SATU/src/test/resources/features/siloam-outline/120UpdateDataSalesLimaKombinasi.feature:16)
]]>
    </failure>
  </testcase> <!-- runScenario -->
  <system-out/>
  <testcase classname="cucumber.framework.runner.siloam.ttddigitalpage.TandaTanganDigitalOutlineRunner" name="runScenario" time="3.489">
    <failure message="expected [Aditya] but found [ADIT]" type="java.lang.AssertionError">
      <![CDATA[java.lang.AssertionError: expected [Aditya] but found [ADIT]
at org.testng.Assert.fail(Assert.java:110)
at org.testng.Assert.failNotEquals(Assert.java:1413)
at org.testng.Assert.assertEqualsImpl(Assert.java:149)
at org.testng.Assert.assertEquals(Assert.java:131)
at org.testng.Assert.assertEquals(Assert.java:655)
at org.testng.Assert.assertEquals(Assert.java:665)
at cucumber.framework.runner.siloam.ttddigitalpage.TestTTDPageKombinasiLima.siloam120_validasi_data_tersimpan_dan_form_ter_update(TestTTDPageKombinasiLima.java:131)
at ✽.Siloam120 Validasi Data Tersimpan Dan Form Ter-update(file:///C:/Users/Nexsoft/git/TugasAkhir/Novri/TA-SQUAD-KEL-SATU/TA-SQUAD-KEL-SATU/src/test/resources/features/siloam-outline/120UpdateDataSalesLimaKombinasi.feature:16)
]]>
    </failure>
  </testcase> <!-- runScenario -->
  <system-out/>
  <testcase classname="cucumber.framework.runner.siloam.ttddigitalpage.TandaTanganDigitalOutlineRunner" name="runScenario" time="2.639"/>
  <system-out/>
  <testcase classname="cucumber.framework.runner.siloam.ttddigitalpage.TandaTanganDigitalOutlineRunner" name="runScenario" time="4.139"/>
  <system-out/>
  <testcase classname="cucumber.framework.runner.siloam.ttddigitalpage.TandaTanganDigitalOutlineRunner" name="runScenario" time="5.490"/>
  <system-out/>
  <testcase classname="cucumber.framework.runner.siloam.ttddigitalpage.TandaTanganDigitalOutlineRunner" name="runScenario" time="2.654"/>
  <system-out/>
  <testcase classname="cucumber.framework.runner.siloam.ttddigitalpage.TandaTanganDigitalOutlineRunner" name="runScenario" time="2.327"/>
  <system-out/>
  <testcase classname="cucumber.framework.runner.siloam.ttddigitalpage.TandaTanganDigitalOutlineRunner" name="runScenario" time="2.833">
    <failure message="expected [Alamanda] but found [ADIT TEST]" type="java.lang.AssertionError">
      <![CDATA[java.lang.AssertionError: expected [Alamanda] but found [ADIT TEST]
at org.testng.Assert.fail(Assert.java:110)
at org.testng.Assert.failNotEquals(Assert.java:1413)
at org.testng.Assert.assertEqualsImpl(Assert.java:149)
at org.testng.Assert.assertEquals(Assert.java:131)
at org.testng.Assert.assertEquals(Assert.java:655)
at org.testng.Assert.assertEquals(Assert.java:665)
at cucumber.framework.runner.siloam.ttddigitalpage.TestTTDPageKombinasiTiga.siloam110_validasi_data_tersimpan_dan_form_ter_update(TestTTDPageKombinasiTiga.java:131)
at ✽.Siloam110 Validasi Data tersimpan dan form ter-update(file:///C:/Users/Nexsoft/git/TugasAkhir/Novri/TA-SQUAD-KEL-SATU/TA-SQUAD-KEL-SATU/src/test/resources/features/siloam-outline/110UpdateDataSalesTigaKombinasi.feature:16)
]]>
    </failure>
  </testcase> <!-- runScenario -->
  <system-out/>
  <testcase classname="cucumber.framework.runner.siloam.ttddigitalpage.TandaTanganDigitalOutlineRunner" name="runScenario" time="3.749">
    <failure message="expected [Alamanda] but found [ADIT TEST]" type="java.lang.AssertionError">
      <![CDATA[java.lang.AssertionError: expected [Alamanda] but found [ADIT TEST]
at org.testng.Assert.fail(Assert.java:110)
at org.testng.Assert.failNotEquals(Assert.java:1413)
at org.testng.Assert.assertEqualsImpl(Assert.java:149)
at org.testng.Assert.assertEquals(Assert.java:131)
at org.testng.Assert.assertEquals(Assert.java:655)
at org.testng.Assert.assertEquals(Assert.java:665)
at cucumber.framework.runner.siloam.ttddigitalpage.TestTTDPageKombinasiEmpat.siloam115_validasi_data_tersimpan_dan_form_ter_update(TestTTDPageKombinasiEmpat.java:128)
at ✽.Siloam115 Validasi Data tersimpan dan form ter-update(file:///C:/Users/Nexsoft/git/TugasAkhir/Novri/TA-SQUAD-KEL-SATU/TA-SQUAD-KEL-SATU/src/test/resources/features/siloam-outline/115UpdateDataSalesEmpatKombinasi.feature:16)
]]>
    </failure>
  </testcase> <!-- runScenario -->
  <system-out/>
  <testcase classname="cucumber.framework.runner.siloam.ttddigitalpage.TandaTanganDigitalOutlineRunner" name="runScenario" time="2.639"/>
  <system-out/>
  <testcase classname="cucumber.framework.runner.siloam.ttddigitalpage.TandaTanganDigitalOutlineRunner" name="runScenario" time="2.878"/>
  <system-out/>
  <testcase classname="cucumber.framework.runner.siloam.ttddigitalpage.TandaTanganDigitalOutlineRunner" name="runScenario" time="2.840"/>
  <system-out/>
  <testcase classname="cucumber.framework.runner.siloam.ttddigitalpage.TandaTanganDigitalOutlineRunner" name="runScenario" time="2.435"/>
  <system-out/>
  <testcase classname="cucumber.framework.runner.siloam.ttddigitalpage.TandaTanganDigitalOutlineRunner" name="runScenario" time="2.374"/>
  <system-out/>
  <testcase classname="cucumber.framework.runner.siloam.ttddigitalpage.TandaTanganDigitalOutlineRunner" name="runScenario" time="2.572"/>
  <system-out/>
  <testcase classname="cucumber.framework.runner.siloam.ttddigitalpage.TandaTanganDigitalOutlineRunner" name="runScenario" time="2.747"/>
  <system-out/>
  <testcase classname="cucumber.framework.runner.siloam.ttddigitalpage.TandaTanganDigitalOutlineRunner" name="runScenario" time="2.690"/>
  <system-out/>
  <testcase classname="cucumber.framework.runner.siloam.ttddigitalpage.TandaTanganDigitalOutlineRunner" name="runScenario" time="5.468"/>
  <system-out/>
  <testcase classname="cucumber.framework.runner.siloam.ttddigitalpage.TandaTanganDigitalOutlineRunner" name="runScenario" time="2.807"/>
  <system-out/>
  <testcase classname="cucumber.framework.runner.siloam.ttddigitalpage.TandaTanganDigitalOutlineRunner" name="runScenario" time="1.304"/>
  <system-out/>
  <testcase classname="cucumber.framework.runner.siloam.ttddigitalpage.TandaTanganDigitalOutlineRunner" name="runScenario" time="2.699"/>
  <system-out/>
  <testcase classname="cucumber.framework.runner.siloam.ttddigitalpage.TandaTanganDigitalOutlineRunner" name="runScenario" time="2.754"/>
  <system-out/>
  <testcase classname="cucumber.framework.runner.siloam.ttddigitalpage.TandaTanganDigitalOutlineRunner" name="runScenario" time="2.325">
    <failure message="expected [Alamanda] but found [ADIT TEST]" type="java.lang.AssertionError">
      <![CDATA[java.lang.AssertionError: expected [Alamanda] but found [ADIT TEST]
at org.testng.Assert.fail(Assert.java:110)
at org.testng.Assert.failNotEquals(Assert.java:1413)
at org.testng.Assert.assertEqualsImpl(Assert.java:149)
at org.testng.Assert.assertEquals(Assert.java:131)
at org.testng.Assert.assertEquals(Assert.java:655)
at org.testng.Assert.assertEquals(Assert.java:665)
at cucumber.framework.runner.siloam.ttddigitalpage.TestTTDPageKombinasiDua.siloam105_validasi_data_tersimpan_dan_form_ter_update(TestTTDPageKombinasiDua.java:135)
at ✽.Siloam105 Validasi Data tersimpan dan form ter-update(file:///C:/Users/Nexsoft/git/TugasAkhir/Novri/TA-SQUAD-KEL-SATU/TA-SQUAD-KEL-SATU/src/test/resources/features/siloam-outline/105UpdateDataSalesDuaKombinasi.feature:17)
]]>
    </failure>
  </testcase> <!-- runScenario -->
  <system-out/>
  <testcase classname="cucumber.framework.runner.siloam.ttddigitalpage.TandaTanganDigitalOutlineRunner" name="runScenario" time="3.853">
    <failure message="expected [Alamanda] but found [ADIT TEST]" type="java.lang.AssertionError">
      <![CDATA[java.lang.AssertionError: expected [Alamanda] but found [ADIT TEST]
at org.testng.Assert.fail(Assert.java:110)
at org.testng.Assert.failNotEquals(Assert.java:1413)
at org.testng.Assert.assertEqualsImpl(Assert.java:149)
at org.testng.Assert.assertEquals(Assert.java:131)
at org.testng.Assert.assertEquals(Assert.java:655)
at org.testng.Assert.assertEquals(Assert.java:665)
at cucumber.framework.runner.siloam.ttddigitalpage.TestTTDPageKombinasiEmpat.siloam115_validasi_data_tersimpan_dan_form_ter_update(TestTTDPageKombinasiEmpat.java:128)
at ✽.Siloam115 Validasi Data tersimpan dan form ter-update(file:///C:/Users/Nexsoft/git/TugasAkhir/Novri/TA-SQUAD-KEL-SATU/TA-SQUAD-KEL-SATU/src/test/resources/features/siloam-outline/115UpdateDataSalesEmpatKombinasi.feature:16)
]]>
    </failure>
  </testcase> <!-- runScenario -->
  <system-out/>
  <testcase classname="cucumber.framework.runner.siloam.ttddigitalpage.TandaTanganDigitalOutlineRunner" name="runScenario" time="3.455">
    <failure message="expected [Aditya] but found [ADIT]" type="java.lang.AssertionError">
      <![CDATA[java.lang.AssertionError: expected [Aditya] but found [ADIT]
at org.testng.Assert.fail(Assert.java:110)
at org.testng.Assert.failNotEquals(Assert.java:1413)
at org.testng.Assert.assertEqualsImpl(Assert.java:149)
at org.testng.Assert.assertEquals(Assert.java:131)
at org.testng.Assert.assertEquals(Assert.java:655)
at org.testng.Assert.assertEquals(Assert.java:665)
at cucumber.framework.runner.siloam.ttddigitalpage.TestTTDPageKombinasiLima.siloam120_validasi_data_tersimpan_dan_form_ter_update(TestTTDPageKombinasiLima.java:131)
at ✽.Siloam120 Validasi Data Tersimpan Dan Form Ter-update(file:///C:/Users/Nexsoft/git/TugasAkhir/Novri/TA-SQUAD-KEL-SATU/TA-SQUAD-KEL-SATU/src/test/resources/features/siloam-outline/120UpdateDataSalesLimaKombinasi.feature:16)
]]>
    </failure>
  </testcase> <!-- runScenario -->
  <system-out/>
  <testcase classname="cucumber.framework.runner.siloam.ttddigitalpage.TandaTanganDigitalOutlineRunner" name="runScenario" time="3.048"/>
  <system-out/>
  <testcase classname="cucumber.framework.runner.siloam.ttddigitalpage.TandaTanganDigitalOutlineRunner" name="runScenario" time="2.768"/>
  <system-out/>
  <testcase classname="cucumber.framework.runner.siloam.ttddigitalpage.TandaTanganDigitalOutlineRunner" name="runScenario" time="3.568"/>
  <system-out/>
  <testcase classname="cucumber.framework.runner.siloam.ttddigitalpage.TandaTanganDigitalOutlineRunner" name="runScenario" time="3.477">
    <failure message="expected [Alamanda] but found [ADIT TEST]" type="java.lang.AssertionError">
      <![CDATA[java.lang.AssertionError: expected [Alamanda] but found [ADIT TEST]
at org.testng.Assert.fail(Assert.java:110)
at org.testng.Assert.failNotEquals(Assert.java:1413)
at org.testng.Assert.assertEqualsImpl(Assert.java:149)
at org.testng.Assert.assertEquals(Assert.java:131)
at org.testng.Assert.assertEquals(Assert.java:655)
at org.testng.Assert.assertEquals(Assert.java:665)
at cucumber.framework.runner.siloam.ttddigitalpage.TestTTDPageKombinasiTiga.siloam110_validasi_data_tersimpan_dan_form_ter_update(TestTTDPageKombinasiTiga.java:131)
at ✽.Siloam110 Validasi Data tersimpan dan form ter-update(file:///C:/Users/Nexsoft/git/TugasAkhir/Novri/TA-SQUAD-KEL-SATU/TA-SQUAD-KEL-SATU/src/test/resources/features/siloam-outline/110UpdateDataSalesTigaKombinasi.feature:16)
]]>
    </failure>
  </testcase> <!-- runScenario -->
  <system-out/>
  <testcase classname="cucumber.framework.runner.siloam.ttddigitalpage.TandaTanganDigitalOutlineRunner" name="runScenario" time="2.493">
    <failure message="expected [Aditya] but found [ADIT]" type="java.lang.AssertionError">
      <![CDATA[java.lang.AssertionError: expected [Aditya] but found [ADIT]
at org.testng.Assert.fail(Assert.java:110)
at org.testng.Assert.failNotEquals(Assert.java:1413)
at org.testng.Assert.assertEqualsImpl(Assert.java:149)
at org.testng.Assert.assertEquals(Assert.java:131)
at org.testng.Assert.assertEquals(Assert.java:655)
at org.testng.Assert.assertEquals(Assert.java:665)
at cucumber.framework.runner.siloam.ttddigitalpage.TestTTDPageKombinasiLima.siloam120_validasi_data_tersimpan_dan_form_ter_update(TestTTDPageKombinasiLima.java:131)
at ✽.Siloam120 Validasi Data Tersimpan Dan Form Ter-update(file:///C:/Users/Nexsoft/git/TugasAkhir/Novri/TA-SQUAD-KEL-SATU/TA-SQUAD-KEL-SATU/src/test/resources/features/siloam-outline/120UpdateDataSalesLimaKombinasi.feature:16)
]]>
    </failure>
  </testcase> <!-- runScenario -->
  <system-out/>
  <testcase classname="cucumber.framework.runner.siloam.ttddigitalpage.TandaTanganDigitalOutlineRunner" name="runScenario" time="2.832">
    <failure message="expected [Alamanda] but found [ADIT TEST]" type="java.lang.AssertionError">
      <![CDATA[java.lang.AssertionError: expected [Alamanda] but found [ADIT TEST]
at org.testng.Assert.fail(Assert.java:110)
at org.testng.Assert.failNotEquals(Assert.java:1413)
at org.testng.Assert.assertEqualsImpl(Assert.java:149)
at org.testng.Assert.assertEquals(Assert.java:131)
at org.testng.Assert.assertEquals(Assert.java:655)
at org.testng.Assert.assertEquals(Assert.java:665)
at cucumber.framework.runner.siloam.ttddigitalpage.TestTTDPageKombinasiTiga.siloam110_validasi_data_tersimpan_dan_form_ter_update(TestTTDPageKombinasiTiga.java:131)
at ✽.Siloam110 Validasi Data tersimpan dan form ter-update(file:///C:/Users/Nexsoft/git/TugasAkhir/Novri/TA-SQUAD-KEL-SATU/TA-SQUAD-KEL-SATU/src/test/resources/features/siloam-outline/110UpdateDataSalesTigaKombinasi.feature:16)
]]>
    </failure>
  </testcase> <!-- runScenario -->
  <system-out/>
  <testcase classname="cucumber.framework.runner.siloam.ttddigitalpage.TandaTanganDigitalOutlineRunner" name="runScenario" time="2.764"/>
  <system-out/>
  <testcase classname="cucumber.framework.runner.siloam.ttddigitalpage.TandaTanganDigitalOutlineRunner" name="runScenario" time="3.406"/>
  <system-out/>
  <testcase classname="cucumber.framework.runner.siloam.ttddigitalpage.TandaTanganDigitalOutlineRunner" name="runScenario" time="2.904">
    <failure message="expected [Aditya] but found [ADIT]" type="java.lang.AssertionError">
      <![CDATA[java.lang.AssertionError: expected [Aditya] but found [ADIT]
at org.testng.Assert.fail(Assert.java:110)
at org.testng.Assert.failNotEquals(Assert.java:1413)
at org.testng.Assert.assertEqualsImpl(Assert.java:149)
at org.testng.Assert.assertEquals(Assert.java:131)
at org.testng.Assert.assertEquals(Assert.java:655)
at org.testng.Assert.assertEquals(Assert.java:665)
at cucumber.framework.runner.siloam.ttddigitalpage.TestTTDPageKombinasiLima.siloam120_validasi_data_tersimpan_dan_form_ter_update(TestTTDPageKombinasiLima.java:131)
at ✽.Siloam120 Validasi Data Tersimpan Dan Form Ter-update(file:///C:/Users/Nexsoft/git/TugasAkhir/Novri/TA-SQUAD-KEL-SATU/TA-SQUAD-KEL-SATU/src/test/resources/features/siloam-outline/120UpdateDataSalesLimaKombinasi.feature:16)
]]>
    </failure>
  </testcase> <!-- runScenario -->
  <system-out/>
  <testcase classname="cucumber.framework.runner.siloam.ttddigitalpage.TandaTanganDigitalOutlineRunner" name="runScenario" time="3.765"/>
  <system-out/>
  <testcase classname="cucumber.framework.runner.siloam.ttddigitalpage.TandaTanganDigitalOutlineRunner" name="runScenario" time="3.243"/>
  <system-out/>
  <testcase classname="cucumber.framework.runner.siloam.ttddigitalpage.TandaTanganDigitalOutlineRunner" name="runScenario" time="2.649"/>
  <system-out/>
  <testcase classname="cucumber.framework.runner.siloam.ttddigitalpage.TandaTanganDigitalOutlineRunner" name="runScenario" time="3.009">
    <failure message="expected [Alamanda] but found [ADIT TEST]" type="java.lang.AssertionError">
      <![CDATA[java.lang.AssertionError: expected [Alamanda] but found [ADIT TEST]
at org.testng.Assert.fail(Assert.java:110)
at org.testng.Assert.failNotEquals(Assert.java:1413)
at org.testng.Assert.assertEqualsImpl(Assert.java:149)
at org.testng.Assert.assertEquals(Assert.java:131)
at org.testng.Assert.assertEquals(Assert.java:655)
at org.testng.Assert.assertEquals(Assert.java:665)
at cucumber.framework.runner.siloam.ttddigitalpage.TestTTDPageKombinasiEmpat.siloam115_validasi_data_tersimpan_dan_form_ter_update(TestTTDPageKombinasiEmpat.java:128)
at ✽.Siloam115 Validasi Data tersimpan dan form ter-update(file:///C:/Users/Nexsoft/git/TugasAkhir/Novri/TA-SQUAD-KEL-SATU/TA-SQUAD-KEL-SATU/src/test/resources/features/siloam-outline/115UpdateDataSalesEmpatKombinasi.feature:16)
]]>
    </failure>
  </testcase> <!-- runScenario -->
  <system-out/>
  <testcase classname="cucumber.framework.runner.siloam.ttddigitalpage.TandaTanganDigitalOutlineRunner" name="runScenario" time="4.078">
    <failure message="expected [Aditya] but found [ADIT]" type="java.lang.AssertionError">
      <![CDATA[java.lang.AssertionError: expected [Aditya] but found [ADIT]
at org.testng.Assert.fail(Assert.java:110)
at org.testng.Assert.failNotEquals(Assert.java:1413)
at org.testng.Assert.assertEqualsImpl(Assert.java:149)
at org.testng.Assert.assertEquals(Assert.java:131)
at org.testng.Assert.assertEquals(Assert.java:655)
at org.testng.Assert.assertEquals(Assert.java:665)
at cucumber.framework.runner.siloam.ttddigitalpage.TestTTDPageKombinasiLima.siloam120_validasi_data_tersimpan_dan_form_ter_update(TestTTDPageKombinasiLima.java:131)
at ✽.Siloam120 Validasi Data Tersimpan Dan Form Ter-update(file:///C:/Users/Nexsoft/git/TugasAkhir/Novri/TA-SQUAD-KEL-SATU/TA-SQUAD-KEL-SATU/src/test/resources/features/siloam-outline/120UpdateDataSalesLimaKombinasi.feature:16)
]]>
    </failure>
  </testcase> <!-- runScenario -->
  <system-out/>
  <testcase classname="cucumber.framework.runner.siloam.ttddigitalpage.TandaTanganDigitalOutlineRunner" name="runScenario" time="2.923">
    <failure message="expected [Aditya] but found [ADIT]" type="java.lang.AssertionError">
      <![CDATA[java.lang.AssertionError: expected [Aditya] but found [ADIT]
at org.testng.Assert.fail(Assert.java:110)
at org.testng.Assert.failNotEquals(Assert.java:1413)
at org.testng.Assert.assertEqualsImpl(Assert.java:149)
at org.testng.Assert.assertEquals(Assert.java:131)
at org.testng.Assert.assertEquals(Assert.java:655)
at org.testng.Assert.assertEquals(Assert.java:665)
at cucumber.framework.runner.siloam.ttddigitalpage.TestTTDPageKombinasiLima.siloam120_validasi_data_tersimpan_dan_form_ter_update(TestTTDPageKombinasiLima.java:131)
at ✽.Siloam120 Validasi Data Tersimpan Dan Form Ter-update(file:///C:/Users/Nexsoft/git/TugasAkhir/Novri/TA-SQUAD-KEL-SATU/TA-SQUAD-KEL-SATU/src/test/resources/features/siloam-outline/120UpdateDataSalesLimaKombinasi.feature:16)
]]>
    </failure>
  </testcase> <!-- runScenario -->
  <system-out/>
  <testcase classname="cucumber.framework.runner.siloam.ttddigitalpage.TandaTanganDigitalOutlineRunner" name="runScenario" time="3.251"/>
  <system-out/>
  <testcase classname="cucumber.framework.runner.siloam.ttddigitalpage.TandaTanganDigitalOutlineRunner" name="runScenario" time="2.986">
    <failure message="expected [Alamanda] but found [ADIT TEST]" type="java.lang.AssertionError">
      <![CDATA[java.lang.AssertionError: expected [Alamanda] but found [ADIT TEST]
at org.testng.Assert.fail(Assert.java:110)
at org.testng.Assert.failNotEquals(Assert.java:1413)
at org.testng.Assert.assertEqualsImpl(Assert.java:149)
at org.testng.Assert.assertEquals(Assert.java:131)
at org.testng.Assert.assertEquals(Assert.java:655)
at org.testng.Assert.assertEquals(Assert.java:665)
at cucumber.framework.runner.siloam.ttddigitalpage.TestTTDPageKombinasiEmpat.siloam115_validasi_data_tersimpan_dan_form_ter_update(TestTTDPageKombinasiEmpat.java:128)
at ✽.Siloam115 Validasi Data tersimpan dan form ter-update(file:///C:/Users/Nexsoft/git/TugasAkhir/Novri/TA-SQUAD-KEL-SATU/TA-SQUAD-KEL-SATU/src/test/resources/features/siloam-outline/115UpdateDataSalesEmpatKombinasi.feature:16)
]]>
    </failure>
  </testcase> <!-- runScenario -->
  <system-out/>
  <testcase classname="cucumber.framework.runner.siloam.ttddigitalpage.TandaTanganDigitalOutlineRunner" name="runScenario" time="1.381"/>
  <system-out/>
  <testcase classname="cucumber.framework.runner.siloam.ttddigitalpage.TandaTanganDigitalOutlineRunner" name="runScenario" time="3.332">
    <failure message="expected [Alamanda] but found [ADIT TEST]" type="java.lang.AssertionError">
      <![CDATA[java.lang.AssertionError: expected [Alamanda] but found [ADIT TEST]
at org.testng.Assert.fail(Assert.java:110)
at org.testng.Assert.failNotEquals(Assert.java:1413)
at org.testng.Assert.assertEqualsImpl(Assert.java:149)
at org.testng.Assert.assertEquals(Assert.java:131)
at org.testng.Assert.assertEquals(Assert.java:655)
at org.testng.Assert.assertEquals(Assert.java:665)
at cucumber.framework.runner.siloam.ttddigitalpage.TestTTDPageKombinasiTiga.siloam110_validasi_data_tersimpan_dan_form_ter_update(TestTTDPageKombinasiTiga.java:131)
at ✽.Siloam110 Validasi Data tersimpan dan form ter-update(file:///C:/Users/Nexsoft/git/TugasAkhir/Novri/TA-SQUAD-KEL-SATU/TA-SQUAD-KEL-SATU/src/test/resources/features/siloam-outline/110UpdateDataSalesTigaKombinasi.feature:16)
]]>
    </failure>
  </testcase> <!-- runScenario -->
  <system-out/>
  <testcase classname="cucumber.framework.runner.siloam.ttddigitalpage.TandaTanganDigitalOutlineRunner" name="runScenario" time="2.479"/>
  <system-out/>
  <testcase classname="cucumber.framework.runner.siloam.ttddigitalpage.TandaTanganDigitalOutlineRunner" name="runScenario" time="2.440"/>
  <system-out/>
  <testcase classname="cucumber.framework.runner.siloam.ttddigitalpage.TandaTanganDigitalOutlineRunner" name="runScenario" time="2.536"/>
  <system-out/>
  <testcase classname="cucumber.framework.runner.siloam.ttddigitalpage.TandaTanganDigitalOutlineRunner" name="runScenario" time="2.375"/>
  <system-out/>
  <testcase classname="cucumber.framework.runner.siloam.ttddigitalpage.TandaTanganDigitalOutlineRunner" name="runScenario" time="0.291"/>
  <system-out/>
  <testcase classname="cucumber.framework.runner.siloam.ttddigitalpage.TandaTanganDigitalOutlineRunner" name="runScenario" time="2.973">
    <failure message="expected [Aditya] but found [ADIT]" type="java.lang.AssertionError">
      <![CDATA[java.lang.AssertionError: expected [Aditya] but found [ADIT]
at org.testng.Assert.fail(Assert.java:110)
at org.testng.Assert.failNotEquals(Assert.java:1413)
at org.testng.Assert.assertEqualsImpl(Assert.java:149)
at org.testng.Assert.assertEquals(Assert.java:131)
at org.testng.Assert.assertEquals(Assert.java:655)
at org.testng.Assert.assertEquals(Assert.java:665)
at cucumber.framework.runner.siloam.ttddigitalpage.TestTTDPageKombinasiLima.siloam120_validasi_data_tersimpan_dan_form_ter_update(TestTTDPageKombinasiLima.java:131)
at ✽.Siloam120 Validasi Data Tersimpan Dan Form Ter-update(file:///C:/Users/Nexsoft/git/TugasAkhir/Novri/TA-SQUAD-KEL-SATU/TA-SQUAD-KEL-SATU/src/test/resources/features/siloam-outline/120UpdateDataSalesLimaKombinasi.feature:16)
]]>
    </failure>
  </testcase> <!-- runScenario -->
  <system-out/>
  <testcase classname="cucumber.framework.runner.siloam.ttddigitalpage.TandaTanganDigitalOutlineRunner" name="runScenario" time="3.932"/>
  <system-out/>
  <testcase classname="cucumber.framework.runner.siloam.ttddigitalpage.TandaTanganDigitalOutlineRunner" name="runScenario" time="3.837"/>
  <system-out/>
  <testcase classname="cucumber.framework.runner.siloam.ttddigitalpage.TandaTanganDigitalOutlineRunner" name="runScenario" time="4.336">
    <failure message="expected [Alamanda] but found [ADIT TEST]" type="java.lang.AssertionError">
      <![CDATA[java.lang.AssertionError: expected [Alamanda] but found [ADIT TEST]
at org.testng.Assert.fail(Assert.java:110)
at org.testng.Assert.failNotEquals(Assert.java:1413)
at org.testng.Assert.assertEqualsImpl(Assert.java:149)
at org.testng.Assert.assertEquals(Assert.java:131)
at org.testng.Assert.assertEquals(Assert.java:655)
at org.testng.Assert.assertEquals(Assert.java:665)
at cucumber.framework.runner.siloam.ttddigitalpage.TestTTDPageKombinasiEmpat.siloam115_validasi_data_tersimpan_dan_form_ter_update(TestTTDPageKombinasiEmpat.java:128)
at ✽.Siloam115 Validasi Data tersimpan dan form ter-update(file:///C:/Users/Nexsoft/git/TugasAkhir/Novri/TA-SQUAD-KEL-SATU/TA-SQUAD-KEL-SATU/src/test/resources/features/siloam-outline/115UpdateDataSalesEmpatKombinasi.feature:16)
]]>
    </failure>
  </testcase> <!-- runScenario -->
  <system-out/>
  <testcase classname="cucumber.framework.runner.siloam.ttddigitalpage.TandaTanganDigitalOutlineRunner" name="runScenario" time="3.621">
    <failure message="expected [Alamanda] but found [ADIT TEST]" type="java.lang.AssertionError">
      <![CDATA[java.lang.AssertionError: expected [Alamanda] but found [ADIT TEST]
at org.testng.Assert.fail(Assert.java:110)
at org.testng.Assert.failNotEquals(Assert.java:1413)
at org.testng.Assert.assertEqualsImpl(Assert.java:149)
at org.testng.Assert.assertEquals(Assert.java:131)
at org.testng.Assert.assertEquals(Assert.java:655)
at org.testng.Assert.assertEquals(Assert.java:665)
at cucumber.framework.runner.siloam.ttddigitalpage.TestTTDPageKombinasiEmpat.siloam115_validasi_data_tersimpan_dan_form_ter_update(TestTTDPageKombinasiEmpat.java:128)
at ✽.Siloam115 Validasi Data tersimpan dan form ter-update(file:///C:/Users/Nexsoft/git/TugasAkhir/Novri/TA-SQUAD-KEL-SATU/TA-SQUAD-KEL-SATU/src/test/resources/features/siloam-outline/115UpdateDataSalesEmpatKombinasi.feature:16)
]]>
    </failure>
  </testcase> <!-- runScenario -->
  <system-out/>
  <testcase classname="cucumber.framework.runner.siloam.ttddigitalpage.TandaTanganDigitalOutlineRunner" name="runScenario" time="0.245"/>
  <system-out/>
  <testcase classname="cucumber.framework.runner.siloam.ttddigitalpage.TandaTanganDigitalOutlineRunner" name="runScenario" time="2.744"/>
  <system-out/>
  <testcase classname="cucumber.framework.runner.siloam.ttddigitalpage.TandaTanganDigitalOutlineRunner" name="runScenario" time="3.229"/>
  <system-out/>
  <testcase classname="cucumber.framework.runner.siloam.ttddigitalpage.TandaTanganDigitalOutlineRunner" name="runScenario" time="2.994"/>
  <system-out/>
  <testcase classname="cucumber.framework.runner.siloam.ttddigitalpage.TandaTanganDigitalOutlineRunner" name="runScenario" time="2.177"/>
  <system-out/>
  <testcase classname="cucumber.framework.runner.siloam.ttddigitalpage.TandaTanganDigitalOutlineRunner" name="runScenario" time="3.830">
    <failure message="expected [Aditya] but found [ADIT]" type="java.lang.AssertionError">
      <![CDATA[java.lang.AssertionError: expected [Aditya] but found [ADIT]
at org.testng.Assert.fail(Assert.java:110)
at org.testng.Assert.failNotEquals(Assert.java:1413)
at org.testng.Assert.assertEqualsImpl(Assert.java:149)
at org.testng.Assert.assertEquals(Assert.java:131)
at org.testng.Assert.assertEquals(Assert.java:655)
at org.testng.Assert.assertEquals(Assert.java:665)
at cucumber.framework.runner.siloam.ttddigitalpage.TestTTDPageKombinasiLima.siloam120_validasi_data_tersimpan_dan_form_ter_update(TestTTDPageKombinasiLima.java:131)
at ✽.Siloam120 Validasi Data Tersimpan Dan Form Ter-update(file:///C:/Users/Nexsoft/git/TugasAkhir/Novri/TA-SQUAD-KEL-SATU/TA-SQUAD-KEL-SATU/src/test/resources/features/siloam-outline/120UpdateDataSalesLimaKombinasi.feature:16)
]]>
    </failure>
  </testcase> <!-- runScenario -->
  <system-out/>
  <testcase classname="cucumber.framework.runner.siloam.ttddigitalpage.TandaTanganDigitalOutlineRunner" name="runScenario" time="3.574">
    <failure message="expected [Aditya] but found [ADIT]" type="java.lang.AssertionError">
      <![CDATA[java.lang.AssertionError: expected [Aditya] but found [ADIT]
at org.testng.Assert.fail(Assert.java:110)
at org.testng.Assert.failNotEquals(Assert.java:1413)
at org.testng.Assert.assertEqualsImpl(Assert.java:149)
at org.testng.Assert.assertEquals(Assert.java:131)
at org.testng.Assert.assertEquals(Assert.java:655)
at org.testng.Assert.assertEquals(Assert.java:665)
at cucumber.framework.runner.siloam.ttddigitalpage.TestTTDPageKombinasiLima.siloam120_validasi_data_tersimpan_dan_form_ter_update(TestTTDPageKombinasiLima.java:131)
at ✽.Siloam120 Validasi Data Tersimpan Dan Form Ter-update(file:///C:/Users/Nexsoft/git/TugasAkhir/Novri/TA-SQUAD-KEL-SATU/TA-SQUAD-KEL-SATU/src/test/resources/features/siloam-outline/120UpdateDataSalesLimaKombinasi.feature:16)
]]>
    </failure>
  </testcase> <!-- runScenario -->
  <system-out/>
  <testcase classname="cucumber.framework.runner.siloam.ttddigitalpage.TandaTanganDigitalOutlineRunner" name="runScenario" time="3.520"/>
  <system-out/>
  <testcase classname="cucumber.framework.runner.siloam.ttddigitalpage.TandaTanganDigitalOutlineRunner" name="runScenario" time="0.226"/>
  <system-out/>
  <testcase classname="cucumber.framework.runner.siloam.ttddigitalpage.TandaTanganDigitalOutlineRunner" name="runScenario" time="2.821"/>
  <system-out/>
  <testcase classname="cucumber.framework.runner.siloam.ttddigitalpage.TandaTanganDigitalOutlineRunner" name="runScenario" time="7.133"/>
  <system-out/>
  <testcase classname="cucumber.framework.runner.siloam.ttddigitalpage.TandaTanganDigitalOutlineRunner" name="runScenario" time="3.140"/>
  <system-out/>
  <testcase classname="cucumber.framework.runner.siloam.ttddigitalpage.TandaTanganDigitalOutlineRunner" name="runScenario" time="1.741"/>
  <system-out/>
  <testcase classname="cucumber.framework.runner.siloam.ttddigitalpage.TandaTanganDigitalOutlineRunner" name="runScenario" time="9.377">
    <failure message="expected [Aditya] but found [ADIT]" type="java.lang.AssertionError">
      <![CDATA[java.lang.AssertionError: expected [Aditya] but found [ADIT]
at org.testng.Assert.fail(Assert.java:110)
at org.testng.Assert.failNotEquals(Assert.java:1413)
at org.testng.Assert.assertEqualsImpl(Assert.java:149)
at org.testng.Assert.assertEquals(Assert.java:131)
at org.testng.Assert.assertEquals(Assert.java:655)
at org.testng.Assert.assertEquals(Assert.java:665)
at cucumber.framework.runner.siloam.ttddigitalpage.TestTTDPageKombinasiLima.siloam120_validasi_data_tersimpan_dan_form_ter_update(TestTTDPageKombinasiLima.java:131)
at ✽.Siloam120 Validasi Data Tersimpan Dan Form Ter-update(file:///C:/Users/Nexsoft/git/TugasAkhir/Novri/TA-SQUAD-KEL-SATU/TA-SQUAD-KEL-SATU/src/test/resources/features/siloam-outline/120UpdateDataSalesLimaKombinasi.feature:16)
]]>
    </failure>
  </testcase> <!-- runScenario -->
  <system-out/>
  <testcase classname="cucumber.framework.runner.siloam.ttddigitalpage.TandaTanganDigitalOutlineRunner" name="runScenario" time="3.756">
    <failure message="expected [Aditya] but found [ADIT]" type="java.lang.AssertionError">
      <![CDATA[java.lang.AssertionError: expected [Aditya] but found [ADIT]
at org.testng.Assert.fail(Assert.java:110)
at org.testng.Assert.failNotEquals(Assert.java:1413)
at org.testng.Assert.assertEqualsImpl(Assert.java:149)
at org.testng.Assert.assertEquals(Assert.java:131)
at org.testng.Assert.assertEquals(Assert.java:655)
at org.testng.Assert.assertEquals(Assert.java:665)
at cucumber.framework.runner.siloam.ttddigitalpage.TestTTDPageKombinasiLima.siloam120_validasi_data_tersimpan_dan_form_ter_update(TestTTDPageKombinasiLima.java:131)
at ✽.Siloam120 Validasi Data Tersimpan Dan Form Ter-update(file:///C:/Users/Nexsoft/git/TugasAkhir/Novri/TA-SQUAD-KEL-SATU/TA-SQUAD-KEL-SATU/src/test/resources/features/siloam-outline/120UpdateDataSalesLimaKombinasi.feature:16)
]]>
    </failure>
  </testcase> <!-- runScenario -->
  <system-out/>
  <testcase classname="cucumber.framework.runner.siloam.ttddigitalpage.TandaTanganDigitalOutlineRunner" name="runScenario" time="1.853"/>
  <system-out/>
  <testcase classname="cucumber.framework.runner.siloam.ttddigitalpage.TandaTanganDigitalOutlineRunner" name="runScenario" time="2.618"/>
  <system-out/>
  <testcase classname="cucumber.framework.runner.siloam.ttddigitalpage.TandaTanganDigitalOutlineRunner" name="runScenario" time="2.902">
    <failure message="expected [Alamanda] but found [ADIT TEST]" type="java.lang.AssertionError">
      <![CDATA[java.lang.AssertionError: expected [Alamanda] but found [ADIT TEST]
at org.testng.Assert.fail(Assert.java:110)
at org.testng.Assert.failNotEquals(Assert.java:1413)
at org.testng.Assert.assertEqualsImpl(Assert.java:149)
at org.testng.Assert.assertEquals(Assert.java:131)
at org.testng.Assert.assertEquals(Assert.java:655)
at org.testng.Assert.assertEquals(Assert.java:665)
at cucumber.framework.runner.siloam.ttddigitalpage.TestTTDPageKombinasiDua.siloam105_validasi_data_tersimpan_dan_form_ter_update(TestTTDPageKombinasiDua.java:135)
at ✽.Siloam105 Validasi Data tersimpan dan form ter-update(file:///C:/Users/Nexsoft/git/TugasAkhir/Novri/TA-SQUAD-KEL-SATU/TA-SQUAD-KEL-SATU/src/test/resources/features/siloam-outline/105UpdateDataSalesDuaKombinasi.feature:17)
]]>
    </failure>
  </testcase> <!-- runScenario -->
  <system-out/>
  <testcase classname="cucumber.framework.runner.siloam.ttddigitalpage.TandaTanganDigitalOutlineRunner" name="runScenario" time="3.394">
    <failure message="expected [Aditya] but found [ADIT]" type="java.lang.AssertionError">
      <![CDATA[java.lang.AssertionError: expected [Aditya] but found [ADIT]
at org.testng.Assert.fail(Assert.java:110)
at org.testng.Assert.failNotEquals(Assert.java:1413)
at org.testng.Assert.assertEqualsImpl(Assert.java:149)
at org.testng.Assert.assertEquals(Assert.java:131)
at org.testng.Assert.assertEquals(Assert.java:655)
at org.testng.Assert.assertEquals(Assert.java:665)
at cucumber.framework.runner.siloam.ttddigitalpage.TestTTDPageKombinasiLima.siloam120_validasi_data_tersimpan_dan_form_ter_update(TestTTDPageKombinasiLima.java:131)
at ✽.Siloam120 Validasi Data Tersimpan Dan Form Ter-update(file:///C:/Users/Nexsoft/git/TugasAkhir/Novri/TA-SQUAD-KEL-SATU/TA-SQUAD-KEL-SATU/src/test/resources/features/siloam-outline/120UpdateDataSalesLimaKombinasi.feature:16)
]]>
    </failure>
  </testcase> <!-- runScenario -->
  <system-out/>
  <testcase classname="cucumber.framework.runner.siloam.ttddigitalpage.TandaTanganDigitalOutlineRunner" name="runScenario" time="3.919">
    <failure message="expected [Aditya] but found [ADIT]" type="java.lang.AssertionError">
      <![CDATA[java.lang.AssertionError: expected [Aditya] but found [ADIT]
at org.testng.Assert.fail(Assert.java:110)
at org.testng.Assert.failNotEquals(Assert.java:1413)
at org.testng.Assert.assertEqualsImpl(Assert.java:149)
at org.testng.Assert.assertEquals(Assert.java:131)
at org.testng.Assert.assertEquals(Assert.java:655)
at org.testng.Assert.assertEquals(Assert.java:665)
at cucumber.framework.runner.siloam.ttddigitalpage.TestTTDPageKombinasiLima.siloam120_validasi_data_tersimpan_dan_form_ter_update(TestTTDPageKombinasiLima.java:131)
at ✽.Siloam120 Validasi Data Tersimpan Dan Form Ter-update(file:///C:/Users/Nexsoft/git/TugasAkhir/Novri/TA-SQUAD-KEL-SATU/TA-SQUAD-KEL-SATU/src/test/resources/features/siloam-outline/120UpdateDataSalesLimaKombinasi.feature:16)
]]>
    </failure>
  </testcase> <!-- runScenario -->
  <system-out/>
  <testcase classname="cucumber.framework.runner.siloam.ttddigitalpage.TandaTanganDigitalOutlineRunner" name="runScenario" time="3.337">
    <failure message="expected [Alamanda] but found [ADIT TEST]" type="java.lang.AssertionError">
      <![CDATA[java.lang.AssertionError: expected [Alamanda] but found [ADIT TEST]
at org.testng.Assert.fail(Assert.java:110)
at org.testng.Assert.failNotEquals(Assert.java:1413)
at org.testng.Assert.assertEqualsImpl(Assert.java:149)
at org.testng.Assert.assertEquals(Assert.java:131)
at org.testng.Assert.assertEquals(Assert.java:655)
at org.testng.Assert.assertEquals(Assert.java:665)
at cucumber.framework.runner.siloam.ttddigitalpage.TestTTDPageKombinasiEmpat.siloam115_validasi_data_tersimpan_dan_form_ter_update(TestTTDPageKombinasiEmpat.java:128)
at ✽.Siloam115 Validasi Data tersimpan dan form ter-update(file:///C:/Users/Nexsoft/git/TugasAkhir/Novri/TA-SQUAD-KEL-SATU/TA-SQUAD-KEL-SATU/src/test/resources/features/siloam-outline/115UpdateDataSalesEmpatKombinasi.feature:16)
]]>
    </failure>
  </testcase> <!-- runScenario -->
  <system-out/>
  <testcase classname="cucumber.framework.runner.siloam.ttddigitalpage.TandaTanganDigitalOutlineRunner" name="runScenario" time="3.182"/>
  <system-out/>
  <testcase classname="cucumber.framework.runner.siloam.ttddigitalpage.TandaTanganDigitalOutlineRunner" name="runScenario" time="3.918">
    <failure message="expected [Aditya] but found [ADIT]" type="java.lang.AssertionError">
      <![CDATA[java.lang.AssertionError: expected [Aditya] but found [ADIT]
at org.testng.Assert.fail(Assert.java:110)
at org.testng.Assert.failNotEquals(Assert.java:1413)
at org.testng.Assert.assertEqualsImpl(Assert.java:149)
at org.testng.Assert.assertEquals(Assert.java:131)
at org.testng.Assert.assertEquals(Assert.java:655)
at org.testng.Assert.assertEquals(Assert.java:665)
at cucumber.framework.runner.siloam.ttddigitalpage.TestTTDPageKombinasiLima.siloam120_validasi_data_tersimpan_dan_form_ter_update(TestTTDPageKombinasiLima.java:131)
at ✽.Siloam120 Validasi Data Tersimpan Dan Form Ter-update(file:///C:/Users/Nexsoft/git/TugasAkhir/Novri/TA-SQUAD-KEL-SATU/TA-SQUAD-KEL-SATU/src/test/resources/features/siloam-outline/120UpdateDataSalesLimaKombinasi.feature:16)
]]>
    </failure>
  </testcase> <!-- runScenario -->
  <system-out/>
  <testcase classname="cucumber.framework.runner.siloam.ttddigitalpage.TandaTanganDigitalOutlineRunner" name="runScenario" time="2.389"/>
  <system-out/>
  <testcase classname="cucumber.framework.runner.siloam.ttddigitalpage.TandaTanganDigitalOutlineRunner" name="runScenario" time="3.138">
    <failure message="expected [Alamanda] but found [ADIT TEST]" type="java.lang.AssertionError">
      <![CDATA[java.lang.AssertionError: expected [Alamanda] but found [ADIT TEST]
at org.testng.Assert.fail(Assert.java:110)
at org.testng.Assert.failNotEquals(Assert.java:1413)
at org.testng.Assert.assertEqualsImpl(Assert.java:149)
at org.testng.Assert.assertEquals(Assert.java:131)
at org.testng.Assert.assertEquals(Assert.java:655)
at org.testng.Assert.assertEquals(Assert.java:665)
at cucumber.framework.runner.siloam.ttddigitalpage.TestTTDPageKombinasiEmpat.siloam115_validasi_data_tersimpan_dan_form_ter_update(TestTTDPageKombinasiEmpat.java:128)
at ✽.Siloam115 Validasi Data tersimpan dan form ter-update(file:///C:/Users/Nexsoft/git/TugasAkhir/Novri/TA-SQUAD-KEL-SATU/TA-SQUAD-KEL-SATU/src/test/resources/features/siloam-outline/115UpdateDataSalesEmpatKombinasi.feature:16)
]]>
    </failure>
  </testcase> <!-- runScenario -->
  <system-out/>
  <testcase classname="cucumber.framework.runner.siloam.ttddigitalpage.TandaTanganDigitalOutlineRunner" name="runScenario" time="0.395">
    <failure message="expected [true] but found [false]" type="java.lang.AssertionError">
      <![CDATA[java.lang.AssertionError: expected [true] but found [false]
at org.testng.Assert.fail(Assert.java:110)
at org.testng.Assert.failNotEquals(Assert.java:1413)
at org.testng.Assert.assertTrue(Assert.java:56)
at org.testng.Assert.assertTrue(Assert.java:66)
at cucumber.framework.runner.siloam.ttddigitalpage.TestUploadDokumenAfterInvalid.siloam405003_validasi_pesan_error(TestUploadDokumenAfterInvalid.java:92)
at ✽.Siloam405003 Validasi pesan error(file:///C:/Users/Nexsoft/git/TugasAkhir/Novri/TA-SQUAD-KEL-SATU/TA-SQUAD-KEL-SATU/src/test/resources/features/siloam-outline/405SalesUploadDokumenAfterInvalid.feature:19)
]]>
    </failure>
  </testcase> <!-- runScenario -->
  <system-out/>
  <testcase classname="cucumber.framework.runner.siloam.ttddigitalpage.TandaTanganDigitalOutlineRunner" name="runScenario" time="11.179">
    <error message="Expected condition failed: waiting for visibility of [[ChromeDriver: chrome on WINDOWS (f7ceb8745729e9ed7543e29fb9ea64c7)] -&gt; xpath: //div[@id=&#039;message&#039;]] (tried for 10 second(s) with 500 milliseconds interval)
Build info: version: &#039;4.4.0&#039;, revision: &#039;e5c75ed026a&#039;
System info: host: &#039;DESKTOP-26B5BFK&#039;, ip: &#039;10.0.0.164&#039;, os.name: &#039;Windows 10&#039;, os.arch: &#039;amd64&#039;, os.version: &#039;10.0&#039;, java.version: &#039;17.0.4.1&#039;
Driver info: org.openqa.selenium.chrome.ChromeDriver
Capabilities {acceptInsecureCerts: false, browserName: chrome, browserVersion: 106.0.5249.103, chrome: {chromedriverVersion: 106.0.5249.61 (511755355844..., userDataDir: C:\Users\Nexsoft\AppData\Lo...}, goog:chromeOptions: {debuggerAddress: localhost:64168}, networkConnectionEnabled: false, pageLoadStrategy: normal, platformName: WINDOWS, proxy: Proxy(), se:cdp: ws://localhost:64168/devtoo..., se:cdpVersion: 106.0.5249.103, setWindowRect: true, strictFileInteractability: false, timeouts: {implicit: 0, pageLoad: 300000, script: 30000}, unhandledPromptBehavior: dismiss and notify, webauthn:extension:credBlob: true, webauthn:extension:largeBlob: true, webauthn:virtualAuthenticators: true}
Session ID: f7ceb8745729e9ed7543e29fb9ea64c7" type="org.openqa.selenium.TimeoutException">
      <![CDATA[org.openqa.selenium.TimeoutException: Expected condition failed: waiting for visibility of [[ChromeDriver: chrome on WINDOWS (f7ceb8745729e9ed7543e29fb9ea64c7)] -> xpath: //div[@id='message']] (tried for 10 second(s) with 500 milliseconds interval)
Build info: version: '4.4.0', revision: 'e5c75ed026a'
System info: host: 'DESKTOP-26B5BFK', ip: '10.0.0.164', os.name: 'Windows 10', os.arch: 'amd64', os.version: '10.0', java.version: '17.0.4.1'
Driver info: org.openqa.selenium.chrome.ChromeDriver
Capabilities {acceptInsecureCerts: false, browserName: chrome, browserVersion: 106.0.5249.103, chrome: {chromedriverVersion: 106.0.5249.61 (511755355844..., userDataDir: C:\Users\Nexsoft\AppData\Lo...}, goog:chromeOptions: {debuggerAddress: localhost:64168}, networkConnectionEnabled: false, pageLoadStrategy: normal, platformName: WINDOWS, proxy: Proxy(), se:cdp: ws://localhost:64168/devtoo..., se:cdpVersion: 106.0.5249.103, setWindowRect: true, strictFileInteractability: false, timeouts: {implicit: 0, pageLoad: 300000, script: 30000}, unhandledPromptBehavior: dismiss and notify, webauthn:extension:credBlob: true, webauthn:extension:largeBlob: true, webauthn:virtualAuthenticators: true}
Session ID: f7ceb8745729e9ed7543e29fb9ea64c7
at org.openqa.selenium.support.ui.WebDriverWait.timeoutException(WebDriverWait.java:87)
at org.openqa.selenium.support.ui.FluentWait.until(FluentWait.java:231)
at cucumber.framework.utils.Utils.driverWaitTxt(Utils.java:77)
at cucumber.framework.page.siloam.TandaTanganDigitalPage.txtErrorSave(TandaTanganDigitalPage.java:351)
at cucumber.framework.runner.siloam.ttddigitalpage.TestUploadDokumenAfterInvalid.siloam405004_validasi_pesan_error(TestUploadDokumenAfterInvalid.java:113)
at ✽.Siloam405004 Validasi pesan error(file:///C:/Users/Nexsoft/git/TugasAkhir/Novri/TA-SQUAD-KEL-SATU/TA-SQUAD-KEL-SATU/src/test/resources/features/siloam-outline/405SalesUploadDokumenAfterInvalid.feature:24)
]]>
    </error>
  </testcase> <!-- runScenario -->
  <system-out/>
  <testcase classname="cucumber.framework.runner.siloam.ttddigitalpage.TandaTanganDigitalOutlineRunner" name="runScenario" time="11.256">
    <error message="Expected condition failed: waiting for visibility of [[ChromeDriver: chrome on WINDOWS (f7ceb8745729e9ed7543e29fb9ea64c7)] -&gt; xpath: //div[@id=&#039;message&#039;]] (tried for 10 second(s) with 500 milliseconds interval)
Build info: version: &#039;4.4.0&#039;, revision: &#039;e5c75ed026a&#039;
System info: host: &#039;DESKTOP-26B5BFK&#039;, ip: &#039;10.0.0.164&#039;, os.name: &#039;Windows 10&#039;, os.arch: &#039;amd64&#039;, os.version: &#039;10.0&#039;, java.version: &#039;17.0.4.1&#039;
Driver info: org.openqa.selenium.chrome.ChromeDriver
Capabilities {acceptInsecureCerts: false, browserName: chrome, browserVersion: 106.0.5249.103, chrome: {chromedriverVersion: 106.0.5249.61 (511755355844..., userDataDir: C:\Users\Nexsoft\AppData\Lo...}, goog:chromeOptions: {debuggerAddress: localhost:64168}, networkConnectionEnabled: false, pageLoadStrategy: normal, platformName: WINDOWS, proxy: Proxy(), se:cdp: ws://localhost:64168/devtoo..., se:cdpVersion: 106.0.5249.103, setWindowRect: true, strictFileInteractability: false, timeouts: {implicit: 0, pageLoad: 300000, script: 30000}, unhandledPromptBehavior: dismiss and notify, webauthn:extension:credBlob: true, webauthn:extension:largeBlob: true, webauthn:virtualAuthenticators: true}
Session ID: f7ceb8745729e9ed7543e29fb9ea64c7" type="org.openqa.selenium.TimeoutException">
      <![CDATA[org.openqa.selenium.TimeoutException: Expected condition failed: waiting for visibility of [[ChromeDriver: chrome on WINDOWS (f7ceb8745729e9ed7543e29fb9ea64c7)] -> xpath: //div[@id='message']] (tried for 10 second(s) with 500 milliseconds interval)
Build info: version: '4.4.0', revision: 'e5c75ed026a'
System info: host: 'DESKTOP-26B5BFK', ip: '10.0.0.164', os.name: 'Windows 10', os.arch: 'amd64', os.version: '10.0', java.version: '17.0.4.1'
Driver info: org.openqa.selenium.chrome.ChromeDriver
Capabilities {acceptInsecureCerts: false, browserName: chrome, browserVersion: 106.0.5249.103, chrome: {chromedriverVersion: 106.0.5249.61 (511755355844..., userDataDir: C:\Users\Nexsoft\AppData\Lo...}, goog:chromeOptions: {debuggerAddress: localhost:64168}, networkConnectionEnabled: false, pageLoadStrategy: normal, platformName: WINDOWS, proxy: Proxy(), se:cdp: ws://localhost:64168/devtoo..., se:cdpVersion: 106.0.5249.103, setWindowRect: true, strictFileInteractability: false, timeouts: {implicit: 0, pageLoad: 300000, script: 30000}, unhandledPromptBehavior: dismiss and notify, webauthn:extension:credBlob: true, webauthn:extension:largeBlob: true, webauthn:virtualAuthenticators: true}
Session ID: f7ceb8745729e9ed7543e29fb9ea64c7
at org.openqa.selenium.support.ui.WebDriverWait.timeoutException(WebDriverWait.java:87)
at org.openqa.selenium.support.ui.FluentWait.until(FluentWait.java:231)
at cucumber.framework.utils.Utils.driverWaitTxt(Utils.java:77)
at cucumber.framework.page.siloam.TandaTanganDigitalPage.txtErrorSave(TandaTanganDigitalPage.java:351)
at cucumber.framework.runner.siloam.ttddigitalpage.TestUploadDokumenTTDDigitalInvalid.siloam410004_validasi_pesan_error(TestUploadDokumenTTDDigitalInvalid.java:113)
at ✽.Siloam410004 Validasi pesan error(file:///C:/Users/Nexsoft/git/TugasAkhir/Novri/TA-SQUAD-KEL-SATU/TA-SQUAD-KEL-SATU/src/test/resources/features/siloam-outline/410SalesUploadDokumenTTDDigitalInvalid.feature:24)
]]>
    </error>
  </testcase> <!-- runScenario -->
  <system-out/>
  <testcase classname="cucumber.framework.runner.siloam.ttddigitalpage.TandaTanganDigitalOutlineRunner" name="runScenario" time="4.817"/>
  <system-out/>
  <testcase classname="cucumber.framework.runner.siloam.ttddigitalpage.TandaTanganDigitalOutlineRunner" name="runScenario" time="3.047"/>
  <system-out/>
  <testcase classname="cucumber.framework.runner.siloam.ttddigitalpage.TandaTanganDigitalOutlineRunner" name="runScenario" time="2.994">
    <failure message="expected [Alamanda] but found [ADIT TEST]" type="java.lang.AssertionError">
      <![CDATA[java.lang.AssertionError: expected [Alamanda] but found [ADIT TEST]
at org.testng.Assert.fail(Assert.java:110)
at org.testng.Assert.failNotEquals(Assert.java:1413)
at org.testng.Assert.assertEqualsImpl(Assert.java:149)
at org.testng.Assert.assertEquals(Assert.java:131)
at org.testng.Assert.assertEquals(Assert.java:655)
at org.testng.Assert.assertEquals(Assert.java:665)
at cucumber.framework.runner.siloam.ttddigitalpage.TestTTDPageKombinasiTiga.siloam110_validasi_data_tersimpan_dan_form_ter_update(TestTTDPageKombinasiTiga.java:131)
at ✽.Siloam110 Validasi Data tersimpan dan form ter-update(file:///C:/Users/Nexsoft/git/TugasAkhir/Novri/TA-SQUAD-KEL-SATU/TA-SQUAD-KEL-SATU/src/test/resources/features/siloam-outline/110UpdateDataSalesTigaKombinasi.feature:16)
]]>
    </failure>
  </testcase> <!-- runScenario -->
  <system-out/>
  <testcase classname="cucumber.framework.runner.siloam.ttddigitalpage.TandaTanganDigitalOutlineRunner" name="runScenario" time="2.952"/>
  <system-out/>
  <testcase classname="cucumber.framework.runner.siloam.ttddigitalpage.TandaTanganDigitalOutlineRunner" name="runScenario" time="3.044"/>
  <system-out/>
  <testcase classname="cucumber.framework.runner.siloam.ttddigitalpage.TandaTanganDigitalOutlineRunner" name="runScenario" time="2.967">
    <failure message="expected [Alamanda] but found [ADIT TEST]" type="java.lang.AssertionError">
      <![CDATA[java.lang.AssertionError: expected [Alamanda] but found [ADIT TEST]
at org.testng.Assert.fail(Assert.java:110)
at org.testng.Assert.failNotEquals(Assert.java:1413)
at org.testng.Assert.assertEqualsImpl(Assert.java:149)
at org.testng.Assert.assertEquals(Assert.java:131)
at org.testng.Assert.assertEquals(Assert.java:655)
at org.testng.Assert.assertEquals(Assert.java:665)
at cucumber.framework.runner.siloam.ttddigitalpage.TestTTDPageKombinasiEmpat.siloam115_validasi_data_tersimpan_dan_form_ter_update(TestTTDPageKombinasiEmpat.java:128)
at ✽.Siloam115 Validasi Data tersimpan dan form ter-update(file:///C:/Users/Nexsoft/git/TugasAkhir/Novri/TA-SQUAD-KEL-SATU/TA-SQUAD-KEL-SATU/src/test/resources/features/siloam-outline/115UpdateDataSalesEmpatKombinasi.feature:16)
]]>
    </failure>
  </testcase> <!-- runScenario -->
  <system-out/>
  <testcase classname="cucumber.framework.runner.siloam.ttddigitalpage.TandaTanganDigitalOutlineRunner" name="runScenario" time="2.099"/>
  <system-out/>
  <testcase classname="cucumber.framework.runner.siloam.ttddigitalpage.TandaTanganDigitalOutlineRunner" name="runScenario" time="3.299"/>
  <system-out/>
  <testcase classname="cucumber.framework.runner.siloam.ttddigitalpage.TandaTanganDigitalOutlineRunner" name="runScenario" time="0.186"/>
  <system-out/>
  <testcase classname="cucumber.framework.runner.siloam.ttddigitalpage.TandaTanganDigitalOutlineRunner" name="runScenario" time="4.527">
    <failure message="expected [Alamanda] but found [ADIT TEST]" type="java.lang.AssertionError">
      <![CDATA[java.lang.AssertionError: expected [Alamanda] but found [ADIT TEST]
at org.testng.Assert.fail(Assert.java:110)
at org.testng.Assert.failNotEquals(Assert.java:1413)
at org.testng.Assert.assertEqualsImpl(Assert.java:149)
at org.testng.Assert.assertEquals(Assert.java:131)
at org.testng.Assert.assertEquals(Assert.java:655)
at org.testng.Assert.assertEquals(Assert.java:665)
at cucumber.framework.runner.siloam.ttddigitalpage.TestTTDPageKombinasiEmpat.siloam115_validasi_data_tersimpan_dan_form_ter_update(TestTTDPageKombinasiEmpat.java:128)
at ✽.Siloam115 Validasi Data tersimpan dan form ter-update(file:///C:/Users/Nexsoft/git/TugasAkhir/Novri/TA-SQUAD-KEL-SATU/TA-SQUAD-KEL-SATU/src/test/resources/features/siloam-outline/115UpdateDataSalesEmpatKombinasi.feature:16)
]]>
    </failure>
  </testcase> <!-- runScenario -->
  <system-out/>
  <testcase classname="cucumber.framework.runner.siloam.ttddigitalpage.TandaTanganDigitalOutlineRunner" name="runScenario" time="2.974">
    <failure message="expected [Alamanda] but found [ADIT TEST]" type="java.lang.AssertionError">
      <![CDATA[java.lang.AssertionError: expected [Alamanda] but found [ADIT TEST]
at org.testng.Assert.fail(Assert.java:110)
at org.testng.Assert.failNotEquals(Assert.java:1413)
at org.testng.Assert.assertEqualsImpl(Assert.java:149)
at org.testng.Assert.assertEquals(Assert.java:131)
at org.testng.Assert.assertEquals(Assert.java:655)
at org.testng.Assert.assertEquals(Assert.java:665)
at cucumber.framework.runner.siloam.ttddigitalpage.TestTTDPageKombinasiEmpat.siloam115_validasi_data_tersimpan_dan_form_ter_update(TestTTDPageKombinasiEmpat.java:128)
at ✽.Siloam115 Validasi Data tersimpan dan form ter-update(file:///C:/Users/Nexsoft/git/TugasAkhir/Novri/TA-SQUAD-KEL-SATU/TA-SQUAD-KEL-SATU/src/test/resources/features/siloam-outline/115UpdateDataSalesEmpatKombinasi.feature:16)
]]>
    </failure>
  </testcase> <!-- runScenario -->
  <system-out/>
  <testcase classname="cucumber.framework.runner.siloam.ttddigitalpage.TandaTanganDigitalOutlineRunner" name="runScenario" time="1.969"/>
  <system-out/>
  <testcase classname="cucumber.framework.runner.siloam.ttddigitalpage.TandaTanganDigitalOutlineRunner" name="runScenario" time="3.619"/>
  <system-out/>
  <testcase classname="cucumber.framework.runner.siloam.ttddigitalpage.TandaTanganDigitalOutlineRunner" name="runScenario" time="3.600"/>
  <system-out/>
  <testcase classname="cucumber.framework.runner.siloam.ttddigitalpage.TandaTanganDigitalOutlineRunner" name="runScenario" time="4.376">
    <failure message="expected [Aditya] but found [ADIT]" type="java.lang.AssertionError">
      <![CDATA[java.lang.AssertionError: expected [Aditya] but found [ADIT]
at org.testng.Assert.fail(Assert.java:110)
at org.testng.Assert.failNotEquals(Assert.java:1413)
at org.testng.Assert.assertEqualsImpl(Assert.java:149)
at org.testng.Assert.assertEquals(Assert.java:131)
at org.testng.Assert.assertEquals(Assert.java:655)
at org.testng.Assert.assertEquals(Assert.java:665)
at cucumber.framework.runner.siloam.ttddigitalpage.TestTTDPageKombinasiLima.siloam120_validasi_data_tersimpan_dan_form_ter_update(TestTTDPageKombinasiLima.java:131)
at ✽.Siloam120 Validasi Data Tersimpan Dan Form Ter-update(file:///C:/Users/Nexsoft/git/TugasAkhir/Novri/TA-SQUAD-KEL-SATU/TA-SQUAD-KEL-SATU/src/test/resources/features/siloam-outline/120UpdateDataSalesLimaKombinasi.feature:16)
]]>
    </failure>
  </testcase> <!-- runScenario -->
  <system-out/>
  <testcase classname="cucumber.framework.runner.siloam.ttddigitalpage.TandaTanganDigitalOutlineRunner" name="runScenario" time="2.541">
    <failure message="expected [Alamanda] but found [ADIT TEST]" type="java.lang.AssertionError">
      <![CDATA[java.lang.AssertionError: expected [Alamanda] but found [ADIT TEST]
at org.testng.Assert.fail(Assert.java:110)
at org.testng.Assert.failNotEquals(Assert.java:1413)
at org.testng.Assert.assertEqualsImpl(Assert.java:149)
at org.testng.Assert.assertEquals(Assert.java:131)
at org.testng.Assert.assertEquals(Assert.java:655)
at org.testng.Assert.assertEquals(Assert.java:665)
at cucumber.framework.runner.siloam.ttddigitalpage.TestTTDPageKombinasiTiga.siloam110_validasi_data_tersimpan_dan_form_ter_update(TestTTDPageKombinasiTiga.java:131)
at ✽.Siloam110 Validasi Data tersimpan dan form ter-update(file:///C:/Users/Nexsoft/git/TugasAkhir/Novri/TA-SQUAD-KEL-SATU/TA-SQUAD-KEL-SATU/src/test/resources/features/siloam-outline/110UpdateDataSalesTigaKombinasi.feature:16)
]]>
    </failure>
  </testcase> <!-- runScenario -->
  <system-out/>
  <testcase classname="cucumber.framework.runner.siloam.ttddigitalpage.TandaTanganDigitalOutlineRunner" name="runScenario" time="2.719">
    <failure message="expected [Alamanda] but found [ADIT TEST]" type="java.lang.AssertionError">
      <![CDATA[java.lang.AssertionError: expected [Alamanda] but found [ADIT TEST]
at org.testng.Assert.fail(Assert.java:110)
at org.testng.Assert.failNotEquals(Assert.java:1413)
at org.testng.Assert.assertEqualsImpl(Assert.java:149)
at org.testng.Assert.assertEquals(Assert.java:131)
at org.testng.Assert.assertEquals(Assert.java:655)
at org.testng.Assert.assertEquals(Assert.java:665)
at cucumber.framework.runner.siloam.ttddigitalpage.TestTTDPageKombinasiEmpat.siloam115_validasi_data_tersimpan_dan_form_ter_update(TestTTDPageKombinasiEmpat.java:128)
at ✽.Siloam115 Validasi Data tersimpan dan form ter-update(file:///C:/Users/Nexsoft/git/TugasAkhir/Novri/TA-SQUAD-KEL-SATU/TA-SQUAD-KEL-SATU/src/test/resources/features/siloam-outline/115UpdateDataSalesEmpatKombinasi.feature:16)
]]>
    </failure>
  </testcase> <!-- runScenario -->
  <system-out/>
  <testcase classname="cucumber.framework.runner.siloam.ttddigitalpage.TandaTanganDigitalOutlineRunner" name="runScenario" time="2.756">
    <failure message="expected [Alamanda] but found [ADIT TEST]" type="java.lang.AssertionError">
      <![CDATA[java.lang.AssertionError: expected [Alamanda] but found [ADIT TEST]
at org.testng.Assert.fail(Assert.java:110)
at org.testng.Assert.failNotEquals(Assert.java:1413)
at org.testng.Assert.assertEqualsImpl(Assert.java:149)
at org.testng.Assert.assertEquals(Assert.java:131)
at org.testng.Assert.assertEquals(Assert.java:655)
at org.testng.Assert.assertEquals(Assert.java:665)
at cucumber.framework.runner.siloam.ttddigitalpage.TestTTDPageKombinasiTiga.siloam110_validasi_data_tersimpan_dan_form_ter_update(TestTTDPageKombinasiTiga.java:131)
at ✽.Siloam110 Validasi Data tersimpan dan form ter-update(file:///C:/Users/Nexsoft/git/TugasAkhir/Novri/TA-SQUAD-KEL-SATU/TA-SQUAD-KEL-SATU/src/test/resources/features/siloam-outline/110UpdateDataSalesTigaKombinasi.feature:16)
]]>
    </failure>
  </testcase> <!-- runScenario -->
  <system-out/>
  <testcase classname="cucumber.framework.runner.siloam.ttddigitalpage.TandaTanganDigitalOutlineRunner" name="runScenario" time="2.385"/>
  <system-out/>
  <testcase classname="cucumber.framework.runner.siloam.ttddigitalpage.TandaTanganDigitalOutlineRunner" name="runScenario" time="0.185"/>
  <system-out/>
  <testcase classname="cucumber.framework.runner.siloam.ttddigitalpage.TandaTanganDigitalOutlineRunner" name="runScenario" time="3.507">
    <failure message="expected [Alamanda] but found [ADIT TEST]" type="java.lang.AssertionError">
      <![CDATA[java.lang.AssertionError: expected [Alamanda] but found [ADIT TEST]
at org.testng.Assert.fail(Assert.java:110)
at org.testng.Assert.failNotEquals(Assert.java:1413)
at org.testng.Assert.assertEqualsImpl(Assert.java:149)
at org.testng.Assert.assertEquals(Assert.java:131)
at org.testng.Assert.assertEquals(Assert.java:655)
at org.testng.Assert.assertEquals(Assert.java:665)
at cucumber.framework.runner.siloam.ttddigitalpage.TestTTDPageKombinasiEmpat.siloam115_validasi_data_tersimpan_dan_form_ter_update(TestTTDPageKombinasiEmpat.java:128)
at ✽.Siloam115 Validasi Data tersimpan dan form ter-update(file:///C:/Users/Nexsoft/git/TugasAkhir/Novri/TA-SQUAD-KEL-SATU/TA-SQUAD-KEL-SATU/src/test/resources/features/siloam-outline/115UpdateDataSalesEmpatKombinasi.feature:16)
]]>
    </failure>
  </testcase> <!-- runScenario -->
  <system-out/>
  <testcase classname="cucumber.framework.runner.siloam.ttddigitalpage.TandaTanganDigitalOutlineRunner" name="runScenario" time="2.326"/>
  <system-out/>
  <testcase classname="cucumber.framework.runner.siloam.ttddigitalpage.TandaTanganDigitalOutlineRunner" name="runScenario" time="2.718"/>
  <system-out/>
  <testcase classname="cucumber.framework.runner.siloam.ttddigitalpage.TandaTanganDigitalOutlineRunner" name="runScenario" time="1.080"/>
  <system-out/>
  <testcase classname="cucumber.framework.runner.siloam.ttddigitalpage.TandaTanganDigitalOutlineRunner" name="runScenario" time="3.199"/>
  <system-out/>
  <testcase classname="cucumber.framework.runner.siloam.ttddigitalpage.TandaTanganDigitalOutlineRunner" name="runScenario" time="2.188"/>
  <system-out/>
  <testcase classname="cucumber.framework.runner.siloam.ttddigitalpage.TandaTanganDigitalOutlineRunner" name="runScenario" time="3.024">
    <failure message="expected [Aditya] but found [ADIT]" type="java.lang.AssertionError">
      <![CDATA[java.lang.AssertionError: expected [Aditya] but found [ADIT]
at org.testng.Assert.fail(Assert.java:110)
at org.testng.Assert.failNotEquals(Assert.java:1413)
at org.testng.Assert.assertEqualsImpl(Assert.java:149)
at org.testng.Assert.assertEquals(Assert.java:131)
at org.testng.Assert.assertEquals(Assert.java:655)
at org.testng.Assert.assertEquals(Assert.java:665)
at cucumber.framework.runner.siloam.ttddigitalpage.TestTTDPageKombinasiLima.siloam120_validasi_data_tersimpan_dan_form_ter_update(TestTTDPageKombinasiLima.java:131)
at ✽.Siloam120 Validasi Data Tersimpan Dan Form Ter-update(file:///C:/Users/Nexsoft/git/TugasAkhir/Novri/TA-SQUAD-KEL-SATU/TA-SQUAD-KEL-SATU/src/test/resources/features/siloam-outline/120UpdateDataSalesLimaKombinasi.feature:16)
]]>
    </failure>
  </testcase> <!-- runScenario -->
  <system-out/>
  <testcase classname="cucumber.framework.runner.siloam.ttddigitalpage.TandaTanganDigitalOutlineRunner" name="runScenario" time="2.756"/>
  <system-out/>
  <testcase classname="cucumber.framework.runner.siloam.ttddigitalpage.TandaTanganDigitalOutlineRunner" name="runScenario" time="2.680"/>
  <system-out/>
  <testcase classname="cucumber.framework.runner.siloam.ttddigitalpage.TandaTanganDigitalOutlineRunner" name="runScenario" time="4.919"/>
  <system-out/>
  <testcase classname="cucumber.framework.runner.siloam.ttddigitalpage.TandaTanganDigitalOutlineRunner" name="runScenario" time="2.911"/>
  <system-out/>
  <testcase classname="cucumber.framework.runner.siloam.ttddigitalpage.TandaTanganDigitalOutlineRunner" name="runScenario" time="4.050"/>
  <system-out/>
  <testcase classname="cucumber.framework.runner.siloam.ttddigitalpage.TandaTanganDigitalOutlineRunner" name="runScenario" time="3.482"/>
  <system-out/>
  <testcase classname="cucumber.framework.runner.siloam.ttddigitalpage.TandaTanganDigitalOutlineRunner" name="runScenario" time="3.466">
    <failure message="expected [Alamanda] but found [ADIT TEST]" type="java.lang.AssertionError">
      <![CDATA[java.lang.AssertionError: expected [Alamanda] but found [ADIT TEST]
at org.testng.Assert.fail(Assert.java:110)
at org.testng.Assert.failNotEquals(Assert.java:1413)
at org.testng.Assert.assertEqualsImpl(Assert.java:149)
at org.testng.Assert.assertEquals(Assert.java:131)
at org.testng.Assert.assertEquals(Assert.java:655)
at org.testng.Assert.assertEquals(Assert.java:665)
at cucumber.framework.runner.siloam.ttddigitalpage.TestTTDPageKombinasiEmpat.siloam115_validasi_data_tersimpan_dan_form_ter_update(TestTTDPageKombinasiEmpat.java:128)
at ✽.Siloam115 Validasi Data tersimpan dan form ter-update(file:///C:/Users/Nexsoft/git/TugasAkhir/Novri/TA-SQUAD-KEL-SATU/TA-SQUAD-KEL-SATU/src/test/resources/features/siloam-outline/115UpdateDataSalesEmpatKombinasi.feature:16)
]]>
    </failure>
  </testcase> <!-- runScenario -->
  <system-out/>
  <testcase classname="cucumber.framework.runner.siloam.ttddigitalpage.TandaTanganDigitalOutlineRunner" name="runScenario" time="3.284"/>
  <system-out/>
  <testcase classname="cucumber.framework.runner.siloam.ttddigitalpage.TandaTanganDigitalOutlineRunner" name="runScenario" time="2.732"/>
  <system-out/>
  <testcase classname="cucumber.framework.runner.siloam.ttddigitalpage.TandaTanganDigitalOutlineRunner" name="runScenario" time="3.145">
    <failure message="expected [Aditya] but found [ADIT]" type="java.lang.AssertionError">
      <![CDATA[java.lang.AssertionError: expected [Aditya] but found [ADIT]
at org.testng.Assert.fail(Assert.java:110)
at org.testng.Assert.failNotEquals(Assert.java:1413)
at org.testng.Assert.assertEqualsImpl(Assert.java:149)
at org.testng.Assert.assertEquals(Assert.java:131)
at org.testng.Assert.assertEquals(Assert.java:655)
at org.testng.Assert.assertEquals(Assert.java:665)
at cucumber.framework.runner.siloam.ttddigitalpage.TestTTDPageKombinasiLima.siloam120_validasi_data_tersimpan_dan_form_ter_update(TestTTDPageKombinasiLima.java:131)
at ✽.Siloam120 Validasi Data Tersimpan Dan Form Ter-update(file:///C:/Users/Nexsoft/git/TugasAkhir/Novri/TA-SQUAD-KEL-SATU/TA-SQUAD-KEL-SATU/src/test/resources/features/siloam-outline/120UpdateDataSalesLimaKombinasi.feature:16)
]]>
    </failure>
  </testcase> <!-- runScenario -->
  <system-out/>
  <testcase classname="cucumber.framework.runner.siloam.ttddigitalpage.TandaTanganDigitalOutlineRunner" name="runScenario" time="2.887">
    <failure message="expected [Aditya] but found [ADIT]" type="java.lang.AssertionError">
      <![CDATA[java.lang.AssertionError: expected [Aditya] but found [ADIT]
at org.testng.Assert.fail(Assert.java:110)
at org.testng.Assert.failNotEquals(Assert.java:1413)
at org.testng.Assert.assertEqualsImpl(Assert.java:149)
at org.testng.Assert.assertEquals(Assert.java:131)
at org.testng.Assert.assertEquals(Assert.java:655)
at org.testng.Assert.assertEquals(Assert.java:665)
at cucumber.framework.runner.siloam.ttddigitalpage.TestTTDPageKombinasiLima.siloam120_validasi_data_tersimpan_dan_form_ter_update(TestTTDPageKombinasiLima.java:131)
at ✽.Siloam120 Validasi Data Tersimpan Dan Form Ter-update(file:///C:/Users/Nexsoft/git/TugasAkhir/Novri/TA-SQUAD-KEL-SATU/TA-SQUAD-KEL-SATU/src/test/resources/features/siloam-outline/120UpdateDataSalesLimaKombinasi.feature:16)
]]>
    </failure>
  </testcase> <!-- runScenario -->
  <system-out/>
  <testcase classname="cucumber.framework.runner.siloam.ttddigitalpage.TandaTanganDigitalOutlineRunner" name="runScenario" time="3.204"/>
  <system-out/>
  <testcase classname="cucumber.framework.runner.siloam.ttddigitalpage.TandaTanganDigitalOutlineRunner" name="runScenario" time="3.391">
    <failure message="expected [Alamanda] but found [ADIT TEST]" type="java.lang.AssertionError">
      <![CDATA[java.lang.AssertionError: expected [Alamanda] but found [ADIT TEST]
at org.testng.Assert.fail(Assert.java:110)
at org.testng.Assert.failNotEquals(Assert.java:1413)
at org.testng.Assert.assertEqualsImpl(Assert.java:149)
at org.testng.Assert.assertEquals(Assert.java:131)
at org.testng.Assert.assertEquals(Assert.java:655)
at org.testng.Assert.assertEquals(Assert.java:665)
at cucumber.framework.runner.siloam.ttddigitalpage.TestTTDPageKombinasiEmpat.siloam115_validasi_data_tersimpan_dan_form_ter_update(TestTTDPageKombinasiEmpat.java:128)
at ✽.Siloam115 Validasi Data tersimpan dan form ter-update(file:///C:/Users/Nexsoft/git/TugasAkhir/Novri/TA-SQUAD-KEL-SATU/TA-SQUAD-KEL-SATU/src/test/resources/features/siloam-outline/115UpdateDataSalesEmpatKombinasi.feature:16)
]]>
    </failure>
  </testcase> <!-- runScenario -->
  <system-out/>
  <testcase classname="cucumber.framework.runner.siloam.ttddigitalpage.TandaTanganDigitalOutlineRunner" name="runScenario" time="21.326">
    <error message="Expected condition failed: waiting for visibility of Proxy element for: DefaultElementLocator &#039;By.xpath: //span[normalize-space()=&#039;Field Faskes Asal Harus Diisi!&#039;]&#039; (tried for 10 second(s) with 500 milliseconds interval)" type="org.openqa.selenium.TimeoutException">
      <![CDATA[org.openqa.selenium.TimeoutException: Expected condition failed: waiting for visibility of Proxy element for: DefaultElementLocator 'By.xpath: //span[normalize-space()='Field Faskes Asal Harus Diisi!']' (tried for 10 second(s) with 500 milliseconds interval)
at org.openqa.selenium.support.ui.WebDriverWait.timeoutException(WebDriverWait.java:87)
at org.openqa.selenium.support.ui.FluentWait.until(FluentWait.java:231)
at cucumber.framework.utils.Utils.driverWaitTxt(Utils.java:77)
at cucumber.framework.page.siloam.TandaTanganDigitalPage.msgInvalidFaskesAwal(TandaTanganDigitalPage.java:616)
at cucumber.framework.runner.siloam.ttddigitalpage.TestInvalidEditSatuKombinasiKosong.siloam125_validasi_pesan_harus_isi_field(TestInvalidEditSatuKombinasiKosong.java:160)
at ✽.Siloam125 Validasi Pesan Harus Isi Field(file:///C:/Users/Nexsoft/git/TugasAkhir/Novri/TA-SQUAD-KEL-SATU/TA-SQUAD-KEL-SATU/src/test/resources/features/siloam-outline/125SalesInvalidEditDataSatuKombinasiKosong.feature:15)
Caused by: org.openqa.selenium.NoSuchElementException: no such element: Unable to locate element: {"method":"xpath","selector":"//span[normalize-space()='Field Faskes Asal Harus Diisi!']"}
  (Session info: chrome=106.0.5249.103)
For documentation on this error, please visit: https://selenium.dev/exceptions/#no_such_element
Build info: version: '4.4.0', revision: 'e5c75ed026a'
System info: host: 'DESKTOP-26B5BFK', ip: '10.0.0.164', os.name: 'Windows 10', os.arch: 'amd64', os.version: '10.0', java.version: '17.0.4.1'
Driver info: org.openqa.selenium.chrome.ChromeDriver
Command: [f7ceb8745729e9ed7543e29fb9ea64c7, findElement {using=xpath, value=//span[normalize-space()='Field Faskes Asal Harus Diisi!']}]
Capabilities {acceptInsecureCerts: false, browserName: chrome, browserVersion: 106.0.5249.103, chrome: {chromedriverVersion: 106.0.5249.61 (511755355844..., userDataDir: C:\Users\Nexsoft\AppData\Lo...}, goog:chromeOptions: {debuggerAddress: localhost:64168}, networkConnectionEnabled: false, pageLoadStrategy: normal, platformName: WINDOWS, proxy: Proxy(), se:cdp: ws://localhost:64168/devtoo..., se:cdpVersion: 106.0.5249.103, setWindowRect: true, strictFileInteractability: false, timeouts: {implicit: 0, pageLoad: 300000, script: 30000}, unhandledPromptBehavior: dismiss and notify, webauthn:extension:credBlob: true, webauthn:extension:largeBlob: true, webauthn:virtualAuthenticators: true}
Session ID: f7ceb8745729e9ed7543e29fb9ea64c7
at java.base/jdk.internal.reflect.NativeConstructorAccessorImpl.newInstance0(Native Method)
at java.base/jdk.internal.reflect.NativeConstructorAccessorImpl.newInstance(NativeConstructorAccessorImpl.java:77)
at java.base/jdk.internal.reflect.DelegatingConstructorAccessorImpl.newInstance(DelegatingConstructorAccessorImpl.java:45)
at java.base/java.lang.reflect.Constructor.newInstanceWithCaller(Constructor.java:499)
at java.base/java.lang.reflect.Constructor.newInstance(Constructor.java:480)
at org.openqa.selenium.remote.codec.w3c.W3CHttpResponseCodec.createException(W3CHttpResponseCodec.java:200)
at org.openqa.selenium.remote.codec.w3c.W3CHttpResponseCodec.decode(W3CHttpResponseCodec.java:133)
at org.openqa.selenium.remote.codec.w3c.W3CHttpResponseCodec.decode(W3CHttpResponseCodec.java:53)
at org.openqa.selenium.remote.HttpCommandExecutor.execute(HttpCommandExecutor.java:184)
at org.openqa.selenium.remote.service.DriverCommandExecutor.invokeExecute(DriverCommandExecutor.java:167)
at org.openqa.selenium.remote.service.DriverCommandExecutor.execute(DriverCommandExecutor.java:142)
at org.openqa.selenium.remote.RemoteWebDriver.execute(RemoteWebDriver.java:547)
at org.openqa.selenium.remote.ElementLocation$ElementFinder$2.findElement(ElementLocation.java:162)
at org.openqa.selenium.remote.ElementLocation.findElement(ElementLocation.java:60)
at org.openqa.selenium.remote.RemoteWebDriver.findElement(RemoteWebDriver.java:365)
at org.openqa.selenium.remote.RemoteWebDriver.findElement(RemoteWebDriver.java:357)
at org.openqa.selenium.support.pagefactory.DefaultElementLocator.findElement(DefaultElementLocator.java:70)
at org.openqa.selenium.support.pagefactory.internal.LocatingElementHandler.invoke(LocatingElementHandler.java:39)
at jdk.proxy2/jdk.proxy2.$Proxy31.isDisplayed(Unknown Source)
at org.openqa.selenium.support.ui.ExpectedConditions.elementIfVisible(ExpectedConditions.java:307)
at org.openqa.selenium.support.ui.ExpectedConditions.access$000(ExpectedConditions.java:40)
at org.openqa.selenium.support.ui.ExpectedConditions$10.apply(ExpectedConditions.java:293)
at org.openqa.selenium.support.ui.ExpectedConditions$10.apply(ExpectedConditions.java:290)
at org.openqa.selenium.support.ui.FluentWait.until(FluentWait.java:208)
at cucumber.framework.utils.Utils.driverWaitTxt(Utils.java:77)
at cucumber.framework.page.siloam.TandaTanganDigitalPage.msgInvalidFaskesAwal(TandaTanganDigitalPage.java:616)
at cucumber.framework.runner.siloam.ttddigitalpage.TestInvalidEditSatuKombinasiKosong.siloam125_validasi_pesan_harus_isi_field(TestInvalidEditSatuKombinasiKosong.java:160)
at java.base/jdk.internal.reflect.NativeMethodAccessorImpl.invoke0(Native Method)
at java.base/jdk.internal.reflect.NativeMethodAccessorImpl.invoke(NativeMethodAccessorImpl.java:77)
at java.base/jdk.internal.reflect.DelegatingMethodAccessorImpl.invoke(DelegatingMethodAccessorImpl.java:43)
at java.base/java.lang.reflect.Method.invoke(Method.java:568)
at io.cucumber.java.Invoker.doInvoke(Invoker.java:66)
at io.cucumber.java.Invoker.invoke(Invoker.java:24)
at io.cucumber.java.AbstractGlueDefinition.invokeMethod(AbstractGlueDefinition.java:47)
at io.cucumber.java.JavaStepDefinition.execute(JavaStepDefinition.java:29)
at io.cucumber.core.runner.CoreStepDefinition.execute(CoreStepDefinition.java:66)
at io.cucumber.core.runner.PickleStepDefinitionMatch.runStep(PickleStepDefinitionMatch.java:63)
at io.cucumber.core.runner.ExecutionMode$1.execute(ExecutionMode.java:10)
at io.cucumber.core.runner.TestStep.executeStep(TestStep.java:85)
at io.cucumber.core.runner.TestStep.run(TestStep.java:57)
at io.cucumber.core.runner.PickleStepTestStep.run(PickleStepTestStep.java:51)
at io.cucumber.core.runner.TestCase.run(TestCase.java:84)
at io.cucumber.core.runner.Runner.runPickle(Runner.java:75)
at io.cucumber.testng.TestNGCucumberRunner.lambda$runScenario$1(TestNGCucumberRunner.java:132)
at io.cucumber.core.runtime.CucumberExecutionContext.lambda$runTestCase$5(CucumberExecutionContext.java:129)
at io.cucumber.core.runtime.RethrowingThrowableCollector.executeAndThrow(RethrowingThrowableCollector.java:23)
at io.cucumber.core.runtime.CucumberExecutionContext.runTestCase(CucumberExecutionContext.java:129)
at io.cucumber.testng.TestNGCucumberRunner.runScenario(TestNGCucumberRunner.java:129)
at io.cucumber.testng.AbstractTestNGCucumberTests.runScenario(AbstractTestNGCucumberTests.java:35)
at jdk.internal.reflect.GeneratedMethodAccessor128.invoke(Unknown Source)
at java.base/jdk.internal.reflect.DelegatingMethodAccessorImpl.invoke(DelegatingMethodAccessorImpl.java:43)
at java.base/java.lang.reflect.Method.invoke(Method.java:568)
at org.testng.internal.invokers.MethodInvocationHelper.invokeMethod(MethodInvocationHelper.java:139)
at org.testng.internal.invokers.TestInvoker.invokeMethod(TestInvoker.java:677)
at org.testng.internal.invokers.TestInvoker.invokeTestMethod(TestInvoker.java:221)
at org.testng.internal.invokers.MethodRunner.runInSequence(MethodRunner.java:50)
at org.testng.internal.invokers.TestInvoker$MethodInvocationAgent.invoke(TestInvoker.java:962)
at org.testng.internal.invokers.TestInvoker.invokeTestMethods(TestInvoker.java:194)
at org.testng.internal.invokers.TestMethodWorker.invokeTestMethods(TestMethodWorker.java:148)
at org.testng.internal.invokers.TestMethodWorker.run(TestMethodWorker.java:128)
at java.base/java.util.ArrayList.forEach(ArrayList.java:1511)
at org.testng.TestRunner.privateRun(TestRunner.java:806)
at org.testng.TestRunner.run(TestRunner.java:601)
at org.testng.SuiteRunner.runTest(SuiteRunner.java:433)
at org.testng.SuiteRunner.runSequentially(SuiteRunner.java:427)
at org.testng.SuiteRunner.privateRun(SuiteRunner.java:387)
at org.testng.SuiteRunner.run(SuiteRunner.java:330)
at org.testng.SuiteRunnerWorker.runSuite(SuiteRunnerWorker.java:52)
at org.testng.SuiteRunnerWorker.run(SuiteRunnerWorker.java:95)
at org.testng.TestNG.runSuitesSequentially(TestNG.java:1256)
at org.testng.TestNG.runSuitesLocally(TestNG.java:1176)
at org.testng.TestNG.runSuites(TestNG.java:1099)
at org.testng.TestNG.run(TestNG.java:1067)
at org.testng.remote.AbstractRemoteTestNG.run(AbstractRemoteTestNG.java:115)
at org.testng.remote.RemoteTestNG.initAndRun(RemoteTestNG.java:251)
at org.testng.remote.RemoteTestNG.main(RemoteTestNG.java:77)
]]>
    </error>
  </testcase> <!-- runScenario -->
  <system-out/>
  <testcase classname="cucumber.framework.runner.siloam.ttddigitalpage.TandaTanganDigitalOutlineRunner" name="runScenario" time="3.724"/>
  <system-out/>
  <testcase classname="cucumber.framework.runner.siloam.ttddigitalpage.TandaTanganDigitalOutlineRunner" name="runScenario" time="2.570">
    <failure message="expected [Alamanda] but found [ADIT TEST]" type="java.lang.AssertionError">
      <![CDATA[java.lang.AssertionError: expected [Alamanda] but found [ADIT TEST]
at org.testng.Assert.fail(Assert.java:110)
at org.testng.Assert.failNotEquals(Assert.java:1413)
at org.testng.Assert.assertEqualsImpl(Assert.java:149)
at org.testng.Assert.assertEquals(Assert.java:131)
at org.testng.Assert.assertEquals(Assert.java:655)
at org.testng.Assert.assertEquals(Assert.java:665)
at cucumber.framework.runner.siloam.ttddigitalpage.TestTTDPageKombinasiDua.siloam105_validasi_data_tersimpan_dan_form_ter_update(TestTTDPageKombinasiDua.java:135)
at ✽.Siloam105 Validasi Data tersimpan dan form ter-update(file:///C:/Users/Nexsoft/git/TugasAkhir/Novri/TA-SQUAD-KEL-SATU/TA-SQUAD-KEL-SATU/src/test/resources/features/siloam-outline/105UpdateDataSalesDuaKombinasi.feature:17)
]]>
    </failure>
  </testcase> <!-- runScenario -->
  <system-out/>
  <testcase classname="cucumber.framework.runner.siloam.ttddigitalpage.TandaTanganDigitalOutlineRunner" name="runScenario" time="3.118"/>
  <system-out/>
  <testcase classname="cucumber.framework.runner.siloam.ttddigitalpage.TandaTanganDigitalOutlineRunner" name="runScenario" time="3.413"/>
  <system-out/>
  <testcase classname="cucumber.framework.runner.siloam.ttddigitalpage.TandaTanganDigitalOutlineRunner" name="runScenario" time="2.916">
    <failure message="expected [Alamanda] but found [ADIT TEST]" type="java.lang.AssertionError">
      <![CDATA[java.lang.AssertionError: expected [Alamanda] but found [ADIT TEST]
at org.testng.Assert.fail(Assert.java:110)
at org.testng.Assert.failNotEquals(Assert.java:1413)
at org.testng.Assert.assertEqualsImpl(Assert.java:149)
at org.testng.Assert.assertEquals(Assert.java:131)
at org.testng.Assert.assertEquals(Assert.java:655)
at org.testng.Assert.assertEquals(Assert.java:665)
at cucumber.framework.runner.siloam.ttddigitalpage.TestTTDPageKombinasiTiga.siloam110_validasi_data_tersimpan_dan_form_ter_update(TestTTDPageKombinasiTiga.java:131)
at ✽.Siloam110 Validasi Data tersimpan dan form ter-update(file:///C:/Users/Nexsoft/git/TugasAkhir/Novri/TA-SQUAD-KEL-SATU/TA-SQUAD-KEL-SATU/src/test/resources/features/siloam-outline/110UpdateDataSalesTigaKombinasi.feature:16)
]]>
    </failure>
  </testcase> <!-- runScenario -->
  <system-out/>
  <testcase classname="cucumber.framework.runner.siloam.ttddigitalpage.TandaTanganDigitalOutlineRunner" name="runScenario" time="3.104">
    <failure message="expected [Alamanda] but found [ADIT TEST]" type="java.lang.AssertionError">
      <![CDATA[java.lang.AssertionError: expected [Alamanda] but found [ADIT TEST]
at org.testng.Assert.fail(Assert.java:110)
at org.testng.Assert.failNotEquals(Assert.java:1413)
at org.testng.Assert.assertEqualsImpl(Assert.java:149)
at org.testng.Assert.assertEquals(Assert.java:131)
at org.testng.Assert.assertEquals(Assert.java:655)
at org.testng.Assert.assertEquals(Assert.java:665)
at cucumber.framework.runner.siloam.ttddigitalpage.TestTTDPageKombinasiDua.siloam105_validasi_data_tersimpan_dan_form_ter_update(TestTTDPageKombinasiDua.java:135)
at ✽.Siloam105 Validasi Data tersimpan dan form ter-update(file:///C:/Users/Nexsoft/git/TugasAkhir/Novri/TA-SQUAD-KEL-SATU/TA-SQUAD-KEL-SATU/src/test/resources/features/siloam-outline/105UpdateDataSalesDuaKombinasi.feature:17)
]]>
    </failure>
  </testcase> <!-- runScenario -->
  <system-out/>
  <testcase classname="cucumber.framework.runner.siloam.ttddigitalpage.TandaTanganDigitalOutlineRunner" name="runScenario" time="12.217">
    <error message="no such element: Unable to locate element: {&quot;method&quot;:&quot;xpath&quot;,&quot;selector&quot;:&quot;//a[@class=&#039;btn btn-primary&#039;]&quot;}
  (Session info: chrome=106.0.5249.103)
For documentation on this error, please visit: https://selenium.dev/exceptions/#no_such_element
Build info: version: &#039;4.4.0&#039;, revision: &#039;e5c75ed026a&#039;
System info: host: &#039;DESKTOP-26B5BFK&#039;, ip: &#039;10.0.0.164&#039;, os.name: &#039;Windows 10&#039;, os.arch: &#039;amd64&#039;, os.version: &#039;10.0&#039;, java.version: &#039;17.0.4.1&#039;
Driver info: org.openqa.selenium.chrome.ChromeDriver
Command: [f7ceb8745729e9ed7543e29fb9ea64c7, findElement {using=xpath, value=//a[@class=&#039;btn btn-primary&#039;]}]
Capabilities {acceptInsecureCerts: false, browserName: chrome, browserVersion: 106.0.5249.103, chrome: {chromedriverVersion: 106.0.5249.61 (511755355844..., userDataDir: C:\Users\Nexsoft\AppData\Lo...}, goog:chromeOptions: {debuggerAddress: localhost:64168}, networkConnectionEnabled: false, pageLoadStrategy: normal, platformName: WINDOWS, proxy: Proxy(), se:cdp: ws://localhost:64168/devtoo..., se:cdpVersion: 106.0.5249.103, setWindowRect: true, strictFileInteractability: false, timeouts: {implicit: 0, pageLoad: 300000, script: 30000}, unhandledPromptBehavior: dismiss and notify, webauthn:extension:credBlob: true, webauthn:extension:largeBlob: true, webauthn:virtualAuthenticators: true}
Session ID: f7ceb8745729e9ed7543e29fb9ea64c7" type="org.openqa.selenium.NoSuchElementException">
      <![CDATA[org.openqa.selenium.NoSuchElementException: no such element: Unable to locate element: {"method":"xpath","selector":"//a[@class='btn btn-primary']"}
  (Session info: chrome=106.0.5249.103)
For documentation on this error, please visit: https://selenium.dev/exceptions/#no_such_element
Build info: version: '4.4.0', revision: 'e5c75ed026a'
System info: host: 'DESKTOP-26B5BFK', ip: '10.0.0.164', os.name: 'Windows 10', os.arch: 'amd64', os.version: '10.0', java.version: '17.0.4.1'
Driver info: org.openqa.selenium.chrome.ChromeDriver
Command: [f7ceb8745729e9ed7543e29fb9ea64c7, findElement {using=xpath, value=//a[@class='btn btn-primary']}]
Capabilities {acceptInsecureCerts: false, browserName: chrome, browserVersion: 106.0.5249.103, chrome: {chromedriverVersion: 106.0.5249.61 (511755355844..., userDataDir: C:\Users\Nexsoft\AppData\Lo...}, goog:chromeOptions: {debuggerAddress: localhost:64168}, networkConnectionEnabled: false, pageLoadStrategy: normal, platformName: WINDOWS, proxy: Proxy(), se:cdp: ws://localhost:64168/devtoo..., se:cdpVersion: 106.0.5249.103, setWindowRect: true, strictFileInteractability: false, timeouts: {implicit: 0, pageLoad: 300000, script: 30000}, unhandledPromptBehavior: dismiss and notify, webauthn:extension:credBlob: true, webauthn:extension:largeBlob: true, webauthn:virtualAuthenticators: true}
Session ID: f7ceb8745729e9ed7543e29fb9ea64c7
at java.base/jdk.internal.reflect.NativeConstructorAccessorImpl.newInstance0(Native Method)
at java.base/jdk.internal.reflect.NativeConstructorAccessorImpl.newInstance(NativeConstructorAccessorImpl.java:77)
at java.base/jdk.internal.reflect.DelegatingConstructorAccessorImpl.newInstance(DelegatingConstructorAccessorImpl.java:45)
at java.base/java.lang.reflect.Constructor.newInstanceWithCaller(Constructor.java:499)
at java.base/java.lang.reflect.Constructor.newInstance(Constructor.java:480)
at org.openqa.selenium.remote.codec.w3c.W3CHttpResponseCodec.createException(W3CHttpResponseCodec.java:200)
at org.openqa.selenium.remote.codec.w3c.W3CHttpResponseCodec.decode(W3CHttpResponseCodec.java:133)
at org.openqa.selenium.remote.codec.w3c.W3CHttpResponseCodec.decode(W3CHttpResponseCodec.java:53)
at org.openqa.selenium.remote.HttpCommandExecutor.execute(HttpCommandExecutor.java:184)
at org.openqa.selenium.remote.service.DriverCommandExecutor.invokeExecute(DriverCommandExecutor.java:167)
at org.openqa.selenium.remote.service.DriverCommandExecutor.execute(DriverCommandExecutor.java:142)
at org.openqa.selenium.remote.RemoteWebDriver.execute(RemoteWebDriver.java:547)
at org.openqa.selenium.remote.ElementLocation$ElementFinder$2.findElement(ElementLocation.java:162)
at org.openqa.selenium.remote.ElementLocation.findElement(ElementLocation.java:60)
at org.openqa.selenium.remote.RemoteWebDriver.findElement(RemoteWebDriver.java:365)
at org.openqa.selenium.remote.RemoteWebDriver.findElement(RemoteWebDriver.java:357)
at org.openqa.selenium.support.pagefactory.DefaultElementLocator.findElement(DefaultElementLocator.java:70)
at org.openqa.selenium.support.pagefactory.internal.LocatingElementHandler.invoke(LocatingElementHandler.java:39)
at jdk.proxy2/jdk.proxy2.$Proxy31.click(Unknown Source)
at cucumber.framework.page.siloam.TandaTanganDigitalPage.btnSubmit(TandaTanganDigitalPage.java:678)
at cucumber.framework.runner.siloam.ttddigitalpage.TestTTDDigitalSubmit.siloam220_sales_menekan_submit(TestTTDDigitalSubmit.java:45)
at ✽.Siloam220 Sales Menekan Submit(file:///C:/Users/Nexsoft/git/TugasAkhir/Novri/TA-SQUAD-KEL-SATU/TA-SQUAD-KEL-SATU/src/test/resources/features/siloam-outline/220TTDDigitalMenekanSubmit.feature:10)
]]>
    </error>
  </testcase> <!-- runScenario -->
  <system-out/>
  <testcase classname="cucumber.framework.runner.siloam.ttddigitalpage.TandaTanganDigitalOutlineRunner" name="runScenario" time="3.537"/>
  <system-out/>
  <testcase classname="cucumber.framework.runner.siloam.ttddigitalpage.TandaTanganDigitalOutlineRunner" name="runScenario" time="3.216">
    <failure message="expected [Alamanda] but found [ADIT TEST]" type="java.lang.AssertionError">
      <![CDATA[java.lang.AssertionError: expected [Alamanda] but found [ADIT TEST]
at org.testng.Assert.fail(Assert.java:110)
at org.testng.Assert.failNotEquals(Assert.java:1413)
at org.testng.Assert.assertEqualsImpl(Assert.java:149)
at org.testng.Assert.assertEquals(Assert.java:131)
at org.testng.Assert.assertEquals(Assert.java:655)
at org.testng.Assert.assertEquals(Assert.java:665)
at cucumber.framework.runner.siloam.ttddigitalpage.TestTTDPageKombinasiEmpat.siloam115_validasi_data_tersimpan_dan_form_ter_update(TestTTDPageKombinasiEmpat.java:128)
at ✽.Siloam115 Validasi Data tersimpan dan form ter-update(file:///C:/Users/Nexsoft/git/TugasAkhir/Novri/TA-SQUAD-KEL-SATU/TA-SQUAD-KEL-SATU/src/test/resources/features/siloam-outline/115UpdateDataSalesEmpatKombinasi.feature:16)
]]>
    </failure>
  </testcase> <!-- runScenario -->
  <system-out/>
  <testcase classname="cucumber.framework.runner.siloam.ttddigitalpage.TandaTanganDigitalOutlineRunner" name="runScenario" time="2.487"/>
  <system-out/>
  <testcase classname="cucumber.framework.runner.siloam.ttddigitalpage.TandaTanganDigitalOutlineRunner" name="runScenario" time="2.040"/>
  <system-out/>
  <testcase classname="cucumber.framework.runner.siloam.ttddigitalpage.TandaTanganDigitalOutlineRunner" name="runScenario" time="2.801"/>
  <system-out/>
  <testcase classname="cucumber.framework.runner.siloam.ttddigitalpage.TandaTanganDigitalOutlineRunner" name="runScenario" time="1.720"/>
  <system-out/>
  <testcase classname="cucumber.framework.runner.siloam.ttddigitalpage.TandaTanganDigitalOutlineRunner" name="runScenario" time="3.166"/>
  <system-out/>
  <testcase classname="cucumber.framework.runner.siloam.ttddigitalpage.TandaTanganDigitalOutlineRunner" name="runScenario" time="0.964"/>
  <system-out/>
  <testcase classname="cucumber.framework.runner.siloam.ttddigitalpage.TandaTanganDigitalOutlineRunner" name="runScenario" time="1.804"/>
  <system-out/>
  <testcase classname="cucumber.framework.runner.siloam.ttddigitalpage.TandaTanganDigitalOutlineRunner" name="runScenario" time="3.366"/>
  <system-out/>
  <testcase classname="cucumber.framework.runner.siloam.ttddigitalpage.TandaTanganDigitalOutlineRunner" name="runScenario" time="3.447">
    <failure message="expected [Alamanda] but found [ADIT TEST]" type="java.lang.AssertionError">
      <![CDATA[java.lang.AssertionError: expected [Alamanda] but found [ADIT TEST]
at org.testng.Assert.fail(Assert.java:110)
at org.testng.Assert.failNotEquals(Assert.java:1413)
at org.testng.Assert.assertEqualsImpl(Assert.java:149)
at org.testng.Assert.assertEquals(Assert.java:131)
at org.testng.Assert.assertEquals(Assert.java:655)
at org.testng.Assert.assertEquals(Assert.java:665)
at cucumber.framework.runner.siloam.ttddigitalpage.TestTTDPageKombinasiTiga.siloam110_validasi_data_tersimpan_dan_form_ter_update(TestTTDPageKombinasiTiga.java:131)
at ✽.Siloam110 Validasi Data tersimpan dan form ter-update(file:///C:/Users/Nexsoft/git/TugasAkhir/Novri/TA-SQUAD-KEL-SATU/TA-SQUAD-KEL-SATU/src/test/resources/features/siloam-outline/110UpdateDataSalesTigaKombinasi.feature:16)
]]>
    </failure>
  </testcase> <!-- runScenario -->
  <system-out/>
  <testcase classname="cucumber.framework.runner.siloam.ttddigitalpage.TandaTanganDigitalOutlineRunner" name="runScenario" time="3.280">
    <failure message="expected [Alamanda] but found [ADIT TEST]" type="java.lang.AssertionError">
      <![CDATA[java.lang.AssertionError: expected [Alamanda] but found [ADIT TEST]
at org.testng.Assert.fail(Assert.java:110)
at org.testng.Assert.failNotEquals(Assert.java:1413)
at org.testng.Assert.assertEqualsImpl(Assert.java:149)
at org.testng.Assert.assertEquals(Assert.java:131)
at org.testng.Assert.assertEquals(Assert.java:655)
at org.testng.Assert.assertEquals(Assert.java:665)
at cucumber.framework.runner.siloam.ttddigitalpage.TestTTDPageKombinasiEmpat.siloam115_validasi_data_tersimpan_dan_form_ter_update(TestTTDPageKombinasiEmpat.java:128)
at ✽.Siloam115 Validasi Data tersimpan dan form ter-update(file:///C:/Users/Nexsoft/git/TugasAkhir/Novri/TA-SQUAD-KEL-SATU/TA-SQUAD-KEL-SATU/src/test/resources/features/siloam-outline/115UpdateDataSalesEmpatKombinasi.feature:16)
]]>
    </failure>
  </testcase> <!-- runScenario -->
  <system-out/>
  <testcase classname="cucumber.framework.runner.siloam.ttddigitalpage.TandaTanganDigitalOutlineRunner" name="runScenario" time="2.312">
    <failure message="expected [Alamanda] but found [ADIT TEST]" type="java.lang.AssertionError">
      <![CDATA[java.lang.AssertionError: expected [Alamanda] but found [ADIT TEST]
at org.testng.Assert.fail(Assert.java:110)
at org.testng.Assert.failNotEquals(Assert.java:1413)
at org.testng.Assert.assertEqualsImpl(Assert.java:149)
at org.testng.Assert.assertEquals(Assert.java:131)
at org.testng.Assert.assertEquals(Assert.java:655)
at org.testng.Assert.assertEquals(Assert.java:665)
at cucumber.framework.runner.siloam.ttddigitalpage.TestTTDPageKombinasiDua.siloam105_validasi_data_tersimpan_dan_form_ter_update(TestTTDPageKombinasiDua.java:135)
at ✽.Siloam105 Validasi Data tersimpan dan form ter-update(file:///C:/Users/Nexsoft/git/TugasAkhir/Novri/TA-SQUAD-KEL-SATU/TA-SQUAD-KEL-SATU/src/test/resources/features/siloam-outline/105UpdateDataSalesDuaKombinasi.feature:17)
]]>
    </failure>
  </testcase> <!-- runScenario -->
  <system-out/>
  <testcase classname="cucumber.framework.runner.siloam.ttddigitalpage.TandaTanganDigitalOutlineRunner" name="runScenario" time="2.253"/>
  <system-out/>
  <testcase classname="cucumber.framework.runner.siloam.ttddigitalpage.TandaTanganDigitalOutlineRunner" name="runScenario" time="3.541"/>
  <system-out/>
  <testcase classname="cucumber.framework.runner.siloam.ttddigitalpage.TandaTanganDigitalOutlineRunner" name="runScenario" time="0.234"/>
  <system-out/>
  <testcase classname="cucumber.framework.runner.siloam.ttddigitalpage.TandaTanganDigitalOutlineRunner" name="runScenario" time="1.956">
    <failure message="expected [acc] but found [ADIT TEST]" type="java.lang.AssertionError">
      <![CDATA[java.lang.AssertionError: expected [acc] but found [ADIT TEST]
at org.testng.Assert.fail(Assert.java:110)
at org.testng.Assert.failNotEquals(Assert.java:1413)
at org.testng.Assert.assertEqualsImpl(Assert.java:149)
at org.testng.Assert.assertEquals(Assert.java:131)
at org.testng.Assert.assertEquals(Assert.java:655)
at org.testng.Assert.assertEquals(Assert.java:665)
at cucumber.framework.runner.siloam.ttddigitalpage.TestTTDPageKombinasiSatu.siloam100_validasi_data_tersimpan_dan_form_ter_update(TestTTDPageKombinasiSatu.java:137)
at ✽.Siloam100 Validasi Data tersimpan dan form ter-update(file:///C:/Users/Nexsoft/git/TugasAkhir/Novri/TA-SQUAD-KEL-SATU/TA-SQUAD-KEL-SATU/src/test/resources/features/siloam-outline/100UpdateDataSalesSatuKombinasi.feature:17)
]]>
    </failure>
  </testcase> <!-- runScenario -->
  <system-out/>
  <testcase classname="cucumber.framework.runner.siloam.ttddigitalpage.TandaTanganDigitalOutlineRunner" name="runScenario" time="2.757">
    <failure message="expected [Alamanda] but found [ADIT TEST]" type="java.lang.AssertionError">
      <![CDATA[java.lang.AssertionError: expected [Alamanda] but found [ADIT TEST]
at org.testng.Assert.fail(Assert.java:110)
at org.testng.Assert.failNotEquals(Assert.java:1413)
at org.testng.Assert.assertEqualsImpl(Assert.java:149)
at org.testng.Assert.assertEquals(Assert.java:131)
at org.testng.Assert.assertEquals(Assert.java:655)
at org.testng.Assert.assertEquals(Assert.java:665)
at cucumber.framework.runner.siloam.ttddigitalpage.TestTTDPageKombinasiEmpat.siloam115_validasi_data_tersimpan_dan_form_ter_update(TestTTDPageKombinasiEmpat.java:128)
at ✽.Siloam115 Validasi Data tersimpan dan form ter-update(file:///C:/Users/Nexsoft/git/TugasAkhir/Novri/TA-SQUAD-KEL-SATU/TA-SQUAD-KEL-SATU/src/test/resources/features/siloam-outline/115UpdateDataSalesEmpatKombinasi.feature:16)
]]>
    </failure>
  </testcase> <!-- runScenario -->
  <system-out/>
  <testcase classname="cucumber.framework.runner.siloam.ttddigitalpage.TandaTanganDigitalOutlineRunner" name="runScenario" time="2.604"/>
  <system-out/>
  <testcase classname="cucumber.framework.runner.siloam.ttddigitalpage.TandaTanganDigitalOutlineRunner" name="runScenario" time="3.661"/>
  <system-out/>
  <testcase classname="cucumber.framework.runner.siloam.ttddigitalpage.TandaTanganDigitalOutlineRunner" name="runScenario" time="0.245"/>
  <system-out/>
  <testcase classname="cucumber.framework.runner.siloam.ttddigitalpage.TandaTanganDigitalOutlineRunner" name="runScenario" time="2.117"/>
  <system-out/>
  <testcase classname="cucumber.framework.runner.siloam.ttddigitalpage.TandaTanganDigitalOutlineRunner" name="runScenario" time="0.187"/>
  <system-out/>
  <testcase classname="cucumber.framework.runner.siloam.ttddigitalpage.TandaTanganDigitalOutlineRunner" name="runScenario" time="3.637">
    <failure message="expected [Alamanda] but found [ADIT TEST]" type="java.lang.AssertionError">
      <![CDATA[java.lang.AssertionError: expected [Alamanda] but found [ADIT TEST]
at org.testng.Assert.fail(Assert.java:110)
at org.testng.Assert.failNotEquals(Assert.java:1413)
at org.testng.Assert.assertEqualsImpl(Assert.java:149)
at org.testng.Assert.assertEquals(Assert.java:131)
at org.testng.Assert.assertEquals(Assert.java:655)
at org.testng.Assert.assertEquals(Assert.java:665)
at cucumber.framework.runner.siloam.ttddigitalpage.TestTTDPageKombinasiEmpat.siloam115_validasi_data_tersimpan_dan_form_ter_update(TestTTDPageKombinasiEmpat.java:128)
at ✽.Siloam115 Validasi Data tersimpan dan form ter-update(file:///C:/Users/Nexsoft/git/TugasAkhir/Novri/TA-SQUAD-KEL-SATU/TA-SQUAD-KEL-SATU/src/test/resources/features/siloam-outline/115UpdateDataSalesEmpatKombinasi.feature:16)
]]>
    </failure>
  </testcase> <!-- runScenario -->
  <system-out/>
  <testcase classname="cucumber.framework.runner.siloam.ttddigitalpage.TandaTanganDigitalOutlineRunner" name="runScenario" time="0.229"/>
  <system-out/>
  <testcase classname="cucumber.framework.runner.siloam.ttddigitalpage.TandaTanganDigitalOutlineRunner" name="runScenario" time="3.905">
    <failure message="expected [Aditya] but found [ADIT]" type="java.lang.AssertionError">
      <![CDATA[java.lang.AssertionError: expected [Aditya] but found [ADIT]
at org.testng.Assert.fail(Assert.java:110)
at org.testng.Assert.failNotEquals(Assert.java:1413)
at org.testng.Assert.assertEqualsImpl(Assert.java:149)
at org.testng.Assert.assertEquals(Assert.java:131)
at org.testng.Assert.assertEquals(Assert.java:655)
at org.testng.Assert.assertEquals(Assert.java:665)
at cucumber.framework.runner.siloam.ttddigitalpage.TestTTDPageKombinasiLima.siloam120_validasi_data_tersimpan_dan_form_ter_update(TestTTDPageKombinasiLima.java:131)
at ✽.Siloam120 Validasi Data Tersimpan Dan Form Ter-update(file:///C:/Users/Nexsoft/git/TugasAkhir/Novri/TA-SQUAD-KEL-SATU/TA-SQUAD-KEL-SATU/src/test/resources/features/siloam-outline/120UpdateDataSalesLimaKombinasi.feature:16)
]]>
    </failure>
  </testcase> <!-- runScenario -->
  <system-out/>
  <testcase classname="cucumber.framework.runner.siloam.ttddigitalpage.TandaTanganDigitalOutlineRunner" name="runScenario" time="2.253"/>
  <system-out/>
  <testcase classname="cucumber.framework.runner.siloam.ttddigitalpage.TandaTanganDigitalOutlineRunner" name="runScenario" time="3.788">
    <failure message="expected [Alamanda] but found [ADIT TEST]" type="java.lang.AssertionError">
      <![CDATA[java.lang.AssertionError: expected [Alamanda] but found [ADIT TEST]
at org.testng.Assert.fail(Assert.java:110)
at org.testng.Assert.failNotEquals(Assert.java:1413)
at org.testng.Assert.assertEqualsImpl(Assert.java:149)
at org.testng.Assert.assertEquals(Assert.java:131)
at org.testng.Assert.assertEquals(Assert.java:655)
at org.testng.Assert.assertEquals(Assert.java:665)
at cucumber.framework.runner.siloam.ttddigitalpage.TestTTDPageKombinasiEmpat.siloam115_validasi_data_tersimpan_dan_form_ter_update(TestTTDPageKombinasiEmpat.java:128)
at ✽.Siloam115 Validasi Data tersimpan dan form ter-update(file:///C:/Users/Nexsoft/git/TugasAkhir/Novri/TA-SQUAD-KEL-SATU/TA-SQUAD-KEL-SATU/src/test/resources/features/siloam-outline/115UpdateDataSalesEmpatKombinasi.feature:16)
]]>
    </failure>
  </testcase> <!-- runScenario -->
  <system-out/>
  <testcase classname="cucumber.framework.runner.siloam.ttddigitalpage.TandaTanganDigitalOutlineRunner" name="runScenario" time="2.499"/>
  <system-out/>
  <testcase classname="cucumber.framework.runner.siloam.ttddigitalpage.TandaTanganDigitalOutlineRunner" name="runScenario" time="2.758"/>
  <system-out/>
  <testcase classname="cucumber.framework.runner.siloam.ttddigitalpage.TandaTanganDigitalOutlineRunner" name="runScenario" time="3.123"/>
  <system-out/>
  <testcase classname="cucumber.framework.runner.siloam.ttddigitalpage.TandaTanganDigitalOutlineRunner" name="runScenario" time="4.882">
    <failure message="expected [Aditya] but found [ADIT]" type="java.lang.AssertionError">
      <![CDATA[java.lang.AssertionError: expected [Aditya] but found [ADIT]
at org.testng.Assert.fail(Assert.java:110)
at org.testng.Assert.failNotEquals(Assert.java:1413)
at org.testng.Assert.assertEqualsImpl(Assert.java:149)
at org.testng.Assert.assertEquals(Assert.java:131)
at org.testng.Assert.assertEquals(Assert.java:655)
at org.testng.Assert.assertEquals(Assert.java:665)
at cucumber.framework.runner.siloam.ttddigitalpage.TestTTDPageKombinasiLima.siloam120_validasi_data_tersimpan_dan_form_ter_update(TestTTDPageKombinasiLima.java:131)
at ✽.Siloam120 Validasi Data Tersimpan Dan Form Ter-update(file:///C:/Users/Nexsoft/git/TugasAkhir/Novri/TA-SQUAD-KEL-SATU/TA-SQUAD-KEL-SATU/src/test/resources/features/siloam-outline/120UpdateDataSalesLimaKombinasi.feature:16)
]]>
    </failure>
  </testcase> <!-- runScenario -->
  <system-out/>
  <testcase classname="cucumber.framework.runner.siloam.ttddigitalpage.TandaTanganDigitalOutlineRunner" name="runScenario" time="2.411">
    <failure message="expected [Alamanda] but found [ADIT TEST]" type="java.lang.AssertionError">
      <![CDATA[java.lang.AssertionError: expected [Alamanda] but found [ADIT TEST]
at org.testng.Assert.fail(Assert.java:110)
at org.testng.Assert.failNotEquals(Assert.java:1413)
at org.testng.Assert.assertEqualsImpl(Assert.java:149)
at org.testng.Assert.assertEquals(Assert.java:131)
at org.testng.Assert.assertEquals(Assert.java:655)
at org.testng.Assert.assertEquals(Assert.java:665)
at cucumber.framework.runner.siloam.ttddigitalpage.TestTTDPageKombinasiTiga.siloam110_validasi_data_tersimpan_dan_form_ter_update(TestTTDPageKombinasiTiga.java:131)
at ✽.Siloam110 Validasi Data tersimpan dan form ter-update(file:///C:/Users/Nexsoft/git/TugasAkhir/Novri/TA-SQUAD-KEL-SATU/TA-SQUAD-KEL-SATU/src/test/resources/features/siloam-outline/110UpdateDataSalesTigaKombinasi.feature:16)
]]>
    </failure>
  </testcase> <!-- runScenario -->
  <system-out/>
  <testcase classname="cucumber.framework.runner.siloam.ttddigitalpage.TandaTanganDigitalOutlineRunner" name="runScenario" time="1.832"/>
  <system-out/>
  <testcase classname="cucumber.framework.runner.siloam.ttddigitalpage.TandaTanganDigitalOutlineRunner" name="runScenario" time="3.553">
    <failure message="expected [Alamanda] but found [ADIT TEST]" type="java.lang.AssertionError">
      <![CDATA[java.lang.AssertionError: expected [Alamanda] but found [ADIT TEST]
at org.testng.Assert.fail(Assert.java:110)
at org.testng.Assert.failNotEquals(Assert.java:1413)
at org.testng.Assert.assertEqualsImpl(Assert.java:149)
at org.testng.Assert.assertEquals(Assert.java:131)
at org.testng.Assert.assertEquals(Assert.java:655)
at org.testng.Assert.assertEquals(Assert.java:665)
at cucumber.framework.runner.siloam.ttddigitalpage.TestTTDPageKombinasiTiga.siloam110_validasi_data_tersimpan_dan_form_ter_update(TestTTDPageKombinasiTiga.java:131)
at ✽.Siloam110 Validasi Data tersimpan dan form ter-update(file:///C:/Users/Nexsoft/git/TugasAkhir/Novri/TA-SQUAD-KEL-SATU/TA-SQUAD-KEL-SATU/src/test/resources/features/siloam-outline/110UpdateDataSalesTigaKombinasi.feature:16)
]]>
    </failure>
  </testcase> <!-- runScenario -->
  <system-out/>
  <testcase classname="cucumber.framework.runner.siloam.ttddigitalpage.TandaTanganDigitalOutlineRunner" name="runScenario" time="3.332"/>
  <system-out/>
  <testcase classname="cucumber.framework.runner.siloam.ttddigitalpage.TandaTanganDigitalOutlineRunner" name="runScenario" time="3.343"/>
  <system-out/>
  <testcase classname="cucumber.framework.runner.siloam.ttddigitalpage.TandaTanganDigitalOutlineRunner" name="runScenario" time="3.250">
    <failure message="expected [Alamanda] but found [ADIT TEST]" type="java.lang.AssertionError">
      <![CDATA[java.lang.AssertionError: expected [Alamanda] but found [ADIT TEST]
at org.testng.Assert.fail(Assert.java:110)
at org.testng.Assert.failNotEquals(Assert.java:1413)
at org.testng.Assert.assertEqualsImpl(Assert.java:149)
at org.testng.Assert.assertEquals(Assert.java:131)
at org.testng.Assert.assertEquals(Assert.java:655)
at org.testng.Assert.assertEquals(Assert.java:665)
at cucumber.framework.runner.siloam.ttddigitalpage.TestTTDPageKombinasiTiga.siloam110_validasi_data_tersimpan_dan_form_ter_update(TestTTDPageKombinasiTiga.java:131)
at ✽.Siloam110 Validasi Data tersimpan dan form ter-update(file:///C:/Users/Nexsoft/git/TugasAkhir/Novri/TA-SQUAD-KEL-SATU/TA-SQUAD-KEL-SATU/src/test/resources/features/siloam-outline/110UpdateDataSalesTigaKombinasi.feature:16)
]]>
    </failure>
  </testcase> <!-- runScenario -->
  <system-out/>
  <testcase classname="cucumber.framework.runner.siloam.ttddigitalpage.TandaTanganDigitalOutlineRunner" name="runScenario" time="3.809">
    <failure message="expected [Alamanda] but found [ADIT TEST]" type="java.lang.AssertionError">
      <![CDATA[java.lang.AssertionError: expected [Alamanda] but found [ADIT TEST]
at org.testng.Assert.fail(Assert.java:110)
at org.testng.Assert.failNotEquals(Assert.java:1413)
at org.testng.Assert.assertEqualsImpl(Assert.java:149)
at org.testng.Assert.assertEquals(Assert.java:131)
at org.testng.Assert.assertEquals(Assert.java:655)
at org.testng.Assert.assertEquals(Assert.java:665)
at cucumber.framework.runner.siloam.ttddigitalpage.TestTTDPageKombinasiEmpat.siloam115_validasi_data_tersimpan_dan_form_ter_update(TestTTDPageKombinasiEmpat.java:128)
at ✽.Siloam115 Validasi Data tersimpan dan form ter-update(file:///C:/Users/Nexsoft/git/TugasAkhir/Novri/TA-SQUAD-KEL-SATU/TA-SQUAD-KEL-SATU/src/test/resources/features/siloam-outline/115UpdateDataSalesEmpatKombinasi.feature:16)
]]>
    </failure>
  </testcase> <!-- runScenario -->
  <system-out/>
  <testcase classname="cucumber.framework.runner.siloam.ttddigitalpage.TandaTanganDigitalOutlineRunner" name="runScenario" time="1.873"/>
  <system-out/>
  <testcase classname="cucumber.framework.runner.siloam.ttddigitalpage.TandaTanganDigitalOutlineRunner" name="runScenario" time="4.040"/>
  <system-out/>
  <testcase classname="cucumber.framework.runner.siloam.ttddigitalpage.TandaTanganDigitalOutlineRunner" name="runScenario" time="2.852"/>
  <system-out/>
  <testcase classname="cucumber.framework.runner.siloam.ttddigitalpage.TandaTanganDigitalOutlineRunner" name="runScenario" time="3.336">
    <failure message="expected [Aditya] but found [ADIT]" type="java.lang.AssertionError">
      <![CDATA[java.lang.AssertionError: expected [Aditya] but found [ADIT]
at org.testng.Assert.fail(Assert.java:110)
at org.testng.Assert.failNotEquals(Assert.java:1413)
at org.testng.Assert.assertEqualsImpl(Assert.java:149)
at org.testng.Assert.assertEquals(Assert.java:131)
at org.testng.Assert.assertEquals(Assert.java:655)
at org.testng.Assert.assertEquals(Assert.java:665)
at cucumber.framework.runner.siloam.ttddigitalpage.TestTTDPageKombinasiLima.siloam120_validasi_data_tersimpan_dan_form_ter_update(TestTTDPageKombinasiLima.java:131)
at ✽.Siloam120 Validasi Data Tersimpan Dan Form Ter-update(file:///C:/Users/Nexsoft/git/TugasAkhir/Novri/TA-SQUAD-KEL-SATU/TA-SQUAD-KEL-SATU/src/test/resources/features/siloam-outline/120UpdateDataSalesLimaKombinasi.feature:16)
]]>
    </failure>
  </testcase> <!-- runScenario -->
  <system-out/>
  <testcase classname="cucumber.framework.runner.siloam.ttddigitalpage.TandaTanganDigitalOutlineRunner" name="runScenario" time="3.794"/>
  <system-out/>
  <testcase classname="cucumber.framework.runner.siloam.ttddigitalpage.TandaTanganDigitalOutlineRunner" name="runScenario" time="3.388"/>
  <system-out/>
  <testcase classname="cucumber.framework.runner.siloam.ttddigitalpage.TandaTanganDigitalOutlineRunner" name="runScenario" time="1.409"/>
  <system-out/>
  <testcase classname="cucumber.framework.runner.siloam.ttddigitalpage.TandaTanganDigitalOutlineRunner" name="runScenario" time="2.911"/>
  <system-out/>
  <testcase classname="cucumber.framework.runner.siloam.ttddigitalpage.TandaTanganDigitalOutlineRunner" name="runScenario" time="3.033"/>
  <system-out/>
  <testcase classname="cucumber.framework.runner.siloam.ttddigitalpage.TandaTanganDigitalOutlineRunner" name="runScenario" time="2.255"/>
  <system-out/>
  <testcase classname="cucumber.framework.runner.siloam.ttddigitalpage.TandaTanganDigitalOutlineRunner" name="runScenario" time="1.843"/>
  <system-out/>
  <testcase classname="cucumber.framework.runner.siloam.ttddigitalpage.TandaTanganDigitalOutlineRunner" name="runScenario" time="3.553">
    <failure message="expected [Alamanda] but found [ADIT TEST]" type="java.lang.AssertionError">
      <![CDATA[java.lang.AssertionError: expected [Alamanda] but found [ADIT TEST]
at org.testng.Assert.fail(Assert.java:110)
at org.testng.Assert.failNotEquals(Assert.java:1413)
at org.testng.Assert.assertEqualsImpl(Assert.java:149)
at org.testng.Assert.assertEquals(Assert.java:131)
at org.testng.Assert.assertEquals(Assert.java:655)
at org.testng.Assert.assertEquals(Assert.java:665)
at cucumber.framework.runner.siloam.ttddigitalpage.TestTTDPageKombinasiTiga.siloam110_validasi_data_tersimpan_dan_form_ter_update(TestTTDPageKombinasiTiga.java:131)
at ✽.Siloam110 Validasi Data tersimpan dan form ter-update(file:///C:/Users/Nexsoft/git/TugasAkhir/Novri/TA-SQUAD-KEL-SATU/TA-SQUAD-KEL-SATU/src/test/resources/features/siloam-outline/110UpdateDataSalesTigaKombinasi.feature:16)
]]>
    </failure>
  </testcase> <!-- runScenario -->
  <system-out/>
  <testcase classname="cucumber.framework.runner.siloam.ttddigitalpage.TandaTanganDigitalOutlineRunner" name="runScenario" time="21.574"/>
  <system-out/>
  <testcase classname="cucumber.framework.runner.siloam.ttddigitalpage.TandaTanganDigitalOutlineRunner" name="runScenario" time="2.704"/>
  <system-out/>
  <testcase classname="cucumber.framework.runner.siloam.ttddigitalpage.TandaTanganDigitalOutlineRunner" name="runScenario" time="2.363"/>
  <system-out/>
  <testcase classname="cucumber.framework.runner.siloam.ttddigitalpage.TandaTanganDigitalOutlineRunner" name="runScenario" time="4.478">
    <failure message="expected [Alamanda] but found [ADIT TEST]" type="java.lang.AssertionError">
      <![CDATA[java.lang.AssertionError: expected [Alamanda] but found [ADIT TEST]
at org.testng.Assert.fail(Assert.java:110)
at org.testng.Assert.failNotEquals(Assert.java:1413)
at org.testng.Assert.assertEqualsImpl(Assert.java:149)
at org.testng.Assert.assertEquals(Assert.java:131)
at org.testng.Assert.assertEquals(Assert.java:655)
at org.testng.Assert.assertEquals(Assert.java:665)
at cucumber.framework.runner.siloam.ttddigitalpage.TestTTDPageKombinasiEmpat.siloam115_validasi_data_tersimpan_dan_form_ter_update(TestTTDPageKombinasiEmpat.java:128)
at ✽.Siloam115 Validasi Data tersimpan dan form ter-update(file:///C:/Users/Nexsoft/git/TugasAkhir/Novri/TA-SQUAD-KEL-SATU/TA-SQUAD-KEL-SATU/src/test/resources/features/siloam-outline/115UpdateDataSalesEmpatKombinasi.feature:16)
]]>
    </failure>
  </testcase> <!-- runScenario -->
  <system-out/>
  <testcase classname="cucumber.framework.runner.siloam.ttddigitalpage.TandaTanganDigitalOutlineRunner" name="runScenario" time="4.158">
    <failure message="expected [Alamanda] but found [ADIT TEST]" type="java.lang.AssertionError">
      <![CDATA[java.lang.AssertionError: expected [Alamanda] but found [ADIT TEST]
at org.testng.Assert.fail(Assert.java:110)
at org.testng.Assert.failNotEquals(Assert.java:1413)
at org.testng.Assert.assertEqualsImpl(Assert.java:149)
at org.testng.Assert.assertEquals(Assert.java:131)
at org.testng.Assert.assertEquals(Assert.java:655)
at org.testng.Assert.assertEquals(Assert.java:665)
at cucumber.framework.runner.siloam.ttddigitalpage.TestTTDPageKombinasiTiga.siloam110_validasi_data_tersimpan_dan_form_ter_update(TestTTDPageKombinasiTiga.java:131)
at ✽.Siloam110 Validasi Data tersimpan dan form ter-update(file:///C:/Users/Nexsoft/git/TugasAkhir/Novri/TA-SQUAD-KEL-SATU/TA-SQUAD-KEL-SATU/src/test/resources/features/siloam-outline/110UpdateDataSalesTigaKombinasi.feature:16)
]]>
    </failure>
  </testcase> <!-- runScenario -->
  <system-out/>
  <testcase classname="cucumber.framework.runner.siloam.ttddigitalpage.TandaTanganDigitalOutlineRunner" name="runScenario" time="3.636">
    <failure message="expected [Aditya] but found [ADIT]" type="java.lang.AssertionError">
      <![CDATA[java.lang.AssertionError: expected [Aditya] but found [ADIT]
at org.testng.Assert.fail(Assert.java:110)
at org.testng.Assert.failNotEquals(Assert.java:1413)
at org.testng.Assert.assertEqualsImpl(Assert.java:149)
at org.testng.Assert.assertEquals(Assert.java:131)
at org.testng.Assert.assertEquals(Assert.java:655)
at org.testng.Assert.assertEquals(Assert.java:665)
at cucumber.framework.runner.siloam.ttddigitalpage.TestTTDPageKombinasiLima.siloam120_validasi_data_tersimpan_dan_form_ter_update(TestTTDPageKombinasiLima.java:131)
at ✽.Siloam120 Validasi Data Tersimpan Dan Form Ter-update(file:///C:/Users/Nexsoft/git/TugasAkhir/Novri/TA-SQUAD-KEL-SATU/TA-SQUAD-KEL-SATU/src/test/resources/features/siloam-outline/120UpdateDataSalesLimaKombinasi.feature:16)
]]>
    </failure>
  </testcase> <!-- runScenario -->
  <system-out/>
  <testcase classname="cucumber.framework.runner.siloam.ttddigitalpage.TandaTanganDigitalOutlineRunner" name="runScenario" time="3.971">
    <failure message="expected [Alamanda] but found [ADIT TEST]" type="java.lang.AssertionError">
      <![CDATA[java.lang.AssertionError: expected [Alamanda] but found [ADIT TEST]
at org.testng.Assert.fail(Assert.java:110)
at org.testng.Assert.failNotEquals(Assert.java:1413)
at org.testng.Assert.assertEqualsImpl(Assert.java:149)
at org.testng.Assert.assertEquals(Assert.java:131)
at org.testng.Assert.assertEquals(Assert.java:655)
at org.testng.Assert.assertEquals(Assert.java:665)
at cucumber.framework.runner.siloam.ttddigitalpage.TestTTDPageKombinasiEmpat.siloam115_validasi_data_tersimpan_dan_form_ter_update(TestTTDPageKombinasiEmpat.java:128)
at ✽.Siloam115 Validasi Data tersimpan dan form ter-update(file:///C:/Users/Nexsoft/git/TugasAkhir/Novri/TA-SQUAD-KEL-SATU/TA-SQUAD-KEL-SATU/src/test/resources/features/siloam-outline/115UpdateDataSalesEmpatKombinasi.feature:16)
]]>
    </failure>
  </testcase> <!-- runScenario -->
  <system-out/>
  <testcase classname="cucumber.framework.runner.siloam.ttddigitalpage.TandaTanganDigitalOutlineRunner" name="runScenario" time="0.347">
    <failure message="expected [true] but found [false]" type="java.lang.AssertionError">
      <![CDATA[java.lang.AssertionError: expected [true] but found [false]
at org.testng.Assert.fail(Assert.java:110)
at org.testng.Assert.failNotEquals(Assert.java:1413)
at org.testng.Assert.assertTrue(Assert.java:56)
at org.testng.Assert.assertTrue(Assert.java:66)
at cucumber.framework.runner.siloam.ttddigitalpage.TestUploadDokumenBeforeInvalid.siloam400003_validasi_pesan_error(TestUploadDokumenBeforeInvalid.java:92)
at ✽.Siloam400003 Validasi pesan error(file:///C:/Users/Nexsoft/git/TugasAkhir/Novri/TA-SQUAD-KEL-SATU/TA-SQUAD-KEL-SATU/src/test/resources/features/siloam-outline/400SalesUploadDokumenBeforeInvalid.feature:19)
]]>
    </failure>
  </testcase> <!-- runScenario -->
  <system-out/>
  <testcase classname="cucumber.framework.runner.siloam.ttddigitalpage.TandaTanganDigitalOutlineRunner" name="runScenario" time="3.791"/>
  <system-out/>
  <testcase classname="cucumber.framework.runner.siloam.ttddigitalpage.TandaTanganDigitalOutlineRunner" name="runScenario" time="0.301"/>
  <system-out/>
  <testcase classname="cucumber.framework.runner.siloam.ttddigitalpage.TandaTanganDigitalOutlineRunner" name="runScenario" time="2.499"/>
  <system-out/>
  <testcase classname="cucumber.framework.runner.siloam.ttddigitalpage.TandaTanganDigitalOutlineRunner" name="runScenario" time="1.672"/>
  <system-out/>
  <testcase classname="cucumber.framework.runner.siloam.ttddigitalpage.TandaTanganDigitalOutlineRunner" name="runScenario" time="2.793"/>
  <system-out/>
  <testcase classname="cucumber.framework.runner.siloam.ttddigitalpage.TandaTanganDigitalOutlineRunner" name="runScenario" time="2.511">
    <failure message="expected [Alamanda] but found [ADIT TEST]" type="java.lang.AssertionError">
      <![CDATA[java.lang.AssertionError: expected [Alamanda] but found [ADIT TEST]
at org.testng.Assert.fail(Assert.java:110)
at org.testng.Assert.failNotEquals(Assert.java:1413)
at org.testng.Assert.assertEqualsImpl(Assert.java:149)
at org.testng.Assert.assertEquals(Assert.java:131)
at org.testng.Assert.assertEquals(Assert.java:655)
at org.testng.Assert.assertEquals(Assert.java:665)
at cucumber.framework.runner.siloam.ttddigitalpage.TestTTDPageKombinasiTiga.siloam110_validasi_data_tersimpan_dan_form_ter_update(TestTTDPageKombinasiTiga.java:131)
at ✽.Siloam110 Validasi Data tersimpan dan form ter-update(file:///C:/Users/Nexsoft/git/TugasAkhir/Novri/TA-SQUAD-KEL-SATU/TA-SQUAD-KEL-SATU/src/test/resources/features/siloam-outline/110UpdateDataSalesTigaKombinasi.feature:16)
]]>
    </failure>
  </testcase> <!-- runScenario -->
  <system-out/>
  <testcase classname="cucumber.framework.runner.siloam.ttddigitalpage.TandaTanganDigitalOutlineRunner" name="runScenario" time="3.343">
    <failure message="expected [Aditya] but found [ADIT]" type="java.lang.AssertionError">
      <![CDATA[java.lang.AssertionError: expected [Aditya] but found [ADIT]
at org.testng.Assert.fail(Assert.java:110)
at org.testng.Assert.failNotEquals(Assert.java:1413)
at org.testng.Assert.assertEqualsImpl(Assert.java:149)
at org.testng.Assert.assertEquals(Assert.java:131)
at org.testng.Assert.assertEquals(Assert.java:655)
at org.testng.Assert.assertEquals(Assert.java:665)
at cucumber.framework.runner.siloam.ttddigitalpage.TestTTDPageKombinasiLima.siloam120_validasi_data_tersimpan_dan_form_ter_update(TestTTDPageKombinasiLima.java:131)
at ✽.Siloam120 Validasi Data Tersimpan Dan Form Ter-update(file:///C:/Users/Nexsoft/git/TugasAkhir/Novri/TA-SQUAD-KEL-SATU/TA-SQUAD-KEL-SATU/src/test/resources/features/siloam-outline/120UpdateDataSalesLimaKombinasi.feature:16)
]]>
    </failure>
  </testcase> <!-- runScenario -->
  <system-out/>
  <testcase classname="cucumber.framework.runner.siloam.ttddigitalpage.TandaTanganDigitalOutlineRunner" name="runScenario" time="3.184"/>
  <system-out/>
  <testcase classname="cucumber.framework.runner.siloam.ttddigitalpage.TandaTanganDigitalOutlineRunner" name="runScenario" time="2.517"/>
  <system-out/>
  <testcase classname="cucumber.framework.runner.siloam.ttddigitalpage.TandaTanganDigitalOutlineRunner" name="runScenario" time="3.269">
    <failure message="expected [Aditya] but found [ADIT]" type="java.lang.AssertionError">
      <![CDATA[java.lang.AssertionError: expected [Aditya] but found [ADIT]
at org.testng.Assert.fail(Assert.java:110)
at org.testng.Assert.failNotEquals(Assert.java:1413)
at org.testng.Assert.assertEqualsImpl(Assert.java:149)
at org.testng.Assert.assertEquals(Assert.java:131)
at org.testng.Assert.assertEquals(Assert.java:655)
at org.testng.Assert.assertEquals(Assert.java:665)
at cucumber.framework.runner.siloam.ttddigitalpage.TestTTDPageKombinasiLima.siloam120_validasi_data_tersimpan_dan_form_ter_update(TestTTDPageKombinasiLima.java:131)
at ✽.Siloam120 Validasi Data Tersimpan Dan Form Ter-update(file:///C:/Users/Nexsoft/git/TugasAkhir/Novri/TA-SQUAD-KEL-SATU/TA-SQUAD-KEL-SATU/src/test/resources/features/siloam-outline/120UpdateDataSalesLimaKombinasi.feature:16)
]]>
    </failure>
  </testcase> <!-- runScenario -->
  <system-out/>
  <testcase classname="cucumber.framework.runner.siloam.ttddigitalpage.TandaTanganDigitalOutlineRunner" name="runScenario" time="2.650">
    <failure message="expected [Alamanda] but found [ADIT TEST]" type="java.lang.AssertionError">
      <![CDATA[java.lang.AssertionError: expected [Alamanda] but found [ADIT TEST]
at org.testng.Assert.fail(Assert.java:110)
at org.testng.Assert.failNotEquals(Assert.java:1413)
at org.testng.Assert.assertEqualsImpl(Assert.java:149)
at org.testng.Assert.assertEquals(Assert.java:131)
at org.testng.Assert.assertEquals(Assert.java:655)
at org.testng.Assert.assertEquals(Assert.java:665)
at cucumber.framework.runner.siloam.ttddigitalpage.TestTTDPageKombinasiEmpat.siloam115_validasi_data_tersimpan_dan_form_ter_update(TestTTDPageKombinasiEmpat.java:128)
at ✽.Siloam115 Validasi Data tersimpan dan form ter-update(file:///C:/Users/Nexsoft/git/TugasAkhir/Novri/TA-SQUAD-KEL-SATU/TA-SQUAD-KEL-SATU/src/test/resources/features/siloam-outline/115UpdateDataSalesEmpatKombinasi.feature:16)
]]>
    </failure>
  </testcase> <!-- runScenario -->
  <system-out/>
  <testcase classname="cucumber.framework.runner.siloam.ttddigitalpage.TandaTanganDigitalOutlineRunner" name="runScenario" time="2.161"/>
  <system-out/>
  <testcase classname="cucumber.framework.runner.siloam.ttddigitalpage.TandaTanganDigitalOutlineRunner" name="runScenario" time="11.221">
    <error message="Expected condition failed: waiting for visibility of [[ChromeDriver: chrome on WINDOWS (f7ceb8745729e9ed7543e29fb9ea64c7)] -&gt; xpath: //div[@id=&#039;message&#039;]] (tried for 10 second(s) with 500 milliseconds interval)
Build info: version: &#039;4.4.0&#039;, revision: &#039;e5c75ed026a&#039;
System info: host: &#039;DESKTOP-26B5BFK&#039;, ip: &#039;10.0.0.164&#039;, os.name: &#039;Windows 10&#039;, os.arch: &#039;amd64&#039;, os.version: &#039;10.0&#039;, java.version: &#039;17.0.4.1&#039;
Driver info: org.openqa.selenium.chrome.ChromeDriver
Capabilities {acceptInsecureCerts: false, browserName: chrome, browserVersion: 106.0.5249.103, chrome: {chromedriverVersion: 106.0.5249.61 (511755355844..., userDataDir: C:\Users\Nexsoft\AppData\Lo...}, goog:chromeOptions: {debuggerAddress: localhost:64168}, networkConnectionEnabled: false, pageLoadStrategy: normal, platformName: WINDOWS, proxy: Proxy(), se:cdp: ws://localhost:64168/devtoo..., se:cdpVersion: 106.0.5249.103, setWindowRect: true, strictFileInteractability: false, timeouts: {implicit: 0, pageLoad: 300000, script: 30000}, unhandledPromptBehavior: dismiss and notify, webauthn:extension:credBlob: true, webauthn:extension:largeBlob: true, webauthn:virtualAuthenticators: true}
Session ID: f7ceb8745729e9ed7543e29fb9ea64c7" type="org.openqa.selenium.TimeoutException">
      <![CDATA[org.openqa.selenium.TimeoutException: Expected condition failed: waiting for visibility of [[ChromeDriver: chrome on WINDOWS (f7ceb8745729e9ed7543e29fb9ea64c7)] -> xpath: //div[@id='message']] (tried for 10 second(s) with 500 milliseconds interval)
Build info: version: '4.4.0', revision: 'e5c75ed026a'
System info: host: 'DESKTOP-26B5BFK', ip: '10.0.0.164', os.name: 'Windows 10', os.arch: 'amd64', os.version: '10.0', java.version: '17.0.4.1'
Driver info: org.openqa.selenium.chrome.ChromeDriver
Capabilities {acceptInsecureCerts: false, browserName: chrome, browserVersion: 106.0.5249.103, chrome: {chromedriverVersion: 106.0.5249.61 (511755355844..., userDataDir: C:\Users\Nexsoft\AppData\Lo...}, goog:chromeOptions: {debuggerAddress: localhost:64168}, networkConnectionEnabled: false, pageLoadStrategy: normal, platformName: WINDOWS, proxy: Proxy(), se:cdp: ws://localhost:64168/devtoo..., se:cdpVersion: 106.0.5249.103, setWindowRect: true, strictFileInteractability: false, timeouts: {implicit: 0, pageLoad: 300000, script: 30000}, unhandledPromptBehavior: dismiss and notify, webauthn:extension:credBlob: true, webauthn:extension:largeBlob: true, webauthn:virtualAuthenticators: true}
Session ID: f7ceb8745729e9ed7543e29fb9ea64c7
at org.openqa.selenium.support.ui.WebDriverWait.timeoutException(WebDriverWait.java:87)
at org.openqa.selenium.support.ui.FluentWait.until(FluentWait.java:231)
at cucumber.framework.utils.Utils.driverWaitTxt(Utils.java:77)
at cucumber.framework.page.siloam.TandaTanganDigitalPage.txtErrorSave(TandaTanganDigitalPage.java:351)
at cucumber.framework.runner.siloam.ttddigitalpage.TestUploadDokumenBeforeInvalid.siloam400004_validasi_pesan_error(TestUploadDokumenBeforeInvalid.java:113)
at ✽.Siloam400004 Validasi pesan error(file:///C:/Users/Nexsoft/git/TugasAkhir/Novri/TA-SQUAD-KEL-SATU/TA-SQUAD-KEL-SATU/src/test/resources/features/siloam-outline/400SalesUploadDokumenBeforeInvalid.feature:24)
]]>
    </error>
  </testcase> <!-- runScenario -->
  <system-out/>
  <testcase classname="cucumber.framework.runner.siloam.ttddigitalpage.TandaTanganDigitalOutlineRunner" name="runScenario" time="4.809">
    <failure message="expected [Alamanda] but found [ADIT TEST]" type="java.lang.AssertionError">
      <![CDATA[java.lang.AssertionError: expected [Alamanda] but found [ADIT TEST]
at org.testng.Assert.fail(Assert.java:110)
at org.testng.Assert.failNotEquals(Assert.java:1413)
at org.testng.Assert.assertEqualsImpl(Assert.java:149)
at org.testng.Assert.assertEquals(Assert.java:131)
at org.testng.Assert.assertEquals(Assert.java:655)
at org.testng.Assert.assertEquals(Assert.java:665)
at cucumber.framework.runner.siloam.ttddigitalpage.TestTTDPageKombinasiTiga.siloam110_validasi_data_tersimpan_dan_form_ter_update(TestTTDPageKombinasiTiga.java:131)
at ✽.Siloam110 Validasi Data tersimpan dan form ter-update(file:///C:/Users/Nexsoft/git/TugasAkhir/Novri/TA-SQUAD-KEL-SATU/TA-SQUAD-KEL-SATU/src/test/resources/features/siloam-outline/110UpdateDataSalesTigaKombinasi.feature:16)
]]>
    </failure>
  </testcase> <!-- runScenario -->
  <system-out/>
  <testcase classname="cucumber.framework.runner.siloam.ttddigitalpage.TandaTanganDigitalOutlineRunner" name="runScenario" time="1.728"/>
  <system-out/>
  <testcase classname="cucumber.framework.runner.siloam.ttddigitalpage.TandaTanganDigitalOutlineRunner" name="runScenario" time="3.039"/>
  <system-out/>
  <testcase classname="cucumber.framework.runner.siloam.ttddigitalpage.TandaTanganDigitalOutlineRunner" name="runScenario" time="0.182"/>
  <system-out/>
  <testcase classname="cucumber.framework.runner.siloam.ttddigitalpage.TandaTanganDigitalOutlineRunner" name="runScenario" time="2.550"/>
  <system-out/>
  <testcase classname="cucumber.framework.runner.siloam.ttddigitalpage.TandaTanganDigitalOutlineRunner" name="runScenario" time="3.989">
    <failure message="expected [Alamanda] but found [ADIT TEST]" type="java.lang.AssertionError">
      <![CDATA[java.lang.AssertionError: expected [Alamanda] but found [ADIT TEST]
at org.testng.Assert.fail(Assert.java:110)
at org.testng.Assert.failNotEquals(Assert.java:1413)
at org.testng.Assert.assertEqualsImpl(Assert.java:149)
at org.testng.Assert.assertEquals(Assert.java:131)
at org.testng.Assert.assertEquals(Assert.java:655)
at org.testng.Assert.assertEquals(Assert.java:665)
at cucumber.framework.runner.siloam.ttddigitalpage.TestTTDPageKombinasiEmpat.siloam115_validasi_data_tersimpan_dan_form_ter_update(TestTTDPageKombinasiEmpat.java:128)
at ✽.Siloam115 Validasi Data tersimpan dan form ter-update(file:///C:/Users/Nexsoft/git/TugasAkhir/Novri/TA-SQUAD-KEL-SATU/TA-SQUAD-KEL-SATU/src/test/resources/features/siloam-outline/115UpdateDataSalesEmpatKombinasi.feature:16)
]]>
    </failure>
  </testcase> <!-- runScenario -->
  <system-out/>
  <testcase classname="cucumber.framework.runner.siloam.ttddigitalpage.TandaTanganDigitalOutlineRunner" name="runScenario" time="3.261">
    <failure message="expected [Alamanda] but found [ADIT TEST]" type="java.lang.AssertionError">
      <![CDATA[java.lang.AssertionError: expected [Alamanda] but found [ADIT TEST]
at org.testng.Assert.fail(Assert.java:110)
at org.testng.Assert.failNotEquals(Assert.java:1413)
at org.testng.Assert.assertEqualsImpl(Assert.java:149)
at org.testng.Assert.assertEquals(Assert.java:131)
at org.testng.Assert.assertEquals(Assert.java:655)
at org.testng.Assert.assertEquals(Assert.java:665)
at cucumber.framework.runner.siloam.ttddigitalpage.TestTTDPageKombinasiDua.siloam105_validasi_data_tersimpan_dan_form_ter_update(TestTTDPageKombinasiDua.java:135)
at ✽.Siloam105 Validasi Data tersimpan dan form ter-update(file:///C:/Users/Nexsoft/git/TugasAkhir/Novri/TA-SQUAD-KEL-SATU/TA-SQUAD-KEL-SATU/src/test/resources/features/siloam-outline/105UpdateDataSalesDuaKombinasi.feature:17)
]]>
    </failure>
  </testcase> <!-- runScenario -->
  <system-out/>
  <testcase classname="cucumber.framework.runner.siloam.ttddigitalpage.TandaTanganDigitalOutlineRunner" name="runScenario" time="3.071">
    <failure message="expected [Aditya] but found [ADIT]" type="java.lang.AssertionError">
      <![CDATA[java.lang.AssertionError: expected [Aditya] but found [ADIT]
at org.testng.Assert.fail(Assert.java:110)
at org.testng.Assert.failNotEquals(Assert.java:1413)
at org.testng.Assert.assertEqualsImpl(Assert.java:149)
at org.testng.Assert.assertEquals(Assert.java:131)
at org.testng.Assert.assertEquals(Assert.java:655)
at org.testng.Assert.assertEquals(Assert.java:665)
at cucumber.framework.runner.siloam.ttddigitalpage.TestTTDPageKombinasiLima.siloam120_validasi_data_tersimpan_dan_form_ter_update(TestTTDPageKombinasiLima.java:131)
at ✽.Siloam120 Validasi Data Tersimpan Dan Form Ter-update(file:///C:/Users/Nexsoft/git/TugasAkhir/Novri/TA-SQUAD-KEL-SATU/TA-SQUAD-KEL-SATU/src/test/resources/features/siloam-outline/120UpdateDataSalesLimaKombinasi.feature:16)
]]>
    </failure>
  </testcase> <!-- runScenario -->
  <system-out/>
  <testcase classname="cucumber.framework.runner.siloam.ttddigitalpage.TandaTanganDigitalOutlineRunner" name="runScenario" time="2.815"/>
  <system-out/>
  <testcase classname="cucumber.framework.runner.siloam.ttddigitalpage.TandaTanganDigitalOutlineRunner" name="runScenario" time="3.354">
    <failure message="expected [Aditya] but found [ADIT]" type="java.lang.AssertionError">
      <![CDATA[java.lang.AssertionError: expected [Aditya] but found [ADIT]
at org.testng.Assert.fail(Assert.java:110)
at org.testng.Assert.failNotEquals(Assert.java:1413)
at org.testng.Assert.assertEqualsImpl(Assert.java:149)
at org.testng.Assert.assertEquals(Assert.java:131)
at org.testng.Assert.assertEquals(Assert.java:655)
at org.testng.Assert.assertEquals(Assert.java:665)
at cucumber.framework.runner.siloam.ttddigitalpage.TestTTDPageKombinasiLima.siloam120_validasi_data_tersimpan_dan_form_ter_update(TestTTDPageKombinasiLima.java:131)
at ✽.Siloam120 Validasi Data Tersimpan Dan Form Ter-update(file:///C:/Users/Nexsoft/git/TugasAkhir/Novri/TA-SQUAD-KEL-SATU/TA-SQUAD-KEL-SATU/src/test/resources/features/siloam-outline/120UpdateDataSalesLimaKombinasi.feature:16)
]]>
    </failure>
  </testcase> <!-- runScenario -->
  <system-out/>
  <testcase classname="cucumber.framework.runner.siloam.ttddigitalpage.TandaTanganDigitalOutlineRunner" name="runScenario" time="2.195"/>
  <system-out/>
  <testcase classname="cucumber.framework.runner.siloam.ttddigitalpage.TandaTanganDigitalOutlineRunner" name="runScenario" time="2.877">
    <failure message="expected [Aditya] but found [ADIT]" type="java.lang.AssertionError">
      <![CDATA[java.lang.AssertionError: expected [Aditya] but found [ADIT]
at org.testng.Assert.fail(Assert.java:110)
at org.testng.Assert.failNotEquals(Assert.java:1413)
at org.testng.Assert.assertEqualsImpl(Assert.java:149)
at org.testng.Assert.assertEquals(Assert.java:131)
at org.testng.Assert.assertEquals(Assert.java:655)
at org.testng.Assert.assertEquals(Assert.java:665)
at cucumber.framework.runner.siloam.ttddigitalpage.TestTTDPageKombinasiLima.siloam120_validasi_data_tersimpan_dan_form_ter_update(TestTTDPageKombinasiLima.java:131)
at ✽.Siloam120 Validasi Data Tersimpan Dan Form Ter-update(file:///C:/Users/Nexsoft/git/TugasAkhir/Novri/TA-SQUAD-KEL-SATU/TA-SQUAD-KEL-SATU/src/test/resources/features/siloam-outline/120UpdateDataSalesLimaKombinasi.feature:16)
]]>
    </failure>
  </testcase> <!-- runScenario -->
  <system-out/>
  <testcase classname="cucumber.framework.runner.siloam.ttddigitalpage.TandaTanganDigitalOutlineRunner" name="runScenario" time="2.873">
    <failure message="expected [Alamanda] but found [ADIT TEST]" type="java.lang.AssertionError">
      <![CDATA[java.lang.AssertionError: expected [Alamanda] but found [ADIT TEST]
at org.testng.Assert.fail(Assert.java:110)
at org.testng.Assert.failNotEquals(Assert.java:1413)
at org.testng.Assert.assertEqualsImpl(Assert.java:149)
at org.testng.Assert.assertEquals(Assert.java:131)
at org.testng.Assert.assertEquals(Assert.java:655)
at org.testng.Assert.assertEquals(Assert.java:665)
at cucumber.framework.runner.siloam.ttddigitalpage.TestTTDPageKombinasiEmpat.siloam115_validasi_data_tersimpan_dan_form_ter_update(TestTTDPageKombinasiEmpat.java:128)
at ✽.Siloam115 Validasi Data tersimpan dan form ter-update(file:///C:/Users/Nexsoft/git/TugasAkhir/Novri/TA-SQUAD-KEL-SATU/TA-SQUAD-KEL-SATU/src/test/resources/features/siloam-outline/115UpdateDataSalesEmpatKombinasi.feature:16)
]]>
    </failure>
  </testcase> <!-- runScenario -->
  <system-out/>
  <testcase classname="cucumber.framework.runner.siloam.ttddigitalpage.TandaTanganDigitalOutlineRunner" name="runScenario" time="2.989">
    <failure message="expected [Alamanda] but found [ADIT TEST]" type="java.lang.AssertionError">
      <![CDATA[java.lang.AssertionError: expected [Alamanda] but found [ADIT TEST]
at org.testng.Assert.fail(Assert.java:110)
at org.testng.Assert.failNotEquals(Assert.java:1413)
at org.testng.Assert.assertEqualsImpl(Assert.java:149)
at org.testng.Assert.assertEquals(Assert.java:131)
at org.testng.Assert.assertEquals(Assert.java:655)
at org.testng.Assert.assertEquals(Assert.java:665)
at cucumber.framework.runner.siloam.ttddigitalpage.TestTTDPageKombinasiEmpat.siloam115_validasi_data_tersimpan_dan_form_ter_update(TestTTDPageKombinasiEmpat.java:128)
at ✽.Siloam115 Validasi Data tersimpan dan form ter-update(file:///C:/Users/Nexsoft/git/TugasAkhir/Novri/TA-SQUAD-KEL-SATU/TA-SQUAD-KEL-SATU/src/test/resources/features/siloam-outline/115UpdateDataSalesEmpatKombinasi.feature:16)
]]>
    </failure>
  </testcase> <!-- runScenario -->
  <system-out/>
  <testcase classname="cucumber.framework.runner.siloam.ttddigitalpage.TandaTanganDigitalOutlineRunner" name="runScenario" time="15.652"/>
  <system-out/>
  <testcase classname="cucumber.framework.runner.siloam.ttddigitalpage.TandaTanganDigitalOutlineRunner" name="runScenario" time="5.990"/>
  <system-out/>
  <testcase classname="cucumber.framework.runner.siloam.ttddigitalpage.TandaTanganDigitalOutlineRunner" name="runScenario" time="3.386">
    <failure message="expected [Alamanda] but found [ADIT TEST]" type="java.lang.AssertionError">
      <![CDATA[java.lang.AssertionError: expected [Alamanda] but found [ADIT TEST]
at org.testng.Assert.fail(Assert.java:110)
at org.testng.Assert.failNotEquals(Assert.java:1413)
at org.testng.Assert.assertEqualsImpl(Assert.java:149)
at org.testng.Assert.assertEquals(Assert.java:131)
at org.testng.Assert.assertEquals(Assert.java:655)
at org.testng.Assert.assertEquals(Assert.java:665)
at cucumber.framework.runner.siloam.ttddigitalpage.TestTTDPageKombinasiEmpat.siloam115_validasi_data_tersimpan_dan_form_ter_update(TestTTDPageKombinasiEmpat.java:128)
at ✽.Siloam115 Validasi Data tersimpan dan form ter-update(file:///C:/Users/Nexsoft/git/TugasAkhir/Novri/TA-SQUAD-KEL-SATU/TA-SQUAD-KEL-SATU/src/test/resources/features/siloam-outline/115UpdateDataSalesEmpatKombinasi.feature:16)
]]>
    </failure>
  </testcase> <!-- runScenario -->
  <system-out/>
  <testcase classname="cucumber.framework.runner.siloam.ttddigitalpage.TandaTanganDigitalOutlineRunner" name="runScenario" time="3.825">
    <failure message="expected [Alamanda] but found [ADIT TEST]" type="java.lang.AssertionError">
      <![CDATA[java.lang.AssertionError: expected [Alamanda] but found [ADIT TEST]
at org.testng.Assert.fail(Assert.java:110)
at org.testng.Assert.failNotEquals(Assert.java:1413)
at org.testng.Assert.assertEqualsImpl(Assert.java:149)
at org.testng.Assert.assertEquals(Assert.java:131)
at org.testng.Assert.assertEquals(Assert.java:655)
at org.testng.Assert.assertEquals(Assert.java:665)
at cucumber.framework.runner.siloam.ttddigitalpage.TestTTDPageKombinasiEmpat.siloam115_validasi_data_tersimpan_dan_form_ter_update(TestTTDPageKombinasiEmpat.java:128)
at ✽.Siloam115 Validasi Data tersimpan dan form ter-update(file:///C:/Users/Nexsoft/git/TugasAkhir/Novri/TA-SQUAD-KEL-SATU/TA-SQUAD-KEL-SATU/src/test/resources/features/siloam-outline/115UpdateDataSalesEmpatKombinasi.feature:16)
]]>
    </failure>
  </testcase> <!-- runScenario -->
  <system-out/>
  <testcase classname="cucumber.framework.runner.siloam.ttddigitalpage.TandaTanganDigitalOutlineRunner" name="runScenario" time="2.883"/>
  <system-out/>
  <testcase classname="cucumber.framework.runner.siloam.ttddigitalpage.TandaTanganDigitalOutlineRunner" name="runScenario" time="3.188">
    <failure message="expected [Aditya] but found [ADIT]" type="java.lang.AssertionError">
      <![CDATA[java.lang.AssertionError: expected [Aditya] but found [ADIT]
at org.testng.Assert.fail(Assert.java:110)
at org.testng.Assert.failNotEquals(Assert.java:1413)
at org.testng.Assert.assertEqualsImpl(Assert.java:149)
at org.testng.Assert.assertEquals(Assert.java:131)
at org.testng.Assert.assertEquals(Assert.java:655)
at org.testng.Assert.assertEquals(Assert.java:665)
at cucumber.framework.runner.siloam.ttddigitalpage.TestTTDPageKombinasiLima.siloam120_validasi_data_tersimpan_dan_form_ter_update(TestTTDPageKombinasiLima.java:131)
at ✽.Siloam120 Validasi Data Tersimpan Dan Form Ter-update(file:///C:/Users/Nexsoft/git/TugasAkhir/Novri/TA-SQUAD-KEL-SATU/TA-SQUAD-KEL-SATU/src/test/resources/features/siloam-outline/120UpdateDataSalesLimaKombinasi.feature:16)
]]>
    </failure>
  </testcase> <!-- runScenario -->
  <system-out/>
  <testcase classname="cucumber.framework.runner.siloam.ttddigitalpage.TandaTanganDigitalOutlineRunner" name="runScenario" time="2.335"/>
  <system-out/>
  <testcase classname="cucumber.framework.runner.siloam.ttddigitalpage.TandaTanganDigitalOutlineRunner" name="runScenario" time="3.089">
    <failure message="expected [Alamanda] but found [ADIT TEST]" type="java.lang.AssertionError">
      <![CDATA[java.lang.AssertionError: expected [Alamanda] but found [ADIT TEST]
at org.testng.Assert.fail(Assert.java:110)
at org.testng.Assert.failNotEquals(Assert.java:1413)
at org.testng.Assert.assertEqualsImpl(Assert.java:149)
at org.testng.Assert.assertEquals(Assert.java:131)
at org.testng.Assert.assertEquals(Assert.java:655)
at org.testng.Assert.assertEquals(Assert.java:665)
at cucumber.framework.runner.siloam.ttddigitalpage.TestTTDPageKombinasiEmpat.siloam115_validasi_data_tersimpan_dan_form_ter_update(TestTTDPageKombinasiEmpat.java:128)
at ✽.Siloam115 Validasi Data tersimpan dan form ter-update(file:///C:/Users/Nexsoft/git/TugasAkhir/Novri/TA-SQUAD-KEL-SATU/TA-SQUAD-KEL-SATU/src/test/resources/features/siloam-outline/115UpdateDataSalesEmpatKombinasi.feature:16)
]]>
    </failure>
  </testcase> <!-- runScenario -->
  <system-out/>
  <testcase classname="cucumber.framework.runner.siloam.ttddigitalpage.TandaTanganDigitalOutlineRunner" name="runScenario" time="2.947">
    <failure message="expected [Aditya] but found [ADIT]" type="java.lang.AssertionError">
      <![CDATA[java.lang.AssertionError: expected [Aditya] but found [ADIT]
at org.testng.Assert.fail(Assert.java:110)
at org.testng.Assert.failNotEquals(Assert.java:1413)
at org.testng.Assert.assertEqualsImpl(Assert.java:149)
at org.testng.Assert.assertEquals(Assert.java:131)
at org.testng.Assert.assertEquals(Assert.java:655)
at org.testng.Assert.assertEquals(Assert.java:665)
at cucumber.framework.runner.siloam.ttddigitalpage.TestTTDPageKombinasiLima.siloam120_validasi_data_tersimpan_dan_form_ter_update(TestTTDPageKombinasiLima.java:131)
at ✽.Siloam120 Validasi Data Tersimpan Dan Form Ter-update(file:///C:/Users/Nexsoft/git/TugasAkhir/Novri/TA-SQUAD-KEL-SATU/TA-SQUAD-KEL-SATU/src/test/resources/features/siloam-outline/120UpdateDataSalesLimaKombinasi.feature:16)
]]>
    </failure>
  </testcase> <!-- runScenario -->
  <system-out/>
  <testcase classname="cucumber.framework.runner.siloam.ttddigitalpage.TandaTanganDigitalOutlineRunner" name="runScenario" time="2.304"/>
  <system-out/>
  <testcase classname="cucumber.framework.runner.siloam.ttddigitalpage.TandaTanganDigitalOutlineRunner" name="runScenario" time="3.207">
    <failure message="expected [Alamanda] but found [ADIT TEST]" type="java.lang.AssertionError">
      <![CDATA[java.lang.AssertionError: expected [Alamanda] but found [ADIT TEST]
at org.testng.Assert.fail(Assert.java:110)
at org.testng.Assert.failNotEquals(Assert.java:1413)
at org.testng.Assert.assertEqualsImpl(Assert.java:149)
at org.testng.Assert.assertEquals(Assert.java:131)
at org.testng.Assert.assertEquals(Assert.java:655)
at org.testng.Assert.assertEquals(Assert.java:665)
at cucumber.framework.runner.siloam.ttddigitalpage.TestTTDPageKombinasiEmpat.siloam115_validasi_data_tersimpan_dan_form_ter_update(TestTTDPageKombinasiEmpat.java:128)
at ✽.Siloam115 Validasi Data tersimpan dan form ter-update(file:///C:/Users/Nexsoft/git/TugasAkhir/Novri/TA-SQUAD-KEL-SATU/TA-SQUAD-KEL-SATU/src/test/resources/features/siloam-outline/115UpdateDataSalesEmpatKombinasi.feature:16)
]]>
    </failure>
  </testcase> <!-- runScenario -->
  <system-out/>
  <testcase classname="cucumber.framework.runner.siloam.ttddigitalpage.TandaTanganDigitalOutlineRunner" name="runScenario" time="2.363"/>
  <system-out/>
  <testcase classname="cucumber.framework.runner.siloam.ttddigitalpage.TandaTanganDigitalOutlineRunner" name="runScenario" time="4.868"/>
  <system-out/>
  <testcase classname="cucumber.framework.runner.siloam.ttddigitalpage.TandaTanganDigitalOutlineRunner" name="runScenario" time="2.458"/>
  <system-out/>
  <testcase classname="cucumber.framework.runner.siloam.ttddigitalpage.TandaTanganDigitalOutlineRunner" name="runScenario" time="3.101">
    <failure message="expected [Alamanda] but found [ADIT TEST]" type="java.lang.AssertionError">
      <![CDATA[java.lang.AssertionError: expected [Alamanda] but found [ADIT TEST]
at org.testng.Assert.fail(Assert.java:110)
at org.testng.Assert.failNotEquals(Assert.java:1413)
at org.testng.Assert.assertEqualsImpl(Assert.java:149)
at org.testng.Assert.assertEquals(Assert.java:131)
at org.testng.Assert.assertEquals(Assert.java:655)
at org.testng.Assert.assertEquals(Assert.java:665)
at cucumber.framework.runner.siloam.ttddigitalpage.TestTTDPageKombinasiEmpat.siloam115_validasi_data_tersimpan_dan_form_ter_update(TestTTDPageKombinasiEmpat.java:128)
at ✽.Siloam115 Validasi Data tersimpan dan form ter-update(file:///C:/Users/Nexsoft/git/TugasAkhir/Novri/TA-SQUAD-KEL-SATU/TA-SQUAD-KEL-SATU/src/test/resources/features/siloam-outline/115UpdateDataSalesEmpatKombinasi.feature:16)
]]>
    </failure>
  </testcase> <!-- runScenario -->
  <system-out/>
  <testcase classname="cucumber.framework.runner.siloam.ttddigitalpage.TandaTanganDigitalOutlineRunner" name="runScenario" time="2.844">
    <failure message="expected [Alamanda] but found [ADIT TEST]" type="java.lang.AssertionError">
      <![CDATA[java.lang.AssertionError: expected [Alamanda] but found [ADIT TEST]
at org.testng.Assert.fail(Assert.java:110)
at org.testng.Assert.failNotEquals(Assert.java:1413)
at org.testng.Assert.assertEqualsImpl(Assert.java:149)
at org.testng.Assert.assertEquals(Assert.java:131)
at org.testng.Assert.assertEquals(Assert.java:655)
at org.testng.Assert.assertEquals(Assert.java:665)
at cucumber.framework.runner.siloam.ttddigitalpage.TestTTDPageKombinasiTiga.siloam110_validasi_data_tersimpan_dan_form_ter_update(TestTTDPageKombinasiTiga.java:131)
at ✽.Siloam110 Validasi Data tersimpan dan form ter-update(file:///C:/Users/Nexsoft/git/TugasAkhir/Novri/TA-SQUAD-KEL-SATU/TA-SQUAD-KEL-SATU/src/test/resources/features/siloam-outline/110UpdateDataSalesTigaKombinasi.feature:16)
]]>
    </failure>
  </testcase> <!-- runScenario -->
  <system-out/>
  <testcase classname="cucumber.framework.runner.siloam.ttddigitalpage.TandaTanganDigitalOutlineRunner" name="runScenario" time="2.247"/>
  <system-out/>
</testsuite> <!-- cucumber.framework.runner.siloam.ttddigitalpage.TandaTanganDigitalOutlineRunner -->
