<?xml version="1.0" encoding="UTF-8"?>
<!-- Generated by org.testng.reporters.JUnitReportReporter -->
<testsuite hostname="DESKTOP-26B5BFK" failures="1" tests="16" name="cucumber.framework.runner.siloam.viewexportpageoutline.ViewExportRunnerOutline" time="277.045" errors="0" timestamp="2022-10-04T13:32:28 ICT" skipped="0">
  <testcase classname="cucumber.framework.runner.siloam.viewexportpageoutline.ViewExportRunnerOutline" name="runScenario" time="6.836"/>
  <system-out/>
  <testcase classname="cucumber.framework.runner.siloam.viewexportpageoutline.ViewExportRunnerOutline" name="runScenario" time="58.356"/>
  <system-out/>
  <testcase classname="cucumber.framework.runner.siloam.viewexportpageoutline.ViewExportRunnerOutline" name="runScenario" time="21.667"/>
  <system-out/>
  <testcase classname="cucumber.framework.runner.siloam.viewexportpageoutline.ViewExportRunnerOutline" name="runScenario" time="11.724"/>
  <system-out/>
  <testcase classname="cucumber.framework.runner.siloam.viewexportpageoutline.ViewExportRunnerOutline" name="runScenario" time="5.587"/>
  <system-out/>
  <testcase classname="cucumber.framework.runner.siloam.viewexportpageoutline.ViewExportRunnerOutline" name="runScenario" time="7.365"/>
  <system-out/>
  <testcase classname="cucumber.framework.runner.siloam.viewexportpageoutline.ViewExportRunnerOutline" name="runScenario" time="14.384"/>
  <system-out/>
  <testcase classname="cucumber.framework.runner.siloam.viewexportpageoutline.ViewExportRunnerOutline" name="runScenario" time="18.548"/>
  <system-out/>
  <testcase classname="cucumber.framework.runner.siloam.viewexportpageoutline.ViewExportRunnerOutline" name="runScenario" time="14.082"/>
  <system-out/>
  <testcase classname="cucumber.framework.runner.siloam.viewexportpageoutline.ViewExportRunnerOutline" name="runScenario" time="11.635"/>
  <system-out/>
  <testcase classname="cucumber.framework.runner.siloam.viewexportpageoutline.ViewExportRunnerOutline" name="runScenario" time="11.222"/>
  <system-out/>
  <testcase classname="cucumber.framework.runner.siloam.viewexportpageoutline.ViewExportRunnerOutline" name="runScenario" time="13.685"/>
  <system-out/>
  <testcase classname="cucumber.framework.runner.siloam.viewexportpageoutline.ViewExportRunnerOutline" name="runScenario" time="8.809"/>
  <system-out/>
  <testcase classname="cucumber.framework.runner.siloam.viewexportpageoutline.ViewExportRunnerOutline" name="runScenario" time="32.727">
    <failure type="java.lang.AssertionError">
      <![CDATA[java.lang.AssertionError
at org.junit.Assert.fail(Assert.java:92)
at org.junit.Assert.assertTrue(Assert.java:43)
at org.junit.Assert.assertFalse(Assert.java:68)
at org.junit.Assert.assertFalse(Assert.java:79)
at cucumber.framework.runner.siloam.viewexportpageoutline.TestPreviewData.siloam050_validasi_data_pada_dokumen_pdf(TestPreviewData.java:79)
at âœ½.Siloam050 Validasi Data Pada Dokumen PDF(file:///C:/Users/Nexsoft/git/TugasAkhir/Novri/TA-SQUAD-KEL-SATU/TA-SQUAD-KEL-SATU/src/test/resources/features/siloam-outline/050AdminMenekanPreviewData.feature:11)
]]>
    </failure>
  </testcase> <!-- runScenario -->
  <system-out/>
  <testcase classname="cucumber.framework.runner.siloam.viewexportpageoutline.ViewExportRunnerOutline" name="runScenario" time="16.394"/>
  <system-out/>
  <testcase classname="cucumber.framework.runner.siloam.viewexportpageoutline.ViewExportRunnerOutline" name="runScenario" time="24.024"/>
  <system-out/>
</testsuite> <!-- cucumber.framework.runner.siloam.viewexportpageoutline.ViewExportRunnerOutline -->
