<?xml version="1.0" encoding="UTF-8"?>
<!-- Generated by org.testng.reporters.JUnitReportReporter -->
<testsuite hostname="RushTen" failures="2" tests="2" name="cucumber.framework.runner.siloam.viewexportpage.ViewExportRunnerOutline" time="69.633" errors="0" timestamp="2022-10-07T23:38:34 ICT" skipped="0">
  <testcase classname="cucumber.framework.runner.siloam.viewexportpage.ViewExportRunnerOutline" name="runScenario" time="40.382">
    <failure message="expected [true] but found [false]" type="java.lang.AssertionError">
      <![CDATA[java.lang.AssertionError: expected [true] but found [false]
at org.testng.Assert.fail(Assert.java:110)
at org.testng.Assert.failNotEquals(Assert.java:1413)
at org.testng.Assert.assertTrue(Assert.java:56)
at org.testng.Assert.assertTrue(Assert.java:66)
at cucumber.framework.runner.siloam.viewexportpage.TestFaskesAwal.siloam055_validasi_gambar_faskes_awal(TestFaskesAwal.java:89)
at ✽.Siloam055 Validasi Gambar Faskes Awal(file:///C:/Users/ROG/git/Tugas%20Akhir/Novri/TA-SQUAD-KEL-SATU/TA-SQUAD-KEL-SATU/src/test/resources/features/siloam-outline/055AdminMenekanLinkFotoFaskesAwal.feature:11)
]]>
    </failure>
  </testcase> <!-- runScenario -->
  <system-out/>
  <testcase classname="cucumber.framework.runner.siloam.viewexportpage.ViewExportRunnerOutline" name="runScenario" time="29.251">
    <failure message="expected [true] but found [false]" type="java.lang.AssertionError">
      <![CDATA[java.lang.AssertionError: expected [true] but found [false]
at org.testng.Assert.fail(Assert.java:110)
at org.testng.Assert.failNotEquals(Assert.java:1413)
at org.testng.Assert.assertTrue(Assert.java:56)
at org.testng.Assert.assertTrue(Assert.java:66)
at cucumber.framework.runner.siloam.viewexportpage.TestFaskesTujuan.siloam060_validasi_gambar_faskes_tujuan(TestFaskesTujuan.java:86)
at ✽.Siloam060 Validasi Gambar Faskes Tujuan(file:///C:/Users/ROG/git/Tugas%20Akhir/Novri/TA-SQUAD-KEL-SATU/TA-SQUAD-KEL-SATU/src/test/resources/features/siloam-outline/060AdminMenekanLinkFotoFaskesTujuan.feature:11)
]]>
    </failure>
  </testcase> <!-- runScenario -->
  <system-out/>
</testsuite> <!-- cucumber.framework.runner.siloam.viewexportpage.ViewExportRunnerOutline -->
